[0.168s] Invoking command in '/home/pi/ros2_ws/build/jsc_mecanum_teleop': CMAKE_PREFIX_PATH=${CMAKE_PREFIX_PATH}:/home/pi/ros2_ws/install/robot_serial:/home/pi/ros2_ws/install/motor_gui_pkg:/opt/ros/humble /usr/bin/cmake --build /home/pi/ros2_ws/build/jsc_mecanum_teleop -- -j4 -l4
[0.470s] [100%] Built target jsc_mecanum_teleop
[1.869s] Invoked command in '/home/pi/ros2_ws/build/jsc_mecanum_teleop' returned '0': CMAKE_PREFIX_PATH=${CMAKE_PREFIX_PATH}:/home/pi/ros2_ws/install/robot_serial:/home/pi/ros2_ws/install/motor_gui_pkg:/opt/ros/humble /usr/bin/cmake --build /home/pi/ros2_ws/build/jsc_mecanum_teleop -- -j4 -l4
[3.332s] Invoking command in '/home/pi/ros2_ws/build/jsc_mecanum_teleop': CMAKE_PREFIX_PATH=${CMAKE_PREFIX_PATH}:/home/pi/ros2_ws/install/robot_serial:/home/pi/ros2_ws/install/motor_gui_pkg:/opt/ros/humble /usr/bin/cmake --install /home/pi/ros2_ws/build/jsc_mecanum_teleop
[3.373s] -- Install configuration: ""
[3.377s] -- Execute custom install script
[3.380s] -- Up-to-date symlink: /home/pi/ros2_ws/install/jsc_mecanum_teleop/share/jsc_mecanum_teleop/config/teleop_config.yaml
[3.383s] -- Up-to-date symlink: /home/pi/ros2_ws/install/jsc_mecanum_teleop/lib/jsc_mecanum_teleop/jsc_mecanum_teleop
[3.385s] -- Up-to-date symlink: /home/pi/ros2_ws/install/jsc_mecanum_teleop/share/ament_index/resource_index/package_run_dependencies/jsc_mecanum_teleop
[3.385s] -- Up-to-date symlink: /home/pi/ros2_ws/install/jsc_mecanum_teleop/share/ament_index/resource_index/parent_prefix_path/jsc_mecanum_teleop
[3.388s] -- Up-to-date symlink: /home/pi/ros2_ws/install/jsc_mecanum_teleop/share/jsc_mecanum_teleop/environment/ament_prefix_path.sh
[3.390s] -- Up-to-date symlink: /home/pi/ros2_ws/install/jsc_mecanum_teleop/share/jsc_mecanum_teleop/environment/ament_prefix_path.dsv
[3.392s] -- Up-to-date symlink: /home/pi/ros2_ws/install/jsc_mecanum_teleop/share/jsc_mecanum_teleop/environment/path.sh
[3.393s] -- Up-to-date symlink: /home/pi/ros2_ws/install/jsc_mecanum_teleop/share/jsc_mecanum_teleop/environment/path.dsv
[3.396s] -- Up-to-date symlink: /home/pi/ros2_ws/install/jsc_mecanum_teleop/share/jsc_mecanum_teleop/local_setup.bash
[3.397s] -- Up-to-date symlink: /home/pi/ros2_ws/install/jsc_mecanum_teleop/share/jsc_mecanum_teleop/local_setup.sh
[3.398s] -- Up-to-date symlink: /home/pi/ros2_ws/install/jsc_mecanum_teleop/share/jsc_mecanum_teleop/local_setup.zsh
[3.399s] -- Up-to-date symlink: /home/pi/ros2_ws/install/jsc_mecanum_teleop/share/jsc_mecanum_teleop/local_setup.dsv
[3.399s] -- Symlinking: /home/pi/ros2_ws/install/jsc_mecanum_teleop/share/jsc_mecanum_teleop/package.dsv
[3.452s] -- Up-to-date symlink: /home/pi/ros2_ws/install/jsc_mecanum_teleop/share/ament_index/resource_index/packages/jsc_mecanum_teleop
[3.457s] -- Up-to-date symlink: /home/pi/ros2_ws/install/jsc_mecanum_teleop/share/jsc_mecanum_teleop/cmake/jsc_mecanum_teleopConfig.cmake
[3.460s] -- Up-to-date symlink: /home/pi/ros2_ws/install/jsc_mecanum_teleop/share/jsc_mecanum_teleop/cmake/jsc_mecanum_teleopConfig-version.cmake
[3.464s] -- Up-to-date symlink: /home/pi/ros2_ws/install/jsc_mecanum_teleop/share/jsc_mecanum_teleop/package.xml
[3.488s] Invoked command in '/home/pi/ros2_ws/build/jsc_mecanum_teleop' returned '0': CMAKE_PREFIX_PATH=${CMAKE_PREFIX_PATH}:/home/pi/ros2_ws/install/robot_serial:/home/pi/ros2_ws/install/motor_gui_pkg:/opt/ros/humble /usr/bin/cmake --install /home/pi/ros2_ws/build/jsc_mecanum_teleop
