[0.146s] Invoking command in '/home/pi/ros2_ws/build/jsc_mecanum_description': CMAKE_PREFIX_PATH=${CMAKE_PREFIX_PATH}:/home/pi/ros2_ws/install/robot_serial:/home/pi/ros2_ws/install/motor_gui_pkg:/opt/ros/humble /usr/bin/cmake --build /home/pi/ros2_ws/build/jsc_mecanum_description -- -j4 -l4
[0.387s] Invoked command in '/home/pi/ros2_ws/build/jsc_mecanum_description' returned '0': CMAKE_PREFIX_PATH=${CMAKE_PREFIX_PATH}:/home/pi/ros2_ws/install/robot_serial:/home/pi/ros2_ws/install/motor_gui_pkg:/opt/ros/humble /usr/bin/cmake --build /home/pi/ros2_ws/build/jsc_mecanum_description -- -j4 -l4
[0.626s] Invoking command in '/home/pi/ros2_ws/build/jsc_mecanum_description': CMAKE_PREFIX_PATH=${CMAKE_PREFIX_PATH}:/home/pi/ros2_ws/install/robot_serial:/home/pi/ros2_ws/install/motor_gui_pkg:/opt/ros/humble /usr/bin/cmake --install /home/pi/ros2_ws/build/jsc_mecanum_description
[0.665s] -- Install configuration: ""
[0.666s] -- Execute custom install script
[0.668s] -- Up-to-date symlink: /home/pi/ros2_ws/install/jsc_mecanum_description/share/jsc_mecanum_description/config/diff_drive_controller.yaml
[0.670s] -- Up-to-date symlink: /home/pi/ros2_ws/install/jsc_mecanum_description/share/jsc_mecanum_description/config/robot_controller_config.yaml
[0.671s] -- Up-to-date symlink: /home/pi/ros2_ws/install/jsc_mecanum_description/share/jsc_mecanum_description/config/slam_toolbox_config.yaml
[0.675s] -- Up-to-date symlink: /home/pi/ros2_ws/install/jsc_mecanum_description/share/jsc_mecanum_description/launch/jsc_mecanum_bot_v1_launch.py
[0.676s] -- Up-to-date symlink: /home/pi/ros2_ws/install/jsc_mecanum_description/share/jsc_mecanum_description/launch/jsc_mecanum_bot_v2_launch.py
[0.676s] -- Up-to-date symlink: /home/pi/ros2_ws/install/jsc_mecanum_description/share/jsc_mecanum_description/launch/jsc_mecanum_bot_v3_launch.py
[0.677s] -- Up-to-date symlink: /home/pi/ros2_ws/install/jsc_mecanum_description/share/jsc_mecanum_description/launch/jsc_mecanum_bot_v4_launch.py
[0.678s] -- Up-to-date symlink: /home/pi/ros2_ws/install/jsc_mecanum_description/share/jsc_mecanum_description/launch/jsc_mecanum_bot_v4_launch_pi.py
[0.679s] -- Up-to-date symlink: /home/pi/ros2_ws/install/jsc_mecanum_description/share/jsc_mecanum_description/launch/jsc_mecanum_bot_v5_launch.py
[0.681s] -- Up-to-date symlink: /home/pi/ros2_ws/install/jsc_mecanum_description/share/jsc_mecanum_description/launch/jsc_mecanum_bot_v6_launch.py
[0.682s] -- Up-to-date symlink: /home/pi/ros2_ws/install/jsc_mecanum_description/share/jsc_mecanum_description/launch/jsc_mecanum_bot_v6_launch_pi.py
[0.683s] -- Up-to-date symlink: /home/pi/ros2_ws/install/jsc_mecanum_description/share/jsc_mecanum_description/launch/jsc_mecanum_bot_v7_launch_pi.py
[0.693s] -- Up-to-date symlink: /home/pi/ros2_ws/install/jsc_mecanum_description/share/jsc_mecanum_description/launch/jsc_mecanum_bot_v8_pi.py
[0.694s] -- Up-to-date symlink: /home/pi/ros2_ws/install/jsc_mecanum_description/share/jsc_mecanum_description/meshes/fl_wheel_link.STL
[0.695s] -- Up-to-date symlink: /home/pi/ros2_ws/install/jsc_mecanum_description/share/jsc_mecanum_description/meshes/fr_wheel_link.STL
[0.696s] -- Up-to-date symlink: /home/pi/ros2_ws/install/jsc_mecanum_description/share/jsc_mecanum_description/meshes/rl_wheel_link.STL
[0.696s] -- Up-to-date symlink: /home/pi/ros2_ws/install/jsc_mecanum_description/share/jsc_mecanum_description/meshes/rr_wheel_link.STL
[0.697s] -- Up-to-date symlink: /home/pi/ros2_ws/install/jsc_mecanum_description/share/jsc_mecanum_description/models/jsc_mecanum_bot_description/meshes/fl_wheel_link.STL
[0.698s] -- Up-to-date symlink: /home/pi/ros2_ws/install/jsc_mecanum_description/share/jsc_mecanum_description/models/jsc_mecanum_bot_description/meshes/fr_wheel_link.STL
[0.698s] -- Up-to-date symlink: /home/pi/ros2_ws/install/jsc_mecanum_description/share/jsc_mecanum_description/models/jsc_mecanum_bot_description/meshes/rl_wheel_link.STL
[0.699s] -- Up-to-date symlink: /home/pi/ros2_ws/install/jsc_mecanum_description/share/jsc_mecanum_description/models/jsc_mecanum_bot_description/meshes/rr_wheel_link.STL
[0.702s] -- Up-to-date symlink: /home/pi/ros2_ws/install/jsc_mecanum_description/share/jsc_mecanum_description/models/jsc_mecanum_bot_description/model.config
[0.706s] -- Up-to-date symlink: /home/pi/ros2_ws/install/jsc_mecanum_description/share/jsc_mecanum_description/models/jsc_mecanum_bot_description/model.sdf
[0.710s] -- Up-to-date symlink: /home/pi/ros2_ws/install/jsc_mecanum_description/share/jsc_mecanum_description/rviz/model.rviz
[0.713s] -- Up-to-date symlink: /home/pi/ros2_ws/install/jsc_mecanum_description/share/jsc_mecanum_description/src/jsc_mecanum_description.urdf
[0.716s] -- Up-to-date symlink: /home/pi/ros2_ws/install/jsc_mecanum_description/share/ament_index/resource_index/package_run_dependencies/jsc_mecanum_description
[0.719s] -- Up-to-date symlink: /home/pi/ros2_ws/install/jsc_mecanum_description/share/ament_index/resource_index/parent_prefix_path/jsc_mecanum_description
[0.722s] -- Up-to-date symlink: /home/pi/ros2_ws/install/jsc_mecanum_description/share/jsc_mecanum_description/environment/ament_prefix_path.sh
[0.723s] -- Up-to-date symlink: /home/pi/ros2_ws/install/jsc_mecanum_description/share/jsc_mecanum_description/environment/ament_prefix_path.dsv
[0.725s] -- Up-to-date symlink: /home/pi/ros2_ws/install/jsc_mecanum_description/share/jsc_mecanum_description/environment/path.sh
[0.726s] -- Up-to-date symlink: /home/pi/ros2_ws/install/jsc_mecanum_description/share/jsc_mecanum_description/environment/path.dsv
[0.727s] -- Up-to-date symlink: /home/pi/ros2_ws/install/jsc_mecanum_description/share/jsc_mecanum_description/local_setup.bash
[0.729s] -- Up-to-date symlink: /home/pi/ros2_ws/install/jsc_mecanum_description/share/jsc_mecanum_description/local_setup.sh
[0.730s] -- Up-to-date symlink: /home/pi/ros2_ws/install/jsc_mecanum_description/share/jsc_mecanum_description/local_setup.zsh
[0.731s] -- Up-to-date symlink: /home/pi/ros2_ws/install/jsc_mecanum_description/share/jsc_mecanum_description/local_setup.dsv
[0.732s] -- Symlinking: /home/pi/ros2_ws/install/jsc_mecanum_description/share/jsc_mecanum_description/package.dsv
[0.785s] -- Up-to-date symlink: /home/pi/ros2_ws/install/jsc_mecanum_description/share/ament_index/resource_index/packages/jsc_mecanum_description
[0.786s] -- Up-to-date symlink: /home/pi/ros2_ws/install/jsc_mecanum_description/share/jsc_mecanum_description/cmake/jsc_mecanum_descriptionConfig.cmake
[0.787s] -- Up-to-date symlink: /home/pi/ros2_ws/install/jsc_mecanum_description/share/jsc_mecanum_description/cmake/jsc_mecanum_descriptionConfig-version.cmake
[0.788s] -- Up-to-date symlink: /home/pi/ros2_ws/install/jsc_mecanum_description/share/jsc_mecanum_description/package.xml
[0.801s] Invoked command in '/home/pi/ros2_ws/build/jsc_mecanum_description' returned '0': CMAKE_PREFIX_PATH=${CMAKE_PREFIX_PATH}:/home/pi/ros2_ws/install/robot_serial:/home/pi/ros2_ws/install/motor_gui_pkg:/opt/ros/humble /usr/bin/cmake --install /home/pi/ros2_ws/build/jsc_mecanum_description
