[0.096s] Invoking command in '/home/pi/ros2_ws/build/jsc_mecanum_bringup': CMAKE_PREFIX_PATH=/home/pi/ros2_ws/install/jsc_mecanum_description:/home/pi/ros2_ws/install/sllidar_ros2:/home/pi/ros2_ws/install/jsc_mecanum_teleop:/home/pi/ros2_ws/install/jsc_mecanum_hardware:/home/pi/ros2_ws/install/jsc_mecanum_bringup:/home/pi/ros2_ws/install/jsc_mecanum_controller:/home/pi/ros2_ws/install/jsc_mecanum_control:/home/pi/ros2_ws/install/robot_serial:/home/pi/ros2_ws/install/motor_gui_pkg:/opt/ros/humble /usr/bin/cmake --build /home/pi/ros2_ws/build/jsc_mecanum_bringup -- -j4 -l4
[0.531s] Invoked command in '/home/pi/ros2_ws/build/jsc_mecanum_bringup' returned '0': CMAKE_PREFIX_PATH=/home/pi/ros2_ws/install/jsc_mecanum_description:/home/pi/ros2_ws/install/sllidar_ros2:/home/pi/ros2_ws/install/jsc_mecanum_teleop:/home/pi/ros2_ws/install/jsc_mecanum_hardware:/home/pi/ros2_ws/install/jsc_mecanum_bringup:/home/pi/ros2_ws/install/jsc_mecanum_controller:/home/pi/ros2_ws/install/jsc_mecanum_control:/home/pi/ros2_ws/install/robot_serial:/home/pi/ros2_ws/install/motor_gui_pkg:/opt/ros/humble /usr/bin/cmake --build /home/pi/ros2_ws/build/jsc_mecanum_bringup -- -j4 -l4
[0.951s] Invoking command in '/home/pi/ros2_ws/build/jsc_mecanum_bringup': CMAKE_PREFIX_PATH=/home/pi/ros2_ws/install/jsc_mecanum_description:/home/pi/ros2_ws/install/sllidar_ros2:/home/pi/ros2_ws/install/jsc_mecanum_teleop:/home/pi/ros2_ws/install/jsc_mecanum_hardware:/home/pi/ros2_ws/install/jsc_mecanum_bringup:/home/pi/ros2_ws/install/jsc_mecanum_controller:/home/pi/ros2_ws/install/jsc_mecanum_control:/home/pi/ros2_ws/install/robot_serial:/home/pi/ros2_ws/install/motor_gui_pkg:/opt/ros/humble /usr/bin/cmake --install /home/pi/ros2_ws/build/jsc_mecanum_bringup
[1.008s] -- Install configuration: ""
[1.013s] -- Execute custom install script
[1.018s] -- Up-to-date symlink: /home/pi/ros2_ws/install/jsc_mecanum_bringup/share/jsc_mecanum_bringup/launch/jsc_mecanum_hardware.py
[1.021s] -- Up-to-date symlink: /home/pi/ros2_ws/install/jsc_mecanum_bringup/share/jsc_mecanum_bringup/launch/jsc_mecanum_state_publisher.py
[1.024s] -- Up-to-date symlink: /home/pi/ros2_ws/install/jsc_mecanum_bringup/share/jsc_mecanum_bringup/launch/jsc_mecanum_teleop.py
[1.026s] -- Up-to-date symlink: /home/pi/ros2_ws/install/jsc_mecanum_bringup/share/jsc_mecanum_bringup/launch/prueba.py
[1.030s] -- Up-to-date symlink: /home/pi/ros2_ws/install/jsc_mecanum_bringup/share/jsc_mecanum_bringup/launch/rviz2.py
[1.033s] -- Up-to-date symlink: /home/pi/ros2_ws/install/jsc_mecanum_bringup/share/ament_index/resource_index/package_run_dependencies/jsc_mecanum_bringup
[1.037s] -- Up-to-date symlink: /home/pi/ros2_ws/install/jsc_mecanum_bringup/share/ament_index/resource_index/parent_prefix_path/jsc_mecanum_bringup
[1.041s] -- Up-to-date symlink: /home/pi/ros2_ws/install/jsc_mecanum_bringup/share/jsc_mecanum_bringup/environment/ament_prefix_path.sh
[1.044s] -- Up-to-date symlink: /home/pi/ros2_ws/install/jsc_mecanum_bringup/share/jsc_mecanum_bringup/environment/ament_prefix_path.dsv
[1.047s] -- Up-to-date symlink: /home/pi/ros2_ws/install/jsc_mecanum_bringup/share/jsc_mecanum_bringup/environment/path.sh
[1.051s] -- Up-to-date symlink: /home/pi/ros2_ws/install/jsc_mecanum_bringup/share/jsc_mecanum_bringup/environment/path.dsv
[1.054s] -- Up-to-date symlink: /home/pi/ros2_ws/install/jsc_mecanum_bringup/share/jsc_mecanum_bringup/local_setup.bash
[1.057s] -- Up-to-date symlink: /home/pi/ros2_ws/install/jsc_mecanum_bringup/share/jsc_mecanum_bringup/local_setup.sh
[1.061s] -- Up-to-date symlink: /home/pi/ros2_ws/install/jsc_mecanum_bringup/share/jsc_mecanum_bringup/local_setup.zsh
[1.064s] -- Up-to-date symlink: /home/pi/ros2_ws/install/jsc_mecanum_bringup/share/jsc_mecanum_bringup/local_setup.dsv
[1.067s] -- Symlinking: /home/pi/ros2_ws/install/jsc_mecanum_bringup/share/jsc_mecanum_bringup/package.dsv
[1.167s] -- Up-to-date symlink: /home/pi/ros2_ws/install/jsc_mecanum_bringup/share/ament_index/resource_index/packages/jsc_mecanum_bringup
[1.170s] -- Up-to-date symlink: /home/pi/ros2_ws/install/jsc_mecanum_bringup/share/jsc_mecanum_bringup/cmake/jsc_mecanum_bringupConfig.cmake
[1.172s] -- Up-to-date symlink: /home/pi/ros2_ws/install/jsc_mecanum_bringup/share/jsc_mecanum_bringup/cmake/jsc_mecanum_bringupConfig-version.cmake
[1.176s] -- Up-to-date symlink: /home/pi/ros2_ws/install/jsc_mecanum_bringup/share/jsc_mecanum_bringup/package.xml
[1.190s] Invoked command in '/home/pi/ros2_ws/build/jsc_mecanum_bringup' returned '0': CMAKE_PREFIX_PATH=/home/pi/ros2_ws/install/jsc_mecanum_description:/home/pi/ros2_ws/install/sllidar_ros2:/home/pi/ros2_ws/install/jsc_mecanum_teleop:/home/pi/ros2_ws/install/jsc_mecanum_hardware:/home/pi/ros2_ws/install/jsc_mecanum_bringup:/home/pi/ros2_ws/install/jsc_mecanum_controller:/home/pi/ros2_ws/install/jsc_mecanum_control:/home/pi/ros2_ws/install/robot_serial:/home/pi/ros2_ws/install/motor_gui_pkg:/opt/ros/humble /usr/bin/cmake --install /home/pi/ros2_ws/build/jsc_mecanum_bringup
