[6.796s] Invoking command in '/home/pi/ros2_ws/src/robot_serial': PYTHONPATH=/home/pi/ros2_ws/build/robot_serial/prefix_override:/home/pi/ros2_ws/install/robot_serial/lib/python3.10/site-packages:${PYTHONPATH} /usr/bin/python3 -W ignore:setup.py install is deprecated setup.py egg_info --egg-base ../../build/robot_serial build --build-base /home/pi/ros2_ws/build/robot_serial/build install --record /home/pi/ros2_ws/build/robot_serial/install.log --single-version-externally-managed install_data
[8.724s] running egg_info
[8.727s] writing ../../build/robot_serial/robot_serial.egg-info/PKG-INFO
[8.728s] writing dependency_links to ../../build/robot_serial/robot_serial.egg-info/dependency_links.txt
[8.731s] writing entry points to ../../build/robot_serial/robot_serial.egg-info/entry_points.txt
[8.732s] writing requirements to ../../build/robot_serial/robot_serial.egg-info/requires.txt
[8.733s] writing top-level names to ../../build/robot_serial/robot_serial.egg-info/top_level.txt
[8.744s] reading manifest file '../../build/robot_serial/robot_serial.egg-info/SOURCES.txt'
[8.746s] adding license file 'LICENSE'
[8.750s] writing manifest file '../../build/robot_serial/robot_serial.egg-info/SOURCES.txt'
[8.752s] running build
[8.753s] running build_py
[8.755s] running install
[8.757s] running install_lib
[8.766s] running install_data
[8.767s] running install_egg_info
[8.777s] removing '/home/pi/ros2_ws/install/robot_serial/lib/python3.10/site-packages/robot_serial-0.0.0-py3.10.egg-info' (and everything under it)
[8.784s] Copying ../../build/robot_serial/robot_serial.egg-info to /home/pi/ros2_ws/install/robot_serial/lib/python3.10/site-packages/robot_serial-0.0.0-py3.10.egg-info
[8.789s] running install_scripts
[8.895s] Installing find script to /home/pi/ros2_ws/install/robot_serial/lib/robot_serial
[8.898s] Installing serial script to /home/pi/ros2_ws/install/robot_serial/lib/robot_serial
[8.900s] Installing serial_salida script to /home/pi/ros2_ws/install/robot_serial/lib/robot_serial
[8.903s] writing list of installed files to '/home/pi/ros2_ws/build/robot_serial/install.log'
[9.082s] Invoked command in '/home/pi/ros2_ws/src/robot_serial' returned '0': PYTHONPATH=/home/pi/ros2_ws/build/robot_serial/prefix_override:/home/pi/ros2_ws/install/robot_serial/lib/python3.10/site-packages:${PYTHONPATH} /usr/bin/python3 -W ignore:setup.py install is deprecated setup.py egg_info --egg-base ../../build/robot_serial build --build-base /home/pi/ros2_ws/build/robot_serial/build install --record /home/pi/ros2_ws/build/robot_serial/install.log --single-version-externally-managed install_data
