[6.902s] Invoking command in '/home/pi/ros2_ws/src/robot_serial': PYTHONPATH=/home/pi/ros2_ws/build/robot_serial/prefix_override:/home/pi/ros2_ws/install/robot_serial/lib/python3.10/site-packages:${PYTHONPATH} /usr/bin/python3 -W ignore:setup.py install is deprecated setup.py egg_info --egg-base ../../build/robot_serial build --build-base /home/pi/ros2_ws/build/robot_serial/build install --record /home/pi/ros2_ws/build/robot_serial/install.log --single-version-externally-managed install_data
[9.587s] running egg_info
[9.591s] writing ../../build/robot_serial/robot_serial.egg-info/PKG-INFO
[9.593s] writing dependency_links to ../../build/robot_serial/robot_serial.egg-info/dependency_links.txt
[9.596s] writing entry points to ../../build/robot_serial/robot_serial.egg-info/entry_points.txt
[9.600s] writing requirements to ../../build/robot_serial/robot_serial.egg-info/requires.txt
[9.601s] writing top-level names to ../../build/robot_serial/robot_serial.egg-info/top_level.txt
[9.611s] reading manifest file '../../build/robot_serial/robot_serial.egg-info/SOURCES.txt'
[9.613s] adding license file 'LICENSE'
[9.617s] writing manifest file '../../build/robot_serial/robot_serial.egg-info/SOURCES.txt'
[9.622s] running build
[9.628s] running build_py
[9.629s] running install
[9.630s] running install_lib
[9.634s] running install_data
[9.636s] running install_egg_info
[9.652s] removing '/home/pi/ros2_ws/install/robot_serial/lib/python3.10/site-packages/robot_serial-0.0.0-py3.10.egg-info' (and everything under it)
[9.653s] Copying ../../build/robot_serial/robot_serial.egg-info to /home/pi/ros2_ws/install/robot_serial/lib/python3.10/site-packages/robot_serial-0.0.0-py3.10.egg-info
[9.660s] running install_scripts
[9.765s] Installing find script to /home/pi/ros2_ws/install/robot_serial/lib/robot_serial
[9.767s] Installing serial script to /home/pi/ros2_ws/install/robot_serial/lib/robot_serial
[9.768s] Installing serial_salida script to /home/pi/ros2_ws/install/robot_serial/lib/robot_serial
[9.772s] writing list of installed files to '/home/pi/ros2_ws/build/robot_serial/install.log'
[9.938s] Invoked command in '/home/pi/ros2_ws/src/robot_serial' returned '0': PYTHONPATH=/home/pi/ros2_ws/build/robot_serial/prefix_override:/home/pi/ros2_ws/install/robot_serial/lib/python3.10/site-packages:${PYTHONPATH} /usr/bin/python3 -W ignore:setup.py install is deprecated setup.py egg_info --egg-base ../../build/robot_serial build --build-base /home/pi/ros2_ws/build/robot_serial/build install --record /home/pi/ros2_ws/build/robot_serial/install.log --single-version-externally-managed install_data
