[6.824s] Invoking command in '/home/pi/ros2_ws/src/robot_serial': PYTHONPATH=/home/pi/ros2_ws/build/robot_serial/prefix_override:/home/pi/ros2_ws/install/robot_serial/lib/python3.10/site-packages:${PYTHONPATH} /usr/bin/python3 -W ignore:setup.py install is deprecated setup.py egg_info --egg-base ../../build/robot_serial build --build-base /home/pi/ros2_ws/build/robot_serial/build install --record /home/pi/ros2_ws/build/robot_serial/install.log --single-version-externally-managed install_data
[9.187s] running egg_info
[9.189s] writing ../../build/robot_serial/robot_serial.egg-info/PKG-INFO
[9.192s] writing dependency_links to ../../build/robot_serial/robot_serial.egg-info/dependency_links.txt
[9.193s] writing entry points to ../../build/robot_serial/robot_serial.egg-info/entry_points.txt
[9.195s] writing requirements to ../../build/robot_serial/robot_serial.egg-info/requires.txt
[9.196s] writing top-level names to ../../build/robot_serial/robot_serial.egg-info/top_level.txt
[9.206s] reading manifest file '../../build/robot_serial/robot_serial.egg-info/SOURCES.txt'
[9.208s] adding license file 'LICENSE'
[9.212s] writing manifest file '../../build/robot_serial/robot_serial.egg-info/SOURCES.txt'
[9.212s] running build
[9.213s] running build_py
[9.215s] running install
[9.217s] running install_lib
[9.225s] running install_data
[9.226s] running install_egg_info
[9.237s] removing '/home/pi/ros2_ws/install/robot_serial/lib/python3.10/site-packages/robot_serial-0.0.0-py3.10.egg-info' (and everything under it)
[9.239s] Copying ../../build/robot_serial/robot_serial.egg-info to /home/pi/ros2_ws/install/robot_serial/lib/python3.10/site-packages/robot_serial-0.0.0-py3.10.egg-info
[9.248s] running install_scripts
[9.349s] Installing find script to /home/pi/ros2_ws/install/robot_serial/lib/robot_serial
[9.350s] Installing serial script to /home/pi/ros2_ws/install/robot_serial/lib/robot_serial
[9.352s] Installing serial_salida script to /home/pi/ros2_ws/install/robot_serial/lib/robot_serial
[9.357s] writing list of installed files to '/home/pi/ros2_ws/build/robot_serial/install.log'
[9.511s] Invoked command in '/home/pi/ros2_ws/src/robot_serial' returned '0': PYTHONPATH=/home/pi/ros2_ws/build/robot_serial/prefix_override:/home/pi/ros2_ws/install/robot_serial/lib/python3.10/site-packages:${PYTHONPATH} /usr/bin/python3 -W ignore:setup.py install is deprecated setup.py egg_info --egg-base ../../build/robot_serial build --build-base /home/pi/ros2_ws/build/robot_serial/build install --record /home/pi/ros2_ws/build/robot_serial/install.log --single-version-externally-managed install_data
