[0.273s] Invoking command in '/home/pi/ros2_ws/build/jsc_mecanum_hardware': CMAKE_PREFIX_PATH=${CMAKE_PREFIX_PATH}:/home/pi/ros2_ws/install/robot_serial:/home/pi/ros2_ws/install/motor_gui_pkg:/opt/ros/humble /usr/bin/cmake --build /home/pi/ros2_ws/build/jsc_mecanum_hardware -- -j4 -l4
[0.632s] [35m[1mConsolidate compiler generated dependencies of target jsc_mecanum_hardware[0m
[0.806s] [ 33%] [32mBuilding CXX object CMakeFiles/jsc_mecanum_hardware.dir/src/jsc_mecanum_serial_port.cpp.o[0m
[16.364s] In file included from [01m[K/opt/ros/humble/include/rclcpp/rclcpp/logging.hpp:24[m[K,
[16.364s]                  from [01m[K/opt/ros/humble/include/rclcpp/rclcpp/client.hpp:40[m[K,
[16.365s]                  from [01m[K/opt/ros/humble/include/rclcpp/rclcpp/callback_group.hpp:24[m[K,
[16.365s]                  from [01m[K/opt/ros/humble/include/rclcpp/rclcpp/any_executable.hpp:20[m[K,
[16.366s]                  from [01m[K/opt/ros/humble/include/rclcpp/rclcpp/memory_strategy.hpp:25[m[K,
[16.366s]                  from [01m[K/opt/ros/humble/include/rclcpp/rclcpp/memory_strategies.hpp:18[m[K,
[16.367s]                  from [01m[K/opt/ros/humble/include/rclcpp/rclcpp/executor_options.hpp:20[m[K,
[16.367s]                  from [01m[K/opt/ros/humble/include/rclcpp/rclcpp/executor.hpp:37[m[K,
[16.368s]                  from [01m[K/opt/ros/humble/include/rclcpp/rclcpp/executors/multi_threaded_executor.hpp:25[m[K,
[16.368s]                  from [01m[K/opt/ros/humble/include/rclcpp/rclcpp/executors.hpp:21[m[K,
[16.368s]                  from [01m[K/opt/ros/humble/include/rclcpp/rclcpp/rclcpp.hpp:155[m[K,
[16.369s]                  from [01m[K/home/pi/ros2_ws/src/jsc_mecanum_hardware/src/jsc_mecanum_serial_port.cpp:7[m[K:
[16.369s] [01m[K/home/pi/ros2_ws/src/jsc_mecanum_hardware/src/jsc_mecanum_serial_port.cpp:[m[K In member function ‘[01m[Kjsc::jsc_mecanum_bot::hardware::return_type jsc::jsc_mecanum_bot::hardware::MecanumbotSerialPort::read_frames(std::vector<jsc::jsc_mecanum_bot::hardware::SerialHdlcFrame>&)[m[K’:
[16.370s] [01m[K/home/pi/ros2_ws/src/jsc_mecanum_hardware/src/jsc_mecanum_serial_port.cpp:115:65:[m[K [01;35m[Kwarning: [m[Kformat ‘[01m[K%d[m[K’ expects argument of type ‘[01m[Kint[m[K’, but argument 6 has type ‘[01m[Klong unsigned int[m[K’ [[01;35m[K]8;;https://gcc.gnu.org/onlinedocs/gcc/Warning-Options.html#index-Wformat=-Wformat=]8;;[m[K]
[16.370s]   115 |         RCLCPP_WARN(rclcpp::get_logger("MecanumbotSerialPort"), [01;35m[K"Frame %zu: Length = %d"[m[K, i, [32m[Kframe.length[m[K);
[16.370s]       |                                                                 [01;35m[K^~~~~~~~~~~~~~~~~~~~~~~~[m[K     [32m[K~~~~~~~~~~~~[m[K
[16.371s]       |                                                                                                    [32m[K|[m[K
[16.371s]       |                                                                                                    [32m[Klong unsigned int[m[K
[16.372s] [01m[K/home/pi/ros2_ws/src/jsc_mecanum_hardware/src/jsc_mecanum_serial_port.cpp:115:87:[m[K [01;36m[Knote: [m[Kformat string is defined here
[16.372s]   115 |         RCLCPP_WARN(rclcpp::get_logger("MecanumbotSerialPort"), "Frame %zu: Length = [01;36m[K%d[m[K", i, frame.length);
[16.373s]       |                                                                                      [01;36m[K~^[m[K
[16.373s]       |                                                                                       [01;36m[K|[m[K
[16.374s]       |                                                                                       [01;36m[Kint[m[K
[16.374s]       |                                                                                      [32m[K%ld[m[K
[16.376s] In file included from [01m[K/opt/ros/humble/include/rclcpp/rclcpp/logging.hpp:24[m[K,
[16.377s]                  from [01m[K/opt/ros/humble/include/rclcpp/rclcpp/client.hpp:40[m[K,
[16.377s]                  from [01m[K/opt/ros/humble/include/rclcpp/rclcpp/callback_group.hpp:24[m[K,
[16.378s]                  from [01m[K/opt/ros/humble/include/rclcpp/rclcpp/any_executable.hpp:20[m[K,
[16.378s]                  from [01m[K/opt/ros/humble/include/rclcpp/rclcpp/memory_strategy.hpp:25[m[K,
[16.378s]                  from [01m[K/opt/ros/humble/include/rclcpp/rclcpp/memory_strategies.hpp:18[m[K,
[16.379s]                  from [01m[K/opt/ros/humble/include/rclcpp/rclcpp/executor_options.hpp:20[m[K,
[16.379s]                  from [01m[K/opt/ros/humble/include/rclcpp/rclcpp/executor.hpp:37[m[K,
[16.380s]                  from [01m[K/opt/ros/humble/include/rclcpp/rclcpp/executors/multi_threaded_executor.hpp:25[m[K,
[16.381s]                  from [01m[K/opt/ros/humble/include/rclcpp/rclcpp/executors.hpp:21[m[K,
[16.382s]                  from [01m[K/opt/ros/humble/include/rclcpp/rclcpp/rclcpp.hpp:155[m[K,
[16.382s]                  from [01m[K/home/pi/ros2_ws/src/jsc_mecanum_hardware/src/jsc_mecanum_serial_port.cpp:7[m[K:
[16.383s] [01m[K/home/pi/ros2_ws/src/jsc_mecanum_hardware/src/jsc_mecanum_serial_port.cpp:[m[K In member function ‘[01m[Kvoid jsc::jsc_mecanum_bot::hardware::MecanumbotSerialPort::decode_byte(uint8_t, std::vector<jsc::jsc_mecanum_bot::hardware::SerialHdlcFrame>&)[m[K’:
[16.384s] [01m[K/home/pi/ros2_ws/src/jsc_mecanum_hardware/src/jsc_mecanum_serial_port.cpp:176:69:[m[K [01;35m[Kwarning: [m[Kformat ‘[01m[K%d[m[K’ expects argument of type ‘[01m[Kint[m[K’, but argument 5 has type ‘[01m[Ksize_t[m[K’ {aka ‘[01m[Klong unsigned int[m[K’} [[01;35m[K]8;;https://gcc.gnu.org/onlinedocs/gcc/Warning-Options.html#index-Wformat=-Wformat=]8;;[m[K]
[16.384s]   176 |             RCLCPP_WARN(rclcpp::get_logger("MecanumbotSerialPort"), [01;35m[K"Frame completado y agregado, Length: %d"[m[K, [32m[Kframe.length[m[K);
[16.384s]       |                                                                     [01;35m[K^~~~~~~~~~~~~~~~~~~~~~~~~~~~~~~~~~~~~~~~~[m[K  [32m[K~~~~~~~~~~~~[m[K
[16.385s]       |                                                                                                                      [32m[K|[m[K
[16.385s]       |                                                                                                                      [32m[Ksize_t {aka long unsigned int}[m[K
[16.386s] [01m[K/home/pi/ros2_ws/src/jsc_mecanum_hardware/src/jsc_mecanum_serial_port.cpp:176:108:[m[K [01;36m[Knote: [m[Kformat string is defined here
[16.386s]   176 |             RCLCPP_WARN(rclcpp::get_logger("MecanumbotSerialPort"), "Frame completado y agregado, Length: [01;36m[K%d[m[K", frame.length);
[16.387s]       |                                                                                                           [01;36m[K~^[m[K
[16.388s]       |                                                                                                            [01;36m[K|[m[K
[16.388s]       |                                                                                                            [01;36m[Kint[m[K
[16.389s]       |                                                                                                           [32m[K%ld[m[K
[18.458s] [ 66%] [32m[1mLinking CXX shared library libjsc_mecanum_hardware.so[0m
[19.490s] [100%] Built target jsc_mecanum_hardware
[19.536s] Invoked command in '/home/pi/ros2_ws/build/jsc_mecanum_hardware' returned '0': CMAKE_PREFIX_PATH=${CMAKE_PREFIX_PATH}:/home/pi/ros2_ws/install/robot_serial:/home/pi/ros2_ws/install/motor_gui_pkg:/opt/ros/humble /usr/bin/cmake --build /home/pi/ros2_ws/build/jsc_mecanum_hardware -- -j4 -l4
[19.740s] Invoking command in '/home/pi/ros2_ws/build/jsc_mecanum_hardware': CMAKE_PREFIX_PATH=${CMAKE_PREFIX_PATH}:/home/pi/ros2_ws/install/robot_serial:/home/pi/ros2_ws/install/motor_gui_pkg:/opt/ros/humble /usr/bin/cmake --install /home/pi/ros2_ws/build/jsc_mecanum_hardware
[19.773s] -- Install configuration: ""
[19.775s] -- Execute custom install script
[19.776s] -- Up-to-date symlink: /home/pi/ros2_ws/install/jsc_mecanum_hardware/share/jsc_mecanum_hardware//jsc_mecanum_hardware.xml
[19.777s] -- Up-to-date symlink: /home/pi/ros2_ws/install/jsc_mecanum_hardware/lib/libjsc_mecanum_hardware.so
[19.780s] -- Up-to-date symlink: /home/pi/ros2_ws/install/jsc_mecanum_hardware/include/include/jsc_mecanum_hardware/jsc_mecanum_hardware.hpp
[19.781s] -- Up-to-date symlink: /home/pi/ros2_ws/install/jsc_mecanum_hardware/include/include/jsc_mecanum_hardware/jsc_mecanum_hardware_compiler.h
[19.782s] -- Up-to-date symlink: /home/pi/ros2_ws/install/jsc_mecanum_hardware/include/include/jsc_mecanum_hardware/jsc_mecanum_serial_port.hpp
[19.783s] -- Up-to-date symlink: /home/pi/ros2_ws/install/jsc_mecanum_hardware/share/jsc_mecanum_hardware/environment/library_path.sh
[19.784s] -- Up-to-date symlink: /home/pi/ros2_ws/install/jsc_mecanum_hardware/share/jsc_mecanum_hardware/environment/library_path.dsv
[19.785s] -- Up-to-date symlink: /home/pi/ros2_ws/install/jsc_mecanum_hardware/share/ament_index/resource_index/package_run_dependencies/jsc_mecanum_hardware
[19.787s] -- Up-to-date symlink: /home/pi/ros2_ws/install/jsc_mecanum_hardware/share/ament_index/resource_index/parent_prefix_path/jsc_mecanum_hardware
[19.788s] -- Up-to-date symlink: /home/pi/ros2_ws/install/jsc_mecanum_hardware/share/jsc_mecanum_hardware/environment/ament_prefix_path.sh
[19.789s] -- Up-to-date symlink: /home/pi/ros2_ws/install/jsc_mecanum_hardware/share/jsc_mecanum_hardware/environment/ament_prefix_path.dsv
[19.790s] -- Up-to-date symlink: /home/pi/ros2_ws/install/jsc_mecanum_hardware/share/jsc_mecanum_hardware/environment/path.sh
[19.792s] -- Up-to-date symlink: /home/pi/ros2_ws/install/jsc_mecanum_hardware/share/jsc_mecanum_hardware/environment/path.dsv
[19.793s] -- Up-to-date symlink: /home/pi/ros2_ws/install/jsc_mecanum_hardware/share/jsc_mecanum_hardware/local_setup.bash
[19.794s] -- Up-to-date symlink: /home/pi/ros2_ws/install/jsc_mecanum_hardware/share/jsc_mecanum_hardware/local_setup.sh
[19.795s] -- Up-to-date symlink: /home/pi/ros2_ws/install/jsc_mecanum_hardware/share/jsc_mecanum_hardware/local_setup.zsh
[19.796s] -- Up-to-date symlink: /home/pi/ros2_ws/install/jsc_mecanum_hardware/share/jsc_mecanum_hardware/local_setup.dsv
[19.796s] -- Symlinking: /home/pi/ros2_ws/install/jsc_mecanum_hardware/share/jsc_mecanum_hardware/package.dsv
[19.836s] -- Up-to-date symlink: /home/pi/ros2_ws/install/jsc_mecanum_hardware/share/ament_index/resource_index/packages/jsc_mecanum_hardware
[19.838s] -- Up-to-date symlink: /home/pi/ros2_ws/install/jsc_mecanum_hardware/share/ament_index/resource_index/hardware_interface__pluginlib__plugin/jsc_mecanum_hardware
[19.839s] -- Up-to-date symlink: /home/pi/ros2_ws/install/jsc_mecanum_hardware/share/jsc_mecanum_hardware/cmake/ament_cmake_export_include_directories-extras.cmake
[19.841s] -- Up-to-date symlink: /home/pi/ros2_ws/install/jsc_mecanum_hardware/share/jsc_mecanum_hardware/cmake/ament_cmake_export_libraries-extras.cmake
[19.842s] -- Up-to-date symlink: /home/pi/ros2_ws/install/jsc_mecanum_hardware/share/jsc_mecanum_hardware/cmake/ament_cmake_export_dependencies-extras.cmake
[19.844s] -- Up-to-date symlink: /home/pi/ros2_ws/install/jsc_mecanum_hardware/share/jsc_mecanum_hardware/cmake/jsc_mecanum_hardwareConfig.cmake
[19.844s] -- Up-to-date symlink: /home/pi/ros2_ws/install/jsc_mecanum_hardware/share/jsc_mecanum_hardware/cmake/jsc_mecanum_hardwareConfig-version.cmake
[19.845s] -- Up-to-date symlink: /home/pi/ros2_ws/install/jsc_mecanum_hardware/share/jsc_mecanum_hardware/package.xml
[19.854s] Invoked command in '/home/pi/ros2_ws/build/jsc_mecanum_hardware' returned '0': CMAKE_PREFIX_PATH=${CMAKE_PREFIX_PATH}:/home/pi/ros2_ws/install/robot_serial:/home/pi/ros2_ws/install/motor_gui_pkg:/opt/ros/humble /usr/bin/cmake --install /home/pi/ros2_ws/build/jsc_mecanum_hardware
