[0.174s] Invoking command in '/home/pi/ros2_ws/build/jsc_mecanum_bringup': CMAKE_PREFIX_PATH=/home/pi/ros2_ws/install/jsc_mecanum_description:/home/pi/ros2_ws/install/sllidar_ros2:/home/pi/ros2_ws/install/jsc_mecanum_teleop:/home/pi/ros2_ws/install/jsc_mecanum_hardware:/home/pi/ros2_ws/install/jsc_mecanum_bringup:/home/pi/ros2_ws/install/jsc_mecanum_controller:/home/pi/ros2_ws/install/jsc_mecanum_control:/home/pi/ros2_ws/install/robot_serial:/home/pi/ros2_ws/install/motor_gui_pkg:/opt/ros/humble /usr/bin/cmake --build /home/pi/ros2_ws/build/jsc_mecanum_bringup -- -j4 -l4
[0.464s] Invoked command in '/home/pi/ros2_ws/build/jsc_mecanum_bringup' returned '0': CMAKE_PREFIX_PATH=/home/pi/ros2_ws/install/jsc_mecanum_description:/home/pi/ros2_ws/install/sllidar_ros2:/home/pi/ros2_ws/install/jsc_mecanum_teleop:/home/pi/ros2_ws/install/jsc_mecanum_hardware:/home/pi/ros2_ws/install/jsc_mecanum_bringup:/home/pi/ros2_ws/install/jsc_mecanum_controller:/home/pi/ros2_ws/install/jsc_mecanum_control:/home/pi/ros2_ws/install/robot_serial:/home/pi/ros2_ws/install/motor_gui_pkg:/opt/ros/humble /usr/bin/cmake --build /home/pi/ros2_ws/build/jsc_mecanum_bringup -- -j4 -l4
[0.755s] Invoking command in '/home/pi/ros2_ws/build/jsc_mecanum_bringup': CMAKE_PREFIX_PATH=/home/pi/ros2_ws/install/jsc_mecanum_description:/home/pi/ros2_ws/install/sllidar_ros2:/home/pi/ros2_ws/install/jsc_mecanum_teleop:/home/pi/ros2_ws/install/jsc_mecanum_hardware:/home/pi/ros2_ws/install/jsc_mecanum_bringup:/home/pi/ros2_ws/install/jsc_mecanum_controller:/home/pi/ros2_ws/install/jsc_mecanum_control:/home/pi/ros2_ws/install/robot_serial:/home/pi/ros2_ws/install/motor_gui_pkg:/opt/ros/humble /usr/bin/cmake --install /home/pi/ros2_ws/build/jsc_mecanum_bringup
[0.804s] -- Install configuration: ""
[0.808s] -- Execute custom install script
[0.812s] -- Up-to-date symlink: /home/pi/ros2_ws/install/jsc_mecanum_bringup/share/jsc_mecanum_bringup/launch/jsc_mecanum_hardware.py
[0.814s] -- Up-to-date symlink: /home/pi/ros2_ws/install/jsc_mecanum_bringup/share/jsc_mecanum_bringup/launch/jsc_mecanum_state_publisher.py
[0.817s] -- Up-to-date symlink: /home/pi/ros2_ws/install/jsc_mecanum_bringup/share/jsc_mecanum_bringup/launch/jsc_mecanum_teleop.py
[0.820s] -- Up-to-date symlink: /home/pi/ros2_ws/install/jsc_mecanum_bringup/share/jsc_mecanum_bringup/launch/prueba.py
[0.822s] -- Up-to-date symlink: /home/pi/ros2_ws/install/jsc_mecanum_bringup/share/jsc_mecanum_bringup/launch/rviz2.py
[0.825s] -- Up-to-date symlink: /home/pi/ros2_ws/install/jsc_mecanum_bringup/share/ament_index/resource_index/package_run_dependencies/jsc_mecanum_bringup
[0.827s] -- Up-to-date symlink: /home/pi/ros2_ws/install/jsc_mecanum_bringup/share/ament_index/resource_index/parent_prefix_path/jsc_mecanum_bringup
[0.830s] -- Up-to-date symlink: /home/pi/ros2_ws/install/jsc_mecanum_bringup/share/jsc_mecanum_bringup/environment/ament_prefix_path.sh
[0.833s] -- Up-to-date symlink: /home/pi/ros2_ws/install/jsc_mecanum_bringup/share/jsc_mecanum_bringup/environment/ament_prefix_path.dsv
[0.836s] -- Up-to-date symlink: /home/pi/ros2_ws/install/jsc_mecanum_bringup/share/jsc_mecanum_bringup/environment/path.sh
[0.838s] -- Up-to-date symlink: /home/pi/ros2_ws/install/jsc_mecanum_bringup/share/jsc_mecanum_bringup/environment/path.dsv
[0.841s] -- Up-to-date symlink: /home/pi/ros2_ws/install/jsc_mecanum_bringup/share/jsc_mecanum_bringup/local_setup.bash
[0.843s] -- Up-to-date symlink: /home/pi/ros2_ws/install/jsc_mecanum_bringup/share/jsc_mecanum_bringup/local_setup.sh
[0.845s] -- Up-to-date symlink: /home/pi/ros2_ws/install/jsc_mecanum_bringup/share/jsc_mecanum_bringup/local_setup.zsh
[0.848s] -- Up-to-date symlink: /home/pi/ros2_ws/install/jsc_mecanum_bringup/share/jsc_mecanum_bringup/local_setup.dsv
[0.851s] -- Symlinking: /home/pi/ros2_ws/install/jsc_mecanum_bringup/share/jsc_mecanum_bringup/package.dsv
[0.912s] -- Up-to-date symlink: /home/pi/ros2_ws/install/jsc_mecanum_bringup/share/ament_index/resource_index/packages/jsc_mecanum_bringup
[0.916s] -- Up-to-date symlink: /home/pi/ros2_ws/install/jsc_mecanum_bringup/share/jsc_mecanum_bringup/cmake/jsc_mecanum_bringupConfig.cmake
[0.920s] -- Up-to-date symlink: /home/pi/ros2_ws/install/jsc_mecanum_bringup/share/jsc_mecanum_bringup/cmake/jsc_mecanum_bringupConfig-version.cmake
[0.925s] -- Up-to-date symlink: /home/pi/ros2_ws/install/jsc_mecanum_bringup/share/jsc_mecanum_bringup/package.xml
[0.939s] Invoked command in '/home/pi/ros2_ws/build/jsc_mecanum_bringup' returned '0': CMAKE_PREFIX_PATH=/home/pi/ros2_ws/install/jsc_mecanum_description:/home/pi/ros2_ws/install/sllidar_ros2:/home/pi/ros2_ws/install/jsc_mecanum_teleop:/home/pi/ros2_ws/install/jsc_mecanum_hardware:/home/pi/ros2_ws/install/jsc_mecanum_bringup:/home/pi/ros2_ws/install/jsc_mecanum_controller:/home/pi/ros2_ws/install/jsc_mecanum_control:/home/pi/ros2_ws/install/robot_serial:/home/pi/ros2_ws/install/motor_gui_pkg:/opt/ros/humble /usr/bin/cmake --install /home/pi/ros2_ws/build/jsc_mecanum_bringup
