[9.603s] Invoking command in '/home/pi/ros2_ws/src/motor_gui_pkg': PYTHONPATH=/home/pi/ros2_ws/build/motor_gui_pkg/prefix_override:/usr/lib/python3/dist-packages/colcon_core/task/python/colcon_distutils_commands:/home/pi/ros2_ws/install/motor_gui_pkg/lib/python3.10/site-packages:${PYTHONPATH} /usr/bin/python3 -W ignore:setup.py install is deprecated setup.py egg_info --egg-base ../../build/motor_gui_pkg build --build-base /home/pi/ros2_ws/build/motor_gui_pkg/build install --record /home/pi/ros2_ws/build/motor_gui_pkg/install.log --single-version-externally-managed install_data
[11.733s] running egg_info
[11.737s] writing ../../build/motor_gui_pkg/motor_gui_pkg.egg-info/PKG-INFO
[11.738s] writing dependency_links to ../../build/motor_gui_pkg/motor_gui_pkg.egg-info/dependency_links.txt
[11.740s] writing entry points to ../../build/motor_gui_pkg/motor_gui_pkg.egg-info/entry_points.txt
[11.740s] writing requirements to ../../build/motor_gui_pkg/motor_gui_pkg.egg-info/requires.txt
[11.742s] writing top-level names to ../../build/motor_gui_pkg/motor_gui_pkg.egg-info/top_level.txt
[11.760s] reading manifest file '../../build/motor_gui_pkg/motor_gui_pkg.egg-info/SOURCES.txt'
[11.770s] writing manifest file '../../build/motor_gui_pkg/motor_gui_pkg.egg-info/SOURCES.txt'
[11.771s] running build
[11.772s] running build_py
[11.775s] running install
[11.777s] running install_lib
[11.788s] running install_data
[11.789s] running install_egg_info
[11.798s] removing '/home/pi/ros2_ws/install/motor_gui_pkg/lib/python3.10/site-packages/motor_gui_pkg-0.0.0-py3.10.egg-info' (and everything under it)
[11.807s] Copying ../../build/motor_gui_pkg/motor_gui_pkg.egg-info to /home/pi/ros2_ws/install/motor_gui_pkg/lib/python3.10/site-packages/motor_gui_pkg-0.0.0-py3.10.egg-info
[11.821s] running install_scripts
[11.949s] Installing motor_gui script to /home/pi/ros2_ws/install/motor_gui_pkg/lib/motor_gui_pkg
[11.951s] writing list of installed files to '/home/pi/ros2_ws/build/motor_gui_pkg/install.log'
[12.209s] Invoked command in '/home/pi/ros2_ws/src/motor_gui_pkg' returned '0': PYTHONPATH=/home/pi/ros2_ws/build/motor_gui_pkg/prefix_override:/usr/lib/python3/dist-packages/colcon_core/task/python/colcon_distutils_commands:/home/pi/ros2_ws/install/motor_gui_pkg/lib/python3.10/site-packages:${PYTHONPATH} /usr/bin/python3 -W ignore:setup.py install is deprecated setup.py egg_info --egg-base ../../build/motor_gui_pkg build --build-base /home/pi/ros2_ws/build/motor_gui_pkg/build install --record /home/pi/ros2_ws/build/motor_gui_pkg/install.log --single-version-externally-managed install_data
