[0.092s] Invoking command in '/home/pi/ros2_ws/build/jsc_mecanum_teleop': CMAKE_PREFIX_PATH=${CMAKE_PREFIX_PATH}:/home/pi/ros2_ws/install/robot_serial:/home/pi/ros2_ws/install/prueba_serial:/opt/ros/humble /usr/bin/cmake /home/pi/ros2_ws/src/jsc_mecanum_teleop -DCMAKE_INSTALL_PREFIX=/home/pi/ros2_ws/install/jsc_mecanum_teleop
[0.833s] -- The C compiler identification is GNU 11.4.0
[1.480s] -- The CXX compiler identification is GNU 11.4.0
[1.562s] -- Detecting C compiler ABI info
[2.455s] -- Detecting C compiler ABI info - done
[2.536s] -- Check for working C compiler: /usr/bin/cc - skipped
[2.541s] -- Detecting C compile features
[2.546s] -- Detecting C compile features - done
[2.588s] -- Detecting CXX compiler ABI info
[3.483s] -- Detecting CXX compiler ABI info - done
[3.567s] -- Check for working CXX compiler: /usr/bin/c++ - skipped
[3.572s] -- Detecting CXX compile features
[3.579s] -- Detecting CXX compile features - done
[3.676s] -- Found ament_cmake: 1.3.10 (/opt/ros/humble/share/ament_cmake/cmake)
[5.688s] -- Found Python3: /usr/bin/python3 (found version "3.10.12") found components: Interpreter 
[7.199s] -- Found rclcpp: 16.0.10 (/opt/ros/humble/share/rclcpp/cmake)
[8.347s] -- Found rosidl_generator_c: 3.1.5 (/opt/ros/humble/share/rosidl_generator_c/cmake)
[8.505s] -- Found rosidl_adapter: 3.1.5 (/opt/ros/humble/share/rosidl_adapter/cmake)
[8.723s] -- Found rosidl_generator_cpp: 3.1.5 (/opt/ros/humble/share/rosidl_generator_cpp/cmake)
[9.018s] -- Using all available rosidl_typesupport_c: rosidl_typesupport_fastrtps_c;rosidl_typesupport_introspection_c
[9.444s] -- Using all available rosidl_typesupport_cpp: rosidl_typesupport_fastrtps_cpp;rosidl_typesupport_introspection_cpp
[10.511s] -- Found rmw_implementation_cmake: 6.1.1 (/opt/ros/humble/share/rmw_implementation_cmake/cmake)
[10.608s] -- Found rmw_cyclonedds_cpp: 1.3.4 (/opt/ros/humble/share/rmw_cyclonedds_cpp/cmake)
[11.134s] -- Using RMW implementation 'rmw_cyclonedds_cpp' as default
[11.402s] -- Looking for pthread.h
[12.325s] -- Looking for pthread.h - found
[12.327s] -- Performing Test CMAKE_HAVE_LIBC_PTHREAD
[13.300s] -- Performing Test CMAKE_HAVE_LIBC_PTHREAD - Success
[13.306s] -- Found Threads: TRUE  
[15.364s] -- Found sensor_msgs: 4.2.3 (/opt/ros/humble/share/sensor_msgs/cmake)
[17.864s] -- Configuring done
[18.033s] -- Generating done
[18.057s] -- Build files have been written to: /home/pi/ros2_ws/build/jsc_mecanum_teleop
[18.137s] Invoked command in '/home/pi/ros2_ws/build/jsc_mecanum_teleop' returned '0': CMAKE_PREFIX_PATH=${CMAKE_PREFIX_PATH}:/home/pi/ros2_ws/install/robot_serial:/home/pi/ros2_ws/install/prueba_serial:/opt/ros/humble /usr/bin/cmake /home/pi/ros2_ws/src/jsc_mecanum_teleop -DCMAKE_INSTALL_PREFIX=/home/pi/ros2_ws/install/jsc_mecanum_teleop
[18.142s] Invoking command in '/home/pi/ros2_ws/build/jsc_mecanum_teleop': CMAKE_PREFIX_PATH=${CMAKE_PREFIX_PATH}:/home/pi/ros2_ws/install/robot_serial:/home/pi/ros2_ws/install/prueba_serial:/opt/ros/humble /usr/bin/cmake --build /home/pi/ros2_ws/build/jsc_mecanum_teleop -- -j4 -l4
[19.196s] [ 25%] [32mBuilding CXX object CMakeFiles/jsc_mecanum_teleop.dir/src/node_main.cpp.o[0m
[19.226s] [ 50%] [32mBuilding CXX object CMakeFiles/jsc_mecanum_teleop.dir/src/jsc_mecanum_teleop.cpp.o[0m
[19.253s] [ 75%] [32mBuilding CXX object CMakeFiles/jsc_mecanum_teleop.dir/src/jsc_mecanum_joystick.cpp.o[0m
[92.359s] [100%] [32m[1mLinking CXX executable jsc_mecanum_teleop[0m
[95.123s] [100%] Built target jsc_mecanum_teleop
[95.204s] Invoked command in '/home/pi/ros2_ws/build/jsc_mecanum_teleop' returned '0': CMAKE_PREFIX_PATH=${CMAKE_PREFIX_PATH}:/home/pi/ros2_ws/install/robot_serial:/home/pi/ros2_ws/install/prueba_serial:/opt/ros/humble /usr/bin/cmake --build /home/pi/ros2_ws/build/jsc_mecanum_teleop -- -j4 -l4
[95.467s] Invoking command in '/home/pi/ros2_ws/build/jsc_mecanum_teleop': CMAKE_PREFIX_PATH=${CMAKE_PREFIX_PATH}:/home/pi/ros2_ws/install/robot_serial:/home/pi/ros2_ws/install/prueba_serial:/opt/ros/humble /usr/bin/cmake --install /home/pi/ros2_ws/build/jsc_mecanum_teleop
[95.513s] -- Install configuration: ""
[95.514s] -- Installing: /home/pi/ros2_ws/install/jsc_mecanum_teleop/share/jsc_mecanum_teleop/config
[95.516s] -- Installing: /home/pi/ros2_ws/install/jsc_mecanum_teleop/share/jsc_mecanum_teleop/config/teleop_config.yaml
[95.519s] -- Installing: /home/pi/ros2_ws/install/jsc_mecanum_teleop/lib/jsc_mecanum_teleop/jsc_mecanum_teleop
[95.559s] -- Set runtime path of "/home/pi/ros2_ws/install/jsc_mecanum_teleop/lib/jsc_mecanum_teleop/jsc_mecanum_teleop" to ""
[95.560s] -- Installing: /home/pi/ros2_ws/install/jsc_mecanum_teleop/share/ament_index/resource_index/package_run_dependencies/jsc_mecanum_teleop
[95.566s] -- Installing: /home/pi/ros2_ws/install/jsc_mecanum_teleop/share/ament_index/resource_index/parent_prefix_path/jsc_mecanum_teleop
[95.569s] -- Installing: /home/pi/ros2_ws/install/jsc_mecanum_teleop/share/jsc_mecanum_teleop/environment/ament_prefix_path.sh
[95.571s] -- Installing: /home/pi/ros2_ws/install/jsc_mecanum_teleop/share/jsc_mecanum_teleop/environment/ament_prefix_path.dsv
[95.574s] -- Installing: /home/pi/ros2_ws/install/jsc_mecanum_teleop/share/jsc_mecanum_teleop/environment/path.sh
[95.575s] -- Installing: /home/pi/ros2_ws/install/jsc_mecanum_teleop/share/jsc_mecanum_teleop/environment/path.dsv
[95.579s] -- Installing: /home/pi/ros2_ws/install/jsc_mecanum_teleop/share/jsc_mecanum_teleop/local_setup.bash
[95.581s] -- Installing: /home/pi/ros2_ws/install/jsc_mecanum_teleop/share/jsc_mecanum_teleop/local_setup.sh
[95.584s] -- Installing: /home/pi/ros2_ws/install/jsc_mecanum_teleop/share/jsc_mecanum_teleop/local_setup.zsh
[95.586s] -- Installing: /home/pi/ros2_ws/install/jsc_mecanum_teleop/share/jsc_mecanum_teleop/local_setup.dsv
[95.589s] -- Installing: /home/pi/ros2_ws/install/jsc_mecanum_teleop/share/jsc_mecanum_teleop/package.dsv
[95.593s] -- Installing: /home/pi/ros2_ws/install/jsc_mecanum_teleop/share/ament_index/resource_index/packages/jsc_mecanum_teleop
[95.596s] -- Installing: /home/pi/ros2_ws/install/jsc_mecanum_teleop/share/jsc_mecanum_teleop/cmake/jsc_mecanum_teleopConfig.cmake
[95.602s] -- Installing: /home/pi/ros2_ws/install/jsc_mecanum_teleop/share/jsc_mecanum_teleop/cmake/jsc_mecanum_teleopConfig-version.cmake
[95.605s] -- Installing: /home/pi/ros2_ws/install/jsc_mecanum_teleop/share/jsc_mecanum_teleop/package.xml
[95.628s] Invoked command in '/home/pi/ros2_ws/build/jsc_mecanum_teleop' returned '0': CMAKE_PREFIX_PATH=${CMAKE_PREFIX_PATH}:/home/pi/ros2_ws/install/robot_serial:/home/pi/ros2_ws/install/prueba_serial:/opt/ros/humble /usr/bin/cmake --install /home/pi/ros2_ws/build/jsc_mecanum_teleop
