[0.075s] Invoking command in '/home/pi/ros2_ws/build/sllidar_ros2': CMAKE_PREFIX_PATH=${CMAKE_PREFIX_PATH}:/home/pi/ros2_ws/install/robot_serial:/home/pi/ros2_ws/install/motor_gui_pkg:/opt/ros/humble /usr/bin/cmake --build /home/pi/ros2_ws/build/sllidar_ros2 -- -j4 -l4
[0.578s] [ 10%] Built target sllidar_client
[0.645s] [100%] Built target sllidar_node
[0.797s] Invoked command in '/home/pi/ros2_ws/build/sllidar_ros2' returned '0': CMAKE_PREFIX_PATH=${CMAKE_PREFIX_PATH}:/home/pi/ros2_ws/install/robot_serial:/home/pi/ros2_ws/install/motor_gui_pkg:/opt/ros/humble /usr/bin/cmake --build /home/pi/ros2_ws/build/sllidar_ros2 -- -j4 -l4
[1.555s] Invoking command in '/home/pi/ros2_ws/build/sllidar_ros2': CMAKE_PREFIX_PATH=${CMAKE_PREFIX_PATH}:/home/pi/ros2_ws/install/robot_serial:/home/pi/ros2_ws/install/motor_gui_pkg:/opt/ros/humble /usr/bin/cmake --install /home/pi/ros2_ws/build/sllidar_ros2
[1.664s] -- Install configuration: ""
[1.674s] -- Execute custom install script
[1.680s] -- Up-to-date symlink: /home/pi/ros2_ws/install/sllidar_ros2/share/sllidar_ros2/launch/sllidar_a1_launch.py
[1.686s] -- Up-to-date symlink: /home/pi/ros2_ws/install/sllidar_ros2/share/sllidar_ros2/launch/sllidar_a2m12_launch .py
[1.691s] -- Up-to-date symlink: /home/pi/ros2_ws/install/sllidar_ros2/share/sllidar_ros2/launch/sllidar_a2m7_launch.py
[1.701s] -- Up-to-date symlink: /home/pi/ros2_ws/install/sllidar_ros2/share/sllidar_ros2/launch/sllidar_a2m8_launch.py
[1.702s] -- Up-to-date symlink: /home/pi/ros2_ws/install/sllidar_ros2/share/sllidar_ros2/launch/sllidar_a3_launch.py
[1.704s] -- Up-to-date symlink: /home/pi/ros2_ws/install/sllidar_ros2/share/sllidar_ros2/launch/sllidar_c1_launch.py
[1.705s] -- Up-to-date symlink: /home/pi/ros2_ws/install/sllidar_ros2/share/sllidar_ros2/launch/sllidar_s1_launch.py
[1.706s] -- Up-to-date symlink: /home/pi/ros2_ws/install/sllidar_ros2/share/sllidar_ros2/launch/sllidar_s1_tcp_launch.py
[1.709s] -- Up-to-date symlink: /home/pi/ros2_ws/install/sllidar_ros2/share/sllidar_ros2/launch/sllidar_s2_launch.py
[1.714s] -- Up-to-date symlink: /home/pi/ros2_ws/install/sllidar_ros2/share/sllidar_ros2/launch/sllidar_s2_launch_copy.py
[1.714s] -- Up-to-date symlink: /home/pi/ros2_ws/install/sllidar_ros2/share/sllidar_ros2/launch/sllidar_s2e_launch.py
[1.715s] -- Up-to-date symlink: /home/pi/ros2_ws/install/sllidar_ros2/share/sllidar_ros2/launch/sllidar_s3_launch.py
[1.716s] -- Up-to-date symlink: /home/pi/ros2_ws/install/sllidar_ros2/share/sllidar_ros2/launch/sllidar_t1_launch.py
[1.716s] -- Up-to-date symlink: /home/pi/ros2_ws/install/sllidar_ros2/share/sllidar_ros2/launch/view_sllidar_a1_launch.py
[1.725s] -- Up-to-date symlink: /home/pi/ros2_ws/install/sllidar_ros2/share/sllidar_ros2/launch/view_sllidar_a2m12_launch.py
[1.726s] -- Up-to-date symlink: /home/pi/ros2_ws/install/sllidar_ros2/share/sllidar_ros2/launch/view_sllidar_a2m7_launch.py
[1.727s] -- Up-to-date symlink: /home/pi/ros2_ws/install/sllidar_ros2/share/sllidar_ros2/launch/view_sllidar_a2m8_launch.py
[1.728s] -- Up-to-date symlink: /home/pi/ros2_ws/install/sllidar_ros2/share/sllidar_ros2/launch/view_sllidar_a3_launch.py
[1.729s] -- Up-to-date symlink: /home/pi/ros2_ws/install/sllidar_ros2/share/sllidar_ros2/launch/view_sllidar_c1_launch.py
[1.730s] -- Up-to-date symlink: /home/pi/ros2_ws/install/sllidar_ros2/share/sllidar_ros2/launch/view_sllidar_s1_launch.py
[1.731s] -- Up-to-date symlink: /home/pi/ros2_ws/install/sllidar_ros2/share/sllidar_ros2/launch/view_sllidar_s1_tcp_launch.py
[1.732s] -- Up-to-date symlink: /home/pi/ros2_ws/install/sllidar_ros2/share/sllidar_ros2/launch/view_sllidar_s2_launch.py
[1.741s] -- Up-to-date symlink: /home/pi/ros2_ws/install/sllidar_ros2/share/sllidar_ros2/launch/view_sllidar_s2e_launch.py
[1.742s] -- Up-to-date symlink: /home/pi/ros2_ws/install/sllidar_ros2/share/sllidar_ros2/launch/view_sllidar_s3_launch.py
[1.743s] -- Up-to-date symlink: /home/pi/ros2_ws/install/sllidar_ros2/share/sllidar_ros2/launch/view_sllidar_t1_launch.py
[1.745s] -- Up-to-date symlink: /home/pi/ros2_ws/install/sllidar_ros2/share/sllidar_ros2/rviz/sllidar_ros2.rviz
[1.746s] -- Up-to-date symlink: /home/pi/ros2_ws/install/sllidar_ros2/lib/sllidar_ros2/sllidar_node
[1.747s] -- Up-to-date symlink: /home/pi/ros2_ws/install/sllidar_ros2/lib/sllidar_ros2/sllidar_client
[1.757s] -- Up-to-date symlink: /home/pi/ros2_ws/install/sllidar_ros2/share/ament_index/resource_index/package_run_dependencies/sllidar_ros2
[1.760s] -- Up-to-date symlink: /home/pi/ros2_ws/install/sllidar_ros2/share/ament_index/resource_index/parent_prefix_path/sllidar_ros2
[1.763s] -- Up-to-date symlink: /home/pi/ros2_ws/install/sllidar_ros2/share/sllidar_ros2/environment/ament_prefix_path.sh
[1.763s] -- Up-to-date symlink: /home/pi/ros2_ws/install/sllidar_ros2/share/sllidar_ros2/environment/ament_prefix_path.dsv
[1.766s] -- Up-to-date symlink: /home/pi/ros2_ws/install/sllidar_ros2/share/sllidar_ros2/environment/path.sh
[1.767s] -- Up-to-date symlink: /home/pi/ros2_ws/install/sllidar_ros2/share/sllidar_ros2/environment/path.dsv
[1.777s] -- Up-to-date symlink: /home/pi/ros2_ws/install/sllidar_ros2/share/sllidar_ros2/local_setup.bash
[1.777s] -- Up-to-date symlink: /home/pi/ros2_ws/install/sllidar_ros2/share/sllidar_ros2/local_setup.sh
[1.779s] -- Up-to-date symlink: /home/pi/ros2_ws/install/sllidar_ros2/share/sllidar_ros2/local_setup.zsh
[1.788s] -- Up-to-date symlink: /home/pi/ros2_ws/install/sllidar_ros2/share/sllidar_ros2/local_setup.dsv
[1.789s] -- Symlinking: /home/pi/ros2_ws/install/sllidar_ros2/share/sllidar_ros2/package.dsv
[1.931s] -- Up-to-date symlink: /home/pi/ros2_ws/install/sllidar_ros2/share/ament_index/resource_index/packages/sllidar_ros2
[1.932s] -- Up-to-date symlink: /home/pi/ros2_ws/install/sllidar_ros2/share/sllidar_ros2/cmake/ament_cmake_export_dependencies-extras.cmake
[1.934s] -- Up-to-date symlink: /home/pi/ros2_ws/install/sllidar_ros2/share/sllidar_ros2/cmake/ament_cmake_export_include_directories-extras.cmake
[1.935s] -- Up-to-date symlink: /home/pi/ros2_ws/install/sllidar_ros2/share/sllidar_ros2/cmake/sllidar_ros2Config.cmake
[1.936s] -- Up-to-date symlink: /home/pi/ros2_ws/install/sllidar_ros2/share/sllidar_ros2/cmake/sllidar_ros2Config-version.cmake
[1.937s] -- Up-to-date symlink: /home/pi/ros2_ws/install/sllidar_ros2/share/sllidar_ros2/package.xml
[1.950s] Invoked command in '/home/pi/ros2_ws/build/sllidar_ros2' returned '0': CMAKE_PREFIX_PATH=${CMAKE_PREFIX_PATH}:/home/pi/ros2_ws/install/robot_serial:/home/pi/ros2_ws/install/motor_gui_pkg:/opt/ros/humble /usr/bin/cmake --install /home/pi/ros2_ws/build/sllidar_ros2
