[0.166s] Invoking command in '/home/pi/ros2_ws/build/jsc_mecanum_description': CMAKE_PREFIX_PATH=${CMAKE_PREFIX_PATH}:/home/pi/ros2_ws/install/robot_serial:/home/pi/ros2_ws/install/motor_gui_pkg:/opt/ros/humble /usr/bin/cmake --build /home/pi/ros2_ws/build/jsc_mecanum_description -- -j4 -l4
[0.418s] Invoked command in '/home/pi/ros2_ws/build/jsc_mecanum_description' returned '0': CMAKE_PREFIX_PATH=${CMAKE_PREFIX_PATH}:/home/pi/ros2_ws/install/robot_serial:/home/pi/ros2_ws/install/motor_gui_pkg:/opt/ros/humble /usr/bin/cmake --build /home/pi/ros2_ws/build/jsc_mecanum_description -- -j4 -l4
[0.750s] Invoking command in '/home/pi/ros2_ws/build/jsc_mecanum_description': CMAKE_PREFIX_PATH=${CMAKE_PREFIX_PATH}:/home/pi/ros2_ws/install/robot_serial:/home/pi/ros2_ws/install/motor_gui_pkg:/opt/ros/humble /usr/bin/cmake --install /home/pi/ros2_ws/build/jsc_mecanum_description
[0.811s] -- Install configuration: ""
[0.821s] -- Execute custom install script
[0.827s] -- Up-to-date symlink: /home/pi/ros2_ws/install/jsc_mecanum_description/share/jsc_mecanum_description/config/diff_drive_controller.yaml
[0.832s] -- Up-to-date symlink: /home/pi/ros2_ws/install/jsc_mecanum_description/share/jsc_mecanum_description/config/robot_controller_config.yaml
[0.836s] -- Up-to-date symlink: /home/pi/ros2_ws/install/jsc_mecanum_description/share/jsc_mecanum_description/config/slam_toolbox_config.yaml
[0.842s] -- Up-to-date symlink: /home/pi/ros2_ws/install/jsc_mecanum_description/share/jsc_mecanum_description/launch/jsc_mecanum_bot_v1_launch.py
[0.846s] -- Up-to-date symlink: /home/pi/ros2_ws/install/jsc_mecanum_description/share/jsc_mecanum_description/launch/jsc_mecanum_bot_v2_launch.py
[0.849s] -- Up-to-date symlink: /home/pi/ros2_ws/install/jsc_mecanum_description/share/jsc_mecanum_description/launch/jsc_mecanum_bot_v3_launch.py
[0.854s] -- Up-to-date symlink: /home/pi/ros2_ws/install/jsc_mecanum_description/share/jsc_mecanum_description/launch/jsc_mecanum_bot_v4_launch.py
[0.859s] -- Up-to-date symlink: /home/pi/ros2_ws/install/jsc_mecanum_description/share/jsc_mecanum_description/launch/jsc_mecanum_bot_v4_launch_pi.py
[0.862s] -- Up-to-date symlink: /home/pi/ros2_ws/install/jsc_mecanum_description/share/jsc_mecanum_description/launch/jsc_mecanum_bot_v5_launch.py
[0.867s] -- Up-to-date symlink: /home/pi/ros2_ws/install/jsc_mecanum_description/share/jsc_mecanum_description/launch/jsc_mecanum_bot_v6_launch.py
[0.871s] -- Up-to-date symlink: /home/pi/ros2_ws/install/jsc_mecanum_description/share/jsc_mecanum_description/launch/jsc_mecanum_bot_v6_launch_pi.py
[0.882s] -- Up-to-date symlink: /home/pi/ros2_ws/install/jsc_mecanum_description/share/jsc_mecanum_description/launch/jsc_mecanum_bot_v7_launch_pi.py
[0.883s] -- Up-to-date symlink: /home/pi/ros2_ws/install/jsc_mecanum_description/share/jsc_mecanum_description/launch/jsc_mecanum_bot_v8_pi.py
[0.885s] -- Up-to-date symlink: /home/pi/ros2_ws/install/jsc_mecanum_description/share/jsc_mecanum_description/meshes/fl_wheel_link.STL
[0.899s] -- Up-to-date symlink: /home/pi/ros2_ws/install/jsc_mecanum_description/share/jsc_mecanum_description/meshes/fr_wheel_link.STL
[0.900s] -- Up-to-date symlink: /home/pi/ros2_ws/install/jsc_mecanum_description/share/jsc_mecanum_description/meshes/rl_wheel_link.STL
[0.902s] -- Up-to-date symlink: /home/pi/ros2_ws/install/jsc_mecanum_description/share/jsc_mecanum_description/meshes/rr_wheel_link.STL
[0.904s] -- Up-to-date symlink: /home/pi/ros2_ws/install/jsc_mecanum_description/share/jsc_mecanum_description/models/jsc_mecanum_bot_description/meshes/fl_wheel_link.STL
[0.905s] -- Up-to-date symlink: /home/pi/ros2_ws/install/jsc_mecanum_description/share/jsc_mecanum_description/models/jsc_mecanum_bot_description/meshes/fr_wheel_link.STL
[0.906s] -- Up-to-date symlink: /home/pi/ros2_ws/install/jsc_mecanum_description/share/jsc_mecanum_description/models/jsc_mecanum_bot_description/meshes/rl_wheel_link.STL
[0.906s] -- Up-to-date symlink: /home/pi/ros2_ws/install/jsc_mecanum_description/share/jsc_mecanum_description/models/jsc_mecanum_bot_description/meshes/rr_wheel_link.STL
[0.907s] -- Up-to-date symlink: /home/pi/ros2_ws/install/jsc_mecanum_description/share/jsc_mecanum_description/models/jsc_mecanum_bot_description/model.config
[0.907s] -- Up-to-date symlink: /home/pi/ros2_ws/install/jsc_mecanum_description/share/jsc_mecanum_description/models/jsc_mecanum_bot_description/model.sdf
[0.916s] -- Up-to-date symlink: /home/pi/ros2_ws/install/jsc_mecanum_description/share/jsc_mecanum_description/rviz/model.rviz
[0.917s] -- Up-to-date symlink: /home/pi/ros2_ws/install/jsc_mecanum_description/share/jsc_mecanum_description/src/jsc_mecanum_description.urdf
[0.918s] -- Up-to-date symlink: /home/pi/ros2_ws/install/jsc_mecanum_description/share/ament_index/resource_index/package_run_dependencies/jsc_mecanum_description
[0.918s] -- Up-to-date symlink: /home/pi/ros2_ws/install/jsc_mecanum_description/share/ament_index/resource_index/parent_prefix_path/jsc_mecanum_description
[0.919s] -- Up-to-date symlink: /home/pi/ros2_ws/install/jsc_mecanum_description/share/jsc_mecanum_description/environment/ament_prefix_path.sh
[0.928s] -- Up-to-date symlink: /home/pi/ros2_ws/install/jsc_mecanum_description/share/jsc_mecanum_description/environment/ament_prefix_path.dsv
[0.929s] -- Up-to-date symlink: /home/pi/ros2_ws/install/jsc_mecanum_description/share/jsc_mecanum_description/environment/path.sh
[0.933s] -- Up-to-date symlink: /home/pi/ros2_ws/install/jsc_mecanum_description/share/jsc_mecanum_description/environment/path.dsv
[0.934s] -- Up-to-date symlink: /home/pi/ros2_ws/install/jsc_mecanum_description/share/jsc_mecanum_description/local_setup.bash
[0.934s] -- Up-to-date symlink: /home/pi/ros2_ws/install/jsc_mecanum_description/share/jsc_mecanum_description/local_setup.sh
[0.935s] -- Up-to-date symlink: /home/pi/ros2_ws/install/jsc_mecanum_description/share/jsc_mecanum_description/local_setup.zsh
[0.936s] -- Up-to-date symlink: /home/pi/ros2_ws/install/jsc_mecanum_description/share/jsc_mecanum_description/local_setup.dsv
[0.937s] -- Symlinking: /home/pi/ros2_ws/install/jsc_mecanum_description/share/jsc_mecanum_description/package.dsv
[0.954s] -- Up-to-date symlink: /home/pi/ros2_ws/install/jsc_mecanum_description/share/ament_index/resource_index/packages/jsc_mecanum_description
[0.958s] -- Up-to-date symlink: /home/pi/ros2_ws/install/jsc_mecanum_description/share/jsc_mecanum_description/cmake/jsc_mecanum_descriptionConfig.cmake
[0.961s] -- Up-to-date symlink: /home/pi/ros2_ws/install/jsc_mecanum_description/share/jsc_mecanum_description/cmake/jsc_mecanum_descriptionConfig-version.cmake
[0.979s] -- Up-to-date symlink: /home/pi/ros2_ws/install/jsc_mecanum_description/share/jsc_mecanum_description/package.xml
[0.984s] Invoked command in '/home/pi/ros2_ws/build/jsc_mecanum_description' returned '0': CMAKE_PREFIX_PATH=${CMAKE_PREFIX_PATH}:/home/pi/ros2_ws/install/robot_serial:/home/pi/ros2_ws/install/motor_gui_pkg:/opt/ros/humble /usr/bin/cmake --install /home/pi/ros2_ws/build/jsc_mecanum_description
