[0.120s] Invoking command in '/home/pi/ros2_ws/build/jsc_mecanum_teleop': CMAKE_PREFIX_PATH=${CMAKE_PREFIX_PATH}:/home/pi/ros2_ws/install/robot_serial:/home/pi/ros2_ws/install/motor_gui_pkg:/opt/ros/humble /usr/bin/cmake --build /home/pi/ros2_ws/build/jsc_mecanum_teleop -- -j4 -l4
[0.451s] [100%] Built target jsc_mecanum_teleop
[1.921s] Invoked command in '/home/pi/ros2_ws/build/jsc_mecanum_teleop' returned '0': CMAKE_PREFIX_PATH=${CMAKE_PREFIX_PATH}:/home/pi/ros2_ws/install/robot_serial:/home/pi/ros2_ws/install/motor_gui_pkg:/opt/ros/humble /usr/bin/cmake --build /home/pi/ros2_ws/build/jsc_mecanum_teleop -- -j4 -l4
[3.849s] Invoking command in '/home/pi/ros2_ws/build/jsc_mecanum_teleop': CMAKE_PREFIX_PATH=${CMAKE_PREFIX_PATH}:/home/pi/ros2_ws/install/robot_serial:/home/pi/ros2_ws/install/motor_gui_pkg:/opt/ros/humble /usr/bin/cmake --install /home/pi/ros2_ws/build/jsc_mecanum_teleop
[3.901s] -- Install configuration: ""
[3.901s] -- Execute custom install script
[3.902s] -- Up-to-date symlink: /home/pi/ros2_ws/install/jsc_mecanum_teleop/share/jsc_mecanum_teleop/config/teleop_config.yaml
[3.902s] -- Up-to-date symlink: /home/pi/ros2_ws/install/jsc_mecanum_teleop/lib/jsc_mecanum_teleop/jsc_mecanum_teleop
[3.905s] -- Up-to-date symlink: /home/pi/ros2_ws/install/jsc_mecanum_teleop/share/ament_index/resource_index/package_run_dependencies/jsc_mecanum_teleop
[3.906s] -- Up-to-date symlink: /home/pi/ros2_ws/install/jsc_mecanum_teleop/share/ament_index/resource_index/parent_prefix_path/jsc_mecanum_teleop
[3.907s] -- Up-to-date symlink: /home/pi/ros2_ws/install/jsc_mecanum_teleop/share/jsc_mecanum_teleop/environment/ament_prefix_path.sh
[3.910s] -- Up-to-date symlink: /home/pi/ros2_ws/install/jsc_mecanum_teleop/share/jsc_mecanum_teleop/environment/ament_prefix_path.dsv
[3.916s] -- Up-to-date symlink: /home/pi/ros2_ws/install/jsc_mecanum_teleop/share/jsc_mecanum_teleop/environment/path.sh
[3.917s] -- Up-to-date symlink: /home/pi/ros2_ws/install/jsc_mecanum_teleop/share/jsc_mecanum_teleop/environment/path.dsv
[3.918s] -- Up-to-date symlink: /home/pi/ros2_ws/install/jsc_mecanum_teleop/share/jsc_mecanum_teleop/local_setup.bash
[3.918s] -- Up-to-date symlink: /home/pi/ros2_ws/install/jsc_mecanum_teleop/share/jsc_mecanum_teleop/local_setup.sh
[3.924s] -- Up-to-date symlink: /home/pi/ros2_ws/install/jsc_mecanum_teleop/share/jsc_mecanum_teleop/local_setup.zsh
[3.924s] -- Up-to-date symlink: /home/pi/ros2_ws/install/jsc_mecanum_teleop/share/jsc_mecanum_teleop/local_setup.dsv
[3.927s] -- Symlinking: /home/pi/ros2_ws/install/jsc_mecanum_teleop/share/jsc_mecanum_teleop/package.dsv
[3.981s] -- Up-to-date symlink: /home/pi/ros2_ws/install/jsc_mecanum_teleop/share/ament_index/resource_index/packages/jsc_mecanum_teleop
[3.987s] -- Up-to-date symlink: /home/pi/ros2_ws/install/jsc_mecanum_teleop/share/jsc_mecanum_teleop/cmake/jsc_mecanum_teleopConfig.cmake
[3.987s] -- Up-to-date symlink: /home/pi/ros2_ws/install/jsc_mecanum_teleop/share/jsc_mecanum_teleop/cmake/jsc_mecanum_teleopConfig-version.cmake
[3.988s] -- Up-to-date symlink: /home/pi/ros2_ws/install/jsc_mecanum_teleop/share/jsc_mecanum_teleop/package.xml
[4.004s] Invoked command in '/home/pi/ros2_ws/build/jsc_mecanum_teleop' returned '0': CMAKE_PREFIX_PATH=${CMAKE_PREFIX_PATH}:/home/pi/ros2_ws/install/robot_serial:/home/pi/ros2_ws/install/motor_gui_pkg:/opt/ros/humble /usr/bin/cmake --install /home/pi/ros2_ws/build/jsc_mecanum_teleop
