[2.860s] DEBUG:colcon:Command line arguments: ['/usr/bin/colcon', 'build']
[2.861s] DEBUG:colcon:Parsed command line arguments: Namespace(log_base=None, log_level=None, verb_name='build', build_base='build', install_base='install', merge_install=False, symlink_install=False, test_result_base=None, continue_on_error=False, executor='parallel', parallel_workers=4, event_handlers=None, ignore_user_meta=False, metas=['./colcon.meta'], base_paths=['.'], packages_ignore=None, packages_ignore_regex=None, paths=None, packages_up_to=None, packages_up_to_regex=None, packages_above=None, packages_above_and_dependencies=None, packages_above_depth=None, packages_select_by_dep=None, packages_skip_by_dep=None, packages_skip_up_to=None, packages_select_build_failed=False, packages_skip_build_finished=False, packages_select_test_failures=False, packages_skip_test_passed=False, packages_select=None, packages_skip=None, packages_select_regex=None, packages_skip_regex=None, packages_start=None, packages_end=None, allow_overriding=[], cmake_args=None, cmake_target=None, cmake_target_skip_unavailable=False, cmake_clean_cache=False, cmake_clean_first=False, cmake_force_configure=False, ament_cmake_args=None, catkin_cmake_args=None, catkin_skip_building_tests=False, verb_parser=<colcon_defaults.argument_parser.defaults.DefaultArgumentsDecorator object at 0xffffb5dbc580>, verb_extension=<colcon_core.verb.build.BuildVerb object at 0xffffb5dbc130>, main=<bound method BuildVerb.main of <colcon_core.verb.build.BuildVerb object at 0xffffb5dbc130>>)
[5.895s] Level 1:colcon.colcon_core.package_discovery:discover_packages(colcon_meta) check parameters
[5.896s] Level 1:colcon.colcon_core.package_discovery:discover_packages(recursive) check parameters
[5.896s] Level 1:colcon.colcon_core.package_discovery:discover_packages(ignore) check parameters
[5.896s] Level 1:colcon.colcon_core.package_discovery:discover_packages(path) check parameters
[5.896s] Level 1:colcon.colcon_core.package_discovery:discover_packages(colcon_meta) discover
[5.897s] Level 1:colcon.colcon_core.package_discovery:discover_packages(recursive) discover
[5.897s] INFO:colcon.colcon_core.package_discovery:Crawling recursively for packages in '/home/pi/ros2_ws'
[5.898s] Level 1:colcon.colcon_core.package_identification:_identify(.) by extensions ['ignore', 'ignore_ament_install']
[5.899s] Level 1:colcon.colcon_core.package_identification:_identify(.) by extension 'ignore'
[5.899s] Level 1:colcon.colcon_core.package_identification:_identify(.) by extension 'ignore_ament_install'
[5.900s] Level 1:colcon.colcon_core.package_identification:_identify(.) by extensions ['colcon_pkg']
[5.900s] Level 1:colcon.colcon_core.package_identification:_identify(.) by extension 'colcon_pkg'
[5.901s] Level 1:colcon.colcon_core.package_identification:_identify(.) by extensions ['colcon_meta']
[5.901s] Level 1:colcon.colcon_core.package_identification:_identify(.) by extension 'colcon_meta'
[5.901s] Level 1:colcon.colcon_core.package_identification:_identify(.) by extensions ['ros']
[5.902s] Level 1:colcon.colcon_core.package_identification:_identify(.) by extension 'ros'
[5.996s] Level 1:colcon.colcon_core.package_identification:_identify(.) by extensions ['cmake', 'python']
[5.996s] Level 1:colcon.colcon_core.package_identification:_identify(.) by extension 'cmake'
[5.997s] Level 1:colcon.colcon_core.package_identification:_identify(.) by extension 'python'
[5.997s] Level 1:colcon.colcon_core.package_identification:_identify(.) by extensions ['python_setup_py']
[5.998s] Level 1:colcon.colcon_core.package_identification:_identify(.) by extension 'python_setup_py'
[5.999s] Level 1:colcon.colcon_core.package_identification:_identify(build) by extensions ['ignore', 'ignore_ament_install']
[6.000s] Level 1:colcon.colcon_core.package_identification:_identify(build) by extension 'ignore'
[6.000s] Level 1:colcon.colcon_core.package_identification:_identify(build) ignored
[6.002s] Level 1:colcon.colcon_core.package_identification:_identify(install) by extensions ['ignore', 'ignore_ament_install']
[6.003s] Level 1:colcon.colcon_core.package_identification:_identify(install) by extension 'ignore'
[6.003s] Level 1:colcon.colcon_core.package_identification:_identify(install) ignored
[6.006s] Level 1:colcon.colcon_core.package_identification:_identify(log) by extensions ['ignore', 'ignore_ament_install']
[6.006s] Level 1:colcon.colcon_core.package_identification:_identify(log) by extension 'ignore'
[6.007s] Level 1:colcon.colcon_core.package_identification:_identify(log) ignored
[6.008s] Level 1:colcon.colcon_core.package_identification:_identify(src) by extensions ['ignore', 'ignore_ament_install']
[6.009s] Level 1:colcon.colcon_core.package_identification:_identify(src) by extension 'ignore'
[6.009s] Level 1:colcon.colcon_core.package_identification:_identify(src) by extension 'ignore_ament_install'
[6.010s] Level 1:colcon.colcon_core.package_identification:_identify(src) by extensions ['colcon_pkg']
[6.011s] Level 1:colcon.colcon_core.package_identification:_identify(src) by extension 'colcon_pkg'
[6.011s] Level 1:colcon.colcon_core.package_identification:_identify(src) by extensions ['colcon_meta']
[6.012s] Level 1:colcon.colcon_core.package_identification:_identify(src) by extension 'colcon_meta'
[6.012s] Level 1:colcon.colcon_core.package_identification:_identify(src) by extensions ['ros']
[6.013s] Level 1:colcon.colcon_core.package_identification:_identify(src) by extension 'ros'
[6.014s] Level 1:colcon.colcon_core.package_identification:_identify(src) by extensions ['cmake', 'python']
[6.014s] Level 1:colcon.colcon_core.package_identification:_identify(src) by extension 'cmake'
[6.015s] Level 1:colcon.colcon_core.package_identification:_identify(src) by extension 'python'
[6.015s] Level 1:colcon.colcon_core.package_identification:_identify(src) by extensions ['python_setup_py']
[6.015s] Level 1:colcon.colcon_core.package_identification:_identify(src) by extension 'python_setup_py'
[6.016s] Level 1:colcon.colcon_core.package_identification:_identify(src/jsc_mecanum_bringup) by extensions ['ignore', 'ignore_ament_install']
[6.017s] Level 1:colcon.colcon_core.package_identification:_identify(src/jsc_mecanum_bringup) by extension 'ignore'
[6.018s] Level 1:colcon.colcon_core.package_identification:_identify(src/jsc_mecanum_bringup) by extension 'ignore_ament_install'
[6.019s] Level 1:colcon.colcon_core.package_identification:_identify(src/jsc_mecanum_bringup) by extensions ['colcon_pkg']
[6.019s] Level 1:colcon.colcon_core.package_identification:_identify(src/jsc_mecanum_bringup) by extension 'colcon_pkg'
[6.020s] Level 1:colcon.colcon_core.package_identification:_identify(src/jsc_mecanum_bringup) by extensions ['colcon_meta']
[6.020s] Level 1:colcon.colcon_core.package_identification:_identify(src/jsc_mecanum_bringup) by extension 'colcon_meta'
[6.021s] Level 1:colcon.colcon_core.package_identification:_identify(src/jsc_mecanum_bringup) by extensions ['ros']
[6.022s] Level 1:colcon.colcon_core.package_identification:_identify(src/jsc_mecanum_bringup) by extension 'ros'
[6.050s] DEBUG:colcon.colcon_core.package_identification:Package 'src/jsc_mecanum_bringup' with type 'ros.ament_cmake' and name 'jsc_mecanum_bringup'
[6.052s] Level 1:colcon.colcon_core.package_identification:_identify(src/jsc_mecanum_control) by extensions ['ignore', 'ignore_ament_install']
[6.053s] Level 1:colcon.colcon_core.package_identification:_identify(src/jsc_mecanum_control) by extension 'ignore'
[6.055s] Level 1:colcon.colcon_core.package_identification:_identify(src/jsc_mecanum_control) by extension 'ignore_ament_install'
[6.055s] Level 1:colcon.colcon_core.package_identification:_identify(src/jsc_mecanum_control) by extensions ['colcon_pkg']
[6.056s] Level 1:colcon.colcon_core.package_identification:_identify(src/jsc_mecanum_control) by extension 'colcon_pkg'
[6.057s] Level 1:colcon.colcon_core.package_identification:_identify(src/jsc_mecanum_control) by extensions ['colcon_meta']
[6.057s] Level 1:colcon.colcon_core.package_identification:_identify(src/jsc_mecanum_control) by extension 'colcon_meta'
[6.059s] Level 1:colcon.colcon_core.package_identification:_identify(src/jsc_mecanum_control) by extensions ['ros']
[6.059s] Level 1:colcon.colcon_core.package_identification:_identify(src/jsc_mecanum_control) by extension 'ros'
[6.068s] DEBUG:colcon.colcon_core.package_identification:Package 'src/jsc_mecanum_control' with type 'ros.ament_cmake' and name 'jsc_mecanum_control'
[6.069s] Level 1:colcon.colcon_core.package_identification:_identify(src/jsc_mecanum_controller) by extensions ['ignore', 'ignore_ament_install']
[6.070s] Level 1:colcon.colcon_core.package_identification:_identify(src/jsc_mecanum_controller) by extension 'ignore'
[6.071s] Level 1:colcon.colcon_core.package_identification:_identify(src/jsc_mecanum_controller) by extension 'ignore_ament_install'
[6.072s] Level 1:colcon.colcon_core.package_identification:_identify(src/jsc_mecanum_controller) by extensions ['colcon_pkg']
[6.072s] Level 1:colcon.colcon_core.package_identification:_identify(src/jsc_mecanum_controller) by extension 'colcon_pkg'
[6.073s] Level 1:colcon.colcon_core.package_identification:_identify(src/jsc_mecanum_controller) by extensions ['colcon_meta']
[6.075s] Level 1:colcon.colcon_core.package_identification:_identify(src/jsc_mecanum_controller) by extension 'colcon_meta'
[6.075s] Level 1:colcon.colcon_core.package_identification:_identify(src/jsc_mecanum_controller) by extensions ['ros']
[6.076s] Level 1:colcon.colcon_core.package_identification:_identify(src/jsc_mecanum_controller) by extension 'ros'
[6.084s] DEBUG:colcon.colcon_core.package_identification:Package 'src/jsc_mecanum_controller' with type 'ros.ament_cmake' and name 'jsc_mecanum_controller'
[6.085s] Level 1:colcon.colcon_core.package_identification:_identify(src/jsc_mecanum_description) by extensions ['ignore', 'ignore_ament_install']
[6.086s] Level 1:colcon.colcon_core.package_identification:_identify(src/jsc_mecanum_description) by extension 'ignore'
[6.086s] Level 1:colcon.colcon_core.package_identification:_identify(src/jsc_mecanum_description) by extension 'ignore_ament_install'
[6.087s] Level 1:colcon.colcon_core.package_identification:_identify(src/jsc_mecanum_description) by extensions ['colcon_pkg']
[6.087s] Level 1:colcon.colcon_core.package_identification:_identify(src/jsc_mecanum_description) by extension 'colcon_pkg'
[6.087s] Level 1:colcon.colcon_core.package_identification:_identify(src/jsc_mecanum_description) by extensions ['colcon_meta']
[6.088s] Level 1:colcon.colcon_core.package_identification:_identify(src/jsc_mecanum_description) by extension 'colcon_meta'
[6.088s] Level 1:colcon.colcon_core.package_identification:_identify(src/jsc_mecanum_description) by extensions ['ros']
[6.089s] Level 1:colcon.colcon_core.package_identification:_identify(src/jsc_mecanum_description) by extension 'ros'
[6.096s] DEBUG:colcon.colcon_core.package_identification:Package 'src/jsc_mecanum_description' with type 'ros.ament_cmake' and name 'jsc_mecanum_description'
[6.097s] Level 1:colcon.colcon_core.package_identification:_identify(src/jsc_mecanum_hardware) by extensions ['ignore', 'ignore_ament_install']
[6.102s] Level 1:colcon.colcon_core.package_identification:_identify(src/jsc_mecanum_hardware) by extension 'ignore'
[6.103s] Level 1:colcon.colcon_core.package_identification:_identify(src/jsc_mecanum_hardware) by extension 'ignore_ament_install'
[6.104s] Level 1:colcon.colcon_core.package_identification:_identify(src/jsc_mecanum_hardware) by extensions ['colcon_pkg']
[6.105s] Level 1:colcon.colcon_core.package_identification:_identify(src/jsc_mecanum_hardware) by extension 'colcon_pkg'
[6.105s] Level 1:colcon.colcon_core.package_identification:_identify(src/jsc_mecanum_hardware) by extensions ['colcon_meta']
[6.110s] Level 1:colcon.colcon_core.package_identification:_identify(src/jsc_mecanum_hardware) by extension 'colcon_meta'
[6.110s] Level 1:colcon.colcon_core.package_identification:_identify(src/jsc_mecanum_hardware) by extensions ['ros']
[6.111s] Level 1:colcon.colcon_core.package_identification:_identify(src/jsc_mecanum_hardware) by extension 'ros'
[6.121s] DEBUG:colcon.colcon_core.package_identification:Package 'src/jsc_mecanum_hardware' with type 'ros.ament_cmake' and name 'jsc_mecanum_hardware'
[6.122s] Level 1:colcon.colcon_core.package_identification:_identify(src/jsc_mecanum_teleop) by extensions ['ignore', 'ignore_ament_install']
[6.123s] Level 1:colcon.colcon_core.package_identification:_identify(src/jsc_mecanum_teleop) by extension 'ignore'
[6.123s] Level 1:colcon.colcon_core.package_identification:_identify(src/jsc_mecanum_teleop) by extension 'ignore_ament_install'
[6.124s] Level 1:colcon.colcon_core.package_identification:_identify(src/jsc_mecanum_teleop) by extensions ['colcon_pkg']
[6.125s] Level 1:colcon.colcon_core.package_identification:_identify(src/jsc_mecanum_teleop) by extension 'colcon_pkg'
[6.125s] Level 1:colcon.colcon_core.package_identification:_identify(src/jsc_mecanum_teleop) by extensions ['colcon_meta']
[6.133s] Level 1:colcon.colcon_core.package_identification:_identify(src/jsc_mecanum_teleop) by extension 'colcon_meta'
[6.134s] Level 1:colcon.colcon_core.package_identification:_identify(src/jsc_mecanum_teleop) by extensions ['ros']
[6.134s] Level 1:colcon.colcon_core.package_identification:_identify(src/jsc_mecanum_teleop) by extension 'ros'
[6.141s] DEBUG:colcon.colcon_core.package_identification:Package 'src/jsc_mecanum_teleop' with type 'ros.ament_cmake' and name 'jsc_mecanum_teleop'
[6.143s] Level 1:colcon.colcon_core.package_identification:_identify(src/motor_gui_pkg) by extensions ['ignore', 'ignore_ament_install']
[6.143s] Level 1:colcon.colcon_core.package_identification:_identify(src/motor_gui_pkg) by extension 'ignore'
[6.144s] Level 1:colcon.colcon_core.package_identification:_identify(src/motor_gui_pkg) by extension 'ignore_ament_install'
[6.145s] Level 1:colcon.colcon_core.package_identification:_identify(src/motor_gui_pkg) by extensions ['colcon_pkg']
[6.145s] Level 1:colcon.colcon_core.package_identification:_identify(src/motor_gui_pkg) by extension 'colcon_pkg'
[6.146s] Level 1:colcon.colcon_core.package_identification:_identify(src/motor_gui_pkg) by extensions ['colcon_meta']
[6.146s] Level 1:colcon.colcon_core.package_identification:_identify(src/motor_gui_pkg) by extension 'colcon_meta'
[6.147s] Level 1:colcon.colcon_core.package_identification:_identify(src/motor_gui_pkg) by extensions ['ros']
[6.147s] Level 1:colcon.colcon_core.package_identification:_identify(src/motor_gui_pkg) by extension 'ros'
[6.152s] DEBUG:colcon.colcon_core.package_identification:Package 'src/motor_gui_pkg' with type 'ros.ament_python' and name 'motor_gui_pkg'
[6.153s] Level 1:colcon.colcon_core.package_identification:_identify(src/robot_serial) by extensions ['ignore', 'ignore_ament_install']
[6.154s] Level 1:colcon.colcon_core.package_identification:_identify(src/robot_serial) by extension 'ignore'
[6.154s] Level 1:colcon.colcon_core.package_identification:_identify(src/robot_serial) by extension 'ignore_ament_install'
[6.155s] Level 1:colcon.colcon_core.package_identification:_identify(src/robot_serial) by extensions ['colcon_pkg']
[6.155s] Level 1:colcon.colcon_core.package_identification:_identify(src/robot_serial) by extension 'colcon_pkg'
[6.155s] Level 1:colcon.colcon_core.package_identification:_identify(src/robot_serial) by extensions ['colcon_meta']
[6.156s] Level 1:colcon.colcon_core.package_identification:_identify(src/robot_serial) by extension 'colcon_meta'
[6.156s] Level 1:colcon.colcon_core.package_identification:_identify(src/robot_serial) by extensions ['ros']
[6.157s] Level 1:colcon.colcon_core.package_identification:_identify(src/robot_serial) by extension 'ros'
[6.160s] DEBUG:colcon.colcon_core.package_identification:Package 'src/robot_serial' with type 'ros.ament_python' and name 'robot_serial'
[6.161s] Level 1:colcon.colcon_core.package_identification:_identify(src/sllidar_ros2) by extensions ['ignore', 'ignore_ament_install']
[6.162s] Level 1:colcon.colcon_core.package_identification:_identify(src/sllidar_ros2) by extension 'ignore'
[6.163s] Level 1:colcon.colcon_core.package_identification:_identify(src/sllidar_ros2) by extension 'ignore_ament_install'
[6.164s] Level 1:colcon.colcon_core.package_identification:_identify(src/sllidar_ros2) by extensions ['colcon_pkg']
[6.164s] Level 1:colcon.colcon_core.package_identification:_identify(src/sllidar_ros2) by extension 'colcon_pkg'
[6.164s] Level 1:colcon.colcon_core.package_identification:_identify(src/sllidar_ros2) by extensions ['colcon_meta']
[6.165s] Level 1:colcon.colcon_core.package_identification:_identify(src/sllidar_ros2) by extension 'colcon_meta'
[6.165s] Level 1:colcon.colcon_core.package_identification:_identify(src/sllidar_ros2) by extensions ['ros']
[6.166s] Level 1:colcon.colcon_core.package_identification:_identify(src/sllidar_ros2) by extension 'ros'
[6.172s] DEBUG:colcon.colcon_core.package_identification:Package 'src/sllidar_ros2' with type 'ros.ament_cmake' and name 'sllidar_ros2'
[6.172s] Level 1:colcon.colcon_core.package_discovery:discover_packages(recursive) using defaults
[6.173s] Level 1:colcon.colcon_core.package_discovery:discover_packages(ignore) discover
[6.173s] Level 1:colcon.colcon_core.package_discovery:discover_packages(ignore) using defaults
[6.173s] Level 1:colcon.colcon_core.package_discovery:discover_packages(path) discover
[6.174s] Level 1:colcon.colcon_core.package_discovery:discover_packages(path) using defaults
[6.443s] Level 1:colcon.colcon_core.package_discovery:discover_packages(prefix_path) check parameters
[6.443s] Level 1:colcon.colcon_core.package_discovery:discover_packages(prefix_path) discover
[6.484s] DEBUG:colcon.colcon_installed_package_information.package_discovery:Found 9 installed packages in /home/pi/ros2_ws/install
[6.498s] DEBUG:colcon.colcon_installed_package_information.package_discovery:Found 312 installed packages in /opt/ros/humble
[6.509s] Level 1:colcon.colcon_core.package_discovery:discover_packages(prefix_path) using defaults
[6.944s] Level 5:colcon.colcon_core.verb:set package 'jsc_mecanum_control' build argument 'cmake_args' from command line to 'None'
[6.945s] Level 5:colcon.colcon_core.verb:set package 'jsc_mecanum_control' build argument 'cmake_target' from command line to 'None'
[6.945s] Level 5:colcon.colcon_core.verb:set package 'jsc_mecanum_control' build argument 'cmake_target_skip_unavailable' from command line to 'False'
[6.945s] Level 5:colcon.colcon_core.verb:set package 'jsc_mecanum_control' build argument 'cmake_clean_cache' from command line to 'False'
[6.946s] Level 5:colcon.colcon_core.verb:set package 'jsc_mecanum_control' build argument 'cmake_clean_first' from command line to 'False'
[6.946s] Level 5:colcon.colcon_core.verb:set package 'jsc_mecanum_control' build argument 'cmake_force_configure' from command line to 'False'
[6.946s] Level 5:colcon.colcon_core.verb:set package 'jsc_mecanum_control' build argument 'ament_cmake_args' from command line to 'None'
[6.946s] Level 5:colcon.colcon_core.verb:set package 'jsc_mecanum_control' build argument 'catkin_cmake_args' from command line to 'None'
[6.947s] Level 5:colcon.colcon_core.verb:set package 'jsc_mecanum_control' build argument 'catkin_skip_building_tests' from command line to 'False'
[6.947s] DEBUG:colcon.colcon_core.verb:Building package 'jsc_mecanum_control' with the following arguments: {'ament_cmake_args': None, 'build_base': '/home/pi/ros2_ws/build/jsc_mecanum_control', 'catkin_cmake_args': None, 'catkin_skip_building_tests': False, 'cmake_args': None, 'cmake_clean_cache': False, 'cmake_clean_first': False, 'cmake_force_configure': False, 'cmake_target': None, 'cmake_target_skip_unavailable': False, 'install_base': '/home/pi/ros2_ws/install/jsc_mecanum_control', 'merge_install': False, 'path': '/home/pi/ros2_ws/src/jsc_mecanum_control', 'symlink_install': False, 'test_result_base': None}
[6.950s] Level 5:colcon.colcon_core.verb:set package 'jsc_mecanum_controller' build argument 'cmake_args' from command line to 'None'
[6.950s] Level 5:colcon.colcon_core.verb:set package 'jsc_mecanum_controller' build argument 'cmake_target' from command line to 'None'
[6.950s] Level 5:colcon.colcon_core.verb:set package 'jsc_mecanum_controller' build argument 'cmake_target_skip_unavailable' from command line to 'False'
[6.951s] Level 5:colcon.colcon_core.verb:set package 'jsc_mecanum_controller' build argument 'cmake_clean_cache' from command line to 'False'
[6.951s] Level 5:colcon.colcon_core.verb:set package 'jsc_mecanum_controller' build argument 'cmake_clean_first' from command line to 'False'
[6.951s] Level 5:colcon.colcon_core.verb:set package 'jsc_mecanum_controller' build argument 'cmake_force_configure' from command line to 'False'
[6.952s] Level 5:colcon.colcon_core.verb:set package 'jsc_mecanum_controller' build argument 'ament_cmake_args' from command line to 'None'
[6.952s] Level 5:colcon.colcon_core.verb:set package 'jsc_mecanum_controller' build argument 'catkin_cmake_args' from command line to 'None'
[6.952s] Level 5:colcon.colcon_core.verb:set package 'jsc_mecanum_controller' build argument 'catkin_skip_building_tests' from command line to 'False'
[6.953s] DEBUG:colcon.colcon_core.verb:Building package 'jsc_mecanum_controller' with the following arguments: {'ament_cmake_args': None, 'build_base': '/home/pi/ros2_ws/build/jsc_mecanum_controller', 'catkin_cmake_args': None, 'catkin_skip_building_tests': False, 'cmake_args': None, 'cmake_clean_cache': False, 'cmake_clean_first': False, 'cmake_force_configure': False, 'cmake_target': None, 'cmake_target_skip_unavailable': False, 'install_base': '/home/pi/ros2_ws/install/jsc_mecanum_controller', 'merge_install': False, 'path': '/home/pi/ros2_ws/src/jsc_mecanum_controller', 'symlink_install': False, 'test_result_base': None}
[6.955s] Level 5:colcon.colcon_core.verb:set package 'jsc_mecanum_description' build argument 'cmake_args' from command line to 'None'
[6.956s] Level 5:colcon.colcon_core.verb:set package 'jsc_mecanum_description' build argument 'cmake_target' from command line to 'None'
[6.956s] Level 5:colcon.colcon_core.verb:set package 'jsc_mecanum_description' build argument 'cmake_target_skip_unavailable' from command line to 'False'
[6.956s] Level 5:colcon.colcon_core.verb:set package 'jsc_mecanum_description' build argument 'cmake_clean_cache' from command line to 'False'
[6.957s] Level 5:colcon.colcon_core.verb:set package 'jsc_mecanum_description' build argument 'cmake_clean_first' from command line to 'False'
[6.957s] Level 5:colcon.colcon_core.verb:set package 'jsc_mecanum_description' build argument 'cmake_force_configure' from command line to 'False'
[6.957s] Level 5:colcon.colcon_core.verb:set package 'jsc_mecanum_description' build argument 'ament_cmake_args' from command line to 'None'
[6.957s] Level 5:colcon.colcon_core.verb:set package 'jsc_mecanum_description' build argument 'catkin_cmake_args' from command line to 'None'
[6.958s] Level 5:colcon.colcon_core.verb:set package 'jsc_mecanum_description' build argument 'catkin_skip_building_tests' from command line to 'False'
[6.958s] DEBUG:colcon.colcon_core.verb:Building package 'jsc_mecanum_description' with the following arguments: {'ament_cmake_args': None, 'build_base': '/home/pi/ros2_ws/build/jsc_mecanum_description', 'catkin_cmake_args': None, 'catkin_skip_building_tests': False, 'cmake_args': None, 'cmake_clean_cache': False, 'cmake_clean_first': False, 'cmake_force_configure': False, 'cmake_target': None, 'cmake_target_skip_unavailable': False, 'install_base': '/home/pi/ros2_ws/install/jsc_mecanum_description', 'merge_install': False, 'path': '/home/pi/ros2_ws/src/jsc_mecanum_description', 'symlink_install': False, 'test_result_base': None}
[6.960s] Level 5:colcon.colcon_core.verb:set package 'jsc_mecanum_hardware' build argument 'cmake_args' from command line to 'None'
[6.961s] Level 5:colcon.colcon_core.verb:set package 'jsc_mecanum_hardware' build argument 'cmake_target' from command line to 'None'
[6.961s] Level 5:colcon.colcon_core.verb:set package 'jsc_mecanum_hardware' build argument 'cmake_target_skip_unavailable' from command line to 'False'
[6.961s] Level 5:colcon.colcon_core.verb:set package 'jsc_mecanum_hardware' build argument 'cmake_clean_cache' from command line to 'False'
[6.961s] Level 5:colcon.colcon_core.verb:set package 'jsc_mecanum_hardware' build argument 'cmake_clean_first' from command line to 'False'
[6.962s] Level 5:colcon.colcon_core.verb:set package 'jsc_mecanum_hardware' build argument 'cmake_force_configure' from command line to 'False'
[6.962s] Level 5:colcon.colcon_core.verb:set package 'jsc_mecanum_hardware' build argument 'ament_cmake_args' from command line to 'None'
[6.962s] Level 5:colcon.colcon_core.verb:set package 'jsc_mecanum_hardware' build argument 'catkin_cmake_args' from command line to 'None'
[6.962s] Level 5:colcon.colcon_core.verb:set package 'jsc_mecanum_hardware' build argument 'catkin_skip_building_tests' from command line to 'False'
[6.963s] DEBUG:colcon.colcon_core.verb:Building package 'jsc_mecanum_hardware' with the following arguments: {'ament_cmake_args': None, 'build_base': '/home/pi/ros2_ws/build/jsc_mecanum_hardware', 'catkin_cmake_args': None, 'catkin_skip_building_tests': False, 'cmake_args': None, 'cmake_clean_cache': False, 'cmake_clean_first': False, 'cmake_force_configure': False, 'cmake_target': None, 'cmake_target_skip_unavailable': False, 'install_base': '/home/pi/ros2_ws/install/jsc_mecanum_hardware', 'merge_install': False, 'path': '/home/pi/ros2_ws/src/jsc_mecanum_hardware', 'symlink_install': False, 'test_result_base': None}
[6.965s] Level 5:colcon.colcon_core.verb:set package 'jsc_mecanum_teleop' build argument 'cmake_args' from command line to 'None'
[6.965s] Level 5:colcon.colcon_core.verb:set package 'jsc_mecanum_teleop' build argument 'cmake_target' from command line to 'None'
[6.966s] Level 5:colcon.colcon_core.verb:set package 'jsc_mecanum_teleop' build argument 'cmake_target_skip_unavailable' from command line to 'False'
[6.966s] Level 5:colcon.colcon_core.verb:set package 'jsc_mecanum_teleop' build argument 'cmake_clean_cache' from command line to 'False'
[6.966s] Level 5:colcon.colcon_core.verb:set package 'jsc_mecanum_teleop' build argument 'cmake_clean_first' from command line to 'False'
[6.966s] Level 5:colcon.colcon_core.verb:set package 'jsc_mecanum_teleop' build argument 'cmake_force_configure' from command line to 'False'
[6.967s] Level 5:colcon.colcon_core.verb:set package 'jsc_mecanum_teleop' build argument 'ament_cmake_args' from command line to 'None'
[6.967s] Level 5:colcon.colcon_core.verb:set package 'jsc_mecanum_teleop' build argument 'catkin_cmake_args' from command line to 'None'
[6.967s] Level 5:colcon.colcon_core.verb:set package 'jsc_mecanum_teleop' build argument 'catkin_skip_building_tests' from command line to 'False'
[6.967s] DEBUG:colcon.colcon_core.verb:Building package 'jsc_mecanum_teleop' with the following arguments: {'ament_cmake_args': None, 'build_base': '/home/pi/ros2_ws/build/jsc_mecanum_teleop', 'catkin_cmake_args': None, 'catkin_skip_building_tests': False, 'cmake_args': None, 'cmake_clean_cache': False, 'cmake_clean_first': False, 'cmake_force_configure': False, 'cmake_target': None, 'cmake_target_skip_unavailable': False, 'install_base': '/home/pi/ros2_ws/install/jsc_mecanum_teleop', 'merge_install': False, 'path': '/home/pi/ros2_ws/src/jsc_mecanum_teleop', 'symlink_install': False, 'test_result_base': None}
[6.974s] Level 5:colcon.colcon_core.verb:set package 'motor_gui_pkg' build argument 'cmake_args' from command line to 'None'
[6.974s] Level 5:colcon.colcon_core.verb:set package 'motor_gui_pkg' build argument 'cmake_target' from command line to 'None'
[6.974s] Level 5:colcon.colcon_core.verb:set package 'motor_gui_pkg' build argument 'cmake_target_skip_unavailable' from command line to 'False'
[6.975s] Level 5:colcon.colcon_core.verb:set package 'motor_gui_pkg' build argument 'cmake_clean_cache' from command line to 'False'
[6.975s] Level 5:colcon.colcon_core.verb:set package 'motor_gui_pkg' build argument 'cmake_clean_first' from command line to 'False'
[6.975s] Level 5:colcon.colcon_core.verb:set package 'motor_gui_pkg' build argument 'cmake_force_configure' from command line to 'False'
[6.975s] Level 5:colcon.colcon_core.verb:set package 'motor_gui_pkg' build argument 'ament_cmake_args' from command line to 'None'
[6.975s] Level 5:colcon.colcon_core.verb:set package 'motor_gui_pkg' build argument 'catkin_cmake_args' from command line to 'None'
[6.976s] Level 5:colcon.colcon_core.verb:set package 'motor_gui_pkg' build argument 'catkin_skip_building_tests' from command line to 'False'
[6.976s] DEBUG:colcon.colcon_core.verb:Building package 'motor_gui_pkg' with the following arguments: {'ament_cmake_args': None, 'build_base': '/home/pi/ros2_ws/build/motor_gui_pkg', 'catkin_cmake_args': None, 'catkin_skip_building_tests': False, 'cmake_args': None, 'cmake_clean_cache': False, 'cmake_clean_first': False, 'cmake_force_configure': False, 'cmake_target': None, 'cmake_target_skip_unavailable': False, 'install_base': '/home/pi/ros2_ws/install/motor_gui_pkg', 'merge_install': False, 'path': '/home/pi/ros2_ws/src/motor_gui_pkg', 'symlink_install': False, 'test_result_base': None}
[6.982s] Level 5:colcon.colcon_core.verb:set package 'robot_serial' build argument 'cmake_args' from command line to 'None'
[6.983s] Level 5:colcon.colcon_core.verb:set package 'robot_serial' build argument 'cmake_target' from command line to 'None'
[6.983s] Level 5:colcon.colcon_core.verb:set package 'robot_serial' build argument 'cmake_target_skip_unavailable' from command line to 'False'
[6.984s] Level 5:colcon.colcon_core.verb:set package 'robot_serial' build argument 'cmake_clean_cache' from command line to 'False'
[6.984s] Level 5:colcon.colcon_core.verb:set package 'robot_serial' build argument 'cmake_clean_first' from command line to 'False'
[6.984s] Level 5:colcon.colcon_core.verb:set package 'robot_serial' build argument 'cmake_force_configure' from command line to 'False'
[6.984s] Level 5:colcon.colcon_core.verb:set package 'robot_serial' build argument 'ament_cmake_args' from command line to 'None'
[6.985s] Level 5:colcon.colcon_core.verb:set package 'robot_serial' build argument 'catkin_cmake_args' from command line to 'None'
[6.985s] Level 5:colcon.colcon_core.verb:set package 'robot_serial' build argument 'catkin_skip_building_tests' from command line to 'False'
[6.987s] DEBUG:colcon.colcon_core.verb:Building package 'robot_serial' with the following arguments: {'ament_cmake_args': None, 'build_base': '/home/pi/ros2_ws/build/robot_serial', 'catkin_cmake_args': None, 'catkin_skip_building_tests': False, 'cmake_args': None, 'cmake_clean_cache': False, 'cmake_clean_first': False, 'cmake_force_configure': False, 'cmake_target': None, 'cmake_target_skip_unavailable': False, 'install_base': '/home/pi/ros2_ws/install/robot_serial', 'merge_install': False, 'path': '/home/pi/ros2_ws/src/robot_serial', 'symlink_install': False, 'test_result_base': None}
[6.989s] Level 5:colcon.colcon_core.verb:set package 'sllidar_ros2' build argument 'cmake_args' from command line to 'None'
[6.990s] Level 5:colcon.colcon_core.verb:set package 'sllidar_ros2' build argument 'cmake_target' from command line to 'None'
[6.990s] Level 5:colcon.colcon_core.verb:set package 'sllidar_ros2' build argument 'cmake_target_skip_unavailable' from command line to 'False'
[6.990s] Level 5:colcon.colcon_core.verb:set package 'sllidar_ros2' build argument 'cmake_clean_cache' from command line to 'False'
[6.991s] Level 5:colcon.colcon_core.verb:set package 'sllidar_ros2' build argument 'cmake_clean_first' from command line to 'False'
[6.991s] Level 5:colcon.colcon_core.verb:set package 'sllidar_ros2' build argument 'cmake_force_configure' from command line to 'False'
[6.991s] Level 5:colcon.colcon_core.verb:set package 'sllidar_ros2' build argument 'ament_cmake_args' from command line to 'None'
[6.992s] Level 5:colcon.colcon_core.verb:set package 'sllidar_ros2' build argument 'catkin_cmake_args' from command line to 'None'
[6.992s] Level 5:colcon.colcon_core.verb:set package 'sllidar_ros2' build argument 'catkin_skip_building_tests' from command line to 'False'
[6.992s] DEBUG:colcon.colcon_core.verb:Building package 'sllidar_ros2' with the following arguments: {'ament_cmake_args': None, 'build_base': '/home/pi/ros2_ws/build/sllidar_ros2', 'catkin_cmake_args': None, 'catkin_skip_building_tests': False, 'cmake_args': None, 'cmake_clean_cache': False, 'cmake_clean_first': False, 'cmake_force_configure': False, 'cmake_target': None, 'cmake_target_skip_unavailable': False, 'install_base': '/home/pi/ros2_ws/install/sllidar_ros2', 'merge_install': False, 'path': '/home/pi/ros2_ws/src/sllidar_ros2', 'symlink_install': False, 'test_result_base': None}
[6.995s] Level 5:colcon.colcon_core.verb:set package 'jsc_mecanum_bringup' build argument 'cmake_args' from command line to 'None'
[6.995s] Level 5:colcon.colcon_core.verb:set package 'jsc_mecanum_bringup' build argument 'cmake_target' from command line to 'None'
[6.996s] Level 5:colcon.colcon_core.verb:set package 'jsc_mecanum_bringup' build argument 'cmake_target_skip_unavailable' from command line to 'False'
[6.996s] Level 5:colcon.colcon_core.verb:set package 'jsc_mecanum_bringup' build argument 'cmake_clean_cache' from command line to 'False'
[6.996s] Level 5:colcon.colcon_core.verb:set package 'jsc_mecanum_bringup' build argument 'cmake_clean_first' from command line to 'False'
[6.997s] Level 5:colcon.colcon_core.verb:set package 'jsc_mecanum_bringup' build argument 'cmake_force_configure' from command line to 'False'
[6.997s] Level 5:colcon.colcon_core.verb:set package 'jsc_mecanum_bringup' build argument 'ament_cmake_args' from command line to 'None'
[6.998s] Level 5:colcon.colcon_core.verb:set package 'jsc_mecanum_bringup' build argument 'catkin_cmake_args' from command line to 'None'
[6.998s] Level 5:colcon.colcon_core.verb:set package 'jsc_mecanum_bringup' build argument 'catkin_skip_building_tests' from command line to 'False'
[6.998s] DEBUG:colcon.colcon_core.verb:Building package 'jsc_mecanum_bringup' with the following arguments: {'ament_cmake_args': None, 'build_base': '/home/pi/ros2_ws/build/jsc_mecanum_bringup', 'catkin_cmake_args': None, 'catkin_skip_building_tests': False, 'cmake_args': None, 'cmake_clean_cache': False, 'cmake_clean_first': False, 'cmake_force_configure': False, 'cmake_target': None, 'cmake_target_skip_unavailable': False, 'install_base': '/home/pi/ros2_ws/install/jsc_mecanum_bringup', 'merge_install': False, 'path': '/home/pi/ros2_ws/src/jsc_mecanum_bringup', 'symlink_install': False, 'test_result_base': None}
[6.999s] INFO:colcon.colcon_core.executor:Executing jobs using 'parallel' executor
[7.010s] DEBUG:colcon.colcon_parallel_executor.executor.parallel:run_until_complete
[7.012s] INFO:colcon.colcon_ros.task.ament_cmake.build:Building ROS package in '/home/pi/ros2_ws/src/jsc_mecanum_description' with build type 'ament_cmake'
[7.013s] INFO:colcon.colcon_cmake.task.cmake.build:Building CMake package in '/home/pi/ros2_ws/src/jsc_mecanum_description'
[7.076s] INFO:colcon.colcon_core.plugin_system:Skipping extension 'colcon_core.shell.bat': Not used on non-Windows systems
[7.077s] INFO:colcon.colcon_core.shell:Skip shell extension 'powershell' for command environment: Not usable outside of PowerShell
[7.077s] DEBUG:colcon.colcon_core.shell:Skip shell extension 'dsv' for command environment
[7.163s] INFO:colcon.colcon_ros.task.ament_cmake.build:Building ROS package in '/home/pi/ros2_ws/src/jsc_mecanum_control' with build type 'ament_cmake'
[7.164s] INFO:colcon.colcon_cmake.task.cmake.build:Building CMake package in '/home/pi/ros2_ws/src/jsc_mecanum_control'
[7.165s] INFO:colcon.colcon_core.shell:Skip shell extension 'powershell' for command environment: Not usable outside of PowerShell
[7.170s] DEBUG:colcon.colcon_core.shell:Skip shell extension 'dsv' for command environment
[7.210s] INFO:colcon.colcon_ros.task.ament_cmake.build:Building ROS package in '/home/pi/ros2_ws/src/jsc_mecanum_controller' with build type 'ament_cmake'
[7.211s] INFO:colcon.colcon_cmake.task.cmake.build:Building CMake package in '/home/pi/ros2_ws/src/jsc_mecanum_controller'
[7.212s] INFO:colcon.colcon_core.shell:Skip shell extension 'powershell' for command environment: Not usable outside of PowerShell
[7.213s] DEBUG:colcon.colcon_core.shell:Skip shell extension 'dsv' for command environment
[7.260s] INFO:colcon.colcon_ros.task.ament_cmake.build:Building ROS package in '/home/pi/ros2_ws/src/jsc_mecanum_hardware' with build type 'ament_cmake'
[7.261s] INFO:colcon.colcon_cmake.task.cmake.build:Building CMake package in '/home/pi/ros2_ws/src/jsc_mecanum_hardware'
[7.263s] INFO:colcon.colcon_core.shell:Skip shell extension 'powershell' for command environment: Not usable outside of PowerShell
[7.263s] DEBUG:colcon.colcon_core.shell:Skip shell extension 'dsv' for command environment
[7.377s] DEBUG:colcon.colcon_core.event_handler.log_command:Invoking command in '/home/pi/ros2_ws/build/jsc_mecanum_description': CMAKE_PREFIX_PATH=${CMAKE_PREFIX_PATH}:/home/pi/ros2_ws/install/robot_serial:/home/pi/ros2_ws/install/motor_gui_pkg:/opt/ros/humble /usr/bin/cmake --build /home/pi/ros2_ws/build/jsc_mecanum_description -- -j4 -l4
[7.409s] DEBUG:colcon.colcon_core.event_handler.log_command:Invoking command in '/home/pi/ros2_ws/build/jsc_mecanum_control': CMAKE_PREFIX_PATH=${CMAKE_PREFIX_PATH}:/home/pi/ros2_ws/install/robot_serial:/home/pi/ros2_ws/install/motor_gui_pkg:/opt/ros/humble /usr/bin/cmake --build /home/pi/ros2_ws/build/jsc_mecanum_control -- -j4 -l4
[7.459s] DEBUG:colcon.colcon_core.event_handler.log_command:Invoking command in '/home/pi/ros2_ws/build/jsc_mecanum_controller': CMAKE_PREFIX_PATH=${CMAKE_PREFIX_PATH}:/home/pi/ros2_ws/install/robot_serial:/home/pi/ros2_ws/install/motor_gui_pkg:/opt/ros/humble /usr/bin/cmake --build /home/pi/ros2_ws/build/jsc_mecanum_controller -- -j4 -l4
[7.619s] DEBUG:colcon.colcon_core.event_handler.log_command:Invoking command in '/home/pi/ros2_ws/build/jsc_mecanum_hardware': CMAKE_PREFIX_PATH=${CMAKE_PREFIX_PATH}:/home/pi/ros2_ws/install/robot_serial:/home/pi/ros2_ws/install/motor_gui_pkg:/opt/ros/humble /usr/bin/cmake --build /home/pi/ros2_ws/build/jsc_mecanum_hardware -- -j4 -l4
[7.944s] DEBUG:colcon.colcon_core.event_handler.log_command:Invoked command in '/home/pi/ros2_ws/build/jsc_mecanum_description' returned '0': CMAKE_PREFIX_PATH=${CMAKE_PREFIX_PATH}:/home/pi/ros2_ws/install/robot_serial:/home/pi/ros2_ws/install/motor_gui_pkg:/opt/ros/humble /usr/bin/cmake --build /home/pi/ros2_ws/build/jsc_mecanum_description -- -j4 -l4
[8.320s] DEBUG:colcon.colcon_core.event_handler.log_command:Invoking command in '/home/pi/ros2_ws/build/jsc_mecanum_description': CMAKE_PREFIX_PATH=${CMAKE_PREFIX_PATH}:/home/pi/ros2_ws/install/robot_serial:/home/pi/ros2_ws/install/motor_gui_pkg:/opt/ros/humble /usr/bin/cmake --install /home/pi/ros2_ws/build/jsc_mecanum_description
[8.670s] Level 1:colcon.colcon_core.environment:create_environment_scripts_only(jsc_mecanum_description)
[8.676s] DEBUG:colcon.colcon_core.event_handler.log_command:Invoked command in '/home/pi/ros2_ws/build/jsc_mecanum_description' returned '0': CMAKE_PREFIX_PATH=${CMAKE_PREFIX_PATH}:/home/pi/ros2_ws/install/robot_serial:/home/pi/ros2_ws/install/motor_gui_pkg:/opt/ros/humble /usr/bin/cmake --install /home/pi/ros2_ws/build/jsc_mecanum_description
[8.735s] Level 1:colcon.colcon_core.environment:checking '/home/pi/ros2_ws/install/jsc_mecanum_description' for CMake module files
[8.741s] Level 1:colcon.colcon_core.environment:checking '/home/pi/ros2_ws/install/jsc_mecanum_description' for CMake config files
[8.747s] Level 1:colcon.colcon_core.shell:create_environment_hook('jsc_mecanum_description', 'cmake_prefix_path')
[8.748s] INFO:colcon.colcon_core.shell:Creating environment hook '/home/pi/ros2_ws/install/jsc_mecanum_description/share/jsc_mecanum_description/hook/cmake_prefix_path.ps1'
[8.753s] INFO:colcon.colcon_core.shell:Creating environment descriptor '/home/pi/ros2_ws/install/jsc_mecanum_description/share/jsc_mecanum_description/hook/cmake_prefix_path.dsv'
[8.757s] INFO:colcon.colcon_core.shell:Creating environment hook '/home/pi/ros2_ws/install/jsc_mecanum_description/share/jsc_mecanum_description/hook/cmake_prefix_path.sh'
[8.765s] Level 1:colcon.colcon_core.environment:checking '/home/pi/ros2_ws/install/jsc_mecanum_description/bin'
[8.765s] Level 1:colcon.colcon_core.environment:checking '/home/pi/ros2_ws/install/jsc_mecanum_description/lib/pkgconfig/jsc_mecanum_description.pc'
[8.767s] Level 1:colcon.colcon_core.environment:checking '/home/pi/ros2_ws/install/jsc_mecanum_description/lib/python3.10/site-packages'
[8.768s] Level 1:colcon.colcon_core.environment:checking '/home/pi/ros2_ws/install/jsc_mecanum_description/bin'
[8.770s] INFO:colcon.colcon_core.shell:Creating package script '/home/pi/ros2_ws/install/jsc_mecanum_description/share/jsc_mecanum_description/package.ps1'
[8.777s] INFO:colcon.colcon_core.shell:Creating package descriptor '/home/pi/ros2_ws/install/jsc_mecanum_description/share/jsc_mecanum_description/package.dsv'
[8.782s] INFO:colcon.colcon_core.shell:Creating package script '/home/pi/ros2_ws/install/jsc_mecanum_description/share/jsc_mecanum_description/package.sh'
[8.795s] INFO:colcon.colcon_core.shell:Creating package script '/home/pi/ros2_ws/install/jsc_mecanum_description/share/jsc_mecanum_description/package.bash'
[8.807s] INFO:colcon.colcon_core.shell:Creating package script '/home/pi/ros2_ws/install/jsc_mecanum_description/share/jsc_mecanum_description/package.zsh'
[8.815s] Level 1:colcon.colcon_core.environment:create_file_with_runtime_dependencies(/home/pi/ros2_ws/install/jsc_mecanum_description/share/colcon-core/packages/jsc_mecanum_description)
[8.871s] DEBUG:colcon.colcon_core.event_handler.log_command:Invoked command in '/home/pi/ros2_ws/build/jsc_mecanum_control' returned '0': CMAKE_PREFIX_PATH=${CMAKE_PREFIX_PATH}:/home/pi/ros2_ws/install/robot_serial:/home/pi/ros2_ws/install/motor_gui_pkg:/opt/ros/humble /usr/bin/cmake --build /home/pi/ros2_ws/build/jsc_mecanum_control -- -j4 -l4
[8.891s] DEBUG:colcon.colcon_core.event_handler.log_command:Invoked command in '/home/pi/ros2_ws/build/jsc_mecanum_controller' returned '0': CMAKE_PREFIX_PATH=${CMAKE_PREFIX_PATH}:/home/pi/ros2_ws/install/robot_serial:/home/pi/ros2_ws/install/motor_gui_pkg:/opt/ros/humble /usr/bin/cmake --build /home/pi/ros2_ws/build/jsc_mecanum_controller -- -j4 -l4
[8.915s] DEBUG:colcon.colcon_core.event_handler.log_command:Invoked command in '/home/pi/ros2_ws/build/jsc_mecanum_hardware' returned '0': CMAKE_PREFIX_PATH=${CMAKE_PREFIX_PATH}:/home/pi/ros2_ws/install/robot_serial:/home/pi/ros2_ws/install/motor_gui_pkg:/opt/ros/humble /usr/bin/cmake --build /home/pi/ros2_ws/build/jsc_mecanum_hardware -- -j4 -l4
[9.163s] Level 1:colcon.colcon_core.environment:create_environment_scripts_only(jsc_mecanum_description)
[9.164s] Level 1:colcon.colcon_core.environment:checking '/home/pi/ros2_ws/install/jsc_mecanum_description' for CMake module files
[9.171s] Level 1:colcon.colcon_core.environment:checking '/home/pi/ros2_ws/install/jsc_mecanum_description' for CMake config files
[9.180s] Level 1:colcon.colcon_core.shell:create_environment_hook('jsc_mecanum_description', 'cmake_prefix_path')
[9.182s] INFO:colcon.colcon_core.shell:Creating environment hook '/home/pi/ros2_ws/install/jsc_mecanum_description/share/jsc_mecanum_description/hook/cmake_prefix_path.ps1'
[9.185s] INFO:colcon.colcon_core.shell:Creating environment descriptor '/home/pi/ros2_ws/install/jsc_mecanum_description/share/jsc_mecanum_description/hook/cmake_prefix_path.dsv'
[9.188s] INFO:colcon.colcon_core.shell:Creating environment hook '/home/pi/ros2_ws/install/jsc_mecanum_description/share/jsc_mecanum_description/hook/cmake_prefix_path.sh'
[9.193s] Level 1:colcon.colcon_core.environment:checking '/home/pi/ros2_ws/install/jsc_mecanum_description/bin'
[9.194s] Level 1:colcon.colcon_core.environment:checking '/home/pi/ros2_ws/install/jsc_mecanum_description/lib/pkgconfig/jsc_mecanum_description.pc'
[9.195s] Level 1:colcon.colcon_core.environment:checking '/home/pi/ros2_ws/install/jsc_mecanum_description/lib/python3.10/site-packages'
[9.197s] Level 1:colcon.colcon_core.environment:checking '/home/pi/ros2_ws/install/jsc_mecanum_description/bin'
[9.201s] INFO:colcon.colcon_core.shell:Creating package script '/home/pi/ros2_ws/install/jsc_mecanum_description/share/jsc_mecanum_description/package.ps1'
[9.205s] INFO:colcon.colcon_core.shell:Creating package descriptor '/home/pi/ros2_ws/install/jsc_mecanum_description/share/jsc_mecanum_description/package.dsv'
[9.214s] INFO:colcon.colcon_core.shell:Creating package script '/home/pi/ros2_ws/install/jsc_mecanum_description/share/jsc_mecanum_description/package.sh'
[9.219s] INFO:colcon.colcon_core.shell:Creating package script '/home/pi/ros2_ws/install/jsc_mecanum_description/share/jsc_mecanum_description/package.bash'
[9.223s] INFO:colcon.colcon_core.shell:Creating package script '/home/pi/ros2_ws/install/jsc_mecanum_description/share/jsc_mecanum_description/package.zsh'
[9.237s] Level 1:colcon.colcon_core.environment:create_file_with_runtime_dependencies(/home/pi/ros2_ws/install/jsc_mecanum_description/share/colcon-core/packages/jsc_mecanum_description)
[9.250s] INFO:colcon.colcon_ros.task.ament_cmake.build:Building ROS package in '/home/pi/ros2_ws/src/jsc_mecanum_teleop' with build type 'ament_cmake'
[9.251s] INFO:colcon.colcon_cmake.task.cmake.build:Building CMake package in '/home/pi/ros2_ws/src/jsc_mecanum_teleop'
[9.252s] INFO:colcon.colcon_core.shell:Skip shell extension 'powershell' for command environment: Not usable outside of PowerShell
[9.262s] DEBUG:colcon.colcon_core.shell:Skip shell extension 'dsv' for command environment
[9.342s] DEBUG:colcon.colcon_core.event_handler.log_command:Invoking command in '/home/pi/ros2_ws/build/jsc_mecanum_control': CMAKE_PREFIX_PATH=${CMAKE_PREFIX_PATH}:/home/pi/ros2_ws/install/robot_serial:/home/pi/ros2_ws/install/motor_gui_pkg:/opt/ros/humble /usr/bin/cmake --install /home/pi/ros2_ws/build/jsc_mecanum_control
[9.377s] DEBUG:colcon.colcon_core.event_handler.log_command:Invoking command in '/home/pi/ros2_ws/build/jsc_mecanum_controller': CMAKE_PREFIX_PATH=${CMAKE_PREFIX_PATH}:/home/pi/ros2_ws/install/robot_serial:/home/pi/ros2_ws/install/motor_gui_pkg:/opt/ros/humble /usr/bin/cmake --install /home/pi/ros2_ws/build/jsc_mecanum_controller
[9.447s] DEBUG:colcon.colcon_core.event_handler.log_command:Invoking command in '/home/pi/ros2_ws/build/jsc_mecanum_teleop': CMAKE_PREFIX_PATH=${CMAKE_PREFIX_PATH}:/home/pi/ros2_ws/install/robot_serial:/home/pi/ros2_ws/install/motor_gui_pkg:/opt/ros/humble /usr/bin/cmake --build /home/pi/ros2_ws/build/jsc_mecanum_teleop -- -j4 -l4
[9.521s] DEBUG:colcon.colcon_core.event_handler.log_command:Invoking command in '/home/pi/ros2_ws/build/jsc_mecanum_hardware': CMAKE_PREFIX_PATH=${CMAKE_PREFIX_PATH}:/home/pi/ros2_ws/install/robot_serial:/home/pi/ros2_ws/install/motor_gui_pkg:/opt/ros/humble /usr/bin/cmake --install /home/pi/ros2_ws/build/jsc_mecanum_hardware
[9.535s] Level 1:colcon.colcon_core.environment:create_environment_scripts_only(jsc_mecanum_control)
[9.537s] Level 1:colcon.colcon_core.environment:checking '/home/pi/ros2_ws/install/jsc_mecanum_control' for CMake module files
[9.542s] Level 1:colcon.colcon_core.environment:checking '/home/pi/ros2_ws/install/jsc_mecanum_control' for CMake config files
[9.545s] Level 1:colcon.colcon_core.shell:create_environment_hook('jsc_mecanum_control', 'cmake_prefix_path')
[9.547s] INFO:colcon.colcon_core.shell:Creating environment hook '/home/pi/ros2_ws/install/jsc_mecanum_control/share/jsc_mecanum_control/hook/cmake_prefix_path.ps1'
[9.553s] DEBUG:colcon.colcon_core.event_handler.log_command:Invoked command in '/home/pi/ros2_ws/build/jsc_mecanum_control' returned '0': CMAKE_PREFIX_PATH=${CMAKE_PREFIX_PATH}:/home/pi/ros2_ws/install/robot_serial:/home/pi/ros2_ws/install/motor_gui_pkg:/opt/ros/humble /usr/bin/cmake --install /home/pi/ros2_ws/build/jsc_mecanum_control
[9.558s] INFO:colcon.colcon_core.shell:Creating environment descriptor '/home/pi/ros2_ws/install/jsc_mecanum_control/share/jsc_mecanum_control/hook/cmake_prefix_path.dsv'
[9.562s] INFO:colcon.colcon_core.shell:Creating environment hook '/home/pi/ros2_ws/install/jsc_mecanum_control/share/jsc_mecanum_control/hook/cmake_prefix_path.sh'
[9.571s] Level 1:colcon.colcon_core.environment:checking '/home/pi/ros2_ws/install/jsc_mecanum_control/lib'
[9.572s] Level 1:colcon.colcon_core.environment:checking '/home/pi/ros2_ws/install/jsc_mecanum_control/bin'
[9.573s] Level 1:colcon.colcon_core.environment:checking '/home/pi/ros2_ws/install/jsc_mecanum_control/lib/pkgconfig/jsc_mecanum_control.pc'
[9.576s] Level 1:colcon.colcon_core.environment:checking '/home/pi/ros2_ws/install/jsc_mecanum_control/lib/python3.10/site-packages'
[9.578s] Level 1:colcon.colcon_core.environment:checking '/home/pi/ros2_ws/install/jsc_mecanum_control/bin'
[9.580s] INFO:colcon.colcon_core.shell:Creating package script '/home/pi/ros2_ws/install/jsc_mecanum_control/share/jsc_mecanum_control/package.ps1'
[9.585s] INFO:colcon.colcon_core.shell:Creating package descriptor '/home/pi/ros2_ws/install/jsc_mecanum_control/share/jsc_mecanum_control/package.dsv'
[9.592s] INFO:colcon.colcon_core.shell:Creating package script '/home/pi/ros2_ws/install/jsc_mecanum_control/share/jsc_mecanum_control/package.sh'
[9.603s] INFO:colcon.colcon_core.shell:Creating package script '/home/pi/ros2_ws/install/jsc_mecanum_control/share/jsc_mecanum_control/package.bash'
[9.612s] INFO:colcon.colcon_core.shell:Creating package script '/home/pi/ros2_ws/install/jsc_mecanum_control/share/jsc_mecanum_control/package.zsh'
[9.646s] Level 1:colcon.colcon_core.environment:create_file_with_runtime_dependencies(/home/pi/ros2_ws/install/jsc_mecanum_control/share/colcon-core/packages/jsc_mecanum_control)
[9.716s] Level 1:colcon.colcon_core.environment:create_environment_scripts_only(jsc_mecanum_controller)
[9.720s] Level 1:colcon.colcon_core.environment:checking '/home/pi/ros2_ws/install/jsc_mecanum_controller' for CMake module files
[9.730s] DEBUG:colcon.colcon_core.event_handler.log_command:Invoked command in '/home/pi/ros2_ws/build/jsc_mecanum_controller' returned '0': CMAKE_PREFIX_PATH=${CMAKE_PREFIX_PATH}:/home/pi/ros2_ws/install/robot_serial:/home/pi/ros2_ws/install/motor_gui_pkg:/opt/ros/humble /usr/bin/cmake --install /home/pi/ros2_ws/build/jsc_mecanum_controller
[9.738s] Level 1:colcon.colcon_core.environment:checking '/home/pi/ros2_ws/install/jsc_mecanum_controller' for CMake config files
[9.743s] Level 1:colcon.colcon_core.shell:create_environment_hook('jsc_mecanum_controller', 'cmake_prefix_path')
[9.749s] INFO:colcon.colcon_core.shell:Creating environment hook '/home/pi/ros2_ws/install/jsc_mecanum_controller/share/jsc_mecanum_controller/hook/cmake_prefix_path.ps1'
[9.753s] INFO:colcon.colcon_core.shell:Creating environment descriptor '/home/pi/ros2_ws/install/jsc_mecanum_controller/share/jsc_mecanum_controller/hook/cmake_prefix_path.dsv'
[9.757s] INFO:colcon.colcon_core.shell:Creating environment hook '/home/pi/ros2_ws/install/jsc_mecanum_controller/share/jsc_mecanum_controller/hook/cmake_prefix_path.sh'
[9.761s] Level 1:colcon.colcon_core.environment:checking '/home/pi/ros2_ws/install/jsc_mecanum_controller/lib'
[9.762s] Level 1:colcon.colcon_core.shell:create_environment_hook('jsc_mecanum_controller', 'ld_library_path_lib')
[9.763s] INFO:colcon.colcon_core.shell:Creating environment hook '/home/pi/ros2_ws/install/jsc_mecanum_controller/share/jsc_mecanum_controller/hook/ld_library_path_lib.ps1'
[9.767s] INFO:colcon.colcon_core.shell:Creating environment descriptor '/home/pi/ros2_ws/install/jsc_mecanum_controller/share/jsc_mecanum_controller/hook/ld_library_path_lib.dsv'
[9.771s] INFO:colcon.colcon_core.shell:Creating environment hook '/home/pi/ros2_ws/install/jsc_mecanum_controller/share/jsc_mecanum_controller/hook/ld_library_path_lib.sh'
[9.774s] Level 1:colcon.colcon_core.environment:checking '/home/pi/ros2_ws/install/jsc_mecanum_controller/bin'
[9.775s] Level 1:colcon.colcon_core.environment:checking '/home/pi/ros2_ws/install/jsc_mecanum_controller/lib/pkgconfig/jsc_mecanum_controller.pc'
[9.777s] Level 1:colcon.colcon_core.environment:checking '/home/pi/ros2_ws/install/jsc_mecanum_controller/lib/python3.10/site-packages'
[9.778s] Level 1:colcon.colcon_core.environment:checking '/home/pi/ros2_ws/install/jsc_mecanum_controller/bin'
[9.780s] INFO:colcon.colcon_core.shell:Creating package script '/home/pi/ros2_ws/install/jsc_mecanum_controller/share/jsc_mecanum_controller/package.ps1'
[9.786s] INFO:colcon.colcon_core.shell:Creating package descriptor '/home/pi/ros2_ws/install/jsc_mecanum_controller/share/jsc_mecanum_controller/package.dsv'
[9.789s] INFO:colcon.colcon_core.shell:Creating package script '/home/pi/ros2_ws/install/jsc_mecanum_controller/share/jsc_mecanum_controller/package.sh'
[9.792s] INFO:colcon.colcon_core.shell:Creating package script '/home/pi/ros2_ws/install/jsc_mecanum_controller/share/jsc_mecanum_controller/package.bash'
[9.796s] INFO:colcon.colcon_core.shell:Creating package script '/home/pi/ros2_ws/install/jsc_mecanum_controller/share/jsc_mecanum_controller/package.zsh'
[9.799s] Level 1:colcon.colcon_core.environment:create_file_with_runtime_dependencies(/home/pi/ros2_ws/install/jsc_mecanum_controller/share/colcon-core/packages/jsc_mecanum_controller)
[9.839s] Level 1:colcon.colcon_core.environment:create_environment_scripts_only(jsc_mecanum_hardware)
[9.840s] Level 1:colcon.colcon_core.environment:checking '/home/pi/ros2_ws/install/jsc_mecanum_hardware' for CMake module files
[9.848s] Level 1:colcon.colcon_core.environment:checking '/home/pi/ros2_ws/install/jsc_mecanum_hardware' for CMake config files
[9.860s] Level 1:colcon.colcon_core.shell:create_environment_hook('jsc_mecanum_hardware', 'cmake_prefix_path')
[9.861s] INFO:colcon.colcon_core.shell:Creating environment hook '/home/pi/ros2_ws/install/jsc_mecanum_hardware/share/jsc_mecanum_hardware/hook/cmake_prefix_path.ps1'
[9.863s] DEBUG:colcon.colcon_core.event_handler.log_command:Invoked command in '/home/pi/ros2_ws/build/jsc_mecanum_hardware' returned '0': CMAKE_PREFIX_PATH=${CMAKE_PREFIX_PATH}:/home/pi/ros2_ws/install/robot_serial:/home/pi/ros2_ws/install/motor_gui_pkg:/opt/ros/humble /usr/bin/cmake --install /home/pi/ros2_ws/build/jsc_mecanum_hardware
[9.876s] INFO:colcon.colcon_core.shell:Creating environment descriptor '/home/pi/ros2_ws/install/jsc_mecanum_hardware/share/jsc_mecanum_hardware/hook/cmake_prefix_path.dsv'
[9.886s] INFO:colcon.colcon_core.shell:Creating environment hook '/home/pi/ros2_ws/install/jsc_mecanum_hardware/share/jsc_mecanum_hardware/hook/cmake_prefix_path.sh'
[9.894s] Level 1:colcon.colcon_core.environment:checking '/home/pi/ros2_ws/install/jsc_mecanum_hardware/lib'
[9.895s] Level 1:colcon.colcon_core.shell:create_environment_hook('jsc_mecanum_hardware', 'ld_library_path_lib')
[9.896s] INFO:colcon.colcon_core.shell:Creating environment hook '/home/pi/ros2_ws/install/jsc_mecanum_hardware/share/jsc_mecanum_hardware/hook/ld_library_path_lib.ps1'
[9.903s] INFO:colcon.colcon_core.shell:Creating environment descriptor '/home/pi/ros2_ws/install/jsc_mecanum_hardware/share/jsc_mecanum_hardware/hook/ld_library_path_lib.dsv'
[9.907s] INFO:colcon.colcon_core.shell:Creating environment hook '/home/pi/ros2_ws/install/jsc_mecanum_hardware/share/jsc_mecanum_hardware/hook/ld_library_path_lib.sh'
[9.914s] Level 1:colcon.colcon_core.environment:checking '/home/pi/ros2_ws/install/jsc_mecanum_hardware/bin'
[9.915s] Level 1:colcon.colcon_core.environment:checking '/home/pi/ros2_ws/install/jsc_mecanum_hardware/lib/pkgconfig/jsc_mecanum_hardware.pc'
[9.916s] Level 1:colcon.colcon_core.environment:checking '/home/pi/ros2_ws/install/jsc_mecanum_hardware/lib/python3.10/site-packages'
[9.920s] Level 1:colcon.colcon_core.environment:checking '/home/pi/ros2_ws/install/jsc_mecanum_hardware/bin'
[9.924s] INFO:colcon.colcon_core.shell:Creating package script '/home/pi/ros2_ws/install/jsc_mecanum_hardware/share/jsc_mecanum_hardware/package.ps1'
[9.937s] INFO:colcon.colcon_core.shell:Creating package descriptor '/home/pi/ros2_ws/install/jsc_mecanum_hardware/share/jsc_mecanum_hardware/package.dsv'
[9.940s] INFO:colcon.colcon_core.shell:Creating package script '/home/pi/ros2_ws/install/jsc_mecanum_hardware/share/jsc_mecanum_hardware/package.sh'
[9.948s] INFO:colcon.colcon_core.shell:Creating package script '/home/pi/ros2_ws/install/jsc_mecanum_hardware/share/jsc_mecanum_hardware/package.bash'
[9.955s] INFO:colcon.colcon_core.shell:Creating package script '/home/pi/ros2_ws/install/jsc_mecanum_hardware/share/jsc_mecanum_hardware/package.zsh'
[9.961s] Level 1:colcon.colcon_core.environment:create_file_with_runtime_dependencies(/home/pi/ros2_ws/install/jsc_mecanum_hardware/share/colcon-core/packages/jsc_mecanum_hardware)
[10.051s] Level 1:colcon.colcon_core.environment:create_environment_scripts_only(jsc_mecanum_control)
[10.053s] Level 1:colcon.colcon_core.environment:checking '/home/pi/ros2_ws/install/jsc_mecanum_control' for CMake module files
[10.084s] Level 1:colcon.colcon_core.environment:checking '/home/pi/ros2_ws/install/jsc_mecanum_control' for CMake config files
[10.087s] Level 1:colcon.colcon_core.shell:create_environment_hook('jsc_mecanum_control', 'cmake_prefix_path')
[10.089s] INFO:colcon.colcon_core.shell:Creating environment hook '/home/pi/ros2_ws/install/jsc_mecanum_control/share/jsc_mecanum_control/hook/cmake_prefix_path.ps1'
[10.098s] INFO:colcon.colcon_core.shell:Creating environment descriptor '/home/pi/ros2_ws/install/jsc_mecanum_control/share/jsc_mecanum_control/hook/cmake_prefix_path.dsv'
[10.109s] INFO:colcon.colcon_core.shell:Creating environment hook '/home/pi/ros2_ws/install/jsc_mecanum_control/share/jsc_mecanum_control/hook/cmake_prefix_path.sh'
[10.155s] Level 1:colcon.colcon_core.environment:checking '/home/pi/ros2_ws/install/jsc_mecanum_control/lib'
[10.156s] Level 1:colcon.colcon_core.environment:checking '/home/pi/ros2_ws/install/jsc_mecanum_control/bin'
[10.156s] Level 1:colcon.colcon_core.environment:checking '/home/pi/ros2_ws/install/jsc_mecanum_control/lib/pkgconfig/jsc_mecanum_control.pc'
[10.157s] Level 1:colcon.colcon_core.environment:checking '/home/pi/ros2_ws/install/jsc_mecanum_control/lib/python3.10/site-packages'
[10.159s] Level 1:colcon.colcon_core.environment:checking '/home/pi/ros2_ws/install/jsc_mecanum_control/bin'
[10.161s] INFO:colcon.colcon_core.shell:Creating package script '/home/pi/ros2_ws/install/jsc_mecanum_control/share/jsc_mecanum_control/package.ps1'
[10.164s] INFO:colcon.colcon_core.shell:Creating package descriptor '/home/pi/ros2_ws/install/jsc_mecanum_control/share/jsc_mecanum_control/package.dsv'
[10.168s] INFO:colcon.colcon_core.shell:Creating package script '/home/pi/ros2_ws/install/jsc_mecanum_control/share/jsc_mecanum_control/package.sh'
[10.174s] INFO:colcon.colcon_core.shell:Creating package script '/home/pi/ros2_ws/install/jsc_mecanum_control/share/jsc_mecanum_control/package.bash'
[10.177s] INFO:colcon.colcon_core.shell:Creating package script '/home/pi/ros2_ws/install/jsc_mecanum_control/share/jsc_mecanum_control/package.zsh'
[10.195s] Level 1:colcon.colcon_core.environment:create_file_with_runtime_dependencies(/home/pi/ros2_ws/install/jsc_mecanum_control/share/colcon-core/packages/jsc_mecanum_control)
[10.201s] INFO:colcon.colcon_ros.task.ament_python.build:Building ROS package in '/home/pi/ros2_ws/src/motor_gui_pkg' with build type 'ament_python'
[10.201s] Level 1:colcon.colcon_core.shell:create_environment_hook('motor_gui_pkg', 'ament_prefix_path')
[10.203s] INFO:colcon.colcon_core.shell:Creating environment hook '/home/pi/ros2_ws/install/motor_gui_pkg/share/motor_gui_pkg/hook/ament_prefix_path.ps1'
[10.216s] INFO:colcon.colcon_core.shell:Creating environment descriptor '/home/pi/ros2_ws/install/motor_gui_pkg/share/motor_gui_pkg/hook/ament_prefix_path.dsv'
[10.219s] INFO:colcon.colcon_core.shell:Creating environment hook '/home/pi/ros2_ws/install/motor_gui_pkg/share/motor_gui_pkg/hook/ament_prefix_path.sh'
[10.223s] INFO:colcon.colcon_core.shell:Skip shell extension 'powershell' for command environment: Not usable outside of PowerShell
[10.224s] DEBUG:colcon.colcon_core.shell:Skip shell extension 'dsv' for command environment
[10.308s] Level 1:colcon.colcon_core.environment:create_environment_scripts_only(jsc_mecanum_controller)
[10.311s] Level 1:colcon.colcon_core.environment:checking '/home/pi/ros2_ws/install/jsc_mecanum_controller' for CMake module files
[10.319s] Level 1:colcon.colcon_core.environment:checking '/home/pi/ros2_ws/install/jsc_mecanum_controller' for CMake config files
[10.323s] Level 1:colcon.colcon_core.shell:create_environment_hook('jsc_mecanum_controller', 'cmake_prefix_path')
[10.324s] INFO:colcon.colcon_core.shell:Creating environment hook '/home/pi/ros2_ws/install/jsc_mecanum_controller/share/jsc_mecanum_controller/hook/cmake_prefix_path.ps1'
[10.328s] INFO:colcon.colcon_core.shell:Creating environment descriptor '/home/pi/ros2_ws/install/jsc_mecanum_controller/share/jsc_mecanum_controller/hook/cmake_prefix_path.dsv'
[10.331s] INFO:colcon.colcon_core.shell:Creating environment hook '/home/pi/ros2_ws/install/jsc_mecanum_controller/share/jsc_mecanum_controller/hook/cmake_prefix_path.sh'
[10.336s] Level 1:colcon.colcon_core.environment:checking '/home/pi/ros2_ws/install/jsc_mecanum_controller/lib'
[10.346s] Level 1:colcon.colcon_core.shell:create_environment_hook('jsc_mecanum_controller', 'ld_library_path_lib')
[10.348s] INFO:colcon.colcon_core.shell:Creating environment hook '/home/pi/ros2_ws/install/jsc_mecanum_controller/share/jsc_mecanum_controller/hook/ld_library_path_lib.ps1'
[10.351s] INFO:colcon.colcon_core.shell:Creating environment descriptor '/home/pi/ros2_ws/install/jsc_mecanum_controller/share/jsc_mecanum_controller/hook/ld_library_path_lib.dsv'
[10.357s] INFO:colcon.colcon_core.shell:Creating environment hook '/home/pi/ros2_ws/install/jsc_mecanum_controller/share/jsc_mecanum_controller/hook/ld_library_path_lib.sh'
[10.363s] Level 1:colcon.colcon_core.environment:checking '/home/pi/ros2_ws/install/jsc_mecanum_controller/bin'
[10.364s] Level 1:colcon.colcon_core.environment:checking '/home/pi/ros2_ws/install/jsc_mecanum_controller/lib/pkgconfig/jsc_mecanum_controller.pc'
[10.365s] Level 1:colcon.colcon_core.environment:checking '/home/pi/ros2_ws/install/jsc_mecanum_controller/lib/python3.10/site-packages'
[10.369s] Level 1:colcon.colcon_core.environment:checking '/home/pi/ros2_ws/install/jsc_mecanum_controller/bin'
[10.372s] INFO:colcon.colcon_core.shell:Creating package script '/home/pi/ros2_ws/install/jsc_mecanum_controller/share/jsc_mecanum_controller/package.ps1'
[10.376s] INFO:colcon.colcon_core.shell:Creating package descriptor '/home/pi/ros2_ws/install/jsc_mecanum_controller/share/jsc_mecanum_controller/package.dsv'
[10.380s] INFO:colcon.colcon_core.shell:Creating package script '/home/pi/ros2_ws/install/jsc_mecanum_controller/share/jsc_mecanum_controller/package.sh'
[10.384s] INFO:colcon.colcon_core.shell:Creating package script '/home/pi/ros2_ws/install/jsc_mecanum_controller/share/jsc_mecanum_controller/package.bash'
[10.387s] INFO:colcon.colcon_core.shell:Creating package script '/home/pi/ros2_ws/install/jsc_mecanum_controller/share/jsc_mecanum_controller/package.zsh'
[10.391s] Level 1:colcon.colcon_core.environment:create_file_with_runtime_dependencies(/home/pi/ros2_ws/install/jsc_mecanum_controller/share/colcon-core/packages/jsc_mecanum_controller)
[13.050s] INFO:colcon.colcon_core.task.python.build:Building Python package in '/home/pi/ros2_ws/src/motor_gui_pkg'
[13.051s] INFO:colcon.colcon_core.shell:Skip shell extension 'powershell' for command environment: Not usable outside of PowerShell
[13.052s] DEBUG:colcon.colcon_core.shell:Skip shell extension 'dsv' for command environment
[13.104s] INFO:colcon.colcon_ros.task.ament_python.build:Building ROS package in '/home/pi/ros2_ws/src/robot_serial' with build type 'ament_python'
[13.104s] Level 1:colcon.colcon_core.shell:create_environment_hook('robot_serial', 'ament_prefix_path')
[13.107s] INFO:colcon.colcon_core.shell:Creating environment hook '/home/pi/ros2_ws/install/robot_serial/share/robot_serial/hook/ament_prefix_path.ps1'
[13.113s] INFO:colcon.colcon_core.shell:Creating environment descriptor '/home/pi/ros2_ws/install/robot_serial/share/robot_serial/hook/ament_prefix_path.dsv'
[13.119s] INFO:colcon.colcon_core.shell:Creating environment hook '/home/pi/ros2_ws/install/robot_serial/share/robot_serial/hook/ament_prefix_path.sh'
[13.124s] INFO:colcon.colcon_core.shell:Skip shell extension 'powershell' for command environment: Not usable outside of PowerShell
[13.125s] DEBUG:colcon.colcon_core.shell:Skip shell extension 'dsv' for command environment
[13.168s] DEBUG:colcon.colcon_core.event_handler.log_command:Invoked command in '/home/pi/ros2_ws/build/jsc_mecanum_teleop' returned '0': CMAKE_PREFIX_PATH=${CMAKE_PREFIX_PATH}:/home/pi/ros2_ws/install/robot_serial:/home/pi/ros2_ws/install/motor_gui_pkg:/opt/ros/humble /usr/bin/cmake --build /home/pi/ros2_ws/build/jsc_mecanum_teleop -- -j4 -l4
[13.175s] Level 1:colcon.colcon_core.environment:create_environment_scripts_only(jsc_mecanum_hardware)
[13.177s] Level 1:colcon.colcon_core.environment:checking '/home/pi/ros2_ws/install/jsc_mecanum_hardware' for CMake module files
[13.182s] Level 1:colcon.colcon_core.environment:checking '/home/pi/ros2_ws/install/jsc_mecanum_hardware' for CMake config files
[13.187s] Level 1:colcon.colcon_core.shell:create_environment_hook('jsc_mecanum_hardware', 'cmake_prefix_path')
[13.188s] INFO:colcon.colcon_core.shell:Creating environment hook '/home/pi/ros2_ws/install/jsc_mecanum_hardware/share/jsc_mecanum_hardware/hook/cmake_prefix_path.ps1'
[13.194s] INFO:colcon.colcon_core.shell:Creating environment descriptor '/home/pi/ros2_ws/install/jsc_mecanum_hardware/share/jsc_mecanum_hardware/hook/cmake_prefix_path.dsv'
[13.198s] INFO:colcon.colcon_core.shell:Creating environment hook '/home/pi/ros2_ws/install/jsc_mecanum_hardware/share/jsc_mecanum_hardware/hook/cmake_prefix_path.sh'
[13.204s] Level 1:colcon.colcon_core.environment:checking '/home/pi/ros2_ws/install/jsc_mecanum_hardware/lib'
[13.205s] Level 1:colcon.colcon_core.shell:create_environment_hook('jsc_mecanum_hardware', 'ld_library_path_lib')
[13.207s] INFO:colcon.colcon_core.shell:Creating environment hook '/home/pi/ros2_ws/install/jsc_mecanum_hardware/share/jsc_mecanum_hardware/hook/ld_library_path_lib.ps1'
[13.211s] INFO:colcon.colcon_core.shell:Creating environment descriptor '/home/pi/ros2_ws/install/jsc_mecanum_hardware/share/jsc_mecanum_hardware/hook/ld_library_path_lib.dsv'
[13.215s] INFO:colcon.colcon_core.shell:Creating environment hook '/home/pi/ros2_ws/install/jsc_mecanum_hardware/share/jsc_mecanum_hardware/hook/ld_library_path_lib.sh'
[13.219s] Level 1:colcon.colcon_core.environment:checking '/home/pi/ros2_ws/install/jsc_mecanum_hardware/bin'
[13.220s] Level 1:colcon.colcon_core.environment:checking '/home/pi/ros2_ws/install/jsc_mecanum_hardware/lib/pkgconfig/jsc_mecanum_hardware.pc'
[13.222s] Level 1:colcon.colcon_core.environment:checking '/home/pi/ros2_ws/install/jsc_mecanum_hardware/lib/python3.10/site-packages'
[13.223s] Level 1:colcon.colcon_core.environment:checking '/home/pi/ros2_ws/install/jsc_mecanum_hardware/bin'
[13.227s] INFO:colcon.colcon_core.shell:Creating package script '/home/pi/ros2_ws/install/jsc_mecanum_hardware/share/jsc_mecanum_hardware/package.ps1'
[13.231s] INFO:colcon.colcon_core.shell:Creating package descriptor '/home/pi/ros2_ws/install/jsc_mecanum_hardware/share/jsc_mecanum_hardware/package.dsv'
[13.234s] INFO:colcon.colcon_core.shell:Creating package script '/home/pi/ros2_ws/install/jsc_mecanum_hardware/share/jsc_mecanum_hardware/package.sh'
[13.238s] INFO:colcon.colcon_core.shell:Creating package script '/home/pi/ros2_ws/install/jsc_mecanum_hardware/share/jsc_mecanum_hardware/package.bash'
[13.241s] INFO:colcon.colcon_core.shell:Creating package script '/home/pi/ros2_ws/install/jsc_mecanum_hardware/share/jsc_mecanum_hardware/package.zsh'
[13.245s] Level 1:colcon.colcon_core.environment:create_file_with_runtime_dependencies(/home/pi/ros2_ws/install/jsc_mecanum_hardware/share/colcon-core/packages/jsc_mecanum_hardware)
[13.251s] INFO:colcon.colcon_ros.task.ament_cmake.build:Building ROS package in '/home/pi/ros2_ws/src/sllidar_ros2' with build type 'ament_cmake'
[13.252s] INFO:colcon.colcon_cmake.task.cmake.build:Building CMake package in '/home/pi/ros2_ws/src/sllidar_ros2'
[13.253s] INFO:colcon.colcon_core.shell:Skip shell extension 'powershell' for command environment: Not usable outside of PowerShell
[13.253s] DEBUG:colcon.colcon_core.shell:Skip shell extension 'dsv' for command environment
[15.762s] INFO:colcon.colcon_core.task.python.build:Building Python package in '/home/pi/ros2_ws/src/robot_serial'
[15.764s] INFO:colcon.colcon_core.shell:Skip shell extension 'powershell' for command environment: Not usable outside of PowerShell
[15.764s] DEBUG:colcon.colcon_core.shell:Skip shell extension 'dsv' for command environment
[15.864s] DEBUG:colcon.colcon_core.event_handler.log_command:Invoking command in '/home/pi/ros2_ws/build/sllidar_ros2': CMAKE_PREFIX_PATH=${CMAKE_PREFIX_PATH}:/home/pi/ros2_ws/install/robot_serial:/home/pi/ros2_ws/install/motor_gui_pkg:/opt/ros/humble /usr/bin/cmake --build /home/pi/ros2_ws/build/sllidar_ros2 -- -j4 -l4
[15.882s] DEBUG:colcon.colcon_core.event_handler.log_command:Invoking command in '/home/pi/ros2_ws/build/jsc_mecanum_teleop': CMAKE_PREFIX_PATH=${CMAKE_PREFIX_PATH}:/home/pi/ros2_ws/install/robot_serial:/home/pi/ros2_ws/install/motor_gui_pkg:/opt/ros/humble /usr/bin/cmake --install /home/pi/ros2_ws/build/jsc_mecanum_teleop
[16.064s] Level 1:colcon.colcon_core.environment:create_environment_scripts_only(jsc_mecanum_teleop)
[16.068s] Level 1:colcon.colcon_core.environment:checking '/home/pi/ros2_ws/install/jsc_mecanum_teleop' for CMake module files
[16.066s] DEBUG:colcon.colcon_core.event_handler.log_command:Invoked command in '/home/pi/ros2_ws/build/jsc_mecanum_teleop' returned '0': CMAKE_PREFIX_PATH=${CMAKE_PREFIX_PATH}:/home/pi/ros2_ws/install/robot_serial:/home/pi/ros2_ws/install/motor_gui_pkg:/opt/ros/humble /usr/bin/cmake --install /home/pi/ros2_ws/build/jsc_mecanum_teleop
[16.081s] Level 1:colcon.colcon_core.environment:checking '/home/pi/ros2_ws/install/jsc_mecanum_teleop' for CMake config files
[16.098s] Level 1:colcon.colcon_core.shell:create_environment_hook('jsc_mecanum_teleop', 'cmake_prefix_path')
[16.100s] INFO:colcon.colcon_core.shell:Creating environment hook '/home/pi/ros2_ws/install/jsc_mecanum_teleop/share/jsc_mecanum_teleop/hook/cmake_prefix_path.ps1'
[16.108s] INFO:colcon.colcon_core.shell:Creating environment descriptor '/home/pi/ros2_ws/install/jsc_mecanum_teleop/share/jsc_mecanum_teleop/hook/cmake_prefix_path.dsv'
[16.111s] INFO:colcon.colcon_core.shell:Creating environment hook '/home/pi/ros2_ws/install/jsc_mecanum_teleop/share/jsc_mecanum_teleop/hook/cmake_prefix_path.sh'
[16.131s] Level 1:colcon.colcon_core.environment:checking '/home/pi/ros2_ws/install/jsc_mecanum_teleop/lib'
[16.131s] Level 1:colcon.colcon_core.environment:checking '/home/pi/ros2_ws/install/jsc_mecanum_teleop/bin'
[16.132s] Level 1:colcon.colcon_core.environment:checking '/home/pi/ros2_ws/install/jsc_mecanum_teleop/lib/pkgconfig/jsc_mecanum_teleop.pc'
[16.134s] Level 1:colcon.colcon_core.environment:checking '/home/pi/ros2_ws/install/jsc_mecanum_teleop/lib/python3.10/site-packages'
[16.136s] Level 1:colcon.colcon_core.environment:checking '/home/pi/ros2_ws/install/jsc_mecanum_teleop/bin'
[16.142s] INFO:colcon.colcon_core.shell:Creating package script '/home/pi/ros2_ws/install/jsc_mecanum_teleop/share/jsc_mecanum_teleop/package.ps1'
[16.151s] INFO:colcon.colcon_core.shell:Creating package descriptor '/home/pi/ros2_ws/install/jsc_mecanum_teleop/share/jsc_mecanum_teleop/package.dsv'
[16.167s] INFO:colcon.colcon_core.shell:Creating package script '/home/pi/ros2_ws/install/jsc_mecanum_teleop/share/jsc_mecanum_teleop/package.sh'
[16.175s] INFO:colcon.colcon_core.shell:Creating package script '/home/pi/ros2_ws/install/jsc_mecanum_teleop/share/jsc_mecanum_teleop/package.bash'
[16.192s] INFO:colcon.colcon_core.shell:Creating package script '/home/pi/ros2_ws/install/jsc_mecanum_teleop/share/jsc_mecanum_teleop/package.zsh'
[16.205s] Level 1:colcon.colcon_core.environment:create_file_with_runtime_dependencies(/home/pi/ros2_ws/install/jsc_mecanum_teleop/share/colcon-core/packages/jsc_mecanum_teleop)
[16.636s] Level 1:colcon.colcon_core.environment:create_environment_scripts_only(jsc_mecanum_teleop)
[16.644s] Level 1:colcon.colcon_core.environment:checking '/home/pi/ros2_ws/install/jsc_mecanum_teleop' for CMake module files
[16.662s] Level 1:colcon.colcon_core.environment:checking '/home/pi/ros2_ws/install/jsc_mecanum_teleop' for CMake config files
[16.675s] Level 1:colcon.colcon_core.shell:create_environment_hook('jsc_mecanum_teleop', 'cmake_prefix_path')
[16.676s] INFO:colcon.colcon_core.shell:Creating environment hook '/home/pi/ros2_ws/install/jsc_mecanum_teleop/share/jsc_mecanum_teleop/hook/cmake_prefix_path.ps1'
[16.713s] INFO:colcon.colcon_core.shell:Creating environment descriptor '/home/pi/ros2_ws/install/jsc_mecanum_teleop/share/jsc_mecanum_teleop/hook/cmake_prefix_path.dsv'
[16.727s] INFO:colcon.colcon_core.shell:Creating environment hook '/home/pi/ros2_ws/install/jsc_mecanum_teleop/share/jsc_mecanum_teleop/hook/cmake_prefix_path.sh'
[16.739s] Level 1:colcon.colcon_core.environment:checking '/home/pi/ros2_ws/install/jsc_mecanum_teleop/lib'
[16.740s] Level 1:colcon.colcon_core.environment:checking '/home/pi/ros2_ws/install/jsc_mecanum_teleop/bin'
[16.740s] Level 1:colcon.colcon_core.environment:checking '/home/pi/ros2_ws/install/jsc_mecanum_teleop/lib/pkgconfig/jsc_mecanum_teleop.pc'
[16.743s] Level 1:colcon.colcon_core.environment:checking '/home/pi/ros2_ws/install/jsc_mecanum_teleop/lib/python3.10/site-packages'
[16.744s] Level 1:colcon.colcon_core.environment:checking '/home/pi/ros2_ws/install/jsc_mecanum_teleop/bin'
[16.747s] INFO:colcon.colcon_core.shell:Creating package script '/home/pi/ros2_ws/install/jsc_mecanum_teleop/share/jsc_mecanum_teleop/package.ps1'
[16.753s] INFO:colcon.colcon_core.shell:Creating package descriptor '/home/pi/ros2_ws/install/jsc_mecanum_teleop/share/jsc_mecanum_teleop/package.dsv'
[16.758s] INFO:colcon.colcon_core.shell:Creating package script '/home/pi/ros2_ws/install/jsc_mecanum_teleop/share/jsc_mecanum_teleop/package.sh'
[16.765s] INFO:colcon.colcon_core.shell:Creating package script '/home/pi/ros2_ws/install/jsc_mecanum_teleop/share/jsc_mecanum_teleop/package.bash'
[16.769s] INFO:colcon.colcon_core.shell:Creating package script '/home/pi/ros2_ws/install/jsc_mecanum_teleop/share/jsc_mecanum_teleop/package.zsh'
[16.773s] Level 1:colcon.colcon_core.environment:create_file_with_runtime_dependencies(/home/pi/ros2_ws/install/jsc_mecanum_teleop/share/colcon-core/packages/jsc_mecanum_teleop)
[16.776s] INFO:colcon.colcon_ros.task.ament_cmake.build:Building ROS package in '/home/pi/ros2_ws/src/jsc_mecanum_bringup' with build type 'ament_cmake'
[16.777s] INFO:colcon.colcon_cmake.task.cmake.build:Building CMake package in '/home/pi/ros2_ws/src/jsc_mecanum_bringup'
[16.779s] INFO:colcon.colcon_core.shell:Skip shell extension 'powershell' for command environment: Not usable outside of PowerShell
[16.779s] DEBUG:colcon.colcon_core.shell:Skip shell extension 'dsv' for command environment
[16.850s] DEBUG:colcon.colcon_core.event_handler.log_command:Invoked command in '/home/pi/ros2_ws/build/sllidar_ros2' returned '0': CMAKE_PREFIX_PATH=${CMAKE_PREFIX_PATH}:/home/pi/ros2_ws/install/robot_serial:/home/pi/ros2_ws/install/motor_gui_pkg:/opt/ros/humble /usr/bin/cmake --build /home/pi/ros2_ws/build/sllidar_ros2 -- -j4 -l4
[16.912s] DEBUG:colcon.colcon_core.event_handler.log_command:Invoking command in '/home/pi/ros2_ws/build/jsc_mecanum_bringup': CMAKE_PREFIX_PATH=/home/pi/ros2_ws/install/jsc_mecanum_description:/home/pi/ros2_ws/install/sllidar_ros2:/home/pi/ros2_ws/install/jsc_mecanum_teleop:/home/pi/ros2_ws/install/jsc_mecanum_hardware:/home/pi/ros2_ws/install/jsc_mecanum_bringup:/home/pi/ros2_ws/install/jsc_mecanum_controller:/home/pi/ros2_ws/install/jsc_mecanum_control:/home/pi/ros2_ws/install/robot_serial:/home/pi/ros2_ws/install/motor_gui_pkg:/opt/ros/humble /usr/bin/cmake --build /home/pi/ros2_ws/build/jsc_mecanum_bringup -- -j4 -l4
[17.193s] DEBUG:colcon.colcon_core.event_handler.log_command:Invoked command in '/home/pi/ros2_ws/build/jsc_mecanum_bringup' returned '0': CMAKE_PREFIX_PATH=/home/pi/ros2_ws/install/jsc_mecanum_description:/home/pi/ros2_ws/install/sllidar_ros2:/home/pi/ros2_ws/install/jsc_mecanum_teleop:/home/pi/ros2_ws/install/jsc_mecanum_hardware:/home/pi/ros2_ws/install/jsc_mecanum_bringup:/home/pi/ros2_ws/install/jsc_mecanum_controller:/home/pi/ros2_ws/install/jsc_mecanum_control:/home/pi/ros2_ws/install/robot_serial:/home/pi/ros2_ws/install/motor_gui_pkg:/opt/ros/humble /usr/bin/cmake --build /home/pi/ros2_ws/build/jsc_mecanum_bringup -- -j4 -l4
[17.437s] DEBUG:colcon.colcon_core.event_handler.log_command:Invoking command in '/home/pi/ros2_ws/build/jsc_mecanum_bringup': CMAKE_PREFIX_PATH=/home/pi/ros2_ws/install/jsc_mecanum_description:/home/pi/ros2_ws/install/sllidar_ros2:/home/pi/ros2_ws/install/jsc_mecanum_teleop:/home/pi/ros2_ws/install/jsc_mecanum_hardware:/home/pi/ros2_ws/install/jsc_mecanum_bringup:/home/pi/ros2_ws/install/jsc_mecanum_controller:/home/pi/ros2_ws/install/jsc_mecanum_control:/home/pi/ros2_ws/install/robot_serial:/home/pi/ros2_ws/install/motor_gui_pkg:/opt/ros/humble /usr/bin/cmake --install /home/pi/ros2_ws/build/jsc_mecanum_bringup
[17.591s] Level 1:colcon.colcon_core.environment:create_environment_scripts_only(jsc_mecanum_bringup)
[17.592s] Level 1:colcon.colcon_core.environment:checking '/home/pi/ros2_ws/install/jsc_mecanum_bringup' for CMake module files
[17.596s] Level 1:colcon.colcon_core.environment:checking '/home/pi/ros2_ws/install/jsc_mecanum_bringup' for CMake config files
[17.599s] DEBUG:colcon.colcon_core.event_handler.log_command:Invoked command in '/home/pi/ros2_ws/build/jsc_mecanum_bringup' returned '0': CMAKE_PREFIX_PATH=/home/pi/ros2_ws/install/jsc_mecanum_description:/home/pi/ros2_ws/install/sllidar_ros2:/home/pi/ros2_ws/install/jsc_mecanum_teleop:/home/pi/ros2_ws/install/jsc_mecanum_hardware:/home/pi/ros2_ws/install/jsc_mecanum_bringup:/home/pi/ros2_ws/install/jsc_mecanum_controller:/home/pi/ros2_ws/install/jsc_mecanum_control:/home/pi/ros2_ws/install/robot_serial:/home/pi/ros2_ws/install/motor_gui_pkg:/opt/ros/humble /usr/bin/cmake --install /home/pi/ros2_ws/build/jsc_mecanum_bringup
[17.601s] Level 1:colcon.colcon_core.shell:create_environment_hook('jsc_mecanum_bringup', 'cmake_prefix_path')
[17.603s] INFO:colcon.colcon_core.shell:Creating environment hook '/home/pi/ros2_ws/install/jsc_mecanum_bringup/share/jsc_mecanum_bringup/hook/cmake_prefix_path.ps1'
[17.605s] INFO:colcon.colcon_core.shell:Creating environment descriptor '/home/pi/ros2_ws/install/jsc_mecanum_bringup/share/jsc_mecanum_bringup/hook/cmake_prefix_path.dsv'
[17.608s] INFO:colcon.colcon_core.shell:Creating environment hook '/home/pi/ros2_ws/install/jsc_mecanum_bringup/share/jsc_mecanum_bringup/hook/cmake_prefix_path.sh'
[17.611s] Level 1:colcon.colcon_core.environment:checking '/home/pi/ros2_ws/install/jsc_mecanum_bringup/bin'
[17.612s] Level 1:colcon.colcon_core.environment:checking '/home/pi/ros2_ws/install/jsc_mecanum_bringup/lib/pkgconfig/jsc_mecanum_bringup.pc'
[17.613s] Level 1:colcon.colcon_core.environment:checking '/home/pi/ros2_ws/install/jsc_mecanum_bringup/lib/python3.10/site-packages'
[17.614s] Level 1:colcon.colcon_core.environment:checking '/home/pi/ros2_ws/install/jsc_mecanum_bringup/bin'
[17.616s] INFO:colcon.colcon_core.shell:Creating package script '/home/pi/ros2_ws/install/jsc_mecanum_bringup/share/jsc_mecanum_bringup/package.ps1'
[17.619s] INFO:colcon.colcon_core.shell:Creating package descriptor '/home/pi/ros2_ws/install/jsc_mecanum_bringup/share/jsc_mecanum_bringup/package.dsv'
[17.621s] INFO:colcon.colcon_core.shell:Creating package script '/home/pi/ros2_ws/install/jsc_mecanum_bringup/share/jsc_mecanum_bringup/package.sh'
[17.625s] INFO:colcon.colcon_core.shell:Creating package script '/home/pi/ros2_ws/install/jsc_mecanum_bringup/share/jsc_mecanum_bringup/package.bash'
[17.627s] INFO:colcon.colcon_core.shell:Creating package script '/home/pi/ros2_ws/install/jsc_mecanum_bringup/share/jsc_mecanum_bringup/package.zsh'
[17.630s] Level 1:colcon.colcon_core.environment:create_file_with_runtime_dependencies(/home/pi/ros2_ws/install/jsc_mecanum_bringup/share/colcon-core/packages/jsc_mecanum_bringup)
[17.745s] DEBUG:colcon.colcon_core.event_handler.log_command:Invoking command in '/home/pi/ros2_ws/build/sllidar_ros2': CMAKE_PREFIX_PATH=${CMAKE_PREFIX_PATH}:/home/pi/ros2_ws/install/robot_serial:/home/pi/ros2_ws/install/motor_gui_pkg:/opt/ros/humble /usr/bin/cmake --install /home/pi/ros2_ws/build/sllidar_ros2
[17.830s] Level 1:colcon.colcon_core.environment:create_environment_scripts_only(jsc_mecanum_bringup)
[17.831s] Level 1:colcon.colcon_core.environment:checking '/home/pi/ros2_ws/install/jsc_mecanum_bringup' for CMake module files
[17.840s] Level 1:colcon.colcon_core.environment:checking '/home/pi/ros2_ws/install/jsc_mecanum_bringup' for CMake config files
[17.856s] Level 1:colcon.colcon_core.shell:create_environment_hook('jsc_mecanum_bringup', 'cmake_prefix_path')
[17.857s] INFO:colcon.colcon_core.shell:Creating environment hook '/home/pi/ros2_ws/install/jsc_mecanum_bringup/share/jsc_mecanum_bringup/hook/cmake_prefix_path.ps1'
[17.880s] INFO:colcon.colcon_core.shell:Creating environment descriptor '/home/pi/ros2_ws/install/jsc_mecanum_bringup/share/jsc_mecanum_bringup/hook/cmake_prefix_path.dsv'
[17.886s] INFO:colcon.colcon_core.shell:Creating environment hook '/home/pi/ros2_ws/install/jsc_mecanum_bringup/share/jsc_mecanum_bringup/hook/cmake_prefix_path.sh'
[17.891s] Level 1:colcon.colcon_core.environment:checking '/home/pi/ros2_ws/install/jsc_mecanum_bringup/bin'
[17.892s] Level 1:colcon.colcon_core.environment:checking '/home/pi/ros2_ws/install/jsc_mecanum_bringup/lib/pkgconfig/jsc_mecanum_bringup.pc'
[17.894s] Level 1:colcon.colcon_core.environment:checking '/home/pi/ros2_ws/install/jsc_mecanum_bringup/lib/python3.10/site-packages'
[17.896s] Level 1:colcon.colcon_core.environment:checking '/home/pi/ros2_ws/install/jsc_mecanum_bringup/bin'
[17.906s] INFO:colcon.colcon_core.shell:Creating package script '/home/pi/ros2_ws/install/jsc_mecanum_bringup/share/jsc_mecanum_bringup/package.ps1'
[17.909s] INFO:colcon.colcon_core.shell:Creating package descriptor '/home/pi/ros2_ws/install/jsc_mecanum_bringup/share/jsc_mecanum_bringup/package.dsv'
[17.915s] INFO:colcon.colcon_core.shell:Creating package script '/home/pi/ros2_ws/install/jsc_mecanum_bringup/share/jsc_mecanum_bringup/package.sh'
[17.922s] INFO:colcon.colcon_core.shell:Creating package script '/home/pi/ros2_ws/install/jsc_mecanum_bringup/share/jsc_mecanum_bringup/package.bash'
[17.929s] INFO:colcon.colcon_core.shell:Creating package script '/home/pi/ros2_ws/install/jsc_mecanum_bringup/share/jsc_mecanum_bringup/package.zsh'
[17.945s] Level 1:colcon.colcon_core.environment:create_file_with_runtime_dependencies(/home/pi/ros2_ws/install/jsc_mecanum_bringup/share/colcon-core/packages/jsc_mecanum_bringup)
[17.955s] Level 1:colcon.colcon_core.environment:create_environment_scripts_only(sllidar_ros2)
[17.958s] Level 1:colcon.colcon_core.environment:checking '/home/pi/ros2_ws/install/sllidar_ros2' for CMake module files
[17.964s] Level 1:colcon.colcon_core.environment:checking '/home/pi/ros2_ws/install/sllidar_ros2' for CMake config files
[17.968s] DEBUG:colcon.colcon_core.event_handler.log_command:Invoked command in '/home/pi/ros2_ws/build/sllidar_ros2' returned '0': CMAKE_PREFIX_PATH=${CMAKE_PREFIX_PATH}:/home/pi/ros2_ws/install/robot_serial:/home/pi/ros2_ws/install/motor_gui_pkg:/opt/ros/humble /usr/bin/cmake --install /home/pi/ros2_ws/build/sllidar_ros2
[17.972s] Level 1:colcon.colcon_core.shell:create_environment_hook('sllidar_ros2', 'cmake_prefix_path')
[17.973s] INFO:colcon.colcon_core.shell:Creating environment hook '/home/pi/ros2_ws/install/sllidar_ros2/share/sllidar_ros2/hook/cmake_prefix_path.ps1'
[17.977s] INFO:colcon.colcon_core.shell:Creating environment descriptor '/home/pi/ros2_ws/install/sllidar_ros2/share/sllidar_ros2/hook/cmake_prefix_path.dsv'
[17.981s] INFO:colcon.colcon_core.shell:Creating environment hook '/home/pi/ros2_ws/install/sllidar_ros2/share/sllidar_ros2/hook/cmake_prefix_path.sh'
[17.988s] Level 1:colcon.colcon_core.environment:checking '/home/pi/ros2_ws/install/sllidar_ros2/lib'
[17.989s] Level 1:colcon.colcon_core.environment:checking '/home/pi/ros2_ws/install/sllidar_ros2/bin'
[17.990s] Level 1:colcon.colcon_core.environment:checking '/home/pi/ros2_ws/install/sllidar_ros2/lib/pkgconfig/sllidar_ros2.pc'
[17.992s] Level 1:colcon.colcon_core.environment:checking '/home/pi/ros2_ws/install/sllidar_ros2/lib/python3.10/site-packages'
[17.995s] Level 1:colcon.colcon_core.environment:checking '/home/pi/ros2_ws/install/sllidar_ros2/bin'
[17.997s] INFO:colcon.colcon_core.shell:Creating package script '/home/pi/ros2_ws/install/sllidar_ros2/share/sllidar_ros2/package.ps1'
[18.003s] INFO:colcon.colcon_core.shell:Creating package descriptor '/home/pi/ros2_ws/install/sllidar_ros2/share/sllidar_ros2/package.dsv'
[18.007s] INFO:colcon.colcon_core.shell:Creating package script '/home/pi/ros2_ws/install/sllidar_ros2/share/sllidar_ros2/package.sh'
[18.012s] INFO:colcon.colcon_core.shell:Creating package script '/home/pi/ros2_ws/install/sllidar_ros2/share/sllidar_ros2/package.bash'
[18.016s] INFO:colcon.colcon_core.shell:Creating package script '/home/pi/ros2_ws/install/sllidar_ros2/share/sllidar_ros2/package.zsh'
[18.021s] Level 1:colcon.colcon_core.environment:create_file_with_runtime_dependencies(/home/pi/ros2_ws/install/sllidar_ros2/share/colcon-core/packages/sllidar_ros2)
[18.108s] DEBUG:colcon.colcon_core.event_handler.log_command:Invoking command in '/home/pi/ros2_ws/src/motor_gui_pkg': PYTHONPATH=/home/pi/ros2_ws/build/motor_gui_pkg/prefix_override:/usr/lib/python3/dist-packages/colcon_core/task/python/colcon_distutils_commands:/home/pi/ros2_ws/install/motor_gui_pkg/lib/python3.10/site-packages:${PYTHONPATH} /usr/bin/python3 -W ignore:setup.py install is deprecated setup.py egg_info --egg-base ../../build/motor_gui_pkg build --build-base /home/pi/ros2_ws/build/motor_gui_pkg/build install --record /home/pi/ros2_ws/build/motor_gui_pkg/install.log --single-version-externally-managed install_data
[18.625s] Level 1:colcon.colcon_core.environment:create_environment_scripts_only(sllidar_ros2)
[18.628s] Level 1:colcon.colcon_core.environment:checking '/home/pi/ros2_ws/install/sllidar_ros2' for CMake module files
[18.631s] Level 1:colcon.colcon_core.environment:checking '/home/pi/ros2_ws/install/sllidar_ros2' for CMake config files
[18.634s] Level 1:colcon.colcon_core.shell:create_environment_hook('sllidar_ros2', 'cmake_prefix_path')
[18.635s] INFO:colcon.colcon_core.shell:Creating environment hook '/home/pi/ros2_ws/install/sllidar_ros2/share/sllidar_ros2/hook/cmake_prefix_path.ps1'
[18.639s] INFO:colcon.colcon_core.shell:Creating environment descriptor '/home/pi/ros2_ws/install/sllidar_ros2/share/sllidar_ros2/hook/cmake_prefix_path.dsv'
[18.642s] INFO:colcon.colcon_core.shell:Creating environment hook '/home/pi/ros2_ws/install/sllidar_ros2/share/sllidar_ros2/hook/cmake_prefix_path.sh'
[18.645s] Level 1:colcon.colcon_core.environment:checking '/home/pi/ros2_ws/install/sllidar_ros2/lib'
[18.646s] Level 1:colcon.colcon_core.environment:checking '/home/pi/ros2_ws/install/sllidar_ros2/bin'
[18.646s] Level 1:colcon.colcon_core.environment:checking '/home/pi/ros2_ws/install/sllidar_ros2/lib/pkgconfig/sllidar_ros2.pc'
[18.647s] Level 1:colcon.colcon_core.environment:checking '/home/pi/ros2_ws/install/sllidar_ros2/lib/python3.10/site-packages'
[18.648s] Level 1:colcon.colcon_core.environment:checking '/home/pi/ros2_ws/install/sllidar_ros2/bin'
[18.650s] INFO:colcon.colcon_core.shell:Creating package script '/home/pi/ros2_ws/install/sllidar_ros2/share/sllidar_ros2/package.ps1'
[18.653s] INFO:colcon.colcon_core.shell:Creating package descriptor '/home/pi/ros2_ws/install/sllidar_ros2/share/sllidar_ros2/package.dsv'
[18.658s] INFO:colcon.colcon_core.shell:Creating package script '/home/pi/ros2_ws/install/sllidar_ros2/share/sllidar_ros2/package.sh'
[18.660s] INFO:colcon.colcon_core.shell:Creating package script '/home/pi/ros2_ws/install/sllidar_ros2/share/sllidar_ros2/package.bash'
[18.663s] INFO:colcon.colcon_core.shell:Creating package script '/home/pi/ros2_ws/install/sllidar_ros2/share/sllidar_ros2/package.zsh'
[18.668s] Level 1:colcon.colcon_core.environment:create_file_with_runtime_dependencies(/home/pi/ros2_ws/install/sllidar_ros2/share/colcon-core/packages/sllidar_ros2)
[19.000s] DEBUG:colcon.colcon_core.event_handler.log_command:Invoking command in '/home/pi/ros2_ws/src/robot_serial': PYTHONPATH=/home/pi/ros2_ws/build/robot_serial/prefix_override:/usr/lib/python3/dist-packages/colcon_core/task/python/colcon_distutils_commands:/home/pi/ros2_ws/install/robot_serial/lib/python3.10/site-packages:${PYTHONPATH} /usr/bin/python3 -W ignore:setup.py install is deprecated setup.py egg_info --egg-base ../../build/robot_serial build --build-base /home/pi/ros2_ws/build/robot_serial/build install --record /home/pi/ros2_ws/build/robot_serial/install.log --single-version-externally-managed install_data
[20.096s] Level 1:colcon.colcon_core.environment:checking '/home/pi/ros2_ws/install/motor_gui_pkg' for CMake module files
[20.101s] Level 1:colcon.colcon_core.environment:checking '/home/pi/ros2_ws/install/motor_gui_pkg' for CMake config files
[20.108s] DEBUG:colcon.colcon_core.event_handler.log_command:Invoked command in '/home/pi/ros2_ws/src/motor_gui_pkg' returned '0': PYTHONPATH=/home/pi/ros2_ws/build/motor_gui_pkg/prefix_override:/usr/lib/python3/dist-packages/colcon_core/task/python/colcon_distutils_commands:/home/pi/ros2_ws/install/motor_gui_pkg/lib/python3.10/site-packages:${PYTHONPATH} /usr/bin/python3 -W ignore:setup.py install is deprecated setup.py egg_info --egg-base ../../build/motor_gui_pkg build --build-base /home/pi/ros2_ws/build/motor_gui_pkg/build install --record /home/pi/ros2_ws/build/motor_gui_pkg/install.log --single-version-externally-managed install_data
[20.111s] Level 1:colcon.colcon_core.environment:checking '/home/pi/ros2_ws/install/motor_gui_pkg/lib'
[20.112s] Level 1:colcon.colcon_core.environment:checking '/home/pi/ros2_ws/install/motor_gui_pkg/bin'
[20.112s] Level 1:colcon.colcon_core.environment:checking '/home/pi/ros2_ws/install/motor_gui_pkg/lib/pkgconfig/motor_gui_pkg.pc'
[20.113s] Level 1:colcon.colcon_core.environment:checking '/home/pi/ros2_ws/install/motor_gui_pkg/lib/python3.10/site-packages'
[20.114s] Level 1:colcon.colcon_core.shell:create_environment_hook('motor_gui_pkg', 'pythonpath')
[20.115s] INFO:colcon.colcon_core.shell:Creating environment hook '/home/pi/ros2_ws/install/motor_gui_pkg/share/motor_gui_pkg/hook/pythonpath.ps1'
[20.117s] INFO:colcon.colcon_core.shell:Creating environment descriptor '/home/pi/ros2_ws/install/motor_gui_pkg/share/motor_gui_pkg/hook/pythonpath.dsv'
[20.120s] INFO:colcon.colcon_core.shell:Creating environment hook '/home/pi/ros2_ws/install/motor_gui_pkg/share/motor_gui_pkg/hook/pythonpath.sh'
[20.124s] Level 1:colcon.colcon_core.environment:checking '/home/pi/ros2_ws/install/motor_gui_pkg/bin'
[20.124s] Level 1:colcon.colcon_core.environment:create_environment_scripts_only(motor_gui_pkg)
[20.126s] INFO:colcon.colcon_core.shell:Creating package script '/home/pi/ros2_ws/install/motor_gui_pkg/share/motor_gui_pkg/package.ps1'
[20.129s] INFO:colcon.colcon_core.shell:Creating package descriptor '/home/pi/ros2_ws/install/motor_gui_pkg/share/motor_gui_pkg/package.dsv'
[20.131s] INFO:colcon.colcon_core.shell:Creating package script '/home/pi/ros2_ws/install/motor_gui_pkg/share/motor_gui_pkg/package.sh'
[20.134s] INFO:colcon.colcon_core.shell:Creating package script '/home/pi/ros2_ws/install/motor_gui_pkg/share/motor_gui_pkg/package.bash'
[20.136s] INFO:colcon.colcon_core.shell:Creating package script '/home/pi/ros2_ws/install/motor_gui_pkg/share/motor_gui_pkg/package.zsh'
[20.138s] Level 1:colcon.colcon_core.environment:create_file_with_runtime_dependencies(/home/pi/ros2_ws/install/motor_gui_pkg/share/colcon-core/packages/motor_gui_pkg)
[20.814s] Level 1:colcon.colcon_core.environment:checking '/home/pi/ros2_ws/install/robot_serial' for CMake module files
[20.817s] DEBUG:colcon.colcon_core.event_handler.log_command:Invoked command in '/home/pi/ros2_ws/src/robot_serial' returned '0': PYTHONPATH=/home/pi/ros2_ws/build/robot_serial/prefix_override:/usr/lib/python3/dist-packages/colcon_core/task/python/colcon_distutils_commands:/home/pi/ros2_ws/install/robot_serial/lib/python3.10/site-packages:${PYTHONPATH} /usr/bin/python3 -W ignore:setup.py install is deprecated setup.py egg_info --egg-base ../../build/robot_serial build --build-base /home/pi/ros2_ws/build/robot_serial/build install --record /home/pi/ros2_ws/build/robot_serial/install.log --single-version-externally-managed install_data
[20.819s] Level 1:colcon.colcon_core.environment:checking '/home/pi/ros2_ws/install/robot_serial' for CMake config files
[20.823s] Level 1:colcon.colcon_core.environment:checking '/home/pi/ros2_ws/install/robot_serial/lib'
[20.823s] Level 1:colcon.colcon_core.environment:checking '/home/pi/ros2_ws/install/robot_serial/bin'
[20.824s] Level 1:colcon.colcon_core.environment:checking '/home/pi/ros2_ws/install/robot_serial/lib/pkgconfig/robot_serial.pc'
[20.825s] Level 1:colcon.colcon_core.environment:checking '/home/pi/ros2_ws/install/robot_serial/lib/python3.10/site-packages'
[20.825s] Level 1:colcon.colcon_core.shell:create_environment_hook('robot_serial', 'pythonpath')
[20.826s] INFO:colcon.colcon_core.shell:Creating environment hook '/home/pi/ros2_ws/install/robot_serial/share/robot_serial/hook/pythonpath.ps1'
[20.829s] INFO:colcon.colcon_core.shell:Creating environment descriptor '/home/pi/ros2_ws/install/robot_serial/share/robot_serial/hook/pythonpath.dsv'
[20.831s] INFO:colcon.colcon_core.shell:Creating environment hook '/home/pi/ros2_ws/install/robot_serial/share/robot_serial/hook/pythonpath.sh'
[20.835s] Level 1:colcon.colcon_core.environment:checking '/home/pi/ros2_ws/install/robot_serial/bin'
[20.835s] Level 1:colcon.colcon_core.environment:create_environment_scripts_only(robot_serial)
[20.837s] INFO:colcon.colcon_core.shell:Creating package script '/home/pi/ros2_ws/install/robot_serial/share/robot_serial/package.ps1'
[20.839s] INFO:colcon.colcon_core.shell:Creating package descriptor '/home/pi/ros2_ws/install/robot_serial/share/robot_serial/package.dsv'
[20.842s] INFO:colcon.colcon_core.shell:Creating package script '/home/pi/ros2_ws/install/robot_serial/share/robot_serial/package.sh'
[20.844s] INFO:colcon.colcon_core.shell:Creating package script '/home/pi/ros2_ws/install/robot_serial/share/robot_serial/package.bash'
[20.847s] INFO:colcon.colcon_core.shell:Creating package script '/home/pi/ros2_ws/install/robot_serial/share/robot_serial/package.zsh'
[20.850s] Level 1:colcon.colcon_core.environment:create_file_with_runtime_dependencies(/home/pi/ros2_ws/install/robot_serial/share/colcon-core/packages/robot_serial)
[20.852s] DEBUG:colcon.colcon_parallel_executor.executor.parallel:closing loop
[20.853s] DEBUG:colcon.colcon_parallel_executor.executor.parallel:loop closed
[20.853s] DEBUG:colcon.colcon_parallel_executor.executor.parallel:run_until_complete finished with '0'
[20.854s] DEBUG:colcon.colcon_core.event_reactor:joining thread
[20.884s] INFO:colcon.colcon_core.plugin_system:Skipping extension 'colcon_notification.desktop_notification.notify_send': Could not find 'notify-send'
[20.885s] INFO:colcon.colcon_core.plugin_system:Skipping extension 'colcon_notification.desktop_notification.terminal_notifier': Not used on non-Darwin systems
[20.885s] INFO:colcon.colcon_core.plugin_system:Skipping extension 'colcon_notification.desktop_notification.win32': Not used on non-Windows systems
[20.885s] INFO:colcon.colcon_notification.desktop_notification:Sending desktop notification using 'notify2'
[20.889s] DEBUG:colcon.colcon_notification.desktop_notification.notify2:Failed to initialize notify2: org.freedesktop.DBus.Error.ServiceUnknown: The name org.freedesktop.Notifications was not provided by any .service files
[20.889s] DEBUG:colcon.colcon_core.event_reactor:joined thread
[20.890s] INFO:colcon.colcon_core.shell:Creating prefix script '/home/pi/ros2_ws/install/local_setup.ps1'
[20.898s] INFO:colcon.colcon_core.shell:Creating prefix util module '/home/pi/ros2_ws/install/_local_setup_util_ps1.py'
[20.909s] INFO:colcon.colcon_core.shell:Creating prefix chain script '/home/pi/ros2_ws/install/setup.ps1'
[20.918s] INFO:colcon.colcon_core.shell:Creating prefix script '/home/pi/ros2_ws/install/local_setup.sh'
[20.922s] INFO:colcon.colcon_core.shell:Creating prefix util module '/home/pi/ros2_ws/install/_local_setup_util_sh.py'
[20.925s] INFO:colcon.colcon_core.shell:Creating prefix chain script '/home/pi/ros2_ws/install/setup.sh'
[20.934s] INFO:colcon.colcon_core.shell:Creating prefix script '/home/pi/ros2_ws/install/local_setup.bash'
[20.938s] INFO:colcon.colcon_core.shell:Creating prefix chain script '/home/pi/ros2_ws/install/setup.bash'
[20.946s] INFO:colcon.colcon_core.shell:Creating prefix script '/home/pi/ros2_ws/install/local_setup.zsh'
[20.950s] INFO:colcon.colcon_core.shell:Creating prefix chain script '/home/pi/ros2_ws/install/setup.zsh'
