[0.127s] Invoking command in '/home/pi/ros2_ws/build/jsc_mecanum_controller': CMAKE_PREFIX_PATH=${CMAKE_PREFIX_PATH}:/home/pi/ros2_ws/install/robot_serial:/home/pi/ros2_ws/install/motor_gui_pkg:/opt/ros/humble /usr/bin/cmake --build /home/pi/ros2_ws/build/jsc_mecanum_controller -- -j4 -l4
[0.482s] [100%] Built target jsc_mecanum_controller
[0.565s] Invoked command in '/home/pi/ros2_ws/build/jsc_mecanum_controller' returned '0': CMAKE_PREFIX_PATH=${CMAKE_PREFIX_PATH}:/home/pi/ros2_ws/install/robot_serial:/home/pi/ros2_ws/install/motor_gui_pkg:/opt/ros/humble /usr/bin/cmake --build /home/pi/ros2_ws/build/jsc_mecanum_controller -- -j4 -l4
[0.843s] Invoking command in '/home/pi/ros2_ws/build/jsc_mecanum_controller': CMAKE_PREFIX_PATH=${CMAKE_PREFIX_PATH}:/home/pi/ros2_ws/install/robot_serial:/home/pi/ros2_ws/install/motor_gui_pkg:/opt/ros/humble /usr/bin/cmake --install /home/pi/ros2_ws/build/jsc_mecanum_controller
[0.898s] -- Install configuration: ""
[0.901s] -- Execute custom install script
[0.901s] -- Up-to-date symlink: /home/pi/ros2_ws/install/jsc_mecanum_controller/share/jsc_mecanum_controller//jsc_mecanum_controller.xml
[0.903s] -- Up-to-date symlink: /home/pi/ros2_ws/install/jsc_mecanum_controller/lib/libjsc_mecanum_controller.so
[0.905s] -- Up-to-date symlink: /home/pi/ros2_ws/install/jsc_mecanum_controller/include/include/jsc_mecanum_controller/jsc_mecanum_controller_compiler.h
[0.906s] -- Up-to-date symlink: /home/pi/ros2_ws/install/jsc_mecanum_controller/include/include/jsc_mecanum_controller/jsc_mecanum_drive_controller.hpp
[0.907s] -- Up-to-date symlink: /home/pi/ros2_ws/install/jsc_mecanum_controller/include/include/jsc_mecanum_controller/jsc_mecanum_wheel.hpp
[0.908s] -- Up-to-date symlink: /home/pi/ros2_ws/install/jsc_mecanum_controller/share/jsc_mecanum_controller/environment/library_path.sh
[0.910s] -- Up-to-date symlink: /home/pi/ros2_ws/install/jsc_mecanum_controller/share/jsc_mecanum_controller/environment/library_path.dsv
[0.911s] -- Up-to-date symlink: /home/pi/ros2_ws/install/jsc_mecanum_controller/share/ament_index/resource_index/package_run_dependencies/jsc_mecanum_controller
[0.913s] -- Up-to-date symlink: /home/pi/ros2_ws/install/jsc_mecanum_controller/share/ament_index/resource_index/parent_prefix_path/jsc_mecanum_controller
[0.914s] -- Up-to-date symlink: /home/pi/ros2_ws/install/jsc_mecanum_controller/share/jsc_mecanum_controller/environment/ament_prefix_path.sh
[0.915s] -- Up-to-date symlink: /home/pi/ros2_ws/install/jsc_mecanum_controller/share/jsc_mecanum_controller/environment/ament_prefix_path.dsv
[0.917s] -- Up-to-date symlink: /home/pi/ros2_ws/install/jsc_mecanum_controller/share/jsc_mecanum_controller/environment/path.sh
[0.918s] -- Up-to-date symlink: /home/pi/ros2_ws/install/jsc_mecanum_controller/share/jsc_mecanum_controller/environment/path.dsv
[0.919s] -- Up-to-date symlink: /home/pi/ros2_ws/install/jsc_mecanum_controller/share/jsc_mecanum_controller/local_setup.bash
[0.920s] -- Up-to-date symlink: /home/pi/ros2_ws/install/jsc_mecanum_controller/share/jsc_mecanum_controller/local_setup.sh
[0.921s] -- Up-to-date symlink: /home/pi/ros2_ws/install/jsc_mecanum_controller/share/jsc_mecanum_controller/local_setup.zsh
[0.922s] -- Up-to-date symlink: /home/pi/ros2_ws/install/jsc_mecanum_controller/share/jsc_mecanum_controller/local_setup.dsv
[0.923s] -- Symlinking: /home/pi/ros2_ws/install/jsc_mecanum_controller/share/jsc_mecanum_controller/package.dsv
[0.974s] -- Up-to-date symlink: /home/pi/ros2_ws/install/jsc_mecanum_controller/share/ament_index/resource_index/packages/jsc_mecanum_controller
[0.976s] -- Up-to-date symlink: /home/pi/ros2_ws/install/jsc_mecanum_controller/share/ament_index/resource_index/controller_interface__pluginlib__plugin/jsc_mecanum_controller
[0.977s] -- Up-to-date symlink: /home/pi/ros2_ws/install/jsc_mecanum_controller/share/jsc_mecanum_controller/cmake/ament_cmake_export_include_directories-extras.cmake
[0.978s] -- Up-to-date symlink: /home/pi/ros2_ws/install/jsc_mecanum_controller/share/jsc_mecanum_controller/cmake/ament_cmake_export_libraries-extras.cmake
[0.979s] -- Up-to-date symlink: /home/pi/ros2_ws/install/jsc_mecanum_controller/share/jsc_mecanum_controller/cmake/ament_cmake_export_dependencies-extras.cmake
[0.982s] -- Up-to-date symlink: /home/pi/ros2_ws/install/jsc_mecanum_controller/share/jsc_mecanum_controller/cmake/jsc_mecanum_controllerConfig.cmake
[0.983s] -- Up-to-date symlink: /home/pi/ros2_ws/install/jsc_mecanum_controller/share/jsc_mecanum_controller/cmake/jsc_mecanum_controllerConfig-version.cmake
[0.985s] -- Up-to-date symlink: /home/pi/ros2_ws/install/jsc_mecanum_controller/share/jsc_mecanum_controller/package.xml
[1.163s] Invoked command in '/home/pi/ros2_ws/build/jsc_mecanum_controller' returned '0': CMAKE_PREFIX_PATH=${CMAKE_PREFIX_PATH}:/home/pi/ros2_ws/install/robot_serial:/home/pi/ros2_ws/install/motor_gui_pkg:/opt/ros/humble /usr/bin/cmake --install /home/pi/ros2_ws/build/jsc_mecanum_controller
