[5.890s] Invoking command in '/home/pi/ros2_ws/src/robot_serial': PYTHONPATH=/home/pi/ros2_ws/build/robot_serial/prefix_override:/usr/lib/python3/dist-packages/colcon_core/task/python/colcon_distutils_commands:/home/pi/ros2_ws/install/robot_serial/lib/python3.10/site-packages:${PYTHONPATH} /usr/bin/python3 -W ignore:setup.py install is deprecated setup.py egg_info --egg-base ../../build/robot_serial build --build-base /home/pi/ros2_ws/build/robot_serial/build install --record /home/pi/ros2_ws/build/robot_serial/install.log --single-version-externally-managed install_data
[7.434s] running egg_info
[7.437s] writing ../../build/robot_serial/robot_serial.egg-info/PKG-INFO
[7.438s] writing dependency_links to ../../build/robot_serial/robot_serial.egg-info/dependency_links.txt
[7.439s] writing entry points to ../../build/robot_serial/robot_serial.egg-info/entry_points.txt
[7.440s] writing requirements to ../../build/robot_serial/robot_serial.egg-info/requires.txt
[7.441s] writing top-level names to ../../build/robot_serial/robot_serial.egg-info/top_level.txt
[7.450s] reading manifest file '../../build/robot_serial/robot_serial.egg-info/SOURCES.txt'
[7.453s] adding license file 'LICENSE'
[7.456s] writing manifest file '../../build/robot_serial/robot_serial.egg-info/SOURCES.txt'
[7.457s] running build
[7.457s] running build_py
[7.459s] running install
[7.461s] running install_lib
[7.468s] running install_data
[7.469s] running install_egg_info
[7.479s] removing '/home/pi/ros2_ws/install/robot_serial/lib/python3.10/site-packages/robot_serial-0.0.0-py3.10.egg-info' (and everything under it)
[7.480s] Copying ../../build/robot_serial/robot_serial.egg-info to /home/pi/ros2_ws/install/robot_serial/lib/python3.10/site-packages/robot_serial-0.0.0-py3.10.egg-info
[7.491s] running install_scripts
[7.575s] Installing find script to /home/pi/ros2_ws/install/robot_serial/lib/robot_serial
[7.576s] Installing serial script to /home/pi/ros2_ws/install/robot_serial/lib/robot_serial
[7.577s] Installing serial_salida script to /home/pi/ros2_ws/install/robot_serial/lib/robot_serial
[7.579s] writing list of installed files to '/home/pi/ros2_ws/build/robot_serial/install.log'
[7.706s] Invoked command in '/home/pi/ros2_ws/src/robot_serial' returned '0': PYTHONPATH=/home/pi/ros2_ws/build/robot_serial/prefix_override:/usr/lib/python3/dist-packages/colcon_core/task/python/colcon_distutils_commands:/home/pi/ros2_ws/install/robot_serial/lib/python3.10/site-packages:${PYTHONPATH} /usr/bin/python3 -W ignore:setup.py install is deprecated setup.py egg_info --egg-base ../../build/robot_serial build --build-base /home/pi/ros2_ws/build/robot_serial/build install --record /home/pi/ros2_ws/build/robot_serial/install.log --single-version-externally-managed install_data
