[6.474s] Invoking command in '/home/pi/ros2_ws/src/robot_serial': PYTHONPATH=/home/pi/ros2_ws/build/robot_serial/prefix_override:/usr/lib/python3/dist-packages/colcon_core/task/python/colcon_distutils_commands:/home/pi/ros2_ws/install/robot_serial/lib/python3.10/site-packages:${PYTHONPATH} /usr/bin/python3 -W ignore:setup.py install is deprecated setup.py egg_info --egg-base ../../build/robot_serial build --build-base /home/pi/ros2_ws/build/robot_serial/build install --record /home/pi/ros2_ws/build/robot_serial/install.log --single-version-externally-managed install_data
[8.520s] running egg_info
[8.520s] writing ../../build/robot_serial/robot_serial.egg-info/PKG-INFO
[8.524s] writing dependency_links to ../../build/robot_serial/robot_serial.egg-info/dependency_links.txt
[8.525s] writing entry points to ../../build/robot_serial/robot_serial.egg-info/entry_points.txt
[8.526s] writing requirements to ../../build/robot_serial/robot_serial.egg-info/requires.txt
[8.528s] writing top-level names to ../../build/robot_serial/robot_serial.egg-info/top_level.txt
[8.535s] reading manifest file '../../build/robot_serial/robot_serial.egg-info/SOURCES.txt'
[8.537s] adding license file 'LICENSE'
[8.540s] writing manifest file '../../build/robot_serial/robot_serial.egg-info/SOURCES.txt'
[8.543s] running build
[8.543s] running build_py
[8.546s] running install
[8.547s] running install_lib
[8.554s] running install_data
[8.556s] running install_egg_info
[8.568s] removing '/home/pi/ros2_ws/install/robot_serial/lib/python3.10/site-packages/robot_serial-0.0.0-py3.10.egg-info' (and everything under it)
[8.573s] Copying ../../build/robot_serial/robot_serial.egg-info to /home/pi/ros2_ws/install/robot_serial/lib/python3.10/site-packages/robot_serial-0.0.0-py3.10.egg-info
[8.580s] running install_scripts
[8.680s] Installing find script to /home/pi/ros2_ws/install/robot_serial/lib/robot_serial
[8.682s] Installing serial script to /home/pi/ros2_ws/install/robot_serial/lib/robot_serial
[8.683s] Installing serial_salida script to /home/pi/ros2_ws/install/robot_serial/lib/robot_serial
[8.687s] writing list of installed files to '/home/pi/ros2_ws/build/robot_serial/install.log'
[8.851s] Invoked command in '/home/pi/ros2_ws/src/robot_serial' returned '0': PYTHONPATH=/home/pi/ros2_ws/build/robot_serial/prefix_override:/usr/lib/python3/dist-packages/colcon_core/task/python/colcon_distutils_commands:/home/pi/ros2_ws/install/robot_serial/lib/python3.10/site-packages:${PYTHONPATH} /usr/bin/python3 -W ignore:setup.py install is deprecated setup.py egg_info --egg-base ../../build/robot_serial build --build-base /home/pi/ros2_ws/build/robot_serial/build install --record /home/pi/ros2_ws/build/robot_serial/install.log --single-version-externally-managed install_data
