[1.552s] Invoking command in '/home/pi/ros2_ws/build/sllidar_ros2': CMAKE_PREFIX_PATH=${CMAKE_PREFIX_PATH}:/home/pi/ros2_ws/install/robot_serial:/home/pi/ros2_ws/install/motor_gui_pkg:/opt/ros/humble /usr/bin/cmake --build /home/pi/ros2_ws/build/sllidar_ros2 -- -j4 -l4
[2.009s] [ 10%] Built target sllidar_client
[2.083s] [100%] Built target sllidar_node
[2.251s] Invoked command in '/home/pi/ros2_ws/build/sllidar_ros2' returned '0': CMAKE_PREFIX_PATH=${CMAKE_PREFIX_PATH}:/home/pi/ros2_ws/install/robot_serial:/home/pi/ros2_ws/install/motor_gui_pkg:/opt/ros/humble /usr/bin/cmake --build /home/pi/ros2_ws/build/sllidar_ros2 -- -j4 -l4
[3.013s] Invoking command in '/home/pi/ros2_ws/build/sllidar_ros2': CMAKE_PREFIX_PATH=${CMAKE_PREFIX_PATH}:/home/pi/ros2_ws/install/robot_serial:/home/pi/ros2_ws/install/motor_gui_pkg:/opt/ros/humble /usr/bin/cmake --install /home/pi/ros2_ws/build/sllidar_ros2
[3.059s] -- Install configuration: ""
[3.063s] -- Execute custom install script
[3.070s] -- Up-to-date symlink: /home/pi/ros2_ws/install/sllidar_ros2/share/sllidar_ros2/launch/sllidar_a1_launch.py
[3.073s] -- Up-to-date symlink: /home/pi/ros2_ws/install/sllidar_ros2/share/sllidar_ros2/launch/sllidar_a2m12_launch .py
[3.077s] -- Up-to-date symlink: /home/pi/ros2_ws/install/sllidar_ros2/share/sllidar_ros2/launch/sllidar_a2m7_launch.py
[3.079s] -- Up-to-date symlink: /home/pi/ros2_ws/install/sllidar_ros2/share/sllidar_ros2/launch/sllidar_a2m8_launch.py
[3.082s] -- Up-to-date symlink: /home/pi/ros2_ws/install/sllidar_ros2/share/sllidar_ros2/launch/sllidar_a3_launch.py
[3.086s] -- Up-to-date symlink: /home/pi/ros2_ws/install/sllidar_ros2/share/sllidar_ros2/launch/sllidar_c1_launch.py
[3.089s] -- Up-to-date symlink: /home/pi/ros2_ws/install/sllidar_ros2/share/sllidar_ros2/launch/sllidar_s1_launch.py
[3.093s] -- Up-to-date symlink: /home/pi/ros2_ws/install/sllidar_ros2/share/sllidar_ros2/launch/sllidar_s1_tcp_launch.py
[3.095s] -- Up-to-date symlink: /home/pi/ros2_ws/install/sllidar_ros2/share/sllidar_ros2/launch/sllidar_s2_launch.py
[3.097s] -- Up-to-date symlink: /home/pi/ros2_ws/install/sllidar_ros2/share/sllidar_ros2/launch/sllidar_s2_launch_copy.py
[3.103s] -- Up-to-date symlink: /home/pi/ros2_ws/install/sllidar_ros2/share/sllidar_ros2/launch/sllidar_s2e_launch.py
[3.105s] -- Up-to-date symlink: /home/pi/ros2_ws/install/sllidar_ros2/share/sllidar_ros2/launch/sllidar_s3_launch.py
[3.108s] -- Up-to-date symlink: /home/pi/ros2_ws/install/sllidar_ros2/share/sllidar_ros2/launch/sllidar_t1_launch.py
[3.110s] -- Up-to-date symlink: /home/pi/ros2_ws/install/sllidar_ros2/share/sllidar_ros2/launch/view_sllidar_a1_launch.py
[3.112s] -- Up-to-date symlink: /home/pi/ros2_ws/install/sllidar_ros2/share/sllidar_ros2/launch/view_sllidar_a2m12_launch.py
[3.114s] -- Up-to-date symlink: /home/pi/ros2_ws/install/sllidar_ros2/share/sllidar_ros2/launch/view_sllidar_a2m7_launch.py
[3.117s] -- Up-to-date symlink: /home/pi/ros2_ws/install/sllidar_ros2/share/sllidar_ros2/launch/view_sllidar_a2m8_launch.py
[3.119s] -- Up-to-date symlink: /home/pi/ros2_ws/install/sllidar_ros2/share/sllidar_ros2/launch/view_sllidar_a3_launch.py
[3.121s] -- Up-to-date symlink: /home/pi/ros2_ws/install/sllidar_ros2/share/sllidar_ros2/launch/view_sllidar_c1_launch.py
[3.123s] -- Up-to-date symlink: /home/pi/ros2_ws/install/sllidar_ros2/share/sllidar_ros2/launch/view_sllidar_s1_launch.py
[3.126s] -- Up-to-date symlink: /home/pi/ros2_ws/install/sllidar_ros2/share/sllidar_ros2/launch/view_sllidar_s1_tcp_launch.py
[3.128s] -- Up-to-date symlink: /home/pi/ros2_ws/install/sllidar_ros2/share/sllidar_ros2/launch/view_sllidar_s2_launch.py
[3.130s] -- Up-to-date symlink: /home/pi/ros2_ws/install/sllidar_ros2/share/sllidar_ros2/launch/view_sllidar_s2e_launch.py
[3.132s] -- Up-to-date symlink: /home/pi/ros2_ws/install/sllidar_ros2/share/sllidar_ros2/launch/view_sllidar_s3_launch.py
[3.135s] -- Up-to-date symlink: /home/pi/ros2_ws/install/sllidar_ros2/share/sllidar_ros2/launch/view_sllidar_t1_launch.py
[3.138s] -- Up-to-date symlink: /home/pi/ros2_ws/install/sllidar_ros2/share/sllidar_ros2/rviz/sllidar_ros2.rviz
[3.142s] -- Up-to-date symlink: /home/pi/ros2_ws/install/sllidar_ros2/lib/sllidar_ros2/sllidar_node
[3.145s] -- Up-to-date symlink: /home/pi/ros2_ws/install/sllidar_ros2/lib/sllidar_ros2/sllidar_client
[3.148s] -- Up-to-date symlink: /home/pi/ros2_ws/install/sllidar_ros2/share/ament_index/resource_index/package_run_dependencies/sllidar_ros2
[3.155s] -- Up-to-date symlink: /home/pi/ros2_ws/install/sllidar_ros2/share/ament_index/resource_index/parent_prefix_path/sllidar_ros2
[3.158s] -- Up-to-date symlink: /home/pi/ros2_ws/install/sllidar_ros2/share/sllidar_ros2/environment/ament_prefix_path.sh
[3.160s] -- Up-to-date symlink: /home/pi/ros2_ws/install/sllidar_ros2/share/sllidar_ros2/environment/ament_prefix_path.dsv
[3.163s] -- Up-to-date symlink: /home/pi/ros2_ws/install/sllidar_ros2/share/sllidar_ros2/environment/path.sh
[3.165s] -- Up-to-date symlink: /home/pi/ros2_ws/install/sllidar_ros2/share/sllidar_ros2/environment/path.dsv
[3.168s] -- Up-to-date symlink: /home/pi/ros2_ws/install/sllidar_ros2/share/sllidar_ros2/local_setup.bash
[3.171s] -- Up-to-date symlink: /home/pi/ros2_ws/install/sllidar_ros2/share/sllidar_ros2/local_setup.sh
[3.173s] -- Up-to-date symlink: /home/pi/ros2_ws/install/sllidar_ros2/share/sllidar_ros2/local_setup.zsh
[3.173s] -- Up-to-date symlink: /home/pi/ros2_ws/install/sllidar_ros2/share/sllidar_ros2/local_setup.dsv
[3.174s] -- Symlinking: /home/pi/ros2_ws/install/sllidar_ros2/share/sllidar_ros2/package.dsv
[3.231s] -- Up-to-date symlink: /home/pi/ros2_ws/install/sllidar_ros2/share/ament_index/resource_index/packages/sllidar_ros2
[3.233s] -- Up-to-date symlink: /home/pi/ros2_ws/install/sllidar_ros2/share/sllidar_ros2/cmake/ament_cmake_export_dependencies-extras.cmake
[3.235s] -- Up-to-date symlink: /home/pi/ros2_ws/install/sllidar_ros2/share/sllidar_ros2/cmake/ament_cmake_export_include_directories-extras.cmake
[3.236s] -- Up-to-date symlink: /home/pi/ros2_ws/install/sllidar_ros2/share/sllidar_ros2/cmake/sllidar_ros2Config.cmake
[3.237s] -- Up-to-date symlink: /home/pi/ros2_ws/install/sllidar_ros2/share/sllidar_ros2/cmake/sllidar_ros2Config-version.cmake
[3.237s] -- Up-to-date symlink: /home/pi/ros2_ws/install/sllidar_ros2/share/sllidar_ros2/package.xml
[3.299s] Invoked command in '/home/pi/ros2_ws/build/sllidar_ros2' returned '0': CMAKE_PREFIX_PATH=${CMAKE_PREFIX_PATH}:/home/pi/ros2_ws/install/robot_serial:/home/pi/ros2_ws/install/motor_gui_pkg:/opt/ros/humble /usr/bin/cmake --install /home/pi/ros2_ws/build/sllidar_ros2
