[0.130s] Invoking command in '/home/pi/ros2_ws/build/jsc_mecanum_hardware': CMAKE_PREFIX_PATH=${CMAKE_PREFIX_PATH}:/home/pi/ros2_ws/install/robot_serial:/home/pi/ros2_ws/install/motor_gui_pkg:/opt/ros/humble /usr/bin/cmake --build /home/pi/ros2_ws/build/jsc_mecanum_hardware -- -j4 -l4
[0.517s] [100%] Built target jsc_mecanum_hardware
[0.638s] Invoked command in '/home/pi/ros2_ws/build/jsc_mecanum_hardware' returned '0': CMAKE_PREFIX_PATH=${CMAKE_PREFIX_PATH}:/home/pi/ros2_ws/install/robot_serial:/home/pi/ros2_ws/install/motor_gui_pkg:/opt/ros/humble /usr/bin/cmake --build /home/pi/ros2_ws/build/jsc_mecanum_hardware -- -j4 -l4
[0.909s] Invoking command in '/home/pi/ros2_ws/build/jsc_mecanum_hardware': CMAKE_PREFIX_PATH=${CMAKE_PREFIX_PATH}:/home/pi/ros2_ws/install/robot_serial:/home/pi/ros2_ws/install/motor_gui_pkg:/opt/ros/humble /usr/bin/cmake --install /home/pi/ros2_ws/build/jsc_mecanum_hardware
[0.963s] -- Install configuration: ""
[0.964s] -- Execute custom install script
[0.968s] -- Up-to-date symlink: /home/pi/ros2_ws/install/jsc_mecanum_hardware/share/jsc_mecanum_hardware//jsc_mecanum_hardware.xml
[0.969s] -- Up-to-date symlink: /home/pi/ros2_ws/install/jsc_mecanum_hardware/lib/libjsc_mecanum_hardware.so
[0.977s] -- Up-to-date symlink: /home/pi/ros2_ws/install/jsc_mecanum_hardware/include/include/jsc_mecanum_hardware/jsc_mecanum_hardware.hpp
[0.977s] -- Up-to-date symlink: /home/pi/ros2_ws/install/jsc_mecanum_hardware/include/include/jsc_mecanum_hardware/jsc_mecanum_hardware_compiler.h
[0.978s] -- Up-to-date symlink: /home/pi/ros2_ws/install/jsc_mecanum_hardware/include/include/jsc_mecanum_hardware/jsc_mecanum_serial_port.hpp
[0.979s] -- Up-to-date symlink: /home/pi/ros2_ws/install/jsc_mecanum_hardware/share/jsc_mecanum_hardware/environment/library_path.sh
[0.979s] -- Up-to-date symlink: /home/pi/ros2_ws/install/jsc_mecanum_hardware/share/jsc_mecanum_hardware/environment/library_path.dsv
[0.984s] -- Up-to-date symlink: /home/pi/ros2_ws/install/jsc_mecanum_hardware/share/ament_index/resource_index/package_run_dependencies/jsc_mecanum_hardware
[0.985s] -- Up-to-date symlink: /home/pi/ros2_ws/install/jsc_mecanum_hardware/share/ament_index/resource_index/parent_prefix_path/jsc_mecanum_hardware
[0.998s] -- Up-to-date symlink: /home/pi/ros2_ws/install/jsc_mecanum_hardware/share/jsc_mecanum_hardware/environment/ament_prefix_path.sh
[1.002s] -- Up-to-date symlink: /home/pi/ros2_ws/install/jsc_mecanum_hardware/share/jsc_mecanum_hardware/environment/ament_prefix_path.dsv
[1.002s] -- Up-to-date symlink: /home/pi/ros2_ws/install/jsc_mecanum_hardware/share/jsc_mecanum_hardware/environment/path.sh
[1.003s] -- Up-to-date symlink: /home/pi/ros2_ws/install/jsc_mecanum_hardware/share/jsc_mecanum_hardware/environment/path.dsv
[1.003s] -- Up-to-date symlink: /home/pi/ros2_ws/install/jsc_mecanum_hardware/share/jsc_mecanum_hardware/local_setup.bash
[1.004s] -- Up-to-date symlink: /home/pi/ros2_ws/install/jsc_mecanum_hardware/share/jsc_mecanum_hardware/local_setup.sh
[1.005s] -- Up-to-date symlink: /home/pi/ros2_ws/install/jsc_mecanum_hardware/share/jsc_mecanum_hardware/local_setup.zsh
[1.014s] -- Up-to-date symlink: /home/pi/ros2_ws/install/jsc_mecanum_hardware/share/jsc_mecanum_hardware/local_setup.dsv
[1.015s] -- Symlinking: /home/pi/ros2_ws/install/jsc_mecanum_hardware/share/jsc_mecanum_hardware/package.dsv
[1.084s] -- Up-to-date symlink: /home/pi/ros2_ws/install/jsc_mecanum_hardware/share/ament_index/resource_index/packages/jsc_mecanum_hardware
[1.087s] -- Up-to-date symlink: /home/pi/ros2_ws/install/jsc_mecanum_hardware/share/ament_index/resource_index/hardware_interface__pluginlib__plugin/jsc_mecanum_hardware
[1.088s] -- Up-to-date symlink: /home/pi/ros2_ws/install/jsc_mecanum_hardware/share/jsc_mecanum_hardware/cmake/ament_cmake_export_include_directories-extras.cmake
[1.088s] -- Up-to-date symlink: /home/pi/ros2_ws/install/jsc_mecanum_hardware/share/jsc_mecanum_hardware/cmake/ament_cmake_export_libraries-extras.cmake
[1.089s] -- Up-to-date symlink: /home/pi/ros2_ws/install/jsc_mecanum_hardware/share/jsc_mecanum_hardware/cmake/ament_cmake_export_dependencies-extras.cmake
[1.089s] -- Up-to-date symlink: /home/pi/ros2_ws/install/jsc_mecanum_hardware/share/jsc_mecanum_hardware/cmake/jsc_mecanum_hardwareConfig.cmake
[1.090s] -- Up-to-date symlink: /home/pi/ros2_ws/install/jsc_mecanum_hardware/share/jsc_mecanum_hardware/cmake/jsc_mecanum_hardwareConfig-version.cmake
[1.090s] -- Up-to-date symlink: /home/pi/ros2_ws/install/jsc_mecanum_hardware/share/jsc_mecanum_hardware/package.xml
[1.194s] Invoked command in '/home/pi/ros2_ws/build/jsc_mecanum_hardware' returned '0': CMAKE_PREFIX_PATH=${CMAKE_PREFIX_PATH}:/home/pi/ros2_ws/install/robot_serial:/home/pi/ros2_ws/install/motor_gui_pkg:/opt/ros/humble /usr/bin/cmake --install /home/pi/ros2_ws/build/jsc_mecanum_hardware
