/home/pi/ros2_ws/install/robot_serial/lib/python3.10/site-packages/robot_serial/__init__.py
/home/pi/ros2_ws/install/robot_serial/lib/python3.10/site-packages/robot_serial/puerto_serie_salida.py
/home/pi/ros2_ws/install/robot_serial/lib/python3.10/site-packages/robot_serial/find_ports.py
/home/pi/ros2_ws/install/robot_serial/lib/python3.10/site-packages/robot_serial/puerto_serie.py
/home/pi/ros2_ws/install/robot_serial/lib/python3.10/site-packages/robot_serial/__pycache__/__init__.cpython-310.pyc
/home/pi/ros2_ws/install/robot_serial/lib/python3.10/site-packages/robot_serial/__pycache__/puerto_serie_salida.cpython-310.pyc
/home/pi/ros2_ws/install/robot_serial/lib/python3.10/site-packages/robot_serial/__pycache__/find_ports.cpython-310.pyc
/home/pi/ros2_ws/install/robot_serial/lib/python3.10/site-packages/robot_serial/__pycache__/puerto_serie.cpython-310.pyc
/home/pi/ros2_ws/install/robot_serial/share/ament_index/resource_index/packages/robot_serial
/home/pi/ros2_ws/install/robot_serial/share/robot_serial/package.xml
/home/pi/ros2_ws/install/robot_serial/lib/python3.10/site-packages/robot_serial-0.0.0-py3.10.egg-info/SOURCES.txt
/home/pi/ros2_ws/install/robot_serial/lib/python3.10/site-packages/robot_serial-0.0.0-py3.10.egg-info/dependency_links.txt
/home/pi/ros2_ws/install/robot_serial/lib/python3.10/site-packages/robot_serial-0.0.0-py3.10.egg-info/PKG-INFO
/home/pi/ros2_ws/install/robot_serial/lib/python3.10/site-packages/robot_serial-0.0.0-py3.10.egg-info/requires.txt
/home/pi/ros2_ws/install/robot_serial/lib/python3.10/site-packages/robot_serial-0.0.0-py3.10.egg-info/entry_points.txt
/home/pi/ros2_ws/install/robot_serial/lib/python3.10/site-packages/robot_serial-0.0.0-py3.10.egg-info/zip-safe
/home/pi/ros2_ws/install/robot_serial/lib/python3.10/site-packages/robot_serial-0.0.0-py3.10.egg-info/top_level.txt
/home/pi/ros2_ws/install/robot_serial/lib/robot_serial/find
/home/pi/ros2_ws/install/robot_serial/lib/robot_serial/serial
/home/pi/ros2_ws/install/robot_serial/lib/robot_serial/serial_salida
