[0.146s] Invoking command in '/home/pi/ros2_ws/build/jsc_mecanum_control': CMAKE_PREFIX_PATH=${CMAKE_PREFIX_PATH}:/home/pi/ros2_ws/install/robot_serial:/home/pi/ros2_ws/install/motor_gui_pkg:/opt/ros/humble /usr/bin/cmake --build /home/pi/ros2_ws/build/jsc_mecanum_control -- -j4 -l4
[0.555s] [100%] Built target jsc_mecanum_control_node
[0.631s] Invoked command in '/home/pi/ros2_ws/build/jsc_mecanum_control' returned '0': CMAKE_PREFIX_PATH=${CMAKE_PREFIX_PATH}:/home/pi/ros2_ws/install/robot_serial:/home/pi/ros2_ws/install/motor_gui_pkg:/opt/ros/humble /usr/bin/cmake --build /home/pi/ros2_ws/build/jsc_mecanum_control -- -j4 -l4
[0.920s] Invoking command in '/home/pi/ros2_ws/build/jsc_mecanum_control': CMAKE_PREFIX_PATH=${CMAKE_PREFIX_PATH}:/home/pi/ros2_ws/install/robot_serial:/home/pi/ros2_ws/install/motor_gui_pkg:/opt/ros/humble /usr/bin/cmake --install /home/pi/ros2_ws/build/jsc_mecanum_control
[0.994s] -- Install configuration: ""
[1.006s] -- Execute custom install script
[1.011s] -- Up-to-date symlink: /home/pi/ros2_ws/install/jsc_mecanum_control/lib/jsc_mecanum_control/jsc_mecanum_control_node
[1.015s] -- Up-to-date symlink: /home/pi/ros2_ws/install/jsc_mecanum_control/share/ament_index/resource_index/package_run_dependencies/jsc_mecanum_control
[1.027s] -- Up-to-date symlink: /home/pi/ros2_ws/install/jsc_mecanum_control/share/ament_index/resource_index/parent_prefix_path/jsc_mecanum_control
[1.034s] -- Up-to-date symlink: /home/pi/ros2_ws/install/jsc_mecanum_control/share/jsc_mecanum_control/environment/ament_prefix_path.sh
[1.040s] -- Up-to-date symlink: /home/pi/ros2_ws/install/jsc_mecanum_control/share/jsc_mecanum_control/environment/ament_prefix_path.dsv
[1.043s] -- Up-to-date symlink: /home/pi/ros2_ws/install/jsc_mecanum_control/share/jsc_mecanum_control/environment/path.sh
[1.057s] -- Up-to-date symlink: /home/pi/ros2_ws/install/jsc_mecanum_control/share/jsc_mecanum_control/environment/path.dsv
[1.058s] -- Up-to-date symlink: /home/pi/ros2_ws/install/jsc_mecanum_control/share/jsc_mecanum_control/local_setup.bash
[1.059s] -- Up-to-date symlink: /home/pi/ros2_ws/install/jsc_mecanum_control/share/jsc_mecanum_control/local_setup.sh
[1.061s] -- Up-to-date symlink: /home/pi/ros2_ws/install/jsc_mecanum_control/share/jsc_mecanum_control/local_setup.zsh
[1.067s] -- Up-to-date symlink: /home/pi/ros2_ws/install/jsc_mecanum_control/share/jsc_mecanum_control/local_setup.dsv
[1.068s] -- Symlinking: /home/pi/ros2_ws/install/jsc_mecanum_control/share/jsc_mecanum_control/package.dsv
[1.113s] -- Up-to-date symlink: /home/pi/ros2_ws/install/jsc_mecanum_control/share/ament_index/resource_index/packages/jsc_mecanum_control
[1.114s] -- Up-to-date symlink: /home/pi/ros2_ws/install/jsc_mecanum_control/share/jsc_mecanum_control/cmake/jsc_mecanum_controlConfig.cmake
[1.117s] -- Up-to-date symlink: /home/pi/ros2_ws/install/jsc_mecanum_control/share/jsc_mecanum_control/cmake/jsc_mecanum_controlConfig-version.cmake
[1.118s] -- Up-to-date symlink: /home/pi/ros2_ws/install/jsc_mecanum_control/share/jsc_mecanum_control/package.xml
[1.170s] Invoked command in '/home/pi/ros2_ws/build/jsc_mecanum_control' returned '0': CMAKE_PREFIX_PATH=${CMAKE_PREFIX_PATH}:/home/pi/ros2_ws/install/robot_serial:/home/pi/ros2_ws/install/motor_gui_pkg:/opt/ros/humble /usr/bin/cmake --install /home/pi/ros2_ws/build/jsc_mecanum_control
