[4.927s] Invoking command in '/home/pi/ros2_ws/src/motor_gui_pkg': PYTHONPATH=/home/pi/ros2_ws/build/motor_gui_pkg/prefix_override:/home/pi/ros2_ws/install/motor_gui_pkg/lib/python3.10/site-packages:${PYTHONPATH} /usr/bin/python3 -W ignore:setup.py install is deprecated setup.py egg_info --egg-base ../../build/motor_gui_pkg build --build-base /home/pi/ros2_ws/build/motor_gui_pkg/build install --record /home/pi/ros2_ws/build/motor_gui_pkg/install.log --single-version-externally-managed install_data
[7.339s] running egg_info
[7.345s] writing ../../build/motor_gui_pkg/motor_gui_pkg.egg-info/PKG-INFO
[7.345s] writing dependency_links to ../../build/motor_gui_pkg/motor_gui_pkg.egg-info/dependency_links.txt
[7.346s] writing entry points to ../../build/motor_gui_pkg/motor_gui_pkg.egg-info/entry_points.txt
[7.350s] writing requirements to ../../build/motor_gui_pkg/motor_gui_pkg.egg-info/requires.txt
[7.352s] writing top-level names to ../../build/motor_gui_pkg/motor_gui_pkg.egg-info/top_level.txt
[7.356s] reading manifest file '../../build/motor_gui_pkg/motor_gui_pkg.egg-info/SOURCES.txt'
[7.361s] writing manifest file '../../build/motor_gui_pkg/motor_gui_pkg.egg-info/SOURCES.txt'
[7.363s] running build
[7.364s] running build_py
[7.367s] running install
[7.368s] running install_lib
[7.378s] running install_data
[7.380s] running install_egg_info
[7.398s] removing '/home/pi/ros2_ws/install/motor_gui_pkg/lib/python3.10/site-packages/motor_gui_pkg-0.0.0-py3.10.egg-info' (and everything under it)
[7.403s] Copying ../../build/motor_gui_pkg/motor_gui_pkg.egg-info to /home/pi/ros2_ws/install/motor_gui_pkg/lib/python3.10/site-packages/motor_gui_pkg-0.0.0-py3.10.egg-info
[7.411s] running install_scripts
[7.532s] Installing motor_gui script to /home/pi/ros2_ws/install/motor_gui_pkg/lib/motor_gui_pkg
[7.534s] writing list of installed files to '/home/pi/ros2_ws/build/motor_gui_pkg/install.log'
[7.904s] Invoked command in '/home/pi/ros2_ws/src/motor_gui_pkg' returned '0': PYTHONPATH=/home/pi/ros2_ws/build/motor_gui_pkg/prefix_override:/home/pi/ros2_ws/install/motor_gui_pkg/lib/python3.10/site-packages:${PYTHONPATH} /usr/bin/python3 -W ignore:setup.py install is deprecated setup.py egg_info --egg-base ../../build/motor_gui_pkg build --build-base /home/pi/ros2_ws/build/motor_gui_pkg/build install --record /home/pi/ros2_ws/build/motor_gui_pkg/install.log --single-version-externally-managed install_data
