[0.127s] Invoking command in '/home/pi/ros2_ws/build/jsc_mecanum_controller': CMAKE_PREFIX_PATH=${CMAKE_PREFIX_PATH}:/home/pi/ros2_ws/install/robot_serial:/home/pi/ros2_ws/install/motor_gui_pkg:/opt/ros/humble /usr/bin/cmake --build /home/pi/ros2_ws/build/jsc_mecanum_controller -- -j4 -l4
[0.473s] [100%] Built target jsc_mecanum_controller
[0.600s] Invoked command in '/home/pi/ros2_ws/build/jsc_mecanum_controller' returned '0': CMAKE_PREFIX_PATH=${CMAKE_PREFIX_PATH}:/home/pi/ros2_ws/install/robot_serial:/home/pi/ros2_ws/install/motor_gui_pkg:/opt/ros/humble /usr/bin/cmake --build /home/pi/ros2_ws/build/jsc_mecanum_controller -- -j4 -l4
[0.859s] Invoking command in '/home/pi/ros2_ws/build/jsc_mecanum_controller': CMAKE_PREFIX_PATH=${CMAKE_PREFIX_PATH}:/home/pi/ros2_ws/install/robot_serial:/home/pi/ros2_ws/install/motor_gui_pkg:/opt/ros/humble /usr/bin/cmake --install /home/pi/ros2_ws/build/jsc_mecanum_controller
[0.897s] -- Install configuration: ""
[0.900s] -- Execute custom install script
[0.902s] -- Up-to-date symlink: /home/pi/ros2_ws/install/jsc_mecanum_controller/share/jsc_mecanum_controller//jsc_mecanum_controller.xml
[0.905s] -- Up-to-date symlink: /home/pi/ros2_ws/install/jsc_mecanum_controller/lib/libjsc_mecanum_controller.so
[0.910s] -- Up-to-date symlink: /home/pi/ros2_ws/install/jsc_mecanum_controller/include/include/jsc_mecanum_controller/jsc_mecanum_controller_compiler.h
[0.914s] -- Up-to-date symlink: /home/pi/ros2_ws/install/jsc_mecanum_controller/include/include/jsc_mecanum_controller/jsc_mecanum_drive_controller.hpp
[0.915s] -- Up-to-date symlink: /home/pi/ros2_ws/install/jsc_mecanum_controller/include/include/jsc_mecanum_controller/jsc_mecanum_wheel.hpp
[0.919s] -- Up-to-date symlink: /home/pi/ros2_ws/install/jsc_mecanum_controller/share/jsc_mecanum_controller/environment/library_path.sh
[0.921s] -- Up-to-date symlink: /home/pi/ros2_ws/install/jsc_mecanum_controller/share/jsc_mecanum_controller/environment/library_path.dsv
[0.926s] -- Up-to-date symlink: /home/pi/ros2_ws/install/jsc_mecanum_controller/share/ament_index/resource_index/package_run_dependencies/jsc_mecanum_controller
[0.933s] -- Up-to-date symlink: /home/pi/ros2_ws/install/jsc_mecanum_controller/share/ament_index/resource_index/parent_prefix_path/jsc_mecanum_controller
[0.933s] -- Up-to-date symlink: /home/pi/ros2_ws/install/jsc_mecanum_controller/share/jsc_mecanum_controller/environment/ament_prefix_path.sh
[0.934s] -- Up-to-date symlink: /home/pi/ros2_ws/install/jsc_mecanum_controller/share/jsc_mecanum_controller/environment/ament_prefix_path.dsv
[0.934s] -- Up-to-date symlink: /home/pi/ros2_ws/install/jsc_mecanum_controller/share/jsc_mecanum_controller/environment/path.sh
[0.934s] -- Up-to-date symlink: /home/pi/ros2_ws/install/jsc_mecanum_controller/share/jsc_mecanum_controller/environment/path.dsv
[0.935s] -- Up-to-date symlink: /home/pi/ros2_ws/install/jsc_mecanum_controller/share/jsc_mecanum_controller/local_setup.bash
[0.940s] -- Up-to-date symlink: /home/pi/ros2_ws/install/jsc_mecanum_controller/share/jsc_mecanum_controller/local_setup.sh
[0.940s] -- Up-to-date symlink: /home/pi/ros2_ws/install/jsc_mecanum_controller/share/jsc_mecanum_controller/local_setup.zsh
[0.941s] -- Up-to-date symlink: /home/pi/ros2_ws/install/jsc_mecanum_controller/share/jsc_mecanum_controller/local_setup.dsv
[0.941s] -- Symlinking: /home/pi/ros2_ws/install/jsc_mecanum_controller/share/jsc_mecanum_controller/package.dsv
[1.024s] -- Up-to-date symlink: /home/pi/ros2_ws/install/jsc_mecanum_controller/share/ament_index/resource_index/packages/jsc_mecanum_controller
[1.024s] -- Up-to-date symlink: /home/pi/ros2_ws/install/jsc_mecanum_controller/share/ament_index/resource_index/controller_interface__pluginlib__plugin/jsc_mecanum_controller
[1.025s] -- Up-to-date symlink: /home/pi/ros2_ws/install/jsc_mecanum_controller/share/jsc_mecanum_controller/cmake/ament_cmake_export_include_directories-extras.cmake
[1.026s] -- Up-to-date symlink: /home/pi/ros2_ws/install/jsc_mecanum_controller/share/jsc_mecanum_controller/cmake/ament_cmake_export_libraries-extras.cmake
[1.027s] -- Up-to-date symlink: /home/pi/ros2_ws/install/jsc_mecanum_controller/share/jsc_mecanum_controller/cmake/ament_cmake_export_dependencies-extras.cmake
[1.043s] -- Up-to-date symlink: /home/pi/ros2_ws/install/jsc_mecanum_controller/share/jsc_mecanum_controller/cmake/jsc_mecanum_controllerConfig.cmake
[1.044s] -- Up-to-date symlink: /home/pi/ros2_ws/install/jsc_mecanum_controller/share/jsc_mecanum_controller/cmake/jsc_mecanum_controllerConfig-version.cmake
[1.045s] -- Up-to-date symlink: /home/pi/ros2_ws/install/jsc_mecanum_controller/share/jsc_mecanum_controller/package.xml
[1.099s] Invoked command in '/home/pi/ros2_ws/build/jsc_mecanum_controller' returned '0': CMAKE_PREFIX_PATH=${CMAKE_PREFIX_PATH}:/home/pi/ros2_ws/install/robot_serial:/home/pi/ros2_ws/install/motor_gui_pkg:/opt/ros/humble /usr/bin/cmake --install /home/pi/ros2_ws/build/jsc_mecanum_controller
