[6.326s] Invoking command in '/home/pi/ros2_ws/src/robot_serial': PYTHONPATH=/home/pi/ros2_ws/build/robot_serial/prefix_override:/usr/lib/python3/dist-packages/colcon_core/task/python/colcon_distutils_commands:/home/pi/ros2_ws/install/robot_serial/lib/python3.10/site-packages:${PYTHONPATH} /usr/bin/python3 -W ignore:setup.py install is deprecated setup.py egg_info --egg-base ../../build/robot_serial build --build-base /home/pi/ros2_ws/build/robot_serial/build install --record /home/pi/ros2_ws/build/robot_serial/install.log --single-version-externally-managed install_data
[7.944s] running egg_info
[7.947s] writing ../../build/robot_serial/robot_serial.egg-info/PKG-INFO
[7.949s] writing dependency_links to ../../build/robot_serial/robot_serial.egg-info/dependency_links.txt
[7.951s] writing entry points to ../../build/robot_serial/robot_serial.egg-info/entry_points.txt
[7.954s] writing requirements to ../../build/robot_serial/robot_serial.egg-info/requires.txt
[7.955s] writing top-level names to ../../build/robot_serial/robot_serial.egg-info/top_level.txt
[7.965s] reading manifest file '../../build/robot_serial/robot_serial.egg-info/SOURCES.txt'
[7.967s] adding license file 'LICENSE'
[7.970s] writing manifest file '../../build/robot_serial/robot_serial.egg-info/SOURCES.txt'
[7.971s] running build
[7.972s] running build_py
[7.974s] running install
[7.976s] running install_lib
[7.984s] running install_data
[7.985s] running install_egg_info
[7.996s] removing '/home/pi/ros2_ws/install/robot_serial/lib/python3.10/site-packages/robot_serial-0.0.0-py3.10.egg-info' (and everything under it)
[7.999s] Copying ../../build/robot_serial/robot_serial.egg-info to /home/pi/ros2_ws/install/robot_serial/lib/python3.10/site-packages/robot_serial-0.0.0-py3.10.egg-info
[8.007s] running install_scripts
[8.103s] Installing find script to /home/pi/ros2_ws/install/robot_serial/lib/robot_serial
[8.104s] Installing serial script to /home/pi/ros2_ws/install/robot_serial/lib/robot_serial
[8.105s] Installing serial_salida script to /home/pi/ros2_ws/install/robot_serial/lib/robot_serial
[8.107s] writing list of installed files to '/home/pi/ros2_ws/build/robot_serial/install.log'
[8.313s] Invoked command in '/home/pi/ros2_ws/src/robot_serial' returned '0': PYTHONPATH=/home/pi/ros2_ws/build/robot_serial/prefix_override:/usr/lib/python3/dist-packages/colcon_core/task/python/colcon_distutils_commands:/home/pi/ros2_ws/install/robot_serial/lib/python3.10/site-packages:${PYTHONPATH} /usr/bin/python3 -W ignore:setup.py install is deprecated setup.py egg_info --egg-base ../../build/robot_serial build --build-base /home/pi/ros2_ws/build/robot_serial/build install --record /home/pi/ros2_ws/build/robot_serial/install.log --single-version-externally-managed install_data
