[6.577s] Invoking command in '/home/pi/ros2_ws/src/robot_serial': PYTHONPATH=/home/pi/ros2_ws/build/robot_serial/prefix_override:/usr/lib/python3/dist-packages/colcon_core/task/python/colcon_distutils_commands:/home/pi/ros2_ws/install/robot_serial/lib/python3.10/site-packages:${PYTHONPATH} /usr/bin/python3 -W ignore:setup.py install is deprecated setup.py egg_info --egg-base ../../build/robot_serial build --build-base /home/pi/ros2_ws/build/robot_serial/build install --record /home/pi/ros2_ws/build/robot_serial/install.log --single-version-externally-managed install_data
[8.112s] running egg_info
[8.116s] writing ../../build/robot_serial/robot_serial.egg-info/PKG-INFO
[8.118s] writing dependency_links to ../../build/robot_serial/robot_serial.egg-info/dependency_links.txt
[8.122s] writing entry points to ../../build/robot_serial/robot_serial.egg-info/entry_points.txt
[8.124s] writing requirements to ../../build/robot_serial/robot_serial.egg-info/requires.txt
[8.126s] writing top-level names to ../../build/robot_serial/robot_serial.egg-info/top_level.txt
[8.142s] reading manifest file '../../build/robot_serial/robot_serial.egg-info/SOURCES.txt'
[8.143s] adding license file 'LICENSE'
[8.149s] writing manifest file '../../build/robot_serial/robot_serial.egg-info/SOURCES.txt'
[8.150s] running build
[8.151s] running build_py
[8.153s] running install
[8.155s] running install_lib
[8.178s] running install_data
[8.179s] running install_egg_info
[8.185s] removing '/home/pi/ros2_ws/install/robot_serial/lib/python3.10/site-packages/robot_serial-0.0.0-py3.10.egg-info' (and everything under it)
[8.188s] Copying ../../build/robot_serial/robot_serial.egg-info to /home/pi/ros2_ws/install/robot_serial/lib/python3.10/site-packages/robot_serial-0.0.0-py3.10.egg-info
[8.204s] running install_scripts
[8.315s] Installing find script to /home/pi/ros2_ws/install/robot_serial/lib/robot_serial
[8.316s] Installing serial script to /home/pi/ros2_ws/install/robot_serial/lib/robot_serial
[8.320s] Installing serial_salida script to /home/pi/ros2_ws/install/robot_serial/lib/robot_serial
[8.321s] writing list of installed files to '/home/pi/ros2_ws/build/robot_serial/install.log'
[8.450s] Invoked command in '/home/pi/ros2_ws/src/robot_serial' returned '0': PYTHONPATH=/home/pi/ros2_ws/build/robot_serial/prefix_override:/usr/lib/python3/dist-packages/colcon_core/task/python/colcon_distutils_commands:/home/pi/ros2_ws/install/robot_serial/lib/python3.10/site-packages:${PYTHONPATH} /usr/bin/python3 -W ignore:setup.py install is deprecated setup.py egg_info --egg-base ../../build/robot_serial build --build-base /home/pi/ros2_ws/build/robot_serial/build install --record /home/pi/ros2_ws/build/robot_serial/install.log --single-version-externally-managed install_data
