[5.559s] Invoking command in '/home/pi/ros2_ws/src/robot_serial': PYTHONPATH=/home/pi/ros2_ws/build/robot_serial/prefix_override:/usr/lib/python3/dist-packages/colcon_core/task/python/colcon_distutils_commands:/home/pi/ros2_ws/install/robot_serial/lib/python3.10/site-packages:${PYTHONPATH} /usr/bin/python3 -W ignore:setup.py install is deprecated setup.py egg_info --egg-base ../../build/robot_serial build --build-base /home/pi/ros2_ws/build/robot_serial/build install --record /home/pi/ros2_ws/build/robot_serial/install.log --single-version-externally-managed install_data
[7.690s] running egg_info
[7.693s] writing ../../build/robot_serial/robot_serial.egg-info/PKG-INFO
[7.697s] writing dependency_links to ../../build/robot_serial/robot_serial.egg-info/dependency_links.txt
[7.698s] writing entry points to ../../build/robot_serial/robot_serial.egg-info/entry_points.txt
[7.701s] writing requirements to ../../build/robot_serial/robot_serial.egg-info/requires.txt
[7.702s] writing top-level names to ../../build/robot_serial/robot_serial.egg-info/top_level.txt
[7.708s] reading manifest file '../../build/robot_serial/robot_serial.egg-info/SOURCES.txt'
[7.710s] adding license file 'LICENSE'
[7.714s] writing manifest file '../../build/robot_serial/robot_serial.egg-info/SOURCES.txt'
[7.716s] running build
[7.719s] running build_py
[7.720s] running install
[7.720s] running install_lib
[7.727s] running install_data
[7.729s] running install_egg_info
[7.739s] removing '/home/pi/ros2_ws/install/robot_serial/lib/python3.10/site-packages/robot_serial-0.0.0-py3.10.egg-info' (and everything under it)
[7.744s] Copying ../../build/robot_serial/robot_serial.egg-info to /home/pi/ros2_ws/install/robot_serial/lib/python3.10/site-packages/robot_serial-0.0.0-py3.10.egg-info
[7.751s] running install_scripts
[7.854s] Installing find script to /home/pi/ros2_ws/install/robot_serial/lib/robot_serial
[7.854s] Installing serial script to /home/pi/ros2_ws/install/robot_serial/lib/robot_serial
[7.858s] Installing serial_salida script to /home/pi/ros2_ws/install/robot_serial/lib/robot_serial
[7.861s] writing list of installed files to '/home/pi/ros2_ws/build/robot_serial/install.log'
[8.026s] Invoked command in '/home/pi/ros2_ws/src/robot_serial' returned '0': PYTHONPATH=/home/pi/ros2_ws/build/robot_serial/prefix_override:/usr/lib/python3/dist-packages/colcon_core/task/python/colcon_distutils_commands:/home/pi/ros2_ws/install/robot_serial/lib/python3.10/site-packages:${PYTHONPATH} /usr/bin/python3 -W ignore:setup.py install is deprecated setup.py egg_info --egg-base ../../build/robot_serial build --build-base /home/pi/ros2_ws/build/robot_serial/build install --record /home/pi/ros2_ws/build/robot_serial/install.log --single-version-externally-managed install_data
