[0.145s] Invoking command in '/home/pi/ros2_ws/build/sllidar_ros2': CMAKE_PREFIX_PATH=${CMAKE_PREFIX_PATH}:/home/pi/ros2_ws/install/robot_serial:/home/pi/ros2_ws/install/motor_gui_pkg:/opt/ros/humble /usr/bin/cmake --build /home/pi/ros2_ws/build/sllidar_ros2 -- -j4 -l4
[1.054s] [ 90%] Built target sllidar_node
[1.077s] [100%] Built target sllidar_client
[1.206s] Invoked command in '/home/pi/ros2_ws/build/sllidar_ros2' returned '0': CMAKE_PREFIX_PATH=${CMAKE_PREFIX_PATH}:/home/pi/ros2_ws/install/robot_serial:/home/pi/ros2_ws/install/motor_gui_pkg:/opt/ros/humble /usr/bin/cmake --build /home/pi/ros2_ws/build/sllidar_ros2 -- -j4 -l4
[2.547s] Invoking command in '/home/pi/ros2_ws/build/sllidar_ros2': CMAKE_PREFIX_PATH=${CMAKE_PREFIX_PATH}:/home/pi/ros2_ws/install/robot_serial:/home/pi/ros2_ws/install/motor_gui_pkg:/opt/ros/humble /usr/bin/cmake --install /home/pi/ros2_ws/build/sllidar_ros2
[2.633s] -- Install configuration: ""
[2.637s] -- Execute custom install script
[2.640s] -- Up-to-date symlink: /home/pi/ros2_ws/install/sllidar_ros2/share/sllidar_ros2/launch/sllidar_a1_launch.py
[2.642s] -- Up-to-date symlink: /home/pi/ros2_ws/install/sllidar_ros2/share/sllidar_ros2/launch/sllidar_a2m12_launch .py
[2.652s] -- Up-to-date symlink: /home/pi/ros2_ws/install/sllidar_ros2/share/sllidar_ros2/launch/sllidar_a2m7_launch.py
[2.655s] -- Up-to-date symlink: /home/pi/ros2_ws/install/sllidar_ros2/share/sllidar_ros2/launch/sllidar_a2m8_launch.py
[2.657s] -- Up-to-date symlink: /home/pi/ros2_ws/install/sllidar_ros2/share/sllidar_ros2/launch/sllidar_a3_launch.py
[2.660s] -- Up-to-date symlink: /home/pi/ros2_ws/install/sllidar_ros2/share/sllidar_ros2/launch/sllidar_c1_launch.py
[2.663s] -- Up-to-date symlink: /home/pi/ros2_ws/install/sllidar_ros2/share/sllidar_ros2/launch/sllidar_s1_launch.py
[2.666s] -- Up-to-date symlink: /home/pi/ros2_ws/install/sllidar_ros2/share/sllidar_ros2/launch/sllidar_s1_tcp_launch.py
[2.669s] -- Up-to-date symlink: /home/pi/ros2_ws/install/sllidar_ros2/share/sllidar_ros2/launch/sllidar_s2_launch.py
[2.675s] -- Up-to-date symlink: /home/pi/ros2_ws/install/sllidar_ros2/share/sllidar_ros2/launch/sllidar_s2_launch_copy.py
[2.691s] -- Up-to-date symlink: /home/pi/ros2_ws/install/sllidar_ros2/share/sllidar_ros2/launch/sllidar_s2e_launch.py
[2.694s] -- Up-to-date symlink: /home/pi/ros2_ws/install/sllidar_ros2/share/sllidar_ros2/launch/sllidar_s3_launch.py
[2.696s] -- Up-to-date symlink: /home/pi/ros2_ws/install/sllidar_ros2/share/sllidar_ros2/launch/sllidar_t1_launch.py
[2.698s] -- Up-to-date symlink: /home/pi/ros2_ws/install/sllidar_ros2/share/sllidar_ros2/launch/view_sllidar_a1_launch.py
[2.701s] -- Up-to-date symlink: /home/pi/ros2_ws/install/sllidar_ros2/share/sllidar_ros2/launch/view_sllidar_a2m12_launch.py
[2.703s] -- Up-to-date symlink: /home/pi/ros2_ws/install/sllidar_ros2/share/sllidar_ros2/launch/view_sllidar_a2m7_launch.py
[2.706s] -- Up-to-date symlink: /home/pi/ros2_ws/install/sllidar_ros2/share/sllidar_ros2/launch/view_sllidar_a2m8_launch.py
[2.708s] -- Up-to-date symlink: /home/pi/ros2_ws/install/sllidar_ros2/share/sllidar_ros2/launch/view_sllidar_a3_launch.py
[2.711s] -- Up-to-date symlink: /home/pi/ros2_ws/install/sllidar_ros2/share/sllidar_ros2/launch/view_sllidar_c1_launch.py
[2.713s] -- Up-to-date symlink: /home/pi/ros2_ws/install/sllidar_ros2/share/sllidar_ros2/launch/view_sllidar_s1_launch.py
[2.715s] -- Up-to-date symlink: /home/pi/ros2_ws/install/sllidar_ros2/share/sllidar_ros2/launch/view_sllidar_s1_tcp_launch.py
[2.718s] -- Up-to-date symlink: /home/pi/ros2_ws/install/sllidar_ros2/share/sllidar_ros2/launch/view_sllidar_s2_launch.py
[2.720s] -- Up-to-date symlink: /home/pi/ros2_ws/install/sllidar_ros2/share/sllidar_ros2/launch/view_sllidar_s2e_launch.py
[2.723s] -- Up-to-date symlink: /home/pi/ros2_ws/install/sllidar_ros2/share/sllidar_ros2/launch/view_sllidar_s3_launch.py
[2.725s] -- Up-to-date symlink: /home/pi/ros2_ws/install/sllidar_ros2/share/sllidar_ros2/launch/view_sllidar_t1_launch.py
[2.728s] -- Up-to-date symlink: /home/pi/ros2_ws/install/sllidar_ros2/share/sllidar_ros2/rviz/sllidar_ros2.rviz
[2.731s] -- Up-to-date symlink: /home/pi/ros2_ws/install/sllidar_ros2/lib/sllidar_ros2/sllidar_node
[2.734s] -- Up-to-date symlink: /home/pi/ros2_ws/install/sllidar_ros2/lib/sllidar_ros2/sllidar_client
[2.737s] -- Up-to-date symlink: /home/pi/ros2_ws/install/sllidar_ros2/share/ament_index/resource_index/package_run_dependencies/sllidar_ros2
[2.740s] -- Up-to-date symlink: /home/pi/ros2_ws/install/sllidar_ros2/share/ament_index/resource_index/parent_prefix_path/sllidar_ros2
[2.743s] -- Up-to-date symlink: /home/pi/ros2_ws/install/sllidar_ros2/share/sllidar_ros2/environment/ament_prefix_path.sh
[2.745s] -- Up-to-date symlink: /home/pi/ros2_ws/install/sllidar_ros2/share/sllidar_ros2/environment/ament_prefix_path.dsv
[2.748s] -- Up-to-date symlink: /home/pi/ros2_ws/install/sllidar_ros2/share/sllidar_ros2/environment/path.sh
[2.751s] -- Up-to-date symlink: /home/pi/ros2_ws/install/sllidar_ros2/share/sllidar_ros2/environment/path.dsv
[2.754s] -- Up-to-date symlink: /home/pi/ros2_ws/install/sllidar_ros2/share/sllidar_ros2/local_setup.bash
[2.757s] -- Up-to-date symlink: /home/pi/ros2_ws/install/sllidar_ros2/share/sllidar_ros2/local_setup.sh
[2.761s] -- Up-to-date symlink: /home/pi/ros2_ws/install/sllidar_ros2/share/sllidar_ros2/local_setup.zsh
[2.767s] -- Up-to-date symlink: /home/pi/ros2_ws/install/sllidar_ros2/share/sllidar_ros2/local_setup.dsv
[2.772s] -- Symlinking: /home/pi/ros2_ws/install/sllidar_ros2/share/sllidar_ros2/package.dsv
[2.906s] -- Up-to-date symlink: /home/pi/ros2_ws/install/sllidar_ros2/share/ament_index/resource_index/packages/sllidar_ros2
[2.910s] -- Up-to-date symlink: /home/pi/ros2_ws/install/sllidar_ros2/share/sllidar_ros2/cmake/ament_cmake_export_dependencies-extras.cmake
[2.914s] -- Up-to-date symlink: /home/pi/ros2_ws/install/sllidar_ros2/share/sllidar_ros2/cmake/ament_cmake_export_include_directories-extras.cmake
[2.918s] -- Up-to-date symlink: /home/pi/ros2_ws/install/sllidar_ros2/share/sllidar_ros2/cmake/sllidar_ros2Config.cmake
[2.922s] -- Up-to-date symlink: /home/pi/ros2_ws/install/sllidar_ros2/share/sllidar_ros2/cmake/sllidar_ros2Config-version.cmake
[2.926s] -- Up-to-date symlink: /home/pi/ros2_ws/install/sllidar_ros2/share/sllidar_ros2/package.xml
[2.951s] Invoked command in '/home/pi/ros2_ws/build/sllidar_ros2' returned '0': CMAKE_PREFIX_PATH=${CMAKE_PREFIX_PATH}:/home/pi/ros2_ws/install/robot_serial:/home/pi/ros2_ws/install/motor_gui_pkg:/opt/ros/humble /usr/bin/cmake --install /home/pi/ros2_ws/build/sllidar_ros2
