[0.656s] DEBUG:colcon:Command line arguments: ['/usr/bin/colcon', 'build']
[0.657s] DEBUG:colcon:Parsed command line arguments: Namespace(log_base=None, log_level=None, verb_name='build', build_base='build', install_base='install', merge_install=False, symlink_install=False, test_result_base=None, continue_on_error=False, executor='parallel', parallel_workers=4, event_handlers=None, ignore_user_meta=False, metas=['./colcon.meta'], base_paths=['.'], packages_ignore=None, packages_ignore_regex=None, paths=None, packages_up_to=None, packages_up_to_regex=None, packages_above=None, packages_above_and_dependencies=None, packages_above_depth=None, packages_select_by_dep=None, packages_skip_by_dep=None, packages_skip_up_to=None, packages_select_build_failed=False, packages_skip_build_finished=False, packages_select_test_failures=False, packages_skip_test_passed=False, packages_select=None, packages_skip=None, packages_select_regex=None, packages_skip_regex=None, packages_start=None, packages_end=None, allow_overriding=[], cmake_args=None, cmake_target=None, cmake_target_skip_unavailable=False, cmake_clean_cache=False, cmake_clean_first=False, cmake_force_configure=False, ament_cmake_args=None, catkin_cmake_args=None, catkin_skip_building_tests=False, verb_parser=<colcon_defaults.argument_parser.defaults.DefaultArgumentsDecorator object at 0xffff8ce1ffa0>, verb_extension=<colcon_core.verb.build.BuildVerb object at 0xffff8cd54be0>, main=<bound method BuildVerb.main of <colcon_core.verb.build.BuildVerb object at 0xffff8cd54be0>>)
[2.112s] Level 1:colcon.colcon_core.package_discovery:discover_packages(colcon_meta) check parameters
[2.113s] Level 1:colcon.colcon_core.package_discovery:discover_packages(recursive) check parameters
[2.113s] Level 1:colcon.colcon_core.package_discovery:discover_packages(ignore) check parameters
[2.114s] Level 1:colcon.colcon_core.package_discovery:discover_packages(path) check parameters
[2.114s] Level 1:colcon.colcon_core.package_discovery:discover_packages(colcon_meta) discover
[2.114s] Level 1:colcon.colcon_core.package_discovery:discover_packages(recursive) discover
[2.115s] INFO:colcon.colcon_core.package_discovery:Crawling recursively for packages in '/home/pi/ros2_ws'
[2.115s] Level 1:colcon.colcon_core.package_identification:_identify(.) by extensions ['ignore', 'ignore_ament_install']
[2.116s] Level 1:colcon.colcon_core.package_identification:_identify(.) by extension 'ignore'
[2.116s] Level 1:colcon.colcon_core.package_identification:_identify(.) by extension 'ignore_ament_install'
[2.117s] Level 1:colcon.colcon_core.package_identification:_identify(.) by extensions ['colcon_pkg']
[2.117s] Level 1:colcon.colcon_core.package_identification:_identify(.) by extension 'colcon_pkg'
[2.118s] Level 1:colcon.colcon_core.package_identification:_identify(.) by extensions ['colcon_meta']
[2.118s] Level 1:colcon.colcon_core.package_identification:_identify(.) by extension 'colcon_meta'
[2.118s] Level 1:colcon.colcon_core.package_identification:_identify(.) by extensions ['ros']
[2.118s] Level 1:colcon.colcon_core.package_identification:_identify(.) by extension 'ros'
[2.199s] Level 1:colcon.colcon_core.package_identification:_identify(.) by extensions ['cmake', 'python']
[2.199s] Level 1:colcon.colcon_core.package_identification:_identify(.) by extension 'cmake'
[2.200s] Level 1:colcon.colcon_core.package_identification:_identify(.) by extension 'python'
[2.200s] Level 1:colcon.colcon_core.package_identification:_identify(.) by extensions ['python_setup_py']
[2.200s] Level 1:colcon.colcon_core.package_identification:_identify(.) by extension 'python_setup_py'
[2.201s] Level 1:colcon.colcon_core.package_identification:_identify(build) by extensions ['ignore', 'ignore_ament_install']
[2.202s] Level 1:colcon.colcon_core.package_identification:_identify(build) by extension 'ignore'
[2.202s] Level 1:colcon.colcon_core.package_identification:_identify(build) ignored
[2.203s] Level 1:colcon.colcon_core.package_identification:_identify(install) by extensions ['ignore', 'ignore_ament_install']
[2.204s] Level 1:colcon.colcon_core.package_identification:_identify(install) by extension 'ignore'
[2.204s] Level 1:colcon.colcon_core.package_identification:_identify(install) ignored
[2.205s] Level 1:colcon.colcon_core.package_identification:_identify(log) by extensions ['ignore', 'ignore_ament_install']
[2.206s] Level 1:colcon.colcon_core.package_identification:_identify(log) by extension 'ignore'
[2.206s] Level 1:colcon.colcon_core.package_identification:_identify(log) ignored
[2.208s] Level 1:colcon.colcon_core.package_identification:_identify(src) by extensions ['ignore', 'ignore_ament_install']
[2.208s] Level 1:colcon.colcon_core.package_identification:_identify(src) by extension 'ignore'
[2.209s] Level 1:colcon.colcon_core.package_identification:_identify(src) by extension 'ignore_ament_install'
[2.209s] Level 1:colcon.colcon_core.package_identification:_identify(src) by extensions ['colcon_pkg']
[2.209s] Level 1:colcon.colcon_core.package_identification:_identify(src) by extension 'colcon_pkg'
[2.210s] Level 1:colcon.colcon_core.package_identification:_identify(src) by extensions ['colcon_meta']
[2.210s] Level 1:colcon.colcon_core.package_identification:_identify(src) by extension 'colcon_meta'
[2.210s] Level 1:colcon.colcon_core.package_identification:_identify(src) by extensions ['ros']
[2.211s] Level 1:colcon.colcon_core.package_identification:_identify(src) by extension 'ros'
[2.211s] Level 1:colcon.colcon_core.package_identification:_identify(src) by extensions ['cmake', 'python']
[2.212s] Level 1:colcon.colcon_core.package_identification:_identify(src) by extension 'cmake'
[2.212s] Level 1:colcon.colcon_core.package_identification:_identify(src) by extension 'python'
[2.212s] Level 1:colcon.colcon_core.package_identification:_identify(src) by extensions ['python_setup_py']
[2.213s] Level 1:colcon.colcon_core.package_identification:_identify(src) by extension 'python_setup_py'
[2.213s] Level 1:colcon.colcon_core.package_identification:_identify(src/jsc_mecanum_bringup) by extensions ['ignore', 'ignore_ament_install']
[2.214s] Level 1:colcon.colcon_core.package_identification:_identify(src/jsc_mecanum_bringup) by extension 'ignore'
[2.215s] Level 1:colcon.colcon_core.package_identification:_identify(src/jsc_mecanum_bringup) by extension 'ignore_ament_install'
[2.215s] Level 1:colcon.colcon_core.package_identification:_identify(src/jsc_mecanum_bringup) by extensions ['colcon_pkg']
[2.215s] Level 1:colcon.colcon_core.package_identification:_identify(src/jsc_mecanum_bringup) by extension 'colcon_pkg'
[2.216s] Level 1:colcon.colcon_core.package_identification:_identify(src/jsc_mecanum_bringup) by extensions ['colcon_meta']
[2.216s] Level 1:colcon.colcon_core.package_identification:_identify(src/jsc_mecanum_bringup) by extension 'colcon_meta'
[2.216s] Level 1:colcon.colcon_core.package_identification:_identify(src/jsc_mecanum_bringup) by extensions ['ros']
[2.217s] Level 1:colcon.colcon_core.package_identification:_identify(src/jsc_mecanum_bringup) by extension 'ros'
[2.232s] DEBUG:colcon.colcon_core.package_identification:Package 'src/jsc_mecanum_bringup' with type 'ros.ament_cmake' and name 'jsc_mecanum_bringup'
[2.233s] Level 1:colcon.colcon_core.package_identification:_identify(src/jsc_mecanum_control) by extensions ['ignore', 'ignore_ament_install']
[2.233s] Level 1:colcon.colcon_core.package_identification:_identify(src/jsc_mecanum_control) by extension 'ignore'
[2.234s] Level 1:colcon.colcon_core.package_identification:_identify(src/jsc_mecanum_control) by extension 'ignore_ament_install'
[2.235s] Level 1:colcon.colcon_core.package_identification:_identify(src/jsc_mecanum_control) by extensions ['colcon_pkg']
[2.235s] Level 1:colcon.colcon_core.package_identification:_identify(src/jsc_mecanum_control) by extension 'colcon_pkg'
[2.235s] Level 1:colcon.colcon_core.package_identification:_identify(src/jsc_mecanum_control) by extensions ['colcon_meta']
[2.236s] Level 1:colcon.colcon_core.package_identification:_identify(src/jsc_mecanum_control) by extension 'colcon_meta'
[2.236s] Level 1:colcon.colcon_core.package_identification:_identify(src/jsc_mecanum_control) by extensions ['ros']
[2.237s] Level 1:colcon.colcon_core.package_identification:_identify(src/jsc_mecanum_control) by extension 'ros'
[2.243s] DEBUG:colcon.colcon_core.package_identification:Package 'src/jsc_mecanum_control' with type 'ros.ament_cmake' and name 'jsc_mecanum_control'
[2.243s] Level 1:colcon.colcon_core.package_identification:_identify(src/jsc_mecanum_controller) by extensions ['ignore', 'ignore_ament_install']
[2.244s] Level 1:colcon.colcon_core.package_identification:_identify(src/jsc_mecanum_controller) by extension 'ignore'
[2.245s] Level 1:colcon.colcon_core.package_identification:_identify(src/jsc_mecanum_controller) by extension 'ignore_ament_install'
[2.245s] Level 1:colcon.colcon_core.package_identification:_identify(src/jsc_mecanum_controller) by extensions ['colcon_pkg']
[2.245s] Level 1:colcon.colcon_core.package_identification:_identify(src/jsc_mecanum_controller) by extension 'colcon_pkg'
[2.246s] Level 1:colcon.colcon_core.package_identification:_identify(src/jsc_mecanum_controller) by extensions ['colcon_meta']
[2.246s] Level 1:colcon.colcon_core.package_identification:_identify(src/jsc_mecanum_controller) by extension 'colcon_meta'
[2.246s] Level 1:colcon.colcon_core.package_identification:_identify(src/jsc_mecanum_controller) by extensions ['ros']
[2.247s] Level 1:colcon.colcon_core.package_identification:_identify(src/jsc_mecanum_controller) by extension 'ros'
[2.252s] DEBUG:colcon.colcon_core.package_identification:Package 'src/jsc_mecanum_controller' with type 'ros.ament_cmake' and name 'jsc_mecanum_controller'
[2.253s] Level 1:colcon.colcon_core.package_identification:_identify(src/jsc_mecanum_description) by extensions ['ignore', 'ignore_ament_install']
[2.254s] Level 1:colcon.colcon_core.package_identification:_identify(src/jsc_mecanum_description) by extension 'ignore'
[2.254s] Level 1:colcon.colcon_core.package_identification:_identify(src/jsc_mecanum_description) by extension 'ignore_ament_install'
[2.255s] Level 1:colcon.colcon_core.package_identification:_identify(src/jsc_mecanum_description) by extensions ['colcon_pkg']
[2.255s] Level 1:colcon.colcon_core.package_identification:_identify(src/jsc_mecanum_description) by extension 'colcon_pkg'
[2.255s] Level 1:colcon.colcon_core.package_identification:_identify(src/jsc_mecanum_description) by extensions ['colcon_meta']
[2.255s] Level 1:colcon.colcon_core.package_identification:_identify(src/jsc_mecanum_description) by extension 'colcon_meta'
[2.256s] Level 1:colcon.colcon_core.package_identification:_identify(src/jsc_mecanum_description) by extensions ['ros']
[2.256s] Level 1:colcon.colcon_core.package_identification:_identify(src/jsc_mecanum_description) by extension 'ros'
[2.259s] DEBUG:colcon.colcon_core.package_identification:Package 'src/jsc_mecanum_description' with type 'ros.ament_cmake' and name 'jsc_mecanum_description'
[2.260s] Level 1:colcon.colcon_core.package_identification:_identify(src/jsc_mecanum_hardware) by extensions ['ignore', 'ignore_ament_install']
[2.261s] Level 1:colcon.colcon_core.package_identification:_identify(src/jsc_mecanum_hardware) by extension 'ignore'
[2.262s] Level 1:colcon.colcon_core.package_identification:_identify(src/jsc_mecanum_hardware) by extension 'ignore_ament_install'
[2.262s] Level 1:colcon.colcon_core.package_identification:_identify(src/jsc_mecanum_hardware) by extensions ['colcon_pkg']
[2.262s] Level 1:colcon.colcon_core.package_identification:_identify(src/jsc_mecanum_hardware) by extension 'colcon_pkg'
[2.263s] Level 1:colcon.colcon_core.package_identification:_identify(src/jsc_mecanum_hardware) by extensions ['colcon_meta']
[2.263s] Level 1:colcon.colcon_core.package_identification:_identify(src/jsc_mecanum_hardware) by extension 'colcon_meta'
[2.263s] Level 1:colcon.colcon_core.package_identification:_identify(src/jsc_mecanum_hardware) by extensions ['ros']
[2.264s] Level 1:colcon.colcon_core.package_identification:_identify(src/jsc_mecanum_hardware) by extension 'ros'
[2.270s] DEBUG:colcon.colcon_core.package_identification:Package 'src/jsc_mecanum_hardware' with type 'ros.ament_cmake' and name 'jsc_mecanum_hardware'
[2.271s] Level 1:colcon.colcon_core.package_identification:_identify(src/jsc_mecanum_teleop) by extensions ['ignore', 'ignore_ament_install']
[2.271s] Level 1:colcon.colcon_core.package_identification:_identify(src/jsc_mecanum_teleop) by extension 'ignore'
[2.272s] Level 1:colcon.colcon_core.package_identification:_identify(src/jsc_mecanum_teleop) by extension 'ignore_ament_install'
[2.272s] Level 1:colcon.colcon_core.package_identification:_identify(src/jsc_mecanum_teleop) by extensions ['colcon_pkg']
[2.272s] Level 1:colcon.colcon_core.package_identification:_identify(src/jsc_mecanum_teleop) by extension 'colcon_pkg'
[2.273s] Level 1:colcon.colcon_core.package_identification:_identify(src/jsc_mecanum_teleop) by extensions ['colcon_meta']
[2.273s] Level 1:colcon.colcon_core.package_identification:_identify(src/jsc_mecanum_teleop) by extension 'colcon_meta'
[2.274s] Level 1:colcon.colcon_core.package_identification:_identify(src/jsc_mecanum_teleop) by extensions ['ros']
[2.274s] Level 1:colcon.colcon_core.package_identification:_identify(src/jsc_mecanum_teleop) by extension 'ros'
[2.280s] DEBUG:colcon.colcon_core.package_identification:Package 'src/jsc_mecanum_teleop' with type 'ros.ament_cmake' and name 'jsc_mecanum_teleop'
[2.281s] Level 1:colcon.colcon_core.package_identification:_identify(src/motor_gui_pkg) by extensions ['ignore', 'ignore_ament_install']
[2.282s] Level 1:colcon.colcon_core.package_identification:_identify(src/motor_gui_pkg) by extension 'ignore'
[2.282s] Level 1:colcon.colcon_core.package_identification:_identify(src/motor_gui_pkg) by extension 'ignore_ament_install'
[2.282s] Level 1:colcon.colcon_core.package_identification:_identify(src/motor_gui_pkg) by extensions ['colcon_pkg']
[2.283s] Level 1:colcon.colcon_core.package_identification:_identify(src/motor_gui_pkg) by extension 'colcon_pkg'
[2.283s] Level 1:colcon.colcon_core.package_identification:_identify(src/motor_gui_pkg) by extensions ['colcon_meta']
[2.283s] Level 1:colcon.colcon_core.package_identification:_identify(src/motor_gui_pkg) by extension 'colcon_meta'
[2.284s] Level 1:colcon.colcon_core.package_identification:_identify(src/motor_gui_pkg) by extensions ['ros']
[2.284s] Level 1:colcon.colcon_core.package_identification:_identify(src/motor_gui_pkg) by extension 'ros'
[2.290s] DEBUG:colcon.colcon_core.package_identification:Package 'src/motor_gui_pkg' with type 'ros.ament_python' and name 'motor_gui_pkg'
[2.291s] Level 1:colcon.colcon_core.package_identification:_identify(src/robot_serial) by extensions ['ignore', 'ignore_ament_install']
[2.292s] Level 1:colcon.colcon_core.package_identification:_identify(src/robot_serial) by extension 'ignore'
[2.292s] Level 1:colcon.colcon_core.package_identification:_identify(src/robot_serial) by extension 'ignore_ament_install'
[2.293s] Level 1:colcon.colcon_core.package_identification:_identify(src/robot_serial) by extensions ['colcon_pkg']
[2.293s] Level 1:colcon.colcon_core.package_identification:_identify(src/robot_serial) by extension 'colcon_pkg'
[2.294s] Level 1:colcon.colcon_core.package_identification:_identify(src/robot_serial) by extensions ['colcon_meta']
[2.294s] Level 1:colcon.colcon_core.package_identification:_identify(src/robot_serial) by extension 'colcon_meta'
[2.294s] Level 1:colcon.colcon_core.package_identification:_identify(src/robot_serial) by extensions ['ros']
[2.295s] Level 1:colcon.colcon_core.package_identification:_identify(src/robot_serial) by extension 'ros'
[2.300s] DEBUG:colcon.colcon_core.package_identification:Package 'src/robot_serial' with type 'ros.ament_python' and name 'robot_serial'
[2.301s] Level 1:colcon.colcon_core.package_identification:_identify(src/sllidar_ros2) by extensions ['ignore', 'ignore_ament_install']
[2.302s] Level 1:colcon.colcon_core.package_identification:_identify(src/sllidar_ros2) by extension 'ignore'
[2.302s] Level 1:colcon.colcon_core.package_identification:_identify(src/sllidar_ros2) by extension 'ignore_ament_install'
[2.303s] Level 1:colcon.colcon_core.package_identification:_identify(src/sllidar_ros2) by extensions ['colcon_pkg']
[2.303s] Level 1:colcon.colcon_core.package_identification:_identify(src/sllidar_ros2) by extension 'colcon_pkg'
[2.303s] Level 1:colcon.colcon_core.package_identification:_identify(src/sllidar_ros2) by extensions ['colcon_meta']
[2.304s] Level 1:colcon.colcon_core.package_identification:_identify(src/sllidar_ros2) by extension 'colcon_meta'
[2.304s] Level 1:colcon.colcon_core.package_identification:_identify(src/sllidar_ros2) by extensions ['ros']
[2.304s] Level 1:colcon.colcon_core.package_identification:_identify(src/sllidar_ros2) by extension 'ros'
[2.309s] DEBUG:colcon.colcon_core.package_identification:Package 'src/sllidar_ros2' with type 'ros.ament_cmake' and name 'sllidar_ros2'
[2.309s] Level 1:colcon.colcon_core.package_discovery:discover_packages(recursive) using defaults
[2.310s] Level 1:colcon.colcon_core.package_discovery:discover_packages(ignore) discover
[2.310s] Level 1:colcon.colcon_core.package_discovery:discover_packages(ignore) using defaults
[2.310s] Level 1:colcon.colcon_core.package_discovery:discover_packages(path) discover
[2.310s] Level 1:colcon.colcon_core.package_discovery:discover_packages(path) using defaults
[2.486s] Level 1:colcon.colcon_core.package_discovery:discover_packages(prefix_path) check parameters
[2.487s] Level 1:colcon.colcon_core.package_discovery:discover_packages(prefix_path) discover
[2.507s] DEBUG:colcon.colcon_installed_package_information.package_discovery:Found 9 installed packages in /home/pi/ros2_ws/install
[2.520s] DEBUG:colcon.colcon_installed_package_information.package_discovery:Found 311 installed packages in /opt/ros/humble
[2.529s] Level 1:colcon.colcon_core.package_discovery:discover_packages(prefix_path) using defaults
[2.789s] Level 5:colcon.colcon_core.verb:set package 'jsc_mecanum_control' build argument 'cmake_args' from command line to 'None'
[2.790s] Level 5:colcon.colcon_core.verb:set package 'jsc_mecanum_control' build argument 'cmake_target' from command line to 'None'
[2.790s] Level 5:colcon.colcon_core.verb:set package 'jsc_mecanum_control' build argument 'cmake_target_skip_unavailable' from command line to 'False'
[2.790s] Level 5:colcon.colcon_core.verb:set package 'jsc_mecanum_control' build argument 'cmake_clean_cache' from command line to 'False'
[2.790s] Level 5:colcon.colcon_core.verb:set package 'jsc_mecanum_control' build argument 'cmake_clean_first' from command line to 'False'
[2.790s] Level 5:colcon.colcon_core.verb:set package 'jsc_mecanum_control' build argument 'cmake_force_configure' from command line to 'False'
[2.790s] Level 5:colcon.colcon_core.verb:set package 'jsc_mecanum_control' build argument 'ament_cmake_args' from command line to 'None'
[2.790s] Level 5:colcon.colcon_core.verb:set package 'jsc_mecanum_control' build argument 'catkin_cmake_args' from command line to 'None'
[2.791s] Level 5:colcon.colcon_core.verb:set package 'jsc_mecanum_control' build argument 'catkin_skip_building_tests' from command line to 'False'
[2.791s] DEBUG:colcon.colcon_core.verb:Building package 'jsc_mecanum_control' with the following arguments: {'ament_cmake_args': None, 'build_base': '/home/pi/ros2_ws/build/jsc_mecanum_control', 'catkin_cmake_args': None, 'catkin_skip_building_tests': False, 'cmake_args': None, 'cmake_clean_cache': False, 'cmake_clean_first': False, 'cmake_force_configure': False, 'cmake_target': None, 'cmake_target_skip_unavailable': False, 'install_base': '/home/pi/ros2_ws/install/jsc_mecanum_control', 'merge_install': False, 'path': '/home/pi/ros2_ws/src/jsc_mecanum_control', 'symlink_install': False, 'test_result_base': None}
[2.792s] Level 5:colcon.colcon_core.verb:set package 'jsc_mecanum_controller' build argument 'cmake_args' from command line to 'None'
[2.793s] Level 5:colcon.colcon_core.verb:set package 'jsc_mecanum_controller' build argument 'cmake_target' from command line to 'None'
[2.793s] Level 5:colcon.colcon_core.verb:set package 'jsc_mecanum_controller' build argument 'cmake_target_skip_unavailable' from command line to 'False'
[2.793s] Level 5:colcon.colcon_core.verb:set package 'jsc_mecanum_controller' build argument 'cmake_clean_cache' from command line to 'False'
[2.793s] Level 5:colcon.colcon_core.verb:set package 'jsc_mecanum_controller' build argument 'cmake_clean_first' from command line to 'False'
[2.793s] Level 5:colcon.colcon_core.verb:set package 'jsc_mecanum_controller' build argument 'cmake_force_configure' from command line to 'False'
[2.793s] Level 5:colcon.colcon_core.verb:set package 'jsc_mecanum_controller' build argument 'ament_cmake_args' from command line to 'None'
[2.794s] Level 5:colcon.colcon_core.verb:set package 'jsc_mecanum_controller' build argument 'catkin_cmake_args' from command line to 'None'
[2.794s] Level 5:colcon.colcon_core.verb:set package 'jsc_mecanum_controller' build argument 'catkin_skip_building_tests' from command line to 'False'
[2.794s] DEBUG:colcon.colcon_core.verb:Building package 'jsc_mecanum_controller' with the following arguments: {'ament_cmake_args': None, 'build_base': '/home/pi/ros2_ws/build/jsc_mecanum_controller', 'catkin_cmake_args': None, 'catkin_skip_building_tests': False, 'cmake_args': None, 'cmake_clean_cache': False, 'cmake_clean_first': False, 'cmake_force_configure': False, 'cmake_target': None, 'cmake_target_skip_unavailable': False, 'install_base': '/home/pi/ros2_ws/install/jsc_mecanum_controller', 'merge_install': False, 'path': '/home/pi/ros2_ws/src/jsc_mecanum_controller', 'symlink_install': False, 'test_result_base': None}
[2.795s] Level 5:colcon.colcon_core.verb:set package 'jsc_mecanum_description' build argument 'cmake_args' from command line to 'None'
[2.796s] Level 5:colcon.colcon_core.verb:set package 'jsc_mecanum_description' build argument 'cmake_target' from command line to 'None'
[2.796s] Level 5:colcon.colcon_core.verb:set package 'jsc_mecanum_description' build argument 'cmake_target_skip_unavailable' from command line to 'False'
[2.796s] Level 5:colcon.colcon_core.verb:set package 'jsc_mecanum_description' build argument 'cmake_clean_cache' from command line to 'False'
[2.796s] Level 5:colcon.colcon_core.verb:set package 'jsc_mecanum_description' build argument 'cmake_clean_first' from command line to 'False'
[2.796s] Level 5:colcon.colcon_core.verb:set package 'jsc_mecanum_description' build argument 'cmake_force_configure' from command line to 'False'
[2.796s] Level 5:colcon.colcon_core.verb:set package 'jsc_mecanum_description' build argument 'ament_cmake_args' from command line to 'None'
[2.796s] Level 5:colcon.colcon_core.verb:set package 'jsc_mecanum_description' build argument 'catkin_cmake_args' from command line to 'None'
[2.797s] Level 5:colcon.colcon_core.verb:set package 'jsc_mecanum_description' build argument 'catkin_skip_building_tests' from command line to 'False'
[2.797s] DEBUG:colcon.colcon_core.verb:Building package 'jsc_mecanum_description' with the following arguments: {'ament_cmake_args': None, 'build_base': '/home/pi/ros2_ws/build/jsc_mecanum_description', 'catkin_cmake_args': None, 'catkin_skip_building_tests': False, 'cmake_args': None, 'cmake_clean_cache': False, 'cmake_clean_first': False, 'cmake_force_configure': False, 'cmake_target': None, 'cmake_target_skip_unavailable': False, 'install_base': '/home/pi/ros2_ws/install/jsc_mecanum_description', 'merge_install': False, 'path': '/home/pi/ros2_ws/src/jsc_mecanum_description', 'symlink_install': False, 'test_result_base': None}
[2.798s] Level 5:colcon.colcon_core.verb:set package 'jsc_mecanum_hardware' build argument 'cmake_args' from command line to 'None'
[2.799s] Level 5:colcon.colcon_core.verb:set package 'jsc_mecanum_hardware' build argument 'cmake_target' from command line to 'None'
[2.799s] Level 5:colcon.colcon_core.verb:set package 'jsc_mecanum_hardware' build argument 'cmake_target_skip_unavailable' from command line to 'False'
[2.799s] Level 5:colcon.colcon_core.verb:set package 'jsc_mecanum_hardware' build argument 'cmake_clean_cache' from command line to 'False'
[2.799s] Level 5:colcon.colcon_core.verb:set package 'jsc_mecanum_hardware' build argument 'cmake_clean_first' from command line to 'False'
[2.799s] Level 5:colcon.colcon_core.verb:set package 'jsc_mecanum_hardware' build argument 'cmake_force_configure' from command line to 'False'
[2.799s] Level 5:colcon.colcon_core.verb:set package 'jsc_mecanum_hardware' build argument 'ament_cmake_args' from command line to 'None'
[2.799s] Level 5:colcon.colcon_core.verb:set package 'jsc_mecanum_hardware' build argument 'catkin_cmake_args' from command line to 'None'
[2.799s] Level 5:colcon.colcon_core.verb:set package 'jsc_mecanum_hardware' build argument 'catkin_skip_building_tests' from command line to 'False'
[2.800s] DEBUG:colcon.colcon_core.verb:Building package 'jsc_mecanum_hardware' with the following arguments: {'ament_cmake_args': None, 'build_base': '/home/pi/ros2_ws/build/jsc_mecanum_hardware', 'catkin_cmake_args': None, 'catkin_skip_building_tests': False, 'cmake_args': None, 'cmake_clean_cache': False, 'cmake_clean_first': False, 'cmake_force_configure': False, 'cmake_target': None, 'cmake_target_skip_unavailable': False, 'install_base': '/home/pi/ros2_ws/install/jsc_mecanum_hardware', 'merge_install': False, 'path': '/home/pi/ros2_ws/src/jsc_mecanum_hardware', 'symlink_install': False, 'test_result_base': None}
[2.801s] Level 5:colcon.colcon_core.verb:set package 'jsc_mecanum_teleop' build argument 'cmake_args' from command line to 'None'
[2.802s] Level 5:colcon.colcon_core.verb:set package 'jsc_mecanum_teleop' build argument 'cmake_target' from command line to 'None'
[2.802s] Level 5:colcon.colcon_core.verb:set package 'jsc_mecanum_teleop' build argument 'cmake_target_skip_unavailable' from command line to 'False'
[2.802s] Level 5:colcon.colcon_core.verb:set package 'jsc_mecanum_teleop' build argument 'cmake_clean_cache' from command line to 'False'
[2.802s] Level 5:colcon.colcon_core.verb:set package 'jsc_mecanum_teleop' build argument 'cmake_clean_first' from command line to 'False'
[2.802s] Level 5:colcon.colcon_core.verb:set package 'jsc_mecanum_teleop' build argument 'cmake_force_configure' from command line to 'False'
[2.802s] Level 5:colcon.colcon_core.verb:set package 'jsc_mecanum_teleop' build argument 'ament_cmake_args' from command line to 'None'
[2.802s] Level 5:colcon.colcon_core.verb:set package 'jsc_mecanum_teleop' build argument 'catkin_cmake_args' from command line to 'None'
[2.802s] Level 5:colcon.colcon_core.verb:set package 'jsc_mecanum_teleop' build argument 'catkin_skip_building_tests' from command line to 'False'
[2.803s] DEBUG:colcon.colcon_core.verb:Building package 'jsc_mecanum_teleop' with the following arguments: {'ament_cmake_args': None, 'build_base': '/home/pi/ros2_ws/build/jsc_mecanum_teleop', 'catkin_cmake_args': None, 'catkin_skip_building_tests': False, 'cmake_args': None, 'cmake_clean_cache': False, 'cmake_clean_first': False, 'cmake_force_configure': False, 'cmake_target': None, 'cmake_target_skip_unavailable': False, 'install_base': '/home/pi/ros2_ws/install/jsc_mecanum_teleop', 'merge_install': False, 'path': '/home/pi/ros2_ws/src/jsc_mecanum_teleop', 'symlink_install': False, 'test_result_base': None}
[2.804s] Level 5:colcon.colcon_core.verb:set package 'motor_gui_pkg' build argument 'cmake_args' from command line to 'None'
[2.804s] Level 5:colcon.colcon_core.verb:set package 'motor_gui_pkg' build argument 'cmake_target' from command line to 'None'
[2.804s] Level 5:colcon.colcon_core.verb:set package 'motor_gui_pkg' build argument 'cmake_target_skip_unavailable' from command line to 'False'
[2.805s] Level 5:colcon.colcon_core.verb:set package 'motor_gui_pkg' build argument 'cmake_clean_cache' from command line to 'False'
[2.805s] Level 5:colcon.colcon_core.verb:set package 'motor_gui_pkg' build argument 'cmake_clean_first' from command line to 'False'
[2.805s] Level 5:colcon.colcon_core.verb:set package 'motor_gui_pkg' build argument 'cmake_force_configure' from command line to 'False'
[2.805s] Level 5:colcon.colcon_core.verb:set package 'motor_gui_pkg' build argument 'ament_cmake_args' from command line to 'None'
[2.805s] Level 5:colcon.colcon_core.verb:set package 'motor_gui_pkg' build argument 'catkin_cmake_args' from command line to 'None'
[2.805s] Level 5:colcon.colcon_core.verb:set package 'motor_gui_pkg' build argument 'catkin_skip_building_tests' from command line to 'False'
[2.805s] DEBUG:colcon.colcon_core.verb:Building package 'motor_gui_pkg' with the following arguments: {'ament_cmake_args': None, 'build_base': '/home/pi/ros2_ws/build/motor_gui_pkg', 'catkin_cmake_args': None, 'catkin_skip_building_tests': False, 'cmake_args': None, 'cmake_clean_cache': False, 'cmake_clean_first': False, 'cmake_force_configure': False, 'cmake_target': None, 'cmake_target_skip_unavailable': False, 'install_base': '/home/pi/ros2_ws/install/motor_gui_pkg', 'merge_install': False, 'path': '/home/pi/ros2_ws/src/motor_gui_pkg', 'symlink_install': False, 'test_result_base': None}
[2.807s] Level 5:colcon.colcon_core.verb:set package 'robot_serial' build argument 'cmake_args' from command line to 'None'
[2.807s] Level 5:colcon.colcon_core.verb:set package 'robot_serial' build argument 'cmake_target' from command line to 'None'
[2.808s] Level 5:colcon.colcon_core.verb:set package 'robot_serial' build argument 'cmake_target_skip_unavailable' from command line to 'False'
[2.808s] Level 5:colcon.colcon_core.verb:set package 'robot_serial' build argument 'cmake_clean_cache' from command line to 'False'
[2.808s] Level 5:colcon.colcon_core.verb:set package 'robot_serial' build argument 'cmake_clean_first' from command line to 'False'
[2.808s] Level 5:colcon.colcon_core.verb:set package 'robot_serial' build argument 'cmake_force_configure' from command line to 'False'
[2.808s] Level 5:colcon.colcon_core.verb:set package 'robot_serial' build argument 'ament_cmake_args' from command line to 'None'
[2.808s] Level 5:colcon.colcon_core.verb:set package 'robot_serial' build argument 'catkin_cmake_args' from command line to 'None'
[2.808s] Level 5:colcon.colcon_core.verb:set package 'robot_serial' build argument 'catkin_skip_building_tests' from command line to 'False'
[2.808s] DEBUG:colcon.colcon_core.verb:Building package 'robot_serial' with the following arguments: {'ament_cmake_args': None, 'build_base': '/home/pi/ros2_ws/build/robot_serial', 'catkin_cmake_args': None, 'catkin_skip_building_tests': False, 'cmake_args': None, 'cmake_clean_cache': False, 'cmake_clean_first': False, 'cmake_force_configure': False, 'cmake_target': None, 'cmake_target_skip_unavailable': False, 'install_base': '/home/pi/ros2_ws/install/robot_serial', 'merge_install': False, 'path': '/home/pi/ros2_ws/src/robot_serial', 'symlink_install': False, 'test_result_base': None}
[2.810s] Level 5:colcon.colcon_core.verb:set package 'sllidar_ros2' build argument 'cmake_args' from command line to 'None'
[2.810s] Level 5:colcon.colcon_core.verb:set package 'sllidar_ros2' build argument 'cmake_target' from command line to 'None'
[2.810s] Level 5:colcon.colcon_core.verb:set package 'sllidar_ros2' build argument 'cmake_target_skip_unavailable' from command line to 'False'
[2.811s] Level 5:colcon.colcon_core.verb:set package 'sllidar_ros2' build argument 'cmake_clean_cache' from command line to 'False'
[2.811s] Level 5:colcon.colcon_core.verb:set package 'sllidar_ros2' build argument 'cmake_clean_first' from command line to 'False'
[2.811s] Level 5:colcon.colcon_core.verb:set package 'sllidar_ros2' build argument 'cmake_force_configure' from command line to 'False'
[2.811s] Level 5:colcon.colcon_core.verb:set package 'sllidar_ros2' build argument 'ament_cmake_args' from command line to 'None'
[2.811s] Level 5:colcon.colcon_core.verb:set package 'sllidar_ros2' build argument 'catkin_cmake_args' from command line to 'None'
[2.811s] Level 5:colcon.colcon_core.verb:set package 'sllidar_ros2' build argument 'catkin_skip_building_tests' from command line to 'False'
[2.811s] DEBUG:colcon.colcon_core.verb:Building package 'sllidar_ros2' with the following arguments: {'ament_cmake_args': None, 'build_base': '/home/pi/ros2_ws/build/sllidar_ros2', 'catkin_cmake_args': None, 'catkin_skip_building_tests': False, 'cmake_args': None, 'cmake_clean_cache': False, 'cmake_clean_first': False, 'cmake_force_configure': False, 'cmake_target': None, 'cmake_target_skip_unavailable': False, 'install_base': '/home/pi/ros2_ws/install/sllidar_ros2', 'merge_install': False, 'path': '/home/pi/ros2_ws/src/sllidar_ros2', 'symlink_install': False, 'test_result_base': None}
[2.813s] Level 5:colcon.colcon_core.verb:set package 'jsc_mecanum_bringup' build argument 'cmake_args' from command line to 'None'
[2.813s] Level 5:colcon.colcon_core.verb:set package 'jsc_mecanum_bringup' build argument 'cmake_target' from command line to 'None'
[2.813s] Level 5:colcon.colcon_core.verb:set package 'jsc_mecanum_bringup' build argument 'cmake_target_skip_unavailable' from command line to 'False'
[2.813s] Level 5:colcon.colcon_core.verb:set package 'jsc_mecanum_bringup' build argument 'cmake_clean_cache' from command line to 'False'
[2.814s] Level 5:colcon.colcon_core.verb:set package 'jsc_mecanum_bringup' build argument 'cmake_clean_first' from command line to 'False'
[2.814s] Level 5:colcon.colcon_core.verb:set package 'jsc_mecanum_bringup' build argument 'cmake_force_configure' from command line to 'False'
[2.814s] Level 5:colcon.colcon_core.verb:set package 'jsc_mecanum_bringup' build argument 'ament_cmake_args' from command line to 'None'
[2.814s] Level 5:colcon.colcon_core.verb:set package 'jsc_mecanum_bringup' build argument 'catkin_cmake_args' from command line to 'None'
[2.814s] Level 5:colcon.colcon_core.verb:set package 'jsc_mecanum_bringup' build argument 'catkin_skip_building_tests' from command line to 'False'
[2.814s] DEBUG:colcon.colcon_core.verb:Building package 'jsc_mecanum_bringup' with the following arguments: {'ament_cmake_args': None, 'build_base': '/home/pi/ros2_ws/build/jsc_mecanum_bringup', 'catkin_cmake_args': None, 'catkin_skip_building_tests': False, 'cmake_args': None, 'cmake_clean_cache': False, 'cmake_clean_first': False, 'cmake_force_configure': False, 'cmake_target': None, 'cmake_target_skip_unavailable': False, 'install_base': '/home/pi/ros2_ws/install/jsc_mecanum_bringup', 'merge_install': False, 'path': '/home/pi/ros2_ws/src/jsc_mecanum_bringup', 'symlink_install': False, 'test_result_base': None}
[2.815s] INFO:colcon.colcon_core.executor:Executing jobs using 'parallel' executor
[2.819s] DEBUG:colcon.colcon_parallel_executor.executor.parallel:run_until_complete
[2.820s] INFO:colcon.colcon_ros.task.ament_cmake.build:Building ROS package in '/home/pi/ros2_ws/src/jsc_mecanum_description' with build type 'ament_cmake'
[2.821s] INFO:colcon.colcon_cmake.task.cmake.build:Building CMake package in '/home/pi/ros2_ws/src/jsc_mecanum_description'
[2.840s] INFO:colcon.colcon_core.plugin_system:Skipping extension 'colcon_core.shell.bat': Not used on non-Windows systems
[2.842s] INFO:colcon.colcon_core.shell:Skip shell extension 'powershell' for command environment: Not usable outside of PowerShell
[2.842s] DEBUG:colcon.colcon_core.shell:Skip shell extension 'dsv' for command environment
[2.871s] INFO:colcon.colcon_ros.task.ament_cmake.build:Building ROS package in '/home/pi/ros2_ws/src/jsc_mecanum_control' with build type 'ament_cmake'
[2.872s] INFO:colcon.colcon_cmake.task.cmake.build:Building CMake package in '/home/pi/ros2_ws/src/jsc_mecanum_control'
[2.873s] INFO:colcon.colcon_core.shell:Skip shell extension 'powershell' for command environment: Not usable outside of PowerShell
[2.874s] DEBUG:colcon.colcon_core.shell:Skip shell extension 'dsv' for command environment
[2.902s] INFO:colcon.colcon_ros.task.ament_cmake.build:Building ROS package in '/home/pi/ros2_ws/src/jsc_mecanum_controller' with build type 'ament_cmake'
[2.903s] INFO:colcon.colcon_cmake.task.cmake.build:Building CMake package in '/home/pi/ros2_ws/src/jsc_mecanum_controller'
[2.904s] INFO:colcon.colcon_core.shell:Skip shell extension 'powershell' for command environment: Not usable outside of PowerShell
[2.905s] DEBUG:colcon.colcon_core.shell:Skip shell extension 'dsv' for command environment
[2.933s] INFO:colcon.colcon_ros.task.ament_cmake.build:Building ROS package in '/home/pi/ros2_ws/src/jsc_mecanum_hardware' with build type 'ament_cmake'
[2.934s] INFO:colcon.colcon_cmake.task.cmake.build:Building CMake package in '/home/pi/ros2_ws/src/jsc_mecanum_hardware'
[2.936s] INFO:colcon.colcon_core.shell:Skip shell extension 'powershell' for command environment: Not usable outside of PowerShell
[2.936s] DEBUG:colcon.colcon_core.shell:Skip shell extension 'dsv' for command environment
[2.988s] DEBUG:colcon.colcon_core.event_handler.log_command:Invoking command in '/home/pi/ros2_ws/build/jsc_mecanum_description': CMAKE_PREFIX_PATH=${CMAKE_PREFIX_PATH}:/home/pi/ros2_ws/install/robot_serial:/home/pi/ros2_ws/install/motor_gui_pkg:/opt/ros/humble /usr/bin/cmake --build /home/pi/ros2_ws/build/jsc_mecanum_description -- -j4 -l4
[3.021s] DEBUG:colcon.colcon_core.event_handler.log_command:Invoking command in '/home/pi/ros2_ws/build/jsc_mecanum_control': CMAKE_PREFIX_PATH=${CMAKE_PREFIX_PATH}:/home/pi/ros2_ws/install/robot_serial:/home/pi/ros2_ws/install/motor_gui_pkg:/opt/ros/humble /usr/bin/cmake --build /home/pi/ros2_ws/build/jsc_mecanum_control -- -j4 -l4
[3.045s] DEBUG:colcon.colcon_core.event_handler.log_command:Invoking command in '/home/pi/ros2_ws/build/jsc_mecanum_controller': CMAKE_PREFIX_PATH=${CMAKE_PREFIX_PATH}:/home/pi/ros2_ws/install/robot_serial:/home/pi/ros2_ws/install/motor_gui_pkg:/opt/ros/humble /usr/bin/cmake --build /home/pi/ros2_ws/build/jsc_mecanum_controller -- -j4 -l4
[3.095s] DEBUG:colcon.colcon_core.event_handler.log_command:Invoking command in '/home/pi/ros2_ws/build/jsc_mecanum_hardware': CMAKE_PREFIX_PATH=${CMAKE_PREFIX_PATH}:/home/pi/ros2_ws/install/robot_serial:/home/pi/ros2_ws/install/motor_gui_pkg:/opt/ros/humble /usr/bin/cmake --build /home/pi/ros2_ws/build/jsc_mecanum_hardware -- -j4 -l4
[3.287s] DEBUG:colcon.colcon_core.event_handler.log_command:Invoked command in '/home/pi/ros2_ws/build/jsc_mecanum_description' returned '0': CMAKE_PREFIX_PATH=${CMAKE_PREFIX_PATH}:/home/pi/ros2_ws/install/robot_serial:/home/pi/ros2_ws/install/motor_gui_pkg:/opt/ros/humble /usr/bin/cmake --build /home/pi/ros2_ws/build/jsc_mecanum_description -- -j4 -l4
[3.488s] DEBUG:colcon.colcon_core.event_handler.log_command:Invoking command in '/home/pi/ros2_ws/build/jsc_mecanum_description': CMAKE_PREFIX_PATH=${CMAKE_PREFIX_PATH}:/home/pi/ros2_ws/install/robot_serial:/home/pi/ros2_ws/install/motor_gui_pkg:/opt/ros/humble /usr/bin/cmake --install /home/pi/ros2_ws/build/jsc_mecanum_description
[3.582s] Level 1:colcon.colcon_core.environment:create_environment_scripts_only(jsc_mecanum_description)
[3.622s] DEBUG:colcon.colcon_core.event_handler.log_command:Invoked command in '/home/pi/ros2_ws/build/jsc_mecanum_description' returned '0': CMAKE_PREFIX_PATH=${CMAKE_PREFIX_PATH}:/home/pi/ros2_ws/install/robot_serial:/home/pi/ros2_ws/install/motor_gui_pkg:/opt/ros/humble /usr/bin/cmake --install /home/pi/ros2_ws/build/jsc_mecanum_description
[3.640s] Level 1:colcon.colcon_core.environment:checking '/home/pi/ros2_ws/install/jsc_mecanum_description' for CMake module files
[3.648s] Level 1:colcon.colcon_core.environment:checking '/home/pi/ros2_ws/install/jsc_mecanum_description' for CMake config files
[3.653s] Level 1:colcon.colcon_core.shell:create_environment_hook('jsc_mecanum_description', 'cmake_prefix_path')
[3.654s] INFO:colcon.colcon_core.shell:Creating environment hook '/home/pi/ros2_ws/install/jsc_mecanum_description/share/jsc_mecanum_description/hook/cmake_prefix_path.ps1'
[3.661s] INFO:colcon.colcon_core.shell:Creating environment descriptor '/home/pi/ros2_ws/install/jsc_mecanum_description/share/jsc_mecanum_description/hook/cmake_prefix_path.dsv'
[3.666s] INFO:colcon.colcon_core.shell:Creating environment hook '/home/pi/ros2_ws/install/jsc_mecanum_description/share/jsc_mecanum_description/hook/cmake_prefix_path.sh'
[3.673s] Level 1:colcon.colcon_core.environment:checking '/home/pi/ros2_ws/install/jsc_mecanum_description/bin'
[3.674s] Level 1:colcon.colcon_core.environment:checking '/home/pi/ros2_ws/install/jsc_mecanum_description/lib/pkgconfig/jsc_mecanum_description.pc'
[3.675s] Level 1:colcon.colcon_core.environment:checking '/home/pi/ros2_ws/install/jsc_mecanum_description/lib/python3.10/site-packages'
[3.677s] Level 1:colcon.colcon_core.environment:checking '/home/pi/ros2_ws/install/jsc_mecanum_description/bin'
[3.679s] INFO:colcon.colcon_core.shell:Creating package script '/home/pi/ros2_ws/install/jsc_mecanum_description/share/jsc_mecanum_description/package.ps1'
[3.688s] INFO:colcon.colcon_core.shell:Creating package descriptor '/home/pi/ros2_ws/install/jsc_mecanum_description/share/jsc_mecanum_description/package.dsv'
[3.694s] INFO:colcon.colcon_core.shell:Creating package script '/home/pi/ros2_ws/install/jsc_mecanum_description/share/jsc_mecanum_description/package.sh'
[3.703s] INFO:colcon.colcon_core.shell:Creating package script '/home/pi/ros2_ws/install/jsc_mecanum_description/share/jsc_mecanum_description/package.bash'
[3.713s] INFO:colcon.colcon_core.shell:Creating package script '/home/pi/ros2_ws/install/jsc_mecanum_description/share/jsc_mecanum_description/package.zsh'
[3.720s] Level 1:colcon.colcon_core.environment:create_file_with_runtime_dependencies(/home/pi/ros2_ws/install/jsc_mecanum_description/share/colcon-core/packages/jsc_mecanum_description)
[3.736s] DEBUG:colcon.colcon_core.event_handler.log_command:Invoked command in '/home/pi/ros2_ws/build/jsc_mecanum_controller' returned '0': CMAKE_PREFIX_PATH=${CMAKE_PREFIX_PATH}:/home/pi/ros2_ws/install/robot_serial:/home/pi/ros2_ws/install/motor_gui_pkg:/opt/ros/humble /usr/bin/cmake --build /home/pi/ros2_ws/build/jsc_mecanum_controller -- -j4 -l4
[3.745s] DEBUG:colcon.colcon_core.event_handler.log_command:Invoked command in '/home/pi/ros2_ws/build/jsc_mecanum_control' returned '0': CMAKE_PREFIX_PATH=${CMAKE_PREFIX_PATH}:/home/pi/ros2_ws/install/robot_serial:/home/pi/ros2_ws/install/motor_gui_pkg:/opt/ros/humble /usr/bin/cmake --build /home/pi/ros2_ws/build/jsc_mecanum_control -- -j4 -l4
[3.898s] Level 1:colcon.colcon_core.environment:create_environment_scripts_only(jsc_mecanum_description)
[3.899s] Level 1:colcon.colcon_core.environment:checking '/home/pi/ros2_ws/install/jsc_mecanum_description' for CMake module files
[3.904s] Level 1:colcon.colcon_core.environment:checking '/home/pi/ros2_ws/install/jsc_mecanum_description' for CMake config files
[3.909s] Level 1:colcon.colcon_core.shell:create_environment_hook('jsc_mecanum_description', 'cmake_prefix_path')
[3.910s] INFO:colcon.colcon_core.shell:Creating environment hook '/home/pi/ros2_ws/install/jsc_mecanum_description/share/jsc_mecanum_description/hook/cmake_prefix_path.ps1'
[3.914s] INFO:colcon.colcon_core.shell:Creating environment descriptor '/home/pi/ros2_ws/install/jsc_mecanum_description/share/jsc_mecanum_description/hook/cmake_prefix_path.dsv'
[3.918s] INFO:colcon.colcon_core.shell:Creating environment hook '/home/pi/ros2_ws/install/jsc_mecanum_description/share/jsc_mecanum_description/hook/cmake_prefix_path.sh'
[3.926s] Level 1:colcon.colcon_core.environment:checking '/home/pi/ros2_ws/install/jsc_mecanum_description/bin'
[3.928s] Level 1:colcon.colcon_core.environment:checking '/home/pi/ros2_ws/install/jsc_mecanum_description/lib/pkgconfig/jsc_mecanum_description.pc'
[3.930s] Level 1:colcon.colcon_core.environment:checking '/home/pi/ros2_ws/install/jsc_mecanum_description/lib/python3.10/site-packages'
[3.932s] Level 1:colcon.colcon_core.environment:checking '/home/pi/ros2_ws/install/jsc_mecanum_description/bin'
[3.934s] INFO:colcon.colcon_core.shell:Creating package script '/home/pi/ros2_ws/install/jsc_mecanum_description/share/jsc_mecanum_description/package.ps1'
[3.950s] INFO:colcon.colcon_core.shell:Creating package descriptor '/home/pi/ros2_ws/install/jsc_mecanum_description/share/jsc_mecanum_description/package.dsv'
[3.954s] INFO:colcon.colcon_core.shell:Creating package script '/home/pi/ros2_ws/install/jsc_mecanum_description/share/jsc_mecanum_description/package.sh'
[3.966s] INFO:colcon.colcon_core.shell:Creating package script '/home/pi/ros2_ws/install/jsc_mecanum_description/share/jsc_mecanum_description/package.bash'
[3.969s] INFO:colcon.colcon_core.shell:Creating package script '/home/pi/ros2_ws/install/jsc_mecanum_description/share/jsc_mecanum_description/package.zsh'
[3.973s] Level 1:colcon.colcon_core.environment:create_file_with_runtime_dependencies(/home/pi/ros2_ws/install/jsc_mecanum_description/share/colcon-core/packages/jsc_mecanum_description)
[3.982s] INFO:colcon.colcon_ros.task.ament_cmake.build:Building ROS package in '/home/pi/ros2_ws/src/jsc_mecanum_teleop' with build type 'ament_cmake'
[3.984s] INFO:colcon.colcon_cmake.task.cmake.build:Building CMake package in '/home/pi/ros2_ws/src/jsc_mecanum_teleop'
[3.985s] INFO:colcon.colcon_core.shell:Skip shell extension 'powershell' for command environment: Not usable outside of PowerShell
[3.986s] DEBUG:colcon.colcon_core.shell:Skip shell extension 'dsv' for command environment
[4.024s] DEBUG:colcon.colcon_core.event_handler.log_command:Invoking command in '/home/pi/ros2_ws/build/jsc_mecanum_control': CMAKE_PREFIX_PATH=${CMAKE_PREFIX_PATH}:/home/pi/ros2_ws/install/robot_serial:/home/pi/ros2_ws/install/motor_gui_pkg:/opt/ros/humble /usr/bin/cmake --install /home/pi/ros2_ws/build/jsc_mecanum_control
[4.035s] DEBUG:colcon.colcon_core.event_handler.log_command:Invoking command in '/home/pi/ros2_ws/build/jsc_mecanum_controller': CMAKE_PREFIX_PATH=${CMAKE_PREFIX_PATH}:/home/pi/ros2_ws/install/robot_serial:/home/pi/ros2_ws/install/motor_gui_pkg:/opt/ros/humble /usr/bin/cmake --install /home/pi/ros2_ws/build/jsc_mecanum_controller
[4.102s] DEBUG:colcon.colcon_core.event_handler.log_command:Invoking command in '/home/pi/ros2_ws/build/jsc_mecanum_teleop': CMAKE_PREFIX_PATH=${CMAKE_PREFIX_PATH}:/home/pi/ros2_ws/install/robot_serial:/home/pi/ros2_ws/install/motor_gui_pkg:/opt/ros/humble /usr/bin/cmake --build /home/pi/ros2_ws/build/jsc_mecanum_teleop -- -j4 -l4
[4.107s] Level 1:colcon.colcon_core.environment:create_environment_scripts_only(jsc_mecanum_control)
[4.108s] Level 1:colcon.colcon_core.environment:checking '/home/pi/ros2_ws/install/jsc_mecanum_control' for CMake module files
[4.112s] Level 1:colcon.colcon_core.environment:checking '/home/pi/ros2_ws/install/jsc_mecanum_control' for CMake config files
[4.137s] DEBUG:colcon.colcon_core.event_handler.log_command:Invoked command in '/home/pi/ros2_ws/build/jsc_mecanum_control' returned '0': CMAKE_PREFIX_PATH=${CMAKE_PREFIX_PATH}:/home/pi/ros2_ws/install/robot_serial:/home/pi/ros2_ws/install/motor_gui_pkg:/opt/ros/humble /usr/bin/cmake --install /home/pi/ros2_ws/build/jsc_mecanum_control
[4.142s] Level 1:colcon.colcon_core.shell:create_environment_hook('jsc_mecanum_control', 'cmake_prefix_path')
[4.143s] INFO:colcon.colcon_core.shell:Creating environment hook '/home/pi/ros2_ws/install/jsc_mecanum_control/share/jsc_mecanum_control/hook/cmake_prefix_path.ps1'
[4.146s] INFO:colcon.colcon_core.shell:Creating environment descriptor '/home/pi/ros2_ws/install/jsc_mecanum_control/share/jsc_mecanum_control/hook/cmake_prefix_path.dsv'
[4.148s] INFO:colcon.colcon_core.shell:Creating environment hook '/home/pi/ros2_ws/install/jsc_mecanum_control/share/jsc_mecanum_control/hook/cmake_prefix_path.sh'
[4.152s] Level 1:colcon.colcon_core.environment:checking '/home/pi/ros2_ws/install/jsc_mecanum_control/lib'
[4.153s] Level 1:colcon.colcon_core.environment:checking '/home/pi/ros2_ws/install/jsc_mecanum_control/bin'
[4.153s] Level 1:colcon.colcon_core.environment:checking '/home/pi/ros2_ws/install/jsc_mecanum_control/lib/pkgconfig/jsc_mecanum_control.pc'
[4.155s] Level 1:colcon.colcon_core.environment:checking '/home/pi/ros2_ws/install/jsc_mecanum_control/lib/python3.10/site-packages'
[4.156s] Level 1:colcon.colcon_core.environment:checking '/home/pi/ros2_ws/install/jsc_mecanum_control/bin'
[4.158s] INFO:colcon.colcon_core.shell:Creating package script '/home/pi/ros2_ws/install/jsc_mecanum_control/share/jsc_mecanum_control/package.ps1'
[4.160s] INFO:colcon.colcon_core.shell:Creating package descriptor '/home/pi/ros2_ws/install/jsc_mecanum_control/share/jsc_mecanum_control/package.dsv'
[4.163s] INFO:colcon.colcon_core.shell:Creating package script '/home/pi/ros2_ws/install/jsc_mecanum_control/share/jsc_mecanum_control/package.sh'
[4.261s] INFO:colcon.colcon_core.shell:Creating package script '/home/pi/ros2_ws/install/jsc_mecanum_control/share/jsc_mecanum_control/package.bash'
[4.265s] INFO:colcon.colcon_core.shell:Creating package script '/home/pi/ros2_ws/install/jsc_mecanum_control/share/jsc_mecanum_control/package.zsh'
[4.267s] Level 1:colcon.colcon_core.environment:create_file_with_runtime_dependencies(/home/pi/ros2_ws/install/jsc_mecanum_control/share/colcon-core/packages/jsc_mecanum_control)
[4.313s] Level 1:colcon.colcon_core.environment:create_environment_scripts_only(jsc_mecanum_controller)
[4.315s] DEBUG:colcon.colcon_core.event_handler.log_command:Invoked command in '/home/pi/ros2_ws/build/jsc_mecanum_controller' returned '0': CMAKE_PREFIX_PATH=${CMAKE_PREFIX_PATH}:/home/pi/ros2_ws/install/robot_serial:/home/pi/ros2_ws/install/motor_gui_pkg:/opt/ros/humble /usr/bin/cmake --install /home/pi/ros2_ws/build/jsc_mecanum_controller
[4.322s] Level 1:colcon.colcon_core.environment:checking '/home/pi/ros2_ws/install/jsc_mecanum_controller' for CMake module files
[4.341s] Level 1:colcon.colcon_core.environment:checking '/home/pi/ros2_ws/install/jsc_mecanum_controller' for CMake config files
[4.348s] Level 1:colcon.colcon_core.shell:create_environment_hook('jsc_mecanum_controller', 'cmake_prefix_path')
[4.359s] INFO:colcon.colcon_core.shell:Creating environment hook '/home/pi/ros2_ws/install/jsc_mecanum_controller/share/jsc_mecanum_controller/hook/cmake_prefix_path.ps1'
[4.363s] INFO:colcon.colcon_core.shell:Creating environment descriptor '/home/pi/ros2_ws/install/jsc_mecanum_controller/share/jsc_mecanum_controller/hook/cmake_prefix_path.dsv'
[4.376s] INFO:colcon.colcon_core.shell:Creating environment hook '/home/pi/ros2_ws/install/jsc_mecanum_controller/share/jsc_mecanum_controller/hook/cmake_prefix_path.sh'
[4.383s] Level 1:colcon.colcon_core.environment:checking '/home/pi/ros2_ws/install/jsc_mecanum_controller/lib'
[4.384s] Level 1:colcon.colcon_core.shell:create_environment_hook('jsc_mecanum_controller', 'ld_library_path_lib')
[4.387s] INFO:colcon.colcon_core.shell:Creating environment hook '/home/pi/ros2_ws/install/jsc_mecanum_controller/share/jsc_mecanum_controller/hook/ld_library_path_lib.ps1'
[4.391s] INFO:colcon.colcon_core.shell:Creating environment descriptor '/home/pi/ros2_ws/install/jsc_mecanum_controller/share/jsc_mecanum_controller/hook/ld_library_path_lib.dsv'
[4.395s] INFO:colcon.colcon_core.shell:Creating environment hook '/home/pi/ros2_ws/install/jsc_mecanum_controller/share/jsc_mecanum_controller/hook/ld_library_path_lib.sh'
[4.399s] Level 1:colcon.colcon_core.environment:checking '/home/pi/ros2_ws/install/jsc_mecanum_controller/bin'
[4.401s] Level 1:colcon.colcon_core.environment:checking '/home/pi/ros2_ws/install/jsc_mecanum_controller/lib/pkgconfig/jsc_mecanum_controller.pc'
[4.402s] Level 1:colcon.colcon_core.environment:checking '/home/pi/ros2_ws/install/jsc_mecanum_controller/lib/python3.10/site-packages'
[4.404s] Level 1:colcon.colcon_core.environment:checking '/home/pi/ros2_ws/install/jsc_mecanum_controller/bin'
[4.409s] INFO:colcon.colcon_core.shell:Creating package script '/home/pi/ros2_ws/install/jsc_mecanum_controller/share/jsc_mecanum_controller/package.ps1'
[4.413s] INFO:colcon.colcon_core.shell:Creating package descriptor '/home/pi/ros2_ws/install/jsc_mecanum_controller/share/jsc_mecanum_controller/package.dsv'
[4.418s] INFO:colcon.colcon_core.shell:Creating package script '/home/pi/ros2_ws/install/jsc_mecanum_controller/share/jsc_mecanum_controller/package.sh'
[4.429s] INFO:colcon.colcon_core.shell:Creating package script '/home/pi/ros2_ws/install/jsc_mecanum_controller/share/jsc_mecanum_controller/package.bash'
[4.433s] INFO:colcon.colcon_core.shell:Creating package script '/home/pi/ros2_ws/install/jsc_mecanum_controller/share/jsc_mecanum_controller/package.zsh'
[4.437s] Level 1:colcon.colcon_core.environment:create_file_with_runtime_dependencies(/home/pi/ros2_ws/install/jsc_mecanum_controller/share/colcon-core/packages/jsc_mecanum_controller)
[4.674s] Level 1:colcon.colcon_core.environment:create_environment_scripts_only(jsc_mecanum_control)
[4.676s] Level 1:colcon.colcon_core.environment:checking '/home/pi/ros2_ws/install/jsc_mecanum_control' for CMake module files
[4.680s] Level 1:colcon.colcon_core.environment:checking '/home/pi/ros2_ws/install/jsc_mecanum_control' for CMake config files
[4.683s] Level 1:colcon.colcon_core.shell:create_environment_hook('jsc_mecanum_control', 'cmake_prefix_path')
[4.685s] INFO:colcon.colcon_core.shell:Creating environment hook '/home/pi/ros2_ws/install/jsc_mecanum_control/share/jsc_mecanum_control/hook/cmake_prefix_path.ps1'
[4.696s] INFO:colcon.colcon_core.shell:Creating environment descriptor '/home/pi/ros2_ws/install/jsc_mecanum_control/share/jsc_mecanum_control/hook/cmake_prefix_path.dsv'
[4.698s] INFO:colcon.colcon_core.shell:Creating environment hook '/home/pi/ros2_ws/install/jsc_mecanum_control/share/jsc_mecanum_control/hook/cmake_prefix_path.sh'
[4.709s] Level 1:colcon.colcon_core.environment:checking '/home/pi/ros2_ws/install/jsc_mecanum_control/lib'
[4.710s] Level 1:colcon.colcon_core.environment:checking '/home/pi/ros2_ws/install/jsc_mecanum_control/bin'
[4.711s] Level 1:colcon.colcon_core.environment:checking '/home/pi/ros2_ws/install/jsc_mecanum_control/lib/pkgconfig/jsc_mecanum_control.pc'
[4.712s] Level 1:colcon.colcon_core.environment:checking '/home/pi/ros2_ws/install/jsc_mecanum_control/lib/python3.10/site-packages'
[4.714s] Level 1:colcon.colcon_core.environment:checking '/home/pi/ros2_ws/install/jsc_mecanum_control/bin'
[4.715s] INFO:colcon.colcon_core.shell:Creating package script '/home/pi/ros2_ws/install/jsc_mecanum_control/share/jsc_mecanum_control/package.ps1'
[4.719s] INFO:colcon.colcon_core.shell:Creating package descriptor '/home/pi/ros2_ws/install/jsc_mecanum_control/share/jsc_mecanum_control/package.dsv'
[4.722s] INFO:colcon.colcon_core.shell:Creating package script '/home/pi/ros2_ws/install/jsc_mecanum_control/share/jsc_mecanum_control/package.sh'
[4.725s] INFO:colcon.colcon_core.shell:Creating package script '/home/pi/ros2_ws/install/jsc_mecanum_control/share/jsc_mecanum_control/package.bash'
[4.732s] INFO:colcon.colcon_core.shell:Creating package script '/home/pi/ros2_ws/install/jsc_mecanum_control/share/jsc_mecanum_control/package.zsh'
[4.736s] Level 1:colcon.colcon_core.environment:create_file_with_runtime_dependencies(/home/pi/ros2_ws/install/jsc_mecanum_control/share/colcon-core/packages/jsc_mecanum_control)
[4.743s] INFO:colcon.colcon_ros.task.ament_python.build:Building ROS package in '/home/pi/ros2_ws/src/motor_gui_pkg' with build type 'ament_python'
[4.745s] Level 1:colcon.colcon_core.shell:create_environment_hook('motor_gui_pkg', 'ament_prefix_path')
[4.747s] INFO:colcon.colcon_core.shell:Creating environment hook '/home/pi/ros2_ws/install/motor_gui_pkg/share/motor_gui_pkg/hook/ament_prefix_path.ps1'
[4.750s] INFO:colcon.colcon_core.shell:Creating environment descriptor '/home/pi/ros2_ws/install/motor_gui_pkg/share/motor_gui_pkg/hook/ament_prefix_path.dsv'
[4.752s] INFO:colcon.colcon_core.shell:Creating environment hook '/home/pi/ros2_ws/install/motor_gui_pkg/share/motor_gui_pkg/hook/ament_prefix_path.sh'
[4.765s] INFO:colcon.colcon_core.shell:Skip shell extension 'powershell' for command environment: Not usable outside of PowerShell
[4.770s] DEBUG:colcon.colcon_core.shell:Skip shell extension 'dsv' for command environment
[4.818s] DEBUG:colcon.colcon_core.event_handler.log_command:Invoked command in '/home/pi/ros2_ws/build/jsc_mecanum_teleop' returned '0': CMAKE_PREFIX_PATH=${CMAKE_PREFIX_PATH}:/home/pi/ros2_ws/install/robot_serial:/home/pi/ros2_ws/install/motor_gui_pkg:/opt/ros/humble /usr/bin/cmake --build /home/pi/ros2_ws/build/jsc_mecanum_teleop -- -j4 -l4
[6.527s] INFO:colcon.colcon_core.task.python.build:Building Python package in '/home/pi/ros2_ws/src/motor_gui_pkg'
[6.529s] INFO:colcon.colcon_core.shell:Skip shell extension 'powershell' for command environment: Not usable outside of PowerShell
[6.529s] DEBUG:colcon.colcon_core.shell:Skip shell extension 'dsv' for command environment
[6.563s] Level 1:colcon.colcon_core.environment:create_environment_scripts_only(jsc_mecanum_controller)
[6.565s] Level 1:colcon.colcon_core.environment:checking '/home/pi/ros2_ws/install/jsc_mecanum_controller' for CMake module files
[6.569s] Level 1:colcon.colcon_core.environment:checking '/home/pi/ros2_ws/install/jsc_mecanum_controller' for CMake config files
[6.571s] Level 1:colcon.colcon_core.shell:create_environment_hook('jsc_mecanum_controller', 'cmake_prefix_path')
[6.573s] INFO:colcon.colcon_core.shell:Creating environment hook '/home/pi/ros2_ws/install/jsc_mecanum_controller/share/jsc_mecanum_controller/hook/cmake_prefix_path.ps1'
[6.575s] INFO:colcon.colcon_core.shell:Creating environment descriptor '/home/pi/ros2_ws/install/jsc_mecanum_controller/share/jsc_mecanum_controller/hook/cmake_prefix_path.dsv'
[6.578s] INFO:colcon.colcon_core.shell:Creating environment hook '/home/pi/ros2_ws/install/jsc_mecanum_controller/share/jsc_mecanum_controller/hook/cmake_prefix_path.sh'
[6.581s] Level 1:colcon.colcon_core.environment:checking '/home/pi/ros2_ws/install/jsc_mecanum_controller/lib'
[6.582s] Level 1:colcon.colcon_core.shell:create_environment_hook('jsc_mecanum_controller', 'ld_library_path_lib')
[6.583s] INFO:colcon.colcon_core.shell:Creating environment hook '/home/pi/ros2_ws/install/jsc_mecanum_controller/share/jsc_mecanum_controller/hook/ld_library_path_lib.ps1'
[6.586s] INFO:colcon.colcon_core.shell:Creating environment descriptor '/home/pi/ros2_ws/install/jsc_mecanum_controller/share/jsc_mecanum_controller/hook/ld_library_path_lib.dsv'
[6.588s] INFO:colcon.colcon_core.shell:Creating environment hook '/home/pi/ros2_ws/install/jsc_mecanum_controller/share/jsc_mecanum_controller/hook/ld_library_path_lib.sh'
[6.590s] Level 1:colcon.colcon_core.environment:checking '/home/pi/ros2_ws/install/jsc_mecanum_controller/bin'
[6.590s] Level 1:colcon.colcon_core.environment:checking '/home/pi/ros2_ws/install/jsc_mecanum_controller/lib/pkgconfig/jsc_mecanum_controller.pc'
[6.591s] Level 1:colcon.colcon_core.environment:checking '/home/pi/ros2_ws/install/jsc_mecanum_controller/lib/python3.10/site-packages'
[6.592s] Level 1:colcon.colcon_core.environment:checking '/home/pi/ros2_ws/install/jsc_mecanum_controller/bin'
[6.594s] INFO:colcon.colcon_core.shell:Creating package script '/home/pi/ros2_ws/install/jsc_mecanum_controller/share/jsc_mecanum_controller/package.ps1'
[6.598s] INFO:colcon.colcon_core.shell:Creating package descriptor '/home/pi/ros2_ws/install/jsc_mecanum_controller/share/jsc_mecanum_controller/package.dsv'
[6.601s] INFO:colcon.colcon_core.shell:Creating package script '/home/pi/ros2_ws/install/jsc_mecanum_controller/share/jsc_mecanum_controller/package.sh'
[6.604s] INFO:colcon.colcon_core.shell:Creating package script '/home/pi/ros2_ws/install/jsc_mecanum_controller/share/jsc_mecanum_controller/package.bash'
[6.606s] INFO:colcon.colcon_core.shell:Creating package script '/home/pi/ros2_ws/install/jsc_mecanum_controller/share/jsc_mecanum_controller/package.zsh'
[6.608s] Level 1:colcon.colcon_core.environment:create_file_with_runtime_dependencies(/home/pi/ros2_ws/install/jsc_mecanum_controller/share/colcon-core/packages/jsc_mecanum_controller)
[6.621s] INFO:colcon.colcon_ros.task.ament_python.build:Building ROS package in '/home/pi/ros2_ws/src/robot_serial' with build type 'ament_python'
[6.624s] Level 1:colcon.colcon_core.shell:create_environment_hook('robot_serial', 'ament_prefix_path')
[6.623s] DEBUG:colcon.colcon_core.event_handler.log_command:Invoking command in '/home/pi/ros2_ws/build/jsc_mecanum_teleop': CMAKE_PREFIX_PATH=${CMAKE_PREFIX_PATH}:/home/pi/ros2_ws/install/robot_serial:/home/pi/ros2_ws/install/motor_gui_pkg:/opt/ros/humble /usr/bin/cmake --install /home/pi/ros2_ws/build/jsc_mecanum_teleop
[6.625s] INFO:colcon.colcon_core.shell:Creating environment hook '/home/pi/ros2_ws/install/robot_serial/share/robot_serial/hook/ament_prefix_path.ps1'
[6.630s] INFO:colcon.colcon_core.shell:Creating environment descriptor '/home/pi/ros2_ws/install/robot_serial/share/robot_serial/hook/ament_prefix_path.dsv'
[6.634s] INFO:colcon.colcon_core.shell:Creating environment hook '/home/pi/ros2_ws/install/robot_serial/share/robot_serial/hook/ament_prefix_path.sh'
[6.638s] INFO:colcon.colcon_core.shell:Skip shell extension 'powershell' for command environment: Not usable outside of PowerShell
[6.638s] DEBUG:colcon.colcon_core.shell:Skip shell extension 'dsv' for command environment
[6.722s] Level 1:colcon.colcon_core.environment:create_environment_scripts_only(jsc_mecanum_teleop)
[6.724s] DEBUG:colcon.colcon_core.event_handler.log_command:Invoked command in '/home/pi/ros2_ws/build/jsc_mecanum_teleop' returned '0': CMAKE_PREFIX_PATH=${CMAKE_PREFIX_PATH}:/home/pi/ros2_ws/install/robot_serial:/home/pi/ros2_ws/install/motor_gui_pkg:/opt/ros/humble /usr/bin/cmake --install /home/pi/ros2_ws/build/jsc_mecanum_teleop
[6.727s] Level 1:colcon.colcon_core.environment:checking '/home/pi/ros2_ws/install/jsc_mecanum_teleop' for CMake module files
[6.733s] Level 1:colcon.colcon_core.environment:checking '/home/pi/ros2_ws/install/jsc_mecanum_teleop' for CMake config files
[6.736s] Level 1:colcon.colcon_core.shell:create_environment_hook('jsc_mecanum_teleop', 'cmake_prefix_path')
[6.738s] INFO:colcon.colcon_core.shell:Creating environment hook '/home/pi/ros2_ws/install/jsc_mecanum_teleop/share/jsc_mecanum_teleop/hook/cmake_prefix_path.ps1'
[6.740s] INFO:colcon.colcon_core.shell:Creating environment descriptor '/home/pi/ros2_ws/install/jsc_mecanum_teleop/share/jsc_mecanum_teleop/hook/cmake_prefix_path.dsv'
[6.743s] INFO:colcon.colcon_core.shell:Creating environment hook '/home/pi/ros2_ws/install/jsc_mecanum_teleop/share/jsc_mecanum_teleop/hook/cmake_prefix_path.sh'
[6.746s] Level 1:colcon.colcon_core.environment:checking '/home/pi/ros2_ws/install/jsc_mecanum_teleop/lib'
[6.747s] Level 1:colcon.colcon_core.environment:checking '/home/pi/ros2_ws/install/jsc_mecanum_teleop/bin'
[6.748s] Level 1:colcon.colcon_core.environment:checking '/home/pi/ros2_ws/install/jsc_mecanum_teleop/lib/pkgconfig/jsc_mecanum_teleop.pc'
[6.750s] Level 1:colcon.colcon_core.environment:checking '/home/pi/ros2_ws/install/jsc_mecanum_teleop/lib/python3.10/site-packages'
[6.752s] Level 1:colcon.colcon_core.environment:checking '/home/pi/ros2_ws/install/jsc_mecanum_teleop/bin'
[6.754s] INFO:colcon.colcon_core.shell:Creating package script '/home/pi/ros2_ws/install/jsc_mecanum_teleop/share/jsc_mecanum_teleop/package.ps1'
[6.758s] INFO:colcon.colcon_core.shell:Creating package descriptor '/home/pi/ros2_ws/install/jsc_mecanum_teleop/share/jsc_mecanum_teleop/package.dsv'
[6.761s] INFO:colcon.colcon_core.shell:Creating package script '/home/pi/ros2_ws/install/jsc_mecanum_teleop/share/jsc_mecanum_teleop/package.sh'
[6.765s] INFO:colcon.colcon_core.shell:Creating package script '/home/pi/ros2_ws/install/jsc_mecanum_teleop/share/jsc_mecanum_teleop/package.bash'
[6.768s] INFO:colcon.colcon_core.shell:Creating package script '/home/pi/ros2_ws/install/jsc_mecanum_teleop/share/jsc_mecanum_teleop/package.zsh'
[6.772s] Level 1:colcon.colcon_core.environment:create_file_with_runtime_dependencies(/home/pi/ros2_ws/install/jsc_mecanum_teleop/share/colcon-core/packages/jsc_mecanum_teleop)
[8.897s] INFO:colcon.colcon_core.task.python.build:Building Python package in '/home/pi/ros2_ws/src/robot_serial'
[8.899s] INFO:colcon.colcon_core.shell:Skip shell extension 'powershell' for command environment: Not usable outside of PowerShell
[8.899s] DEBUG:colcon.colcon_core.shell:Skip shell extension 'dsv' for command environment
[8.945s] Level 1:colcon.colcon_core.environment:create_environment_scripts_only(jsc_mecanum_teleop)
[8.947s] Level 1:colcon.colcon_core.environment:checking '/home/pi/ros2_ws/install/jsc_mecanum_teleop' for CMake module files
[8.952s] Level 1:colcon.colcon_core.environment:checking '/home/pi/ros2_ws/install/jsc_mecanum_teleop' for CMake config files
[8.956s] Level 1:colcon.colcon_core.shell:create_environment_hook('jsc_mecanum_teleop', 'cmake_prefix_path')
[8.958s] INFO:colcon.colcon_core.shell:Creating environment hook '/home/pi/ros2_ws/install/jsc_mecanum_teleop/share/jsc_mecanum_teleop/hook/cmake_prefix_path.ps1'
[8.962s] INFO:colcon.colcon_core.shell:Creating environment descriptor '/home/pi/ros2_ws/install/jsc_mecanum_teleop/share/jsc_mecanum_teleop/hook/cmake_prefix_path.dsv'
[8.966s] INFO:colcon.colcon_core.shell:Creating environment hook '/home/pi/ros2_ws/install/jsc_mecanum_teleop/share/jsc_mecanum_teleop/hook/cmake_prefix_path.sh'
[8.972s] Level 1:colcon.colcon_core.environment:checking '/home/pi/ros2_ws/install/jsc_mecanum_teleop/lib'
[8.973s] Level 1:colcon.colcon_core.environment:checking '/home/pi/ros2_ws/install/jsc_mecanum_teleop/bin'
[8.973s] Level 1:colcon.colcon_core.environment:checking '/home/pi/ros2_ws/install/jsc_mecanum_teleop/lib/pkgconfig/jsc_mecanum_teleop.pc'
[8.975s] Level 1:colcon.colcon_core.environment:checking '/home/pi/ros2_ws/install/jsc_mecanum_teleop/lib/python3.10/site-packages'
[8.977s] Level 1:colcon.colcon_core.environment:checking '/home/pi/ros2_ws/install/jsc_mecanum_teleop/bin'
[8.980s] INFO:colcon.colcon_core.shell:Creating package script '/home/pi/ros2_ws/install/jsc_mecanum_teleop/share/jsc_mecanum_teleop/package.ps1'
[8.985s] INFO:colcon.colcon_core.shell:Creating package descriptor '/home/pi/ros2_ws/install/jsc_mecanum_teleop/share/jsc_mecanum_teleop/package.dsv'
[8.990s] INFO:colcon.colcon_core.shell:Creating package script '/home/pi/ros2_ws/install/jsc_mecanum_teleop/share/jsc_mecanum_teleop/package.sh'
[8.994s] INFO:colcon.colcon_core.shell:Creating package script '/home/pi/ros2_ws/install/jsc_mecanum_teleop/share/jsc_mecanum_teleop/package.bash'
[8.998s] INFO:colcon.colcon_core.shell:Creating package script '/home/pi/ros2_ws/install/jsc_mecanum_teleop/share/jsc_mecanum_teleop/package.zsh'
[9.002s] Level 1:colcon.colcon_core.environment:create_file_with_runtime_dependencies(/home/pi/ros2_ws/install/jsc_mecanum_teleop/share/colcon-core/packages/jsc_mecanum_teleop)
[9.017s] INFO:colcon.colcon_ros.task.ament_cmake.build:Building ROS package in '/home/pi/ros2_ws/src/sllidar_ros2' with build type 'ament_cmake'
[9.021s] INFO:colcon.colcon_cmake.task.cmake.build:Building CMake package in '/home/pi/ros2_ws/src/sllidar_ros2'
[9.023s] INFO:colcon.colcon_core.shell:Skip shell extension 'powershell' for command environment: Not usable outside of PowerShell
[9.026s] DEBUG:colcon.colcon_core.shell:Skip shell extension 'dsv' for command environment
[9.130s] DEBUG:colcon.colcon_core.event_handler.log_command:Invoking command in '/home/pi/ros2_ws/build/sllidar_ros2': CMAKE_PREFIX_PATH=${CMAKE_PREFIX_PATH}:/home/pi/ros2_ws/install/robot_serial:/home/pi/ros2_ws/install/motor_gui_pkg:/opt/ros/humble /usr/bin/cmake --build /home/pi/ros2_ws/build/sllidar_ros2 -- -j4 -l4
[10.071s] DEBUG:colcon.colcon_core.event_handler.log_command:Invoked command in '/home/pi/ros2_ws/build/sllidar_ros2' returned '0': CMAKE_PREFIX_PATH=${CMAKE_PREFIX_PATH}:/home/pi/ros2_ws/install/robot_serial:/home/pi/ros2_ws/install/motor_gui_pkg:/opt/ros/humble /usr/bin/cmake --build /home/pi/ros2_ws/build/sllidar_ros2 -- -j4 -l4
[10.659s] DEBUG:colcon.colcon_core.event_handler.log_command:Invoking command in '/home/pi/ros2_ws/build/sllidar_ros2': CMAKE_PREFIX_PATH=${CMAKE_PREFIX_PATH}:/home/pi/ros2_ws/install/robot_serial:/home/pi/ros2_ws/install/motor_gui_pkg:/opt/ros/humble /usr/bin/cmake --install /home/pi/ros2_ws/build/sllidar_ros2
[10.852s] Level 1:colcon.colcon_core.environment:create_environment_scripts_only(sllidar_ros2)
[10.854s] Level 1:colcon.colcon_core.environment:checking '/home/pi/ros2_ws/install/sllidar_ros2' for CMake module files
[10.860s] Level 1:colcon.colcon_core.environment:checking '/home/pi/ros2_ws/install/sllidar_ros2' for CMake config files
[10.862s] Level 1:colcon.colcon_core.shell:create_environment_hook('sllidar_ros2', 'cmake_prefix_path')
[10.863s] INFO:colcon.colcon_core.shell:Creating environment hook '/home/pi/ros2_ws/install/sllidar_ros2/share/sllidar_ros2/hook/cmake_prefix_path.ps1'
[10.877s] INFO:colcon.colcon_core.shell:Creating environment descriptor '/home/pi/ros2_ws/install/sllidar_ros2/share/sllidar_ros2/hook/cmake_prefix_path.dsv'
[10.883s] DEBUG:colcon.colcon_core.event_handler.log_command:Invoked command in '/home/pi/ros2_ws/build/sllidar_ros2' returned '0': CMAKE_PREFIX_PATH=${CMAKE_PREFIX_PATH}:/home/pi/ros2_ws/install/robot_serial:/home/pi/ros2_ws/install/motor_gui_pkg:/opt/ros/humble /usr/bin/cmake --install /home/pi/ros2_ws/build/sllidar_ros2
[10.884s] INFO:colcon.colcon_core.shell:Creating environment hook '/home/pi/ros2_ws/install/sllidar_ros2/share/sllidar_ros2/hook/cmake_prefix_path.sh'
[10.887s] Level 1:colcon.colcon_core.environment:checking '/home/pi/ros2_ws/install/sllidar_ros2/lib'
[10.888s] Level 1:colcon.colcon_core.environment:checking '/home/pi/ros2_ws/install/sllidar_ros2/bin'
[10.889s] Level 1:colcon.colcon_core.environment:checking '/home/pi/ros2_ws/install/sllidar_ros2/lib/pkgconfig/sllidar_ros2.pc'
[10.891s] Level 1:colcon.colcon_core.environment:checking '/home/pi/ros2_ws/install/sllidar_ros2/lib/python3.10/site-packages'
[10.892s] Level 1:colcon.colcon_core.environment:checking '/home/pi/ros2_ws/install/sllidar_ros2/bin'
[10.894s] INFO:colcon.colcon_core.shell:Creating package script '/home/pi/ros2_ws/install/sllidar_ros2/share/sllidar_ros2/package.ps1'
[10.898s] INFO:colcon.colcon_core.shell:Creating package descriptor '/home/pi/ros2_ws/install/sllidar_ros2/share/sllidar_ros2/package.dsv'
[10.902s] INFO:colcon.colcon_core.shell:Creating package script '/home/pi/ros2_ws/install/sllidar_ros2/share/sllidar_ros2/package.sh'
[10.904s] INFO:colcon.colcon_core.shell:Creating package script '/home/pi/ros2_ws/install/sllidar_ros2/share/sllidar_ros2/package.bash'
[10.907s] INFO:colcon.colcon_core.shell:Creating package script '/home/pi/ros2_ws/install/sllidar_ros2/share/sllidar_ros2/package.zsh'
[10.909s] Level 1:colcon.colcon_core.environment:create_file_with_runtime_dependencies(/home/pi/ros2_ws/install/sllidar_ros2/share/colcon-core/packages/sllidar_ros2)
[10.972s] DEBUG:colcon.colcon_core.event_handler.log_command:Invoking command in '/home/pi/ros2_ws/src/motor_gui_pkg': PYTHONPATH=/home/pi/ros2_ws/build/motor_gui_pkg/prefix_override:/home/pi/ros2_ws/install/motor_gui_pkg/lib/python3.10/site-packages:${PYTHONPATH} /usr/bin/python3 -W ignore:setup.py install is deprecated setup.py egg_info --egg-base ../../build/motor_gui_pkg build --build-base /home/pi/ros2_ws/build/motor_gui_pkg/build install --record /home/pi/ros2_ws/build/motor_gui_pkg/install.log --single-version-externally-managed install_data
[11.840s] Level 1:colcon.colcon_core.environment:create_environment_scripts_only(sllidar_ros2)
[11.842s] Level 1:colcon.colcon_core.environment:checking '/home/pi/ros2_ws/install/sllidar_ros2' for CMake module files
[11.846s] Level 1:colcon.colcon_core.environment:checking '/home/pi/ros2_ws/install/sllidar_ros2' for CMake config files
[11.849s] Level 1:colcon.colcon_core.shell:create_environment_hook('sllidar_ros2', 'cmake_prefix_path')
[11.851s] INFO:colcon.colcon_core.shell:Creating environment hook '/home/pi/ros2_ws/install/sllidar_ros2/share/sllidar_ros2/hook/cmake_prefix_path.ps1'
[11.855s] INFO:colcon.colcon_core.shell:Creating environment descriptor '/home/pi/ros2_ws/install/sllidar_ros2/share/sllidar_ros2/hook/cmake_prefix_path.dsv'
[11.860s] INFO:colcon.colcon_core.shell:Creating environment hook '/home/pi/ros2_ws/install/sllidar_ros2/share/sllidar_ros2/hook/cmake_prefix_path.sh'
[11.865s] Level 1:colcon.colcon_core.environment:checking '/home/pi/ros2_ws/install/sllidar_ros2/lib'
[11.867s] Level 1:colcon.colcon_core.environment:checking '/home/pi/ros2_ws/install/sllidar_ros2/bin'
[11.868s] Level 1:colcon.colcon_core.environment:checking '/home/pi/ros2_ws/install/sllidar_ros2/lib/pkgconfig/sllidar_ros2.pc'
[11.870s] Level 1:colcon.colcon_core.environment:checking '/home/pi/ros2_ws/install/sllidar_ros2/lib/python3.10/site-packages'
[11.871s] Level 1:colcon.colcon_core.environment:checking '/home/pi/ros2_ws/install/sllidar_ros2/bin'
[11.874s] INFO:colcon.colcon_core.shell:Creating package script '/home/pi/ros2_ws/install/sllidar_ros2/share/sllidar_ros2/package.ps1'
[11.879s] INFO:colcon.colcon_core.shell:Creating package descriptor '/home/pi/ros2_ws/install/sllidar_ros2/share/sllidar_ros2/package.dsv'
[11.883s] INFO:colcon.colcon_core.shell:Creating package script '/home/pi/ros2_ws/install/sllidar_ros2/share/sllidar_ros2/package.sh'
[11.895s] INFO:colcon.colcon_core.shell:Creating package script '/home/pi/ros2_ws/install/sllidar_ros2/share/sllidar_ros2/package.bash'
[11.898s] INFO:colcon.colcon_core.shell:Creating package script '/home/pi/ros2_ws/install/sllidar_ros2/share/sllidar_ros2/package.zsh'
[11.902s] Level 1:colcon.colcon_core.environment:create_file_with_runtime_dependencies(/home/pi/ros2_ws/install/sllidar_ros2/share/colcon-core/packages/sllidar_ros2)
[11.907s] INFO:colcon.colcon_ros.task.ament_cmake.build:Building ROS package in '/home/pi/ros2_ws/src/jsc_mecanum_bringup' with build type 'ament_cmake'
[11.909s] INFO:colcon.colcon_cmake.task.cmake.build:Building CMake package in '/home/pi/ros2_ws/src/jsc_mecanum_bringup'
[11.911s] INFO:colcon.colcon_core.shell:Skip shell extension 'powershell' for command environment: Not usable outside of PowerShell
[11.911s] DEBUG:colcon.colcon_core.shell:Skip shell extension 'dsv' for command environment
[12.008s] DEBUG:colcon.colcon_core.event_handler.log_command:Invoking command in '/home/pi/ros2_ws/build/jsc_mecanum_bringup': CMAKE_PREFIX_PATH=/home/pi/ros2_ws/install/jsc_mecanum_description:/home/pi/ros2_ws/install/sllidar_ros2:/home/pi/ros2_ws/install/jsc_mecanum_teleop:/home/pi/ros2_ws/install/jsc_mecanum_hardware:/home/pi/ros2_ws/install/jsc_mecanum_bringup:/home/pi/ros2_ws/install/jsc_mecanum_controller:/home/pi/ros2_ws/install/jsc_mecanum_control:/home/pi/ros2_ws/install/robot_serial:/home/pi/ros2_ws/install/motor_gui_pkg:/opt/ros/humble /usr/bin/cmake --build /home/pi/ros2_ws/build/jsc_mecanum_bringup -- -j4 -l4
[12.527s] DEBUG:colcon.colcon_core.event_handler.log_command:Invoked command in '/home/pi/ros2_ws/build/jsc_mecanum_bringup' returned '0': CMAKE_PREFIX_PATH=/home/pi/ros2_ws/install/jsc_mecanum_description:/home/pi/ros2_ws/install/sllidar_ros2:/home/pi/ros2_ws/install/jsc_mecanum_teleop:/home/pi/ros2_ws/install/jsc_mecanum_hardware:/home/pi/ros2_ws/install/jsc_mecanum_bringup:/home/pi/ros2_ws/install/jsc_mecanum_controller:/home/pi/ros2_ws/install/jsc_mecanum_control:/home/pi/ros2_ws/install/robot_serial:/home/pi/ros2_ws/install/motor_gui_pkg:/opt/ros/humble /usr/bin/cmake --build /home/pi/ros2_ws/build/jsc_mecanum_bringup -- -j4 -l4
[13.040s] DEBUG:colcon.colcon_core.event_handler.log_command:Invoking command in '/home/pi/ros2_ws/build/jsc_mecanum_bringup': CMAKE_PREFIX_PATH=/home/pi/ros2_ws/install/jsc_mecanum_description:/home/pi/ros2_ws/install/sllidar_ros2:/home/pi/ros2_ws/install/jsc_mecanum_teleop:/home/pi/ros2_ws/install/jsc_mecanum_hardware:/home/pi/ros2_ws/install/jsc_mecanum_bringup:/home/pi/ros2_ws/install/jsc_mecanum_controller:/home/pi/ros2_ws/install/jsc_mecanum_control:/home/pi/ros2_ws/install/robot_serial:/home/pi/ros2_ws/install/motor_gui_pkg:/opt/ros/humble /usr/bin/cmake --install /home/pi/ros2_ws/build/jsc_mecanum_bringup
[13.164s] Level 1:colcon.colcon_core.environment:create_environment_scripts_only(jsc_mecanum_bringup)
[13.166s] Level 1:colcon.colcon_core.environment:checking '/home/pi/ros2_ws/install/jsc_mecanum_bringup' for CMake module files
[13.168s] DEBUG:colcon.colcon_core.event_handler.log_command:Invoked command in '/home/pi/ros2_ws/build/jsc_mecanum_bringup' returned '0': CMAKE_PREFIX_PATH=/home/pi/ros2_ws/install/jsc_mecanum_description:/home/pi/ros2_ws/install/sllidar_ros2:/home/pi/ros2_ws/install/jsc_mecanum_teleop:/home/pi/ros2_ws/install/jsc_mecanum_hardware:/home/pi/ros2_ws/install/jsc_mecanum_bringup:/home/pi/ros2_ws/install/jsc_mecanum_controller:/home/pi/ros2_ws/install/jsc_mecanum_control:/home/pi/ros2_ws/install/robot_serial:/home/pi/ros2_ws/install/motor_gui_pkg:/opt/ros/humble /usr/bin/cmake --install /home/pi/ros2_ws/build/jsc_mecanum_bringup
[13.172s] Level 1:colcon.colcon_core.environment:checking '/home/pi/ros2_ws/install/jsc_mecanum_bringup' for CMake config files
[13.176s] Level 1:colcon.colcon_core.shell:create_environment_hook('jsc_mecanum_bringup', 'cmake_prefix_path')
[13.181s] INFO:colcon.colcon_core.shell:Creating environment hook '/home/pi/ros2_ws/install/jsc_mecanum_bringup/share/jsc_mecanum_bringup/hook/cmake_prefix_path.ps1'
[13.185s] INFO:colcon.colcon_core.shell:Creating environment descriptor '/home/pi/ros2_ws/install/jsc_mecanum_bringup/share/jsc_mecanum_bringup/hook/cmake_prefix_path.dsv'
[13.188s] INFO:colcon.colcon_core.shell:Creating environment hook '/home/pi/ros2_ws/install/jsc_mecanum_bringup/share/jsc_mecanum_bringup/hook/cmake_prefix_path.sh'
[13.192s] Level 1:colcon.colcon_core.environment:checking '/home/pi/ros2_ws/install/jsc_mecanum_bringup/bin'
[13.193s] Level 1:colcon.colcon_core.environment:checking '/home/pi/ros2_ws/install/jsc_mecanum_bringup/lib/pkgconfig/jsc_mecanum_bringup.pc'
[13.195s] Level 1:colcon.colcon_core.environment:checking '/home/pi/ros2_ws/install/jsc_mecanum_bringup/lib/python3.10/site-packages'
[13.196s] Level 1:colcon.colcon_core.environment:checking '/home/pi/ros2_ws/install/jsc_mecanum_bringup/bin'
[13.199s] INFO:colcon.colcon_core.shell:Creating package script '/home/pi/ros2_ws/install/jsc_mecanum_bringup/share/jsc_mecanum_bringup/package.ps1'
[13.202s] INFO:colcon.colcon_core.shell:Creating package descriptor '/home/pi/ros2_ws/install/jsc_mecanum_bringup/share/jsc_mecanum_bringup/package.dsv'
[13.206s] INFO:colcon.colcon_core.shell:Creating package script '/home/pi/ros2_ws/install/jsc_mecanum_bringup/share/jsc_mecanum_bringup/package.sh'
[13.209s] INFO:colcon.colcon_core.shell:Creating package script '/home/pi/ros2_ws/install/jsc_mecanum_bringup/share/jsc_mecanum_bringup/package.bash'
[13.213s] INFO:colcon.colcon_core.shell:Creating package script '/home/pi/ros2_ws/install/jsc_mecanum_bringup/share/jsc_mecanum_bringup/package.zsh'
[13.218s] Level 1:colcon.colcon_core.environment:create_file_with_runtime_dependencies(/home/pi/ros2_ws/install/jsc_mecanum_bringup/share/colcon-core/packages/jsc_mecanum_bringup)
[13.251s] DEBUG:colcon.colcon_core.event_handler.log_command:Invoking command in '/home/pi/ros2_ws/src/robot_serial': PYTHONPATH=/home/pi/ros2_ws/build/robot_serial/prefix_override:/home/pi/ros2_ws/install/robot_serial/lib/python3.10/site-packages:${PYTHONPATH} /usr/bin/python3 -W ignore:setup.py install is deprecated setup.py egg_info --egg-base ../../build/robot_serial build --build-base /home/pi/ros2_ws/build/robot_serial/build install --record /home/pi/ros2_ws/build/robot_serial/install.log --single-version-externally-managed install_data
[13.734s] Level 1:colcon.colcon_core.environment:create_environment_scripts_only(jsc_mecanum_bringup)
[13.737s] Level 1:colcon.colcon_core.environment:checking '/home/pi/ros2_ws/install/jsc_mecanum_bringup' for CMake module files
[13.745s] Level 1:colcon.colcon_core.environment:checking '/home/pi/ros2_ws/install/jsc_mecanum_bringup' for CMake config files
[13.755s] Level 1:colcon.colcon_core.shell:create_environment_hook('jsc_mecanum_bringup', 'cmake_prefix_path')
[13.759s] INFO:colcon.colcon_core.shell:Creating environment hook '/home/pi/ros2_ws/install/jsc_mecanum_bringup/share/jsc_mecanum_bringup/hook/cmake_prefix_path.ps1'
[13.765s] INFO:colcon.colcon_core.shell:Creating environment descriptor '/home/pi/ros2_ws/install/jsc_mecanum_bringup/share/jsc_mecanum_bringup/hook/cmake_prefix_path.dsv'
[13.769s] INFO:colcon.colcon_core.shell:Creating environment hook '/home/pi/ros2_ws/install/jsc_mecanum_bringup/share/jsc_mecanum_bringup/hook/cmake_prefix_path.sh'
[13.780s] Level 1:colcon.colcon_core.environment:checking '/home/pi/ros2_ws/install/jsc_mecanum_bringup/bin'
[13.782s] Level 1:colcon.colcon_core.environment:checking '/home/pi/ros2_ws/install/jsc_mecanum_bringup/lib/pkgconfig/jsc_mecanum_bringup.pc'
[13.784s] Level 1:colcon.colcon_core.environment:checking '/home/pi/ros2_ws/install/jsc_mecanum_bringup/lib/python3.10/site-packages'
[13.787s] Level 1:colcon.colcon_core.environment:checking '/home/pi/ros2_ws/install/jsc_mecanum_bringup/bin'
[13.792s] INFO:colcon.colcon_core.shell:Creating package script '/home/pi/ros2_ws/install/jsc_mecanum_bringup/share/jsc_mecanum_bringup/package.ps1'
[13.805s] INFO:colcon.colcon_core.shell:Creating package descriptor '/home/pi/ros2_ws/install/jsc_mecanum_bringup/share/jsc_mecanum_bringup/package.dsv'
[13.812s] INFO:colcon.colcon_core.shell:Creating package script '/home/pi/ros2_ws/install/jsc_mecanum_bringup/share/jsc_mecanum_bringup/package.sh'
[13.818s] INFO:colcon.colcon_core.shell:Creating package script '/home/pi/ros2_ws/install/jsc_mecanum_bringup/share/jsc_mecanum_bringup/package.bash'
[13.832s] INFO:colcon.colcon_core.shell:Creating package script '/home/pi/ros2_ws/install/jsc_mecanum_bringup/share/jsc_mecanum_bringup/package.zsh'
[13.837s] Level 1:colcon.colcon_core.environment:create_file_with_runtime_dependencies(/home/pi/ros2_ws/install/jsc_mecanum_bringup/share/colcon-core/packages/jsc_mecanum_bringup)
[13.854s] Level 1:colcon.colcon_core.environment:checking '/home/pi/ros2_ws/install/motor_gui_pkg' for CMake module files
[13.856s] DEBUG:colcon.colcon_core.event_handler.log_command:Invoked command in '/home/pi/ros2_ws/src/motor_gui_pkg' returned '0': PYTHONPATH=/home/pi/ros2_ws/build/motor_gui_pkg/prefix_override:/home/pi/ros2_ws/install/motor_gui_pkg/lib/python3.10/site-packages:${PYTHONPATH} /usr/bin/python3 -W ignore:setup.py install is deprecated setup.py egg_info --egg-base ../../build/motor_gui_pkg build --build-base /home/pi/ros2_ws/build/motor_gui_pkg/build install --record /home/pi/ros2_ws/build/motor_gui_pkg/install.log --single-version-externally-managed install_data
[13.862s] Level 1:colcon.colcon_core.environment:checking '/home/pi/ros2_ws/install/motor_gui_pkg' for CMake config files
[13.868s] Level 1:colcon.colcon_core.environment:checking '/home/pi/ros2_ws/install/motor_gui_pkg/lib'
[13.869s] Level 1:colcon.colcon_core.environment:checking '/home/pi/ros2_ws/install/motor_gui_pkg/bin'
[13.870s] Level 1:colcon.colcon_core.environment:checking '/home/pi/ros2_ws/install/motor_gui_pkg/lib/pkgconfig/motor_gui_pkg.pc'
[13.876s] Level 1:colcon.colcon_core.environment:checking '/home/pi/ros2_ws/install/motor_gui_pkg/lib/python3.10/site-packages'
[13.878s] Level 1:colcon.colcon_core.shell:create_environment_hook('motor_gui_pkg', 'pythonpath')
[13.880s] INFO:colcon.colcon_core.shell:Creating environment hook '/home/pi/ros2_ws/install/motor_gui_pkg/share/motor_gui_pkg/hook/pythonpath.ps1'
[13.885s] INFO:colcon.colcon_core.shell:Creating environment descriptor '/home/pi/ros2_ws/install/motor_gui_pkg/share/motor_gui_pkg/hook/pythonpath.dsv'
[13.889s] INFO:colcon.colcon_core.shell:Creating environment hook '/home/pi/ros2_ws/install/motor_gui_pkg/share/motor_gui_pkg/hook/pythonpath.sh'
[13.894s] Level 1:colcon.colcon_core.environment:checking '/home/pi/ros2_ws/install/motor_gui_pkg/bin'
[13.895s] Level 1:colcon.colcon_core.environment:create_environment_scripts_only(motor_gui_pkg)
[13.898s] INFO:colcon.colcon_core.shell:Creating package script '/home/pi/ros2_ws/install/motor_gui_pkg/share/motor_gui_pkg/package.ps1'
[13.903s] INFO:colcon.colcon_core.shell:Creating package descriptor '/home/pi/ros2_ws/install/motor_gui_pkg/share/motor_gui_pkg/package.dsv'
[13.910s] INFO:colcon.colcon_core.shell:Creating package script '/home/pi/ros2_ws/install/motor_gui_pkg/share/motor_gui_pkg/package.sh'
[13.915s] INFO:colcon.colcon_core.shell:Creating package script '/home/pi/ros2_ws/install/motor_gui_pkg/share/motor_gui_pkg/package.bash'
[13.919s] INFO:colcon.colcon_core.shell:Creating package script '/home/pi/ros2_ws/install/motor_gui_pkg/share/motor_gui_pkg/package.zsh'
[13.925s] Level 1:colcon.colcon_core.environment:create_file_with_runtime_dependencies(/home/pi/ros2_ws/install/motor_gui_pkg/share/colcon-core/packages/motor_gui_pkg)
[16.396s] Level 1:colcon.colcon_core.environment:checking '/home/pi/ros2_ws/install/robot_serial' for CMake module files
[16.400s] Level 1:colcon.colcon_core.environment:checking '/home/pi/ros2_ws/install/robot_serial' for CMake config files
[16.402s] DEBUG:colcon.colcon_core.event_handler.log_command:Invoked command in '/home/pi/ros2_ws/src/robot_serial' returned '0': PYTHONPATH=/home/pi/ros2_ws/build/robot_serial/prefix_override:/home/pi/ros2_ws/install/robot_serial/lib/python3.10/site-packages:${PYTHONPATH} /usr/bin/python3 -W ignore:setup.py install is deprecated setup.py egg_info --egg-base ../../build/robot_serial build --build-base /home/pi/ros2_ws/build/robot_serial/build install --record /home/pi/ros2_ws/build/robot_serial/install.log --single-version-externally-managed install_data
[16.410s] Level 1:colcon.colcon_core.environment:checking '/home/pi/ros2_ws/install/robot_serial/lib'
[16.412s] Level 1:colcon.colcon_core.environment:checking '/home/pi/ros2_ws/install/robot_serial/bin'
[16.413s] Level 1:colcon.colcon_core.environment:checking '/home/pi/ros2_ws/install/robot_serial/lib/pkgconfig/robot_serial.pc'
[16.415s] Level 1:colcon.colcon_core.environment:checking '/home/pi/ros2_ws/install/robot_serial/lib/python3.10/site-packages'
[16.416s] Level 1:colcon.colcon_core.shell:create_environment_hook('robot_serial', 'pythonpath')
[16.418s] INFO:colcon.colcon_core.shell:Creating environment hook '/home/pi/ros2_ws/install/robot_serial/share/robot_serial/hook/pythonpath.ps1'
[16.422s] INFO:colcon.colcon_core.shell:Creating environment descriptor '/home/pi/ros2_ws/install/robot_serial/share/robot_serial/hook/pythonpath.dsv'
[16.428s] INFO:colcon.colcon_core.shell:Creating environment hook '/home/pi/ros2_ws/install/robot_serial/share/robot_serial/hook/pythonpath.sh'
[16.433s] Level 1:colcon.colcon_core.environment:checking '/home/pi/ros2_ws/install/robot_serial/bin'
[16.434s] Level 1:colcon.colcon_core.environment:create_environment_scripts_only(robot_serial)
[16.436s] INFO:colcon.colcon_core.shell:Creating package script '/home/pi/ros2_ws/install/robot_serial/share/robot_serial/package.ps1'
[16.441s] INFO:colcon.colcon_core.shell:Creating package descriptor '/home/pi/ros2_ws/install/robot_serial/share/robot_serial/package.dsv'
[16.446s] INFO:colcon.colcon_core.shell:Creating package script '/home/pi/ros2_ws/install/robot_serial/share/robot_serial/package.sh'
[16.452s] INFO:colcon.colcon_core.shell:Creating package script '/home/pi/ros2_ws/install/robot_serial/share/robot_serial/package.bash'
[16.456s] INFO:colcon.colcon_core.shell:Creating package script '/home/pi/ros2_ws/install/robot_serial/share/robot_serial/package.zsh'
[16.461s] Level 1:colcon.colcon_core.environment:create_file_with_runtime_dependencies(/home/pi/ros2_ws/install/robot_serial/share/colcon-core/packages/robot_serial)
[24.625s] DEBUG:colcon.colcon_core.event_handler.log_command:Invoked command in '/home/pi/ros2_ws/build/jsc_mecanum_hardware' returned '2': CMAKE_PREFIX_PATH=${CMAKE_PREFIX_PATH}:/home/pi/ros2_ws/install/robot_serial:/home/pi/ros2_ws/install/motor_gui_pkg:/opt/ros/humble /usr/bin/cmake --build /home/pi/ros2_ws/build/jsc_mecanum_hardware -- -j4 -l4
[24.817s] Level 1:colcon.colcon_core.environment:create_environment_scripts_only(jsc_mecanum_hardware)
[24.818s] Level 1:colcon.colcon_core.environment:checking '/home/pi/ros2_ws/install/jsc_mecanum_hardware' for CMake module files
[24.822s] Level 1:colcon.colcon_core.environment:checking '/home/pi/ros2_ws/install/jsc_mecanum_hardware' for CMake config files
[24.825s] Level 1:colcon.colcon_core.shell:create_environment_hook('jsc_mecanum_hardware', 'cmake_prefix_path')
[24.827s] INFO:colcon.colcon_core.shell:Creating environment hook '/home/pi/ros2_ws/install/jsc_mecanum_hardware/share/jsc_mecanum_hardware/hook/cmake_prefix_path.ps1'
[24.845s] INFO:colcon.colcon_core.shell:Creating environment descriptor '/home/pi/ros2_ws/install/jsc_mecanum_hardware/share/jsc_mecanum_hardware/hook/cmake_prefix_path.dsv'
[24.848s] INFO:colcon.colcon_core.shell:Creating environment hook '/home/pi/ros2_ws/install/jsc_mecanum_hardware/share/jsc_mecanum_hardware/hook/cmake_prefix_path.sh'
[24.853s] Level 1:colcon.colcon_core.environment:checking '/home/pi/ros2_ws/install/jsc_mecanum_hardware/lib'
[24.854s] Level 1:colcon.colcon_core.shell:create_environment_hook('jsc_mecanum_hardware', 'ld_library_path_lib')
[24.855s] INFO:colcon.colcon_core.shell:Creating environment hook '/home/pi/ros2_ws/install/jsc_mecanum_hardware/share/jsc_mecanum_hardware/hook/ld_library_path_lib.ps1'
[24.894s] INFO:colcon.colcon_core.shell:Creating environment descriptor '/home/pi/ros2_ws/install/jsc_mecanum_hardware/share/jsc_mecanum_hardware/hook/ld_library_path_lib.dsv'
[24.897s] INFO:colcon.colcon_core.shell:Creating environment hook '/home/pi/ros2_ws/install/jsc_mecanum_hardware/share/jsc_mecanum_hardware/hook/ld_library_path_lib.sh'
[24.900s] Level 1:colcon.colcon_core.environment:checking '/home/pi/ros2_ws/install/jsc_mecanum_hardware/bin'
[24.901s] Level 1:colcon.colcon_core.environment:checking '/home/pi/ros2_ws/install/jsc_mecanum_hardware/lib/pkgconfig/jsc_mecanum_hardware.pc'
[24.903s] Level 1:colcon.colcon_core.environment:checking '/home/pi/ros2_ws/install/jsc_mecanum_hardware/lib/python3.10/site-packages'
[24.904s] Level 1:colcon.colcon_core.environment:checking '/home/pi/ros2_ws/install/jsc_mecanum_hardware/bin'
[24.907s] INFO:colcon.colcon_core.shell:Creating package script '/home/pi/ros2_ws/install/jsc_mecanum_hardware/share/jsc_mecanum_hardware/package.ps1'
[24.910s] INFO:colcon.colcon_core.shell:Creating package descriptor '/home/pi/ros2_ws/install/jsc_mecanum_hardware/share/jsc_mecanum_hardware/package.dsv'
[24.913s] INFO:colcon.colcon_core.shell:Creating package script '/home/pi/ros2_ws/install/jsc_mecanum_hardware/share/jsc_mecanum_hardware/package.sh'
[24.931s] INFO:colcon.colcon_core.shell:Creating package script '/home/pi/ros2_ws/install/jsc_mecanum_hardware/share/jsc_mecanum_hardware/package.bash'
[24.953s] INFO:colcon.colcon_core.shell:Creating package script '/home/pi/ros2_ws/install/jsc_mecanum_hardware/share/jsc_mecanum_hardware/package.zsh'
[24.957s] Level 1:colcon.colcon_core.environment:create_file_with_runtime_dependencies(/home/pi/ros2_ws/install/jsc_mecanum_hardware/share/colcon-core/packages/jsc_mecanum_hardware)
[25.088s] DEBUG:colcon.colcon_parallel_executor.executor.parallel:closing loop
[25.091s] DEBUG:colcon.colcon_parallel_executor.executor.parallel:loop closed
[25.091s] DEBUG:colcon.colcon_parallel_executor.executor.parallel:run_until_complete finished with '2'
[25.092s] DEBUG:colcon.colcon_core.event_reactor:joining thread
[25.220s] INFO:colcon.colcon_core.plugin_system:Skipping extension 'colcon_notification.desktop_notification.notify_send': Could not find 'notify-send'
[25.221s] INFO:colcon.colcon_core.plugin_system:Skipping extension 'colcon_notification.desktop_notification.terminal_notifier': Not used on non-Darwin systems
[25.221s] INFO:colcon.colcon_core.plugin_system:Skipping extension 'colcon_notification.desktop_notification.win32': Not used on non-Windows systems
[25.222s] INFO:colcon.colcon_notification.desktop_notification:Sending desktop notification using 'notify2'
[25.225s] DEBUG:colcon.colcon_notification.desktop_notification.notify2:Failed to initialize notify2: org.freedesktop.DBus.Error.ServiceUnknown: The name org.freedesktop.Notifications was not provided by any .service files
[25.225s] DEBUG:colcon.colcon_core.event_reactor:joined thread
[25.227s] INFO:colcon.colcon_core.shell:Creating prefix script '/home/pi/ros2_ws/install/local_setup.ps1'
[25.234s] INFO:colcon.colcon_core.shell:Creating prefix util module '/home/pi/ros2_ws/install/_local_setup_util_ps1.py'
[25.242s] INFO:colcon.colcon_core.shell:Creating prefix chain script '/home/pi/ros2_ws/install/setup.ps1'
[25.251s] INFO:colcon.colcon_core.shell:Creating prefix script '/home/pi/ros2_ws/install/local_setup.sh'
[25.254s] INFO:colcon.colcon_core.shell:Creating prefix util module '/home/pi/ros2_ws/install/_local_setup_util_sh.py'
[25.257s] INFO:colcon.colcon_core.shell:Creating prefix chain script '/home/pi/ros2_ws/install/setup.sh'
[25.266s] INFO:colcon.colcon_core.shell:Creating prefix script '/home/pi/ros2_ws/install/local_setup.bash'
[25.270s] INFO:colcon.colcon_core.shell:Creating prefix chain script '/home/pi/ros2_ws/install/setup.bash'
[25.278s] INFO:colcon.colcon_core.shell:Creating prefix script '/home/pi/ros2_ws/install/local_setup.zsh'
[25.305s] INFO:colcon.colcon_core.shell:Creating prefix chain script '/home/pi/ros2_ws/install/setup.zsh'
