[6.567s] Invoking command in '/home/pi/ros2_ws/src/motor_gui_pkg': PYTHONPATH=/home/pi/ros2_ws/build/motor_gui_pkg/prefix_override:/usr/lib/python3/dist-packages/colcon_core/task/python/colcon_distutils_commands:/home/pi/ros2_ws/install/motor_gui_pkg/lib/python3.10/site-packages:${PYTHONPATH} /usr/bin/python3 -W ignore:setup.py install is deprecated setup.py egg_info --egg-base ../../build/motor_gui_pkg build --build-base /home/pi/ros2_ws/build/motor_gui_pkg/build install --record /home/pi/ros2_ws/build/motor_gui_pkg/install.log --single-version-externally-managed install_data
[8.222s] running egg_info
[8.227s] writing ../../build/motor_gui_pkg/motor_gui_pkg.egg-info/PKG-INFO
[8.235s] writing dependency_links to ../../build/motor_gui_pkg/motor_gui_pkg.egg-info/dependency_links.txt
[8.239s] writing entry points to ../../build/motor_gui_pkg/motor_gui_pkg.egg-info/entry_points.txt
[8.240s] writing requirements to ../../build/motor_gui_pkg/motor_gui_pkg.egg-info/requires.txt
[8.240s] writing top-level names to ../../build/motor_gui_pkg/motor_gui_pkg.egg-info/top_level.txt
[8.244s] reading manifest file '../../build/motor_gui_pkg/motor_gui_pkg.egg-info/SOURCES.txt'
[8.244s] writing manifest file '../../build/motor_gui_pkg/motor_gui_pkg.egg-info/SOURCES.txt'
[8.246s] running build
[8.247s] running build_py
[8.248s] running install
[8.249s] running install_lib
[8.253s] running install_data
[8.254s] copying package.xml -> /home/pi/ros2_ws/install/motor_gui_pkg/share/motor_gui_pkg
[8.255s] running install_egg_info
[8.266s] removing '/home/pi/ros2_ws/install/motor_gui_pkg/lib/python3.10/site-packages/motor_gui_pkg-0.0.0-py3.10.egg-info' (and everything under it)
[8.268s] Copying ../../build/motor_gui_pkg/motor_gui_pkg.egg-info to /home/pi/ros2_ws/install/motor_gui_pkg/lib/python3.10/site-packages/motor_gui_pkg-0.0.0-py3.10.egg-info
[8.277s] running install_scripts
[8.365s] Installing motor_gui script to /home/pi/ros2_ws/install/motor_gui_pkg/lib/motor_gui_pkg
[8.367s] writing list of installed files to '/home/pi/ros2_ws/build/motor_gui_pkg/install.log'
[8.496s] Invoked command in '/home/pi/ros2_ws/src/motor_gui_pkg' returned '0': PYTHONPATH=/home/pi/ros2_ws/build/motor_gui_pkg/prefix_override:/usr/lib/python3/dist-packages/colcon_core/task/python/colcon_distutils_commands:/home/pi/ros2_ws/install/motor_gui_pkg/lib/python3.10/site-packages:${PYTHONPATH} /usr/bin/python3 -W ignore:setup.py install is deprecated setup.py egg_info --egg-base ../../build/motor_gui_pkg build --build-base /home/pi/ros2_ws/build/motor_gui_pkg/build install --record /home/pi/ros2_ws/build/motor_gui_pkg/install.log --single-version-externally-managed install_data
