[0.133s] Invoking command in '/home/pi/ros2_ws/build/jsc_mecanum_hardware': CMAKE_PREFIX_PATH=${CMAKE_PREFIX_PATH}:/home/pi/ros2_ws/install/robot_serial:/opt/ros/humble /usr/bin/cmake --build /home/pi/ros2_ws/build/jsc_mecanum_hardware -- -j4 -l4
[0.494s] [100%] Built target jsc_mecanum_hardware
[0.643s] Invoked command in '/home/pi/ros2_ws/build/jsc_mecanum_hardware' returned '0': CMAKE_PREFIX_PATH=${CMAKE_PREFIX_PATH}:/home/pi/ros2_ws/install/robot_serial:/opt/ros/humble /usr/bin/cmake --build /home/pi/ros2_ws/build/jsc_mecanum_hardware -- -j4 -l4
[0.908s] Invoking command in '/home/pi/ros2_ws/build/jsc_mecanum_hardware': CMAKE_PREFIX_PATH=${CMAKE_PREFIX_PATH}:/home/pi/ros2_ws/install/robot_serial:/opt/ros/humble /usr/bin/cmake --install /home/pi/ros2_ws/build/jsc_mecanum_hardware
[0.939s] -- Install configuration: ""
[0.940s] -- Up-to-date: /home/pi/ros2_ws/install/jsc_mecanum_hardware/share/jsc_mecanum_hardware/jsc_mecanum_hardware.xml
[0.940s] -- Up-to-date: /home/pi/ros2_ws/install/jsc_mecanum_hardware/lib/libjsc_mecanum_hardware.so
[0.941s] -- Up-to-date: /home/pi/ros2_ws/install/jsc_mecanum_hardware/include/include
[0.942s] -- Up-to-date: /home/pi/ros2_ws/install/jsc_mecanum_hardware/include/include/jsc_mecanum_hardware
[0.942s] -- Up-to-date: /home/pi/ros2_ws/install/jsc_mecanum_hardware/include/include/jsc_mecanum_hardware/jsc_mecanum_serial_port.hpp
[0.943s] -- Up-to-date: /home/pi/ros2_ws/install/jsc_mecanum_hardware/include/include/jsc_mecanum_hardware/jsc_mecanum_hardware.hpp
[0.945s] -- Up-to-date: /home/pi/ros2_ws/install/jsc_mecanum_hardware/include/include/jsc_mecanum_hardware/jsc_mecanum_hardware_compiler.h
[0.948s] -- Up-to-date: /home/pi/ros2_ws/install/jsc_mecanum_hardware/share/jsc_mecanum_hardware/environment/library_path.sh
[0.949s] -- Up-to-date: /home/pi/ros2_ws/install/jsc_mecanum_hardware/share/jsc_mecanum_hardware/environment/library_path.dsv
[0.951s] -- Up-to-date: /home/pi/ros2_ws/install/jsc_mecanum_hardware/share/ament_index/resource_index/package_run_dependencies/jsc_mecanum_hardware
[0.956s] -- Up-to-date: /home/pi/ros2_ws/install/jsc_mecanum_hardware/share/ament_index/resource_index/parent_prefix_path/jsc_mecanum_hardware
[0.957s] -- Up-to-date: /home/pi/ros2_ws/install/jsc_mecanum_hardware/share/jsc_mecanum_hardware/environment/ament_prefix_path.sh
[0.957s] -- Up-to-date: /home/pi/ros2_ws/install/jsc_mecanum_hardware/share/jsc_mecanum_hardware/environment/ament_prefix_path.dsv
[0.958s] -- Up-to-date: /home/pi/ros2_ws/install/jsc_mecanum_hardware/share/jsc_mecanum_hardware/environment/path.sh
[0.963s] -- Up-to-date: /home/pi/ros2_ws/install/jsc_mecanum_hardware/share/jsc_mecanum_hardware/environment/path.dsv
[0.964s] -- Up-to-date: /home/pi/ros2_ws/install/jsc_mecanum_hardware/share/jsc_mecanum_hardware/local_setup.bash
[0.965s] -- Up-to-date: /home/pi/ros2_ws/install/jsc_mecanum_hardware/share/jsc_mecanum_hardware/local_setup.sh
[0.966s] -- Up-to-date: /home/pi/ros2_ws/install/jsc_mecanum_hardware/share/jsc_mecanum_hardware/local_setup.zsh
[0.967s] -- Up-to-date: /home/pi/ros2_ws/install/jsc_mecanum_hardware/share/jsc_mecanum_hardware/local_setup.dsv
[0.968s] -- Installing: /home/pi/ros2_ws/install/jsc_mecanum_hardware/share/jsc_mecanum_hardware/package.dsv
[0.969s] -- Up-to-date: /home/pi/ros2_ws/install/jsc_mecanum_hardware/share/ament_index/resource_index/packages/jsc_mecanum_hardware
[0.970s] -- Up-to-date: /home/pi/ros2_ws/install/jsc_mecanum_hardware/share/ament_index/resource_index/hardware_interface__pluginlib__plugin/jsc_mecanum_hardware
[0.971s] -- Up-to-date: /home/pi/ros2_ws/install/jsc_mecanum_hardware/share/jsc_mecanum_hardware/cmake/ament_cmake_export_include_directories-extras.cmake
[0.972s] -- Up-to-date: /home/pi/ros2_ws/install/jsc_mecanum_hardware/share/jsc_mecanum_hardware/cmake/ament_cmake_export_libraries-extras.cmake
[0.972s] -- Up-to-date: /home/pi/ros2_ws/install/jsc_mecanum_hardware/share/jsc_mecanum_hardware/cmake/ament_cmake_export_dependencies-extras.cmake
[0.974s] -- Up-to-date: /home/pi/ros2_ws/install/jsc_mecanum_hardware/share/jsc_mecanum_hardware/cmake/jsc_mecanum_hardwareConfig.cmake
[0.974s] -- Up-to-date: /home/pi/ros2_ws/install/jsc_mecanum_hardware/share/jsc_mecanum_hardware/cmake/jsc_mecanum_hardwareConfig-version.cmake
[0.976s] -- Up-to-date: /home/pi/ros2_ws/install/jsc_mecanum_hardware/share/jsc_mecanum_hardware/package.xml
[1.055s] Invoked command in '/home/pi/ros2_ws/build/jsc_mecanum_hardware' returned '0': CMAKE_PREFIX_PATH=${CMAKE_PREFIX_PATH}:/home/pi/ros2_ws/install/robot_serial:/opt/ros/humble /usr/bin/cmake --install /home/pi/ros2_ws/build/jsc_mecanum_hardware
