[6.582s] Invoking command in '/home/pi/ros2_ws/src/robot_serial': PYTHONPATH=/home/pi/ros2_ws/build/robot_serial/prefix_override:/usr/lib/python3/dist-packages/colcon_core/task/python/colcon_distutils_commands:/home/pi/ros2_ws/install/robot_serial/lib/python3.10/site-packages:${PYTHONPATH} /usr/bin/python3 -W ignore:setup.py install is deprecated setup.py egg_info --egg-base ../../build/robot_serial build --build-base /home/pi/ros2_ws/build/robot_serial/build install --record /home/pi/ros2_ws/build/robot_serial/install.log --single-version-externally-managed install_data
[8.088s] running egg_info
[8.090s] writing ../../build/robot_serial/robot_serial.egg-info/PKG-INFO
[8.091s] writing dependency_links to ../../build/robot_serial/robot_serial.egg-info/dependency_links.txt
[8.094s] writing entry points to ../../build/robot_serial/robot_serial.egg-info/entry_points.txt
[8.095s] writing requirements to ../../build/robot_serial/robot_serial.egg-info/requires.txt
[8.095s] writing top-level names to ../../build/robot_serial/robot_serial.egg-info/top_level.txt
[8.105s] reading manifest file '../../build/robot_serial/robot_serial.egg-info/SOURCES.txt'
[8.106s] adding license file 'LICENSE'
[8.111s] writing manifest file '../../build/robot_serial/robot_serial.egg-info/SOURCES.txt'
[8.112s] running build
[8.113s] running build_py
[8.114s] running install
[8.115s] running install_lib
[8.122s] running install_data
[8.123s] running install_egg_info
[8.134s] removing '/home/pi/ros2_ws/install/robot_serial/lib/python3.10/site-packages/robot_serial-0.0.0-py3.10.egg-info' (and everything under it)
[8.136s] Copying ../../build/robot_serial/robot_serial.egg-info to /home/pi/ros2_ws/install/robot_serial/lib/python3.10/site-packages/robot_serial-0.0.0-py3.10.egg-info
[8.143s] running install_scripts
[8.234s] Installing find script to /home/pi/ros2_ws/install/robot_serial/lib/robot_serial
[8.235s] Installing serial script to /home/pi/ros2_ws/install/robot_serial/lib/robot_serial
[8.236s] Installing serial_salida script to /home/pi/ros2_ws/install/robot_serial/lib/robot_serial
[8.239s] writing list of installed files to '/home/pi/ros2_ws/build/robot_serial/install.log'
[8.383s] Invoked command in '/home/pi/ros2_ws/src/robot_serial' returned '0': PYTHONPATH=/home/pi/ros2_ws/build/robot_serial/prefix_override:/usr/lib/python3/dist-packages/colcon_core/task/python/colcon_distutils_commands:/home/pi/ros2_ws/install/robot_serial/lib/python3.10/site-packages:${PYTHONPATH} /usr/bin/python3 -W ignore:setup.py install is deprecated setup.py egg_info --egg-base ../../build/robot_serial build --build-base /home/pi/ros2_ws/build/robot_serial/build install --record /home/pi/ros2_ws/build/robot_serial/install.log --single-version-externally-managed install_data
