[0.502s] DEBUG:colcon:Command line arguments: ['/usr/bin/colcon', 'build', '--packages-select', 'jsc_mecanum_hardware']
[0.502s] DEBUG:colcon:Parsed command line arguments: Namespace(log_base=None, log_level=None, verb_name='build', build_base='build', install_base='install', merge_install=False, symlink_install=False, test_result_base=None, continue_on_error=False, executor='parallel', parallel_workers=4, event_handlers=None, ignore_user_meta=False, metas=['./colcon.meta'], base_paths=['.'], packages_ignore=None, packages_ignore_regex=None, paths=None, packages_up_to=None, packages_up_to_regex=None, packages_above=None, packages_above_and_dependencies=None, packages_above_depth=None, packages_select_by_dep=None, packages_skip_by_dep=None, packages_skip_up_to=None, packages_select_build_failed=False, packages_skip_build_finished=False, packages_select_test_failures=False, packages_skip_test_passed=False, packages_select=['jsc_mecanum_hardware'], packages_skip=None, packages_select_regex=None, packages_skip_regex=None, packages_start=None, packages_end=None, allow_overriding=[], cmake_args=None, cmake_target=None, cmake_target_skip_unavailable=False, cmake_clean_cache=False, cmake_clean_first=False, cmake_force_configure=False, ament_cmake_args=None, catkin_cmake_args=None, catkin_skip_building_tests=False, verb_parser=<colcon_defaults.argument_parser.defaults.DefaultArgumentsDecorator object at 0xffff8ff742e0>, verb_extension=<colcon_core.verb.build.BuildVerb object at 0xffff9019be50>, main=<bound method BuildVerb.main of <colcon_core.verb.build.BuildVerb object at 0xffff9019be50>>)
[1.543s] Level 1:colcon.colcon_core.package_discovery:discover_packages(colcon_meta) check parameters
[1.543s] Level 1:colcon.colcon_core.package_discovery:discover_packages(recursive) check parameters
[1.543s] Level 1:colcon.colcon_core.package_discovery:discover_packages(ignore) check parameters
[1.543s] Level 1:colcon.colcon_core.package_discovery:discover_packages(path) check parameters
[1.544s] Level 1:colcon.colcon_core.package_discovery:discover_packages(colcon_meta) discover
[1.544s] Level 1:colcon.colcon_core.package_discovery:discover_packages(recursive) discover
[1.544s] INFO:colcon.colcon_core.package_discovery:Crawling recursively for packages in '/home/pi/ros2_ws'
[1.545s] Level 1:colcon.colcon_core.package_identification:_identify(.) by extensions ['ignore', 'ignore_ament_install']
[1.545s] Level 1:colcon.colcon_core.package_identification:_identify(.) by extension 'ignore'
[1.545s] Level 1:colcon.colcon_core.package_identification:_identify(.) by extension 'ignore_ament_install'
[1.546s] Level 1:colcon.colcon_core.package_identification:_identify(.) by extensions ['colcon_pkg']
[1.546s] Level 1:colcon.colcon_core.package_identification:_identify(.) by extension 'colcon_pkg'
[1.546s] Level 1:colcon.colcon_core.package_identification:_identify(.) by extensions ['colcon_meta']
[1.546s] Level 1:colcon.colcon_core.package_identification:_identify(.) by extension 'colcon_meta'
[1.546s] Level 1:colcon.colcon_core.package_identification:_identify(.) by extensions ['ros']
[1.547s] Level 1:colcon.colcon_core.package_identification:_identify(.) by extension 'ros'
[1.600s] Level 1:colcon.colcon_core.package_identification:_identify(.) by extensions ['cmake', 'python']
[1.600s] Level 1:colcon.colcon_core.package_identification:_identify(.) by extension 'cmake'
[1.601s] Level 1:colcon.colcon_core.package_identification:_identify(.) by extension 'python'
[1.601s] Level 1:colcon.colcon_core.package_identification:_identify(.) by extensions ['python_setup_py']
[1.601s] Level 1:colcon.colcon_core.package_identification:_identify(.) by extension 'python_setup_py'
[1.602s] Level 1:colcon.colcon_core.package_identification:_identify(build) by extensions ['ignore', 'ignore_ament_install']
[1.602s] Level 1:colcon.colcon_core.package_identification:_identify(build) by extension 'ignore'
[1.603s] Level 1:colcon.colcon_core.package_identification:_identify(build) ignored
[1.603s] Level 1:colcon.colcon_core.package_identification:_identify(install) by extensions ['ignore', 'ignore_ament_install']
[1.604s] Level 1:colcon.colcon_core.package_identification:_identify(install) by extension 'ignore'
[1.604s] Level 1:colcon.colcon_core.package_identification:_identify(install) ignored
[1.605s] Level 1:colcon.colcon_core.package_identification:_identify(log) by extensions ['ignore', 'ignore_ament_install']
[1.606s] Level 1:colcon.colcon_core.package_identification:_identify(log) by extension 'ignore'
[1.606s] Level 1:colcon.colcon_core.package_identification:_identify(log) ignored
[1.607s] Level 1:colcon.colcon_core.package_identification:_identify(src) by extensions ['ignore', 'ignore_ament_install']
[1.608s] Level 1:colcon.colcon_core.package_identification:_identify(src) by extension 'ignore'
[1.608s] Level 1:colcon.colcon_core.package_identification:_identify(src) by extension 'ignore_ament_install'
[1.609s] Level 1:colcon.colcon_core.package_identification:_identify(src) by extensions ['colcon_pkg']
[1.610s] Level 1:colcon.colcon_core.package_identification:_identify(src) by extension 'colcon_pkg'
[1.610s] Level 1:colcon.colcon_core.package_identification:_identify(src) by extensions ['colcon_meta']
[1.611s] Level 1:colcon.colcon_core.package_identification:_identify(src) by extension 'colcon_meta'
[1.611s] Level 1:colcon.colcon_core.package_identification:_identify(src) by extensions ['ros']
[1.611s] Level 1:colcon.colcon_core.package_identification:_identify(src) by extension 'ros'
[1.612s] Level 1:colcon.colcon_core.package_identification:_identify(src) by extensions ['cmake', 'python']
[1.612s] Level 1:colcon.colcon_core.package_identification:_identify(src) by extension 'cmake'
[1.612s] Level 1:colcon.colcon_core.package_identification:_identify(src) by extension 'python'
[1.613s] Level 1:colcon.colcon_core.package_identification:_identify(src) by extensions ['python_setup_py']
[1.613s] Level 1:colcon.colcon_core.package_identification:_identify(src) by extension 'python_setup_py'
[1.614s] Level 1:colcon.colcon_core.package_identification:_identify(src/jsc_mecanum_bringup) by extensions ['ignore', 'ignore_ament_install']
[1.615s] Level 1:colcon.colcon_core.package_identification:_identify(src/jsc_mecanum_bringup) by extension 'ignore'
[1.615s] Level 1:colcon.colcon_core.package_identification:_identify(src/jsc_mecanum_bringup) by extension 'ignore_ament_install'
[1.616s] Level 1:colcon.colcon_core.package_identification:_identify(src/jsc_mecanum_bringup) by extensions ['colcon_pkg']
[1.616s] Level 1:colcon.colcon_core.package_identification:_identify(src/jsc_mecanum_bringup) by extension 'colcon_pkg'
[1.617s] Level 1:colcon.colcon_core.package_identification:_identify(src/jsc_mecanum_bringup) by extensions ['colcon_meta']
[1.617s] Level 1:colcon.colcon_core.package_identification:_identify(src/jsc_mecanum_bringup) by extension 'colcon_meta'
[1.618s] Level 1:colcon.colcon_core.package_identification:_identify(src/jsc_mecanum_bringup) by extensions ['ros']
[1.618s] Level 1:colcon.colcon_core.package_identification:_identify(src/jsc_mecanum_bringup) by extension 'ros'
[1.628s] DEBUG:colcon.colcon_core.package_identification:Package 'src/jsc_mecanum_bringup' with type 'ros.ament_cmake' and name 'jsc_mecanum_bringup'
[1.629s] Level 1:colcon.colcon_core.package_identification:_identify(src/jsc_mecanum_control) by extensions ['ignore', 'ignore_ament_install']
[1.630s] Level 1:colcon.colcon_core.package_identification:_identify(src/jsc_mecanum_control) by extension 'ignore'
[1.631s] Level 1:colcon.colcon_core.package_identification:_identify(src/jsc_mecanum_control) by extension 'ignore_ament_install'
[1.631s] Level 1:colcon.colcon_core.package_identification:_identify(src/jsc_mecanum_control) by extensions ['colcon_pkg']
[1.632s] Level 1:colcon.colcon_core.package_identification:_identify(src/jsc_mecanum_control) by extension 'colcon_pkg'
[1.632s] Level 1:colcon.colcon_core.package_identification:_identify(src/jsc_mecanum_control) by extensions ['colcon_meta']
[1.633s] Level 1:colcon.colcon_core.package_identification:_identify(src/jsc_mecanum_control) by extension 'colcon_meta'
[1.633s] Level 1:colcon.colcon_core.package_identification:_identify(src/jsc_mecanum_control) by extensions ['ros']
[1.633s] Level 1:colcon.colcon_core.package_identification:_identify(src/jsc_mecanum_control) by extension 'ros'
[1.636s] DEBUG:colcon.colcon_core.package_identification:Package 'src/jsc_mecanum_control' with type 'ros.ament_cmake' and name 'jsc_mecanum_control'
[1.638s] Level 1:colcon.colcon_core.package_identification:_identify(src/jsc_mecanum_controller) by extensions ['ignore', 'ignore_ament_install']
[1.639s] Level 1:colcon.colcon_core.package_identification:_identify(src/jsc_mecanum_controller) by extension 'ignore'
[1.639s] Level 1:colcon.colcon_core.package_identification:_identify(src/jsc_mecanum_controller) by extension 'ignore_ament_install'
[1.640s] Level 1:colcon.colcon_core.package_identification:_identify(src/jsc_mecanum_controller) by extensions ['colcon_pkg']
[1.640s] Level 1:colcon.colcon_core.package_identification:_identify(src/jsc_mecanum_controller) by extension 'colcon_pkg'
[1.640s] Level 1:colcon.colcon_core.package_identification:_identify(src/jsc_mecanum_controller) by extensions ['colcon_meta']
[1.641s] Level 1:colcon.colcon_core.package_identification:_identify(src/jsc_mecanum_controller) by extension 'colcon_meta'
[1.641s] Level 1:colcon.colcon_core.package_identification:_identify(src/jsc_mecanum_controller) by extensions ['ros']
[1.641s] Level 1:colcon.colcon_core.package_identification:_identify(src/jsc_mecanum_controller) by extension 'ros'
[1.646s] DEBUG:colcon.colcon_core.package_identification:Package 'src/jsc_mecanum_controller' with type 'ros.ament_cmake' and name 'jsc_mecanum_controller'
[1.647s] Level 1:colcon.colcon_core.package_identification:_identify(src/jsc_mecanum_description) by extensions ['ignore', 'ignore_ament_install']
[1.648s] Level 1:colcon.colcon_core.package_identification:_identify(src/jsc_mecanum_description) by extension 'ignore'
[1.648s] Level 1:colcon.colcon_core.package_identification:_identify(src/jsc_mecanum_description) by extension 'ignore_ament_install'
[1.649s] Level 1:colcon.colcon_core.package_identification:_identify(src/jsc_mecanum_description) by extensions ['colcon_pkg']
[1.649s] Level 1:colcon.colcon_core.package_identification:_identify(src/jsc_mecanum_description) by extension 'colcon_pkg'
[1.649s] Level 1:colcon.colcon_core.package_identification:_identify(src/jsc_mecanum_description) by extensions ['colcon_meta']
[1.649s] Level 1:colcon.colcon_core.package_identification:_identify(src/jsc_mecanum_description) by extension 'colcon_meta'
[1.650s] Level 1:colcon.colcon_core.package_identification:_identify(src/jsc_mecanum_description) by extensions ['ros']
[1.650s] Level 1:colcon.colcon_core.package_identification:_identify(src/jsc_mecanum_description) by extension 'ros'
[1.652s] DEBUG:colcon.colcon_core.package_identification:Package 'src/jsc_mecanum_description' with type 'ros.ament_cmake' and name 'jsc_mecanum_description'
[1.653s] Level 1:colcon.colcon_core.package_identification:_identify(src/jsc_mecanum_hardware) by extensions ['ignore', 'ignore_ament_install']
[1.653s] Level 1:colcon.colcon_core.package_identification:_identify(src/jsc_mecanum_hardware) by extension 'ignore'
[1.654s] Level 1:colcon.colcon_core.package_identification:_identify(src/jsc_mecanum_hardware) by extension 'ignore_ament_install'
[1.654s] Level 1:colcon.colcon_core.package_identification:_identify(src/jsc_mecanum_hardware) by extensions ['colcon_pkg']
[1.654s] Level 1:colcon.colcon_core.package_identification:_identify(src/jsc_mecanum_hardware) by extension 'colcon_pkg'
[1.654s] Level 1:colcon.colcon_core.package_identification:_identify(src/jsc_mecanum_hardware) by extensions ['colcon_meta']
[1.655s] Level 1:colcon.colcon_core.package_identification:_identify(src/jsc_mecanum_hardware) by extension 'colcon_meta'
[1.655s] Level 1:colcon.colcon_core.package_identification:_identify(src/jsc_mecanum_hardware) by extensions ['ros']
[1.655s] Level 1:colcon.colcon_core.package_identification:_identify(src/jsc_mecanum_hardware) by extension 'ros'
[1.658s] DEBUG:colcon.colcon_core.package_identification:Package 'src/jsc_mecanum_hardware' with type 'ros.ament_cmake' and name 'jsc_mecanum_hardware'
[1.659s] Level 1:colcon.colcon_core.package_identification:_identify(src/jsc_mecanum_teleop) by extensions ['ignore', 'ignore_ament_install']
[1.660s] Level 1:colcon.colcon_core.package_identification:_identify(src/jsc_mecanum_teleop) by extension 'ignore'
[1.660s] Level 1:colcon.colcon_core.package_identification:_identify(src/jsc_mecanum_teleop) by extension 'ignore_ament_install'
[1.661s] Level 1:colcon.colcon_core.package_identification:_identify(src/jsc_mecanum_teleop) by extensions ['colcon_pkg']
[1.661s] Level 1:colcon.colcon_core.package_identification:_identify(src/jsc_mecanum_teleop) by extension 'colcon_pkg'
[1.662s] Level 1:colcon.colcon_core.package_identification:_identify(src/jsc_mecanum_teleop) by extensions ['colcon_meta']
[1.662s] Level 1:colcon.colcon_core.package_identification:_identify(src/jsc_mecanum_teleop) by extension 'colcon_meta'
[1.663s] Level 1:colcon.colcon_core.package_identification:_identify(src/jsc_mecanum_teleop) by extensions ['ros']
[1.663s] Level 1:colcon.colcon_core.package_identification:_identify(src/jsc_mecanum_teleop) by extension 'ros'
[1.666s] DEBUG:colcon.colcon_core.package_identification:Package 'src/jsc_mecanum_teleop' with type 'ros.ament_cmake' and name 'jsc_mecanum_teleop'
[1.667s] Level 1:colcon.colcon_core.package_identification:_identify(src/motor_gui_pkg) by extensions ['ignore', 'ignore_ament_install']
[1.668s] Level 1:colcon.colcon_core.package_identification:_identify(src/motor_gui_pkg) by extension 'ignore'
[1.668s] Level 1:colcon.colcon_core.package_identification:_identify(src/motor_gui_pkg) by extension 'ignore_ament_install'
[1.669s] Level 1:colcon.colcon_core.package_identification:_identify(src/motor_gui_pkg) by extensions ['colcon_pkg']
[1.669s] Level 1:colcon.colcon_core.package_identification:_identify(src/motor_gui_pkg) by extension 'colcon_pkg'
[1.670s] Level 1:colcon.colcon_core.package_identification:_identify(src/motor_gui_pkg) by extensions ['colcon_meta']
[1.670s] Level 1:colcon.colcon_core.package_identification:_identify(src/motor_gui_pkg) by extension 'colcon_meta'
[1.671s] Level 1:colcon.colcon_core.package_identification:_identify(src/motor_gui_pkg) by extensions ['ros']
[1.671s] Level 1:colcon.colcon_core.package_identification:_identify(src/motor_gui_pkg) by extension 'ros'
[1.674s] DEBUG:colcon.colcon_core.package_identification:Package 'src/motor_gui_pkg' with type 'ros.ament_python' and name 'motor_gui_pkg'
[1.675s] Level 1:colcon.colcon_core.package_identification:_identify(src/robot_serial) by extensions ['ignore', 'ignore_ament_install']
[1.675s] Level 1:colcon.colcon_core.package_identification:_identify(src/robot_serial) by extension 'ignore'
[1.675s] Level 1:colcon.colcon_core.package_identification:_identify(src/robot_serial) by extension 'ignore_ament_install'
[1.676s] Level 1:colcon.colcon_core.package_identification:_identify(src/robot_serial) by extensions ['colcon_pkg']
[1.676s] Level 1:colcon.colcon_core.package_identification:_identify(src/robot_serial) by extension 'colcon_pkg'
[1.676s] Level 1:colcon.colcon_core.package_identification:_identify(src/robot_serial) by extensions ['colcon_meta']
[1.676s] Level 1:colcon.colcon_core.package_identification:_identify(src/robot_serial) by extension 'colcon_meta'
[1.677s] Level 1:colcon.colcon_core.package_identification:_identify(src/robot_serial) by extensions ['ros']
[1.677s] Level 1:colcon.colcon_core.package_identification:_identify(src/robot_serial) by extension 'ros'
[1.679s] DEBUG:colcon.colcon_core.package_identification:Package 'src/robot_serial' with type 'ros.ament_python' and name 'robot_serial'
[1.680s] Level 1:colcon.colcon_core.package_identification:_identify(src/sllidar_ros2) by extensions ['ignore', 'ignore_ament_install']
[1.680s] Level 1:colcon.colcon_core.package_identification:_identify(src/sllidar_ros2) by extension 'ignore'
[1.681s] Level 1:colcon.colcon_core.package_identification:_identify(src/sllidar_ros2) by extension 'ignore_ament_install'
[1.681s] Level 1:colcon.colcon_core.package_identification:_identify(src/sllidar_ros2) by extensions ['colcon_pkg']
[1.681s] Level 1:colcon.colcon_core.package_identification:_identify(src/sllidar_ros2) by extension 'colcon_pkg'
[1.682s] Level 1:colcon.colcon_core.package_identification:_identify(src/sllidar_ros2) by extensions ['colcon_meta']
[1.682s] Level 1:colcon.colcon_core.package_identification:_identify(src/sllidar_ros2) by extension 'colcon_meta'
[1.683s] Level 1:colcon.colcon_core.package_identification:_identify(src/sllidar_ros2) by extensions ['ros']
[1.683s] Level 1:colcon.colcon_core.package_identification:_identify(src/sllidar_ros2) by extension 'ros'
[1.687s] DEBUG:colcon.colcon_core.package_identification:Package 'src/sllidar_ros2' with type 'ros.ament_cmake' and name 'sllidar_ros2'
[1.688s] Level 1:colcon.colcon_core.package_discovery:discover_packages(recursive) using defaults
[1.688s] Level 1:colcon.colcon_core.package_discovery:discover_packages(ignore) discover
[1.688s] Level 1:colcon.colcon_core.package_discovery:discover_packages(ignore) using defaults
[1.689s] Level 1:colcon.colcon_core.package_discovery:discover_packages(path) discover
[1.689s] Level 1:colcon.colcon_core.package_discovery:discover_packages(path) using defaults
[1.826s] INFO:colcon.colcon_core.package_selection:Skipping not selected package 'jsc_mecanum_control' in 'src/jsc_mecanum_control'
[1.826s] INFO:colcon.colcon_core.package_selection:Skipping not selected package 'jsc_mecanum_controller' in 'src/jsc_mecanum_controller'
[1.827s] INFO:colcon.colcon_core.package_selection:Skipping not selected package 'jsc_mecanum_description' in 'src/jsc_mecanum_description'
[1.827s] INFO:colcon.colcon_core.package_selection:Skipping not selected package 'jsc_mecanum_teleop' in 'src/jsc_mecanum_teleop'
[1.827s] INFO:colcon.colcon_core.package_selection:Skipping not selected package 'motor_gui_pkg' in 'src/motor_gui_pkg'
[1.827s] INFO:colcon.colcon_core.package_selection:Skipping not selected package 'robot_serial' in 'src/robot_serial'
[1.827s] INFO:colcon.colcon_core.package_selection:Skipping not selected package 'sllidar_ros2' in 'src/sllidar_ros2'
[1.827s] INFO:colcon.colcon_core.package_selection:Skipping not selected package 'jsc_mecanum_bringup' in 'src/jsc_mecanum_bringup'
[1.829s] Level 1:colcon.colcon_core.package_discovery:discover_packages(prefix_path) check parameters
[1.830s] Level 1:colcon.colcon_core.package_discovery:discover_packages(prefix_path) discover
[1.843s] DEBUG:colcon.colcon_installed_package_information.package_discovery:Found 9 installed packages in /home/pi/ros2_ws/install
[1.855s] DEBUG:colcon.colcon_installed_package_information.package_discovery:Found 311 installed packages in /opt/ros/humble
[1.865s] Level 1:colcon.colcon_core.package_discovery:discover_packages(prefix_path) using defaults
[2.125s] Level 5:colcon.colcon_core.verb:set package 'jsc_mecanum_hardware' build argument 'cmake_args' from command line to 'None'
[2.125s] Level 5:colcon.colcon_core.verb:set package 'jsc_mecanum_hardware' build argument 'cmake_target' from command line to 'None'
[2.125s] Level 5:colcon.colcon_core.verb:set package 'jsc_mecanum_hardware' build argument 'cmake_target_skip_unavailable' from command line to 'False'
[2.125s] Level 5:colcon.colcon_core.verb:set package 'jsc_mecanum_hardware' build argument 'cmake_clean_cache' from command line to 'False'
[2.126s] Level 5:colcon.colcon_core.verb:set package 'jsc_mecanum_hardware' build argument 'cmake_clean_first' from command line to 'False'
[2.126s] Level 5:colcon.colcon_core.verb:set package 'jsc_mecanum_hardware' build argument 'cmake_force_configure' from command line to 'False'
[2.126s] Level 5:colcon.colcon_core.verb:set package 'jsc_mecanum_hardware' build argument 'ament_cmake_args' from command line to 'None'
[2.126s] Level 5:colcon.colcon_core.verb:set package 'jsc_mecanum_hardware' build argument 'catkin_cmake_args' from command line to 'None'
[2.126s] Level 5:colcon.colcon_core.verb:set package 'jsc_mecanum_hardware' build argument 'catkin_skip_building_tests' from command line to 'False'
[2.127s] DEBUG:colcon.colcon_core.verb:Building package 'jsc_mecanum_hardware' with the following arguments: {'ament_cmake_args': None, 'build_base': '/home/pi/ros2_ws/build/jsc_mecanum_hardware', 'catkin_cmake_args': None, 'catkin_skip_building_tests': False, 'cmake_args': None, 'cmake_clean_cache': False, 'cmake_clean_first': False, 'cmake_force_configure': False, 'cmake_target': None, 'cmake_target_skip_unavailable': False, 'install_base': '/home/pi/ros2_ws/install/jsc_mecanum_hardware', 'merge_install': False, 'path': '/home/pi/ros2_ws/src/jsc_mecanum_hardware', 'symlink_install': False, 'test_result_base': None}
[2.128s] INFO:colcon.colcon_core.executor:Executing jobs using 'parallel' executor
[2.132s] DEBUG:colcon.colcon_parallel_executor.executor.parallel:run_until_complete
[2.133s] INFO:colcon.colcon_ros.task.ament_cmake.build:Building ROS package in '/home/pi/ros2_ws/src/jsc_mecanum_hardware' with build type 'ament_cmake'
[2.134s] INFO:colcon.colcon_cmake.task.cmake.build:Building CMake package in '/home/pi/ros2_ws/src/jsc_mecanum_hardware'
[2.150s] INFO:colcon.colcon_core.plugin_system:Skipping extension 'colcon_core.shell.bat': Not used on non-Windows systems
[2.151s] INFO:colcon.colcon_core.shell:Skip shell extension 'powershell' for command environment: Not usable outside of PowerShell
[2.151s] DEBUG:colcon.colcon_core.shell:Skip shell extension 'dsv' for command environment
[2.206s] DEBUG:colcon.colcon_core.event_handler.log_command:Invoking command in '/home/pi/ros2_ws/build/jsc_mecanum_hardware': CMAKE_PREFIX_PATH=${CMAKE_PREFIX_PATH}:/home/pi/ros2_ws/install/robot_serial:/home/pi/ros2_ws/install/motor_gui_pkg:/opt/ros/humble /usr/bin/cmake --build /home/pi/ros2_ws/build/jsc_mecanum_hardware -- -j4 -l4
[20.596s] DEBUG:colcon.colcon_core.event_handler.log_command:Invoked command in '/home/pi/ros2_ws/build/jsc_mecanum_hardware' returned '0': CMAKE_PREFIX_PATH=${CMAKE_PREFIX_PATH}:/home/pi/ros2_ws/install/robot_serial:/home/pi/ros2_ws/install/motor_gui_pkg:/opt/ros/humble /usr/bin/cmake --build /home/pi/ros2_ws/build/jsc_mecanum_hardware -- -j4 -l4
[20.839s] DEBUG:colcon.colcon_core.event_handler.log_command:Invoking command in '/home/pi/ros2_ws/build/jsc_mecanum_hardware': CMAKE_PREFIX_PATH=${CMAKE_PREFIX_PATH}:/home/pi/ros2_ws/install/robot_serial:/home/pi/ros2_ws/install/motor_gui_pkg:/opt/ros/humble /usr/bin/cmake --install /home/pi/ros2_ws/build/jsc_mecanum_hardware
[20.951s] Level 1:colcon.colcon_core.environment:create_environment_scripts_only(jsc_mecanum_hardware)
[20.954s] DEBUG:colcon.colcon_core.event_handler.log_command:Invoked command in '/home/pi/ros2_ws/build/jsc_mecanum_hardware' returned '0': CMAKE_PREFIX_PATH=${CMAKE_PREFIX_PATH}:/home/pi/ros2_ws/install/robot_serial:/home/pi/ros2_ws/install/motor_gui_pkg:/opt/ros/humble /usr/bin/cmake --install /home/pi/ros2_ws/build/jsc_mecanum_hardware
[20.967s] Level 1:colcon.colcon_core.environment:checking '/home/pi/ros2_ws/install/jsc_mecanum_hardware' for CMake module files
[20.971s] Level 1:colcon.colcon_core.environment:checking '/home/pi/ros2_ws/install/jsc_mecanum_hardware' for CMake config files
[20.975s] Level 1:colcon.colcon_core.shell:create_environment_hook('jsc_mecanum_hardware', 'cmake_prefix_path')
[20.976s] INFO:colcon.colcon_core.shell:Creating environment hook '/home/pi/ros2_ws/install/jsc_mecanum_hardware/share/jsc_mecanum_hardware/hook/cmake_prefix_path.ps1'
[20.979s] INFO:colcon.colcon_core.shell:Creating environment descriptor '/home/pi/ros2_ws/install/jsc_mecanum_hardware/share/jsc_mecanum_hardware/hook/cmake_prefix_path.dsv'
[20.982s] INFO:colcon.colcon_core.shell:Creating environment hook '/home/pi/ros2_ws/install/jsc_mecanum_hardware/share/jsc_mecanum_hardware/hook/cmake_prefix_path.sh'
[20.987s] Level 1:colcon.colcon_core.environment:checking '/home/pi/ros2_ws/install/jsc_mecanum_hardware/lib'
[20.988s] Level 1:colcon.colcon_core.shell:create_environment_hook('jsc_mecanum_hardware', 'ld_library_path_lib')
[20.989s] INFO:colcon.colcon_core.shell:Creating environment hook '/home/pi/ros2_ws/install/jsc_mecanum_hardware/share/jsc_mecanum_hardware/hook/ld_library_path_lib.ps1'
[20.991s] INFO:colcon.colcon_core.shell:Creating environment descriptor '/home/pi/ros2_ws/install/jsc_mecanum_hardware/share/jsc_mecanum_hardware/hook/ld_library_path_lib.dsv'
[20.993s] INFO:colcon.colcon_core.shell:Creating environment hook '/home/pi/ros2_ws/install/jsc_mecanum_hardware/share/jsc_mecanum_hardware/hook/ld_library_path_lib.sh'
[20.996s] Level 1:colcon.colcon_core.environment:checking '/home/pi/ros2_ws/install/jsc_mecanum_hardware/bin'
[20.997s] Level 1:colcon.colcon_core.environment:checking '/home/pi/ros2_ws/install/jsc_mecanum_hardware/lib/pkgconfig/jsc_mecanum_hardware.pc'
[20.998s] Level 1:colcon.colcon_core.environment:checking '/home/pi/ros2_ws/install/jsc_mecanum_hardware/lib/python3.10/site-packages'
[20.999s] Level 1:colcon.colcon_core.environment:checking '/home/pi/ros2_ws/install/jsc_mecanum_hardware/bin'
[21.000s] INFO:colcon.colcon_core.shell:Creating package script '/home/pi/ros2_ws/install/jsc_mecanum_hardware/share/jsc_mecanum_hardware/package.ps1'
[21.004s] INFO:colcon.colcon_core.shell:Creating package descriptor '/home/pi/ros2_ws/install/jsc_mecanum_hardware/share/jsc_mecanum_hardware/package.dsv'
[21.007s] INFO:colcon.colcon_core.shell:Creating package script '/home/pi/ros2_ws/install/jsc_mecanum_hardware/share/jsc_mecanum_hardware/package.sh'
[21.011s] INFO:colcon.colcon_core.shell:Creating package script '/home/pi/ros2_ws/install/jsc_mecanum_hardware/share/jsc_mecanum_hardware/package.bash'
[21.015s] INFO:colcon.colcon_core.shell:Creating package script '/home/pi/ros2_ws/install/jsc_mecanum_hardware/share/jsc_mecanum_hardware/package.zsh'
[21.018s] Level 1:colcon.colcon_core.environment:create_file_with_runtime_dependencies(/home/pi/ros2_ws/install/jsc_mecanum_hardware/share/colcon-core/packages/jsc_mecanum_hardware)
[21.203s] Level 1:colcon.colcon_core.environment:create_environment_scripts_only(jsc_mecanum_hardware)
[21.204s] Level 1:colcon.colcon_core.environment:checking '/home/pi/ros2_ws/install/jsc_mecanum_hardware' for CMake module files
[21.209s] Level 1:colcon.colcon_core.environment:checking '/home/pi/ros2_ws/install/jsc_mecanum_hardware' for CMake config files
[21.213s] Level 1:colcon.colcon_core.shell:create_environment_hook('jsc_mecanum_hardware', 'cmake_prefix_path')
[21.215s] INFO:colcon.colcon_core.shell:Creating environment hook '/home/pi/ros2_ws/install/jsc_mecanum_hardware/share/jsc_mecanum_hardware/hook/cmake_prefix_path.ps1'
[21.217s] INFO:colcon.colcon_core.shell:Creating environment descriptor '/home/pi/ros2_ws/install/jsc_mecanum_hardware/share/jsc_mecanum_hardware/hook/cmake_prefix_path.dsv'
[21.219s] INFO:colcon.colcon_core.shell:Creating environment hook '/home/pi/ros2_ws/install/jsc_mecanum_hardware/share/jsc_mecanum_hardware/hook/cmake_prefix_path.sh'
[21.222s] Level 1:colcon.colcon_core.environment:checking '/home/pi/ros2_ws/install/jsc_mecanum_hardware/lib'
[21.223s] Level 1:colcon.colcon_core.shell:create_environment_hook('jsc_mecanum_hardware', 'ld_library_path_lib')
[21.224s] INFO:colcon.colcon_core.shell:Creating environment hook '/home/pi/ros2_ws/install/jsc_mecanum_hardware/share/jsc_mecanum_hardware/hook/ld_library_path_lib.ps1'
[21.227s] INFO:colcon.colcon_core.shell:Creating environment descriptor '/home/pi/ros2_ws/install/jsc_mecanum_hardware/share/jsc_mecanum_hardware/hook/ld_library_path_lib.dsv'
[21.229s] INFO:colcon.colcon_core.shell:Creating environment hook '/home/pi/ros2_ws/install/jsc_mecanum_hardware/share/jsc_mecanum_hardware/hook/ld_library_path_lib.sh'
[21.232s] Level 1:colcon.colcon_core.environment:checking '/home/pi/ros2_ws/install/jsc_mecanum_hardware/bin'
[21.233s] Level 1:colcon.colcon_core.environment:checking '/home/pi/ros2_ws/install/jsc_mecanum_hardware/lib/pkgconfig/jsc_mecanum_hardware.pc'
[21.234s] Level 1:colcon.colcon_core.environment:checking '/home/pi/ros2_ws/install/jsc_mecanum_hardware/lib/python3.10/site-packages'
[21.235s] Level 1:colcon.colcon_core.environment:checking '/home/pi/ros2_ws/install/jsc_mecanum_hardware/bin'
[21.237s] INFO:colcon.colcon_core.shell:Creating package script '/home/pi/ros2_ws/install/jsc_mecanum_hardware/share/jsc_mecanum_hardware/package.ps1'
[21.240s] INFO:colcon.colcon_core.shell:Creating package descriptor '/home/pi/ros2_ws/install/jsc_mecanum_hardware/share/jsc_mecanum_hardware/package.dsv'
[21.243s] INFO:colcon.colcon_core.shell:Creating package script '/home/pi/ros2_ws/install/jsc_mecanum_hardware/share/jsc_mecanum_hardware/package.sh'
[21.245s] INFO:colcon.colcon_core.shell:Creating package script '/home/pi/ros2_ws/install/jsc_mecanum_hardware/share/jsc_mecanum_hardware/package.bash'
[21.247s] INFO:colcon.colcon_core.shell:Creating package script '/home/pi/ros2_ws/install/jsc_mecanum_hardware/share/jsc_mecanum_hardware/package.zsh'
[21.250s] Level 1:colcon.colcon_core.environment:create_file_with_runtime_dependencies(/home/pi/ros2_ws/install/jsc_mecanum_hardware/share/colcon-core/packages/jsc_mecanum_hardware)
[21.251s] DEBUG:colcon.colcon_parallel_executor.executor.parallel:closing loop
[21.252s] DEBUG:colcon.colcon_parallel_executor.executor.parallel:loop closed
[21.252s] DEBUG:colcon.colcon_parallel_executor.executor.parallel:run_until_complete finished with '0'
[21.253s] DEBUG:colcon.colcon_core.event_reactor:joining thread
[21.279s] INFO:colcon.colcon_core.plugin_system:Skipping extension 'colcon_notification.desktop_notification.notify_send': Could not find 'notify-send'
[21.279s] INFO:colcon.colcon_core.plugin_system:Skipping extension 'colcon_notification.desktop_notification.terminal_notifier': Not used on non-Darwin systems
[21.280s] INFO:colcon.colcon_core.plugin_system:Skipping extension 'colcon_notification.desktop_notification.win32': Not used on non-Windows systems
[21.280s] INFO:colcon.colcon_notification.desktop_notification:Sending desktop notification using 'notify2'
[21.283s] DEBUG:colcon.colcon_notification.desktop_notification.notify2:Failed to initialize notify2: org.freedesktop.DBus.Error.ServiceUnknown: The name org.freedesktop.Notifications was not provided by any .service files
[21.284s] DEBUG:colcon.colcon_core.event_reactor:joined thread
[21.285s] INFO:colcon.colcon_core.shell:Creating prefix script '/home/pi/ros2_ws/install/local_setup.ps1'
[21.289s] INFO:colcon.colcon_core.shell:Creating prefix util module '/home/pi/ros2_ws/install/_local_setup_util_ps1.py'
[21.296s] INFO:colcon.colcon_core.shell:Creating prefix chain script '/home/pi/ros2_ws/install/setup.ps1'
[21.305s] INFO:colcon.colcon_core.shell:Creating prefix script '/home/pi/ros2_ws/install/local_setup.sh'
[21.309s] INFO:colcon.colcon_core.shell:Creating prefix util module '/home/pi/ros2_ws/install/_local_setup_util_sh.py'
[21.312s] INFO:colcon.colcon_core.shell:Creating prefix chain script '/home/pi/ros2_ws/install/setup.sh'
[21.321s] INFO:colcon.colcon_core.shell:Creating prefix script '/home/pi/ros2_ws/install/local_setup.bash'
[21.324s] INFO:colcon.colcon_core.shell:Creating prefix chain script '/home/pi/ros2_ws/install/setup.bash'
[21.333s] INFO:colcon.colcon_core.shell:Creating prefix script '/home/pi/ros2_ws/install/local_setup.zsh'
[21.336s] INFO:colcon.colcon_core.shell:Creating prefix chain script '/home/pi/ros2_ws/install/setup.zsh'
