running egg_info
creating ../../build/motor_gui_pkg/motor_gui_pkg.egg-info
writing ../../build/motor_gui_pkg/motor_gui_pkg.egg-info/PKG-INFO
writing dependency_links to ../../build/motor_gui_pkg/motor_gui_pkg.egg-info/dependency_links.txt
writing entry points to ../../build/motor_gui_pkg/motor_gui_pkg.egg-info/entry_points.txt
writing requirements to ../../build/motor_gui_pkg/motor_gui_pkg.egg-info/requires.txt
writing top-level names to ../../build/motor_gui_pkg/motor_gui_pkg.egg-info/top_level.txt
writing manifest file '../../build/motor_gui_pkg/motor_gui_pkg.egg-info/SOURCES.txt'
reading manifest file '../../build/motor_gui_pkg/motor_gui_pkg.egg-info/SOURCES.txt'
writing manifest file '../../build/motor_gui_pkg/motor_gui_pkg.egg-info/SOURCES.txt'
running build
running build_py
creating /home/pi/ros2_ws/build/motor_gui_pkg/build
creating /home/pi/ros2_ws/build/motor_gui_pkg/build/lib
creating /home/pi/ros2_ws/build/motor_gui_pkg/build/lib/motor_gui_pkg
copying motor_gui_pkg/__init__.py -> /home/pi/ros2_ws/build/motor_gui_pkg/build/lib/motor_gui_pkg
copying motor_gui_pkg/motor_gui.py -> /home/pi/ros2_ws/build/motor_gui_pkg/build/lib/motor_gui_pkg
running install
running install_lib
creating /home/pi/ros2_ws/install/motor_gui_pkg/lib/python3.10/site-packages/motor_gui_pkg
copying /home/pi/ros2_ws/build/motor_gui_pkg/build/lib/motor_gui_pkg/__init__.py -> /home/pi/ros2_ws/install/motor_gui_pkg/lib/python3.10/site-packages/motor_gui_pkg
copying /home/pi/ros2_ws/build/motor_gui_pkg/build/lib/motor_gui_pkg/motor_gui.py -> /home/pi/ros2_ws/install/motor_gui_pkg/lib/python3.10/site-packages/motor_gui_pkg
byte-compiling /home/pi/ros2_ws/install/motor_gui_pkg/lib/python3.10/site-packages/motor_gui_pkg/__init__.py to __init__.cpython-310.pyc
byte-compiling /home/pi/ros2_ws/install/motor_gui_pkg/lib/python3.10/site-packages/motor_gui_pkg/motor_gui.py to motor_gui.cpython-310.pyc
running install_data
creating /home/pi/ros2_ws/install/motor_gui_pkg/share/ament_index
creating /home/pi/ros2_ws/install/motor_gui_pkg/share/ament_index/resource_index
creating /home/pi/ros2_ws/install/motor_gui_pkg/share/ament_index/resource_index/packages
copying resource/motor_gui_pkg -> /home/pi/ros2_ws/install/motor_gui_pkg/share/ament_index/resource_index/packages
copying package.xml -> /home/pi/ros2_ws/install/motor_gui_pkg/share/motor_gui_pkg
running install_egg_info
Copying ../../build/motor_gui_pkg/motor_gui_pkg.egg-info to /home/pi/ros2_ws/install/motor_gui_pkg/lib/python3.10/site-packages/motor_gui_pkg-0.0.0-py3.10.egg-info
running install_scripts
Installing motor_gui script to /home/pi/ros2_ws/install/motor_gui_pkg/lib/motor_gui_pkg
writing list of installed files to '/home/pi/ros2_ws/build/motor_gui_pkg/install.log'
