[0.124s] Invoking command in '/home/pi/ros2_ws/build/jsc_mecanum_controller': CMAKE_PREFIX_PATH=${CMAKE_PREFIX_PATH}:/home/pi/ros2_ws/install/robot_serial:/home/pi/ros2_ws/install/motor_gui_pkg:/opt/ros/humble /usr/bin/cmake --build /home/pi/ros2_ws/build/jsc_mecanum_controller -- -j4 -l4
[0.477s] [100%] Built target jsc_mecanum_controller
[0.588s] Invoked command in '/home/pi/ros2_ws/build/jsc_mecanum_controller' returned '0': CMAKE_PREFIX_PATH=${CMAKE_PREFIX_PATH}:/home/pi/ros2_ws/install/robot_serial:/home/pi/ros2_ws/install/motor_gui_pkg:/opt/ros/humble /usr/bin/cmake --build /home/pi/ros2_ws/build/jsc_mecanum_controller -- -j4 -l4
[0.852s] Invoking command in '/home/pi/ros2_ws/build/jsc_mecanum_controller': CMAKE_PREFIX_PATH=${CMAKE_PREFIX_PATH}:/home/pi/ros2_ws/install/robot_serial:/home/pi/ros2_ws/install/motor_gui_pkg:/opt/ros/humble /usr/bin/cmake --install /home/pi/ros2_ws/build/jsc_mecanum_controller
[0.904s] -- Install configuration: ""
[0.905s] -- Up-to-date: /home/pi/ros2_ws/install/jsc_mecanum_controller/share/jsc_mecanum_controller/jsc_mecanum_controller.xml
[0.909s] -- Up-to-date: /home/pi/ros2_ws/install/jsc_mecanum_controller/lib/libjsc_mecanum_controller.so
[0.914s] -- Up-to-date: /home/pi/ros2_ws/install/jsc_mecanum_controller/include/include
[0.914s] -- Up-to-date: /home/pi/ros2_ws/install/jsc_mecanum_controller/include/include/jsc_mecanum_controller
[0.917s] -- Up-to-date: /home/pi/ros2_ws/install/jsc_mecanum_controller/include/include/jsc_mecanum_controller/jsc_mecanum_wheel.hpp
[0.918s] -- Up-to-date: /home/pi/ros2_ws/install/jsc_mecanum_controller/include/include/jsc_mecanum_controller/jsc_mecanum_drive_controller.hpp
[0.920s] -- Up-to-date: /home/pi/ros2_ws/install/jsc_mecanum_controller/include/include/jsc_mecanum_controller/jsc_mecanum_controller_compiler.h
[0.923s] -- Up-to-date: /home/pi/ros2_ws/install/jsc_mecanum_controller/share/jsc_mecanum_controller/environment/library_path.sh
[0.926s] -- Up-to-date: /home/pi/ros2_ws/install/jsc_mecanum_controller/share/jsc_mecanum_controller/environment/library_path.dsv
[0.940s] -- Up-to-date: /home/pi/ros2_ws/install/jsc_mecanum_controller/share/ament_index/resource_index/package_run_dependencies/jsc_mecanum_controller
[0.941s] -- Up-to-date: /home/pi/ros2_ws/install/jsc_mecanum_controller/share/ament_index/resource_index/parent_prefix_path/jsc_mecanum_controller
[0.944s] -- Up-to-date: /home/pi/ros2_ws/install/jsc_mecanum_controller/share/jsc_mecanum_controller/environment/ament_prefix_path.sh
[0.945s] -- Up-to-date: /home/pi/ros2_ws/install/jsc_mecanum_controller/share/jsc_mecanum_controller/environment/ament_prefix_path.dsv
[0.946s] -- Up-to-date: /home/pi/ros2_ws/install/jsc_mecanum_controller/share/jsc_mecanum_controller/environment/path.sh
[0.946s] -- Up-to-date: /home/pi/ros2_ws/install/jsc_mecanum_controller/share/jsc_mecanum_controller/environment/path.dsv
[0.947s] -- Up-to-date: /home/pi/ros2_ws/install/jsc_mecanum_controller/share/jsc_mecanum_controller/local_setup.bash
[0.948s] -- Up-to-date: /home/pi/ros2_ws/install/jsc_mecanum_controller/share/jsc_mecanum_controller/local_setup.sh
[0.948s] -- Up-to-date: /home/pi/ros2_ws/install/jsc_mecanum_controller/share/jsc_mecanum_controller/local_setup.zsh
[0.949s] -- Up-to-date: /home/pi/ros2_ws/install/jsc_mecanum_controller/share/jsc_mecanum_controller/local_setup.dsv
[0.949s] -- Installing: /home/pi/ros2_ws/install/jsc_mecanum_controller/share/jsc_mecanum_controller/package.dsv
[0.950s] -- Up-to-date: /home/pi/ros2_ws/install/jsc_mecanum_controller/share/ament_index/resource_index/packages/jsc_mecanum_controller
[0.951s] -- Up-to-date: /home/pi/ros2_ws/install/jsc_mecanum_controller/share/ament_index/resource_index/controller_interface__pluginlib__plugin/jsc_mecanum_controller
[0.952s] -- Up-to-date: /home/pi/ros2_ws/install/jsc_mecanum_controller/share/jsc_mecanum_controller/cmake/ament_cmake_export_include_directories-extras.cmake
[0.953s] -- Up-to-date: /home/pi/ros2_ws/install/jsc_mecanum_controller/share/jsc_mecanum_controller/cmake/ament_cmake_export_libraries-extras.cmake
[0.953s] -- Up-to-date: /home/pi/ros2_ws/install/jsc_mecanum_controller/share/jsc_mecanum_controller/cmake/ament_cmake_export_dependencies-extras.cmake
[0.954s] -- Up-to-date: /home/pi/ros2_ws/install/jsc_mecanum_controller/share/jsc_mecanum_controller/cmake/jsc_mecanum_controllerConfig.cmake
[0.958s] -- Up-to-date: /home/pi/ros2_ws/install/jsc_mecanum_controller/share/jsc_mecanum_controller/cmake/jsc_mecanum_controllerConfig-version.cmake
[0.958s] -- Up-to-date: /home/pi/ros2_ws/install/jsc_mecanum_controller/share/jsc_mecanum_controller/package.xml
[1.109s] Invoked command in '/home/pi/ros2_ws/build/jsc_mecanum_controller' returned '0': CMAKE_PREFIX_PATH=${CMAKE_PREFIX_PATH}:/home/pi/ros2_ws/install/robot_serial:/home/pi/ros2_ws/install/motor_gui_pkg:/opt/ros/humble /usr/bin/cmake --install /home/pi/ros2_ws/build/jsc_mecanum_controller
